DEBUG:root:received {"id":2,"src":"c2","dest":"n0","body":{"type":"init","node_id":"n0","node_ids":["n0","n1","n2"],"msg_id":1}}
INFO:root:node n0 initialized
DEBUG:root:sending {"dest": "c2", "src": "n0", "body": {"msg_id": 1, "in_reply_to": 1, "type": "init_ok"}}
DEBUG:root:received {"id":8,"src":"n1","dest":"n0","body":{"msg_id":3,"type":"fwd_msg","vv":{"n0":0,"n1":1,"n2":0},"message":1}}
DEBUG:root:received {"id":12,"src":"n2","dest":"n0","body":{"msg_id":3,"type":"fwd_msg","vv":{"n0":0,"n1":1,"n2":1},"message":2}}
DEBUG:root:received {"id":18,"src":"c8","dest":"n0","body":{"type":"cbcast","message":4,"msg_id":1}}
DEBUG:root:sending {"dest": "c8", "src": "n0", "body": {"msg_id": 2, "in_reply_to": 1, "type": "cbcast_ok", "messages": [1, 2]}}
DEBUG:root:sending {"dest": "n1", "src": "n0", "body": {"msg_id": 3, "type": "fwd_msg", "vv": {"n0": 1, "n1": 1, "n2": 1}, "message": 4}}
DEBUG:root:sending {"dest": "n2", "src": "n0", "body": {"msg_id": 4, "type": "fwd_msg", "vv": {"n0": 1, "n1": 1, "n2": 1}, "message": 4}}
DEBUG:root:received {"id":16,"src":"n2","dest":"n0","body":{"msg_id":6,"type":"fwd_msg","vv":{"n0":0,"n1":1,"n2":2},"message":3}}
DEBUG:root:received {"id":26,"src":"c8","dest":"n0","body":{"type":"cbcast","message":6,"msg_id":2}}
DEBUG:root:sending {"dest": "c8", "src": "n0", "body": {"msg_id": 5, "in_reply_to": 2, "type": "cbcast_ok", "messages": [3]}}
DEBUG:root:sending {"dest": "n1", "src": "n0", "body": {"msg_id": 6, "type": "fwd_msg", "vv": {"n0": 2, "n1": 1, "n2": 2}, "message": 6}}
DEBUG:root:sending {"dest": "n2", "src": "n0", "body": {"msg_id": 7, "type": "fwd_msg", "vv": {"n0": 2, "n1": 1, "n2": 2}, "message": 6}}
DEBUG:root:received {"id":24,"src":"n1","dest":"n0","body":{"msg_id":6,"type":"fwd_msg","vv":{"n0":0,"n1":2,"n2":1},"message":5}}
DEBUG:root:received {"id":30,"src":"n1","dest":"n0","body":{"msg_id":9,"type":"fwd_msg","vv":{"n0":0,"n1":3,"n2":2},"message":7}}
DEBUG:root:received {"id":35,"src":"c8","dest":"n0","body":{"type":"cbcast","message":9,"msg_id":3}}
DEBUG:root:sending {"dest": "c8", "src": "n0", "body": {"msg_id": 8, "in_reply_to": 3, "type": "cbcast_ok", "messages": [7, 5]}}
DEBUG:root:sending {"dest": "n1", "src": "n0", "body": {"msg_id": 9, "type": "fwd_msg", "vv": {"n0": 3, "n1": 3, "n2": 2}, "message": 9}}
DEBUG:root:sending {"dest": "n2", "src": "n0", "body": {"msg_id": 10, "type": "fwd_msg", "vv": {"n0": 3, "n1": 3, "n2": 2}, "message": 9}}
DEBUG:root:received {"id":37,"src":"n2","dest":"n0","body":{"msg_id":9,"type":"fwd_msg","vv":{"n0":1,"n1":1,"n2":3},"message":8}}
DEBUG:root:received {"id":41,"src":"n2","dest":"n0","body":{"msg_id":12,"type":"fwd_msg","vv":{"n0":2,"n1":3,"n2":4},"message":10}}
DEBUG:root:received {"id":45,"src":"n1","dest":"n0","body":{"msg_id":12,"type":"fwd_msg","vv":{"n0":2,"n1":4,"n2":2},"message":11}}
DEBUG:root:received {"id":52,"src":"n1","dest":"n0","body":{"msg_id":15,"type":"fwd_msg","vv":{"n0":2,"n1":5,"n2":2},"message":12}}
DEBUG:root:received {"id":54,"src":"c8","dest":"n0","body":{"type":"cbcast","message":13,"msg_id":4}}
DEBUG:root:sending {"dest": "c8", "src": "n0", "body": {"msg_id": 11, "in_reply_to": 4, "type": "cbcast_ok", "messages": [10, 8, 12, 11]}}
DEBUG:root:sending {"dest": "n1", "src": "n0", "body": {"msg_id": 12, "type": "fwd_msg", "vv": {"n0": 4, "n1": 5, "n2": 4}, "message": 13}}
DEBUG:root:sending {"dest": "n2", "src": "n0", "body": {"msg_id": 13, "type": "fwd_msg", "vv": {"n0": 4, "n1": 5, "n2": 4}, "message": 13}}
DEBUG:root:received {"id":61,"src":"n1","dest":"n0","body":{"msg_id":18,"type":"fwd_msg","vv":{"n0":2,"n1":6,"n2":4},"message":14}}
DEBUG:root:received {"id":63,"src":"c8","dest":"n0","body":{"type":"cbcast","message":16,"msg_id":5}}
DEBUG:root:sending {"dest": "c8", "src": "n0", "body": {"msg_id": 14, "in_reply_to": 5, "type": "cbcast_ok", "messages": [14]}}
DEBUG:root:sending {"dest": "n1", "src": "n0", "body": {"msg_id": 15, "type": "fwd_msg", "vv": {"n0": 5, "n1": 6, "n2": 4}, "message": 16}}
DEBUG:root:sending {"dest": "n2", "src": "n0", "body": {"msg_id": 16, "type": "fwd_msg", "vv": {"n0": 5, "n1": 6, "n2": 4}, "message": 16}}
DEBUG:root:received {"id":66,"src":"n2","dest":"n0","body":{"msg_id":15,"type":"fwd_msg","vv":{"n0":2,"n1":5,"n2":5},"message":15}}
DEBUG:root:received {"id":69,"src":"n1","dest":"n0","body":{"msg_id":21,"type":"fwd_msg","vv":{"n0":4,"n1":7,"n2":4},"message":17}}
DEBUG:root:received {"id":76,"src":"c8","dest":"n0","body":{"type":"cbcast","message":20,"msg_id":6}}
DEBUG:root:sending {"dest": "c8", "src": "n0", "body": {"msg_id": 17, "in_reply_to": 6, "type": "cbcast_ok", "messages": [17]}}
DEBUG:root:sending {"dest": "n1", "src": "n0", "body": {"msg_id": 18, "type": "fwd_msg", "vv": {"n0": 6, "n1": 7, "n2": 4}, "message": 20}}
DEBUG:root:sending {"dest": "n2", "src": "n0", "body": {"msg_id": 19, "type": "fwd_msg", "vv": {"n0": 6, "n1": 7, "n2": 4}, "message": 20}}
DEBUG:root:received {"id":78,"src":"n2","dest":"n0","body":{"msg_id":18,"type":"fwd_msg","vv":{"n0":4,"n1":7,"n2":6},"message":19}}
DEBUG:root:received {"id":82,"src":"n1","dest":"n0","body":{"msg_id":24,"type":"fwd_msg","vv":{"n0":4,"n1":8,"n2":4},"message":18}}
DEBUG:root:received {"id":88,"src":"c8","dest":"n0","body":{"type":"cbcast","message":23,"msg_id":7}}
DEBUG:root:sending {"dest": "c8", "src": "n0", "body": {"msg_id": 20, "in_reply_to": 7, "type": "cbcast_ok", "messages": [19, 15]}}
DEBUG:root:sending {"dest": "n1", "src": "n0", "body": {"msg_id": 21, "type": "fwd_msg", "vv": {"n0": 7, "n1": 7, "n2": 6}, "message": 23}}
DEBUG:root:sending {"dest": "n2", "src": "n0", "body": {"msg_id": 22, "type": "fwd_msg", "vv": {"n0": 7, "n1": 7, "n2": 6}, "message": 23}}
