2023-03-08 12:12:41,396{GMT}	INFO	[jepsen test runner] jepsen.core: Command line:
lein run test -w cbcast --bin causal-broadcast.py --time-limit 5 --node-count 3
2023-03-08 12:12:41,460{GMT}	INFO	[jepsen test runner] jepsen.core: Running test:
{:args []
 :remote
 #jepsen.control.retry.Remote{:remote #jepsen.control.scp.Remote{:cmd-remote #jepsen.control.clj_ssh.Remote{:concurrency-limit 8,
                                                                                                            :conn-spec nil,
                                                                                                            :session nil,
                                                                                                            :semaphore nil},
                                                                 :conn-spec nil},
                              :conn nil}
 :log-net-send false
 :node-count 3
 :max-txn-length 4
 :concurrency 3
 :db
 #object[maelstrom.db$db$reify__16817
         "0x7ba5d307"
         "maelstrom.db$db$reify__16817@7ba5d307"]
 :max-writes-per-key 16
 :leave-db-running? false
 :name "cbcast"
 :logging-json? false
 :start-time
 #object[org.joda.time.DateTime "0x684001e6" "2023-03-08T12:12:41.000Z"]
 :nemesis-interval 10
 :net
 #object[maelstrom.net$jepsen_net$reify__15673
         "0x6bb2b8d4"
         "maelstrom.net$jepsen_net$reify__15673@6bb2b8d4"]
 :client
 #object[maelstrom.workload.cbcast$client$reify__18677
         "0x64230d44"
         "maelstrom.workload.cbcast$client$reify__18677@64230d44"]
 :barrier
 #object[java.util.concurrent.CyclicBarrier
         "0x1ff584d7"
         "java.util.concurrent.CyclicBarrier@1ff584d7"]
 :log-stderr false
 :pure-generators true
 :ssh {:dummy? true}
 :rate 5
 :checker
 #object[jepsen.checker$compose$reify__8787
         "0x7752f9fe"
         "jepsen.checker$compose$reify__8787@7752f9fe"]
 :argv
 ("test"
  "-w"
  "cbcast"
  "--bin"
  "causal-broadcast.py"
  "--time-limit"
  "5"
  "--node-count"
  "3")
 :nemesis
 (jepsen.nemesis.ReflCompose
  {:fm {:start-partition 0,
        :stop-partition 0,
        :kill 1,
        :start 1,
        :pause 1,
        :resume 1},
   :nemeses [#unprintable "jepsen.nemesis.combined$partition_nemesis$reify__17089@9588bd8"
             #unprintable "jepsen.nemesis.combined$db_nemesis$reify__17070@75edfe9a"]})
 :nodes ["n0" "n1" "n2"]
 :test-count 1
 :latency {:mean 0, :dist :constant}
 :bin "causal-broadcast.py"
 :generator
 (jepsen.generator.TimeLimit
  {:limit 5000000000,
   :cutoff nil,
   :gen (jepsen.generator.Any
         {:gens [(jepsen.generator.OnThreads {:f #{:nemesis}, :gen nil})
                 (jepsen.generator.OnThreads
                  {:f #object[clojure.core$complement$fn__5654
                              "0x6351efa6"
                              "clojure.core$complement$fn__5654@6351efa6"],
                   :gen (jepsen.generator.Stagger
                         {:dt 400000000,
                          :next-time nil,
                          :gen ({:f :cbcast, :value 1}
                                {:f :cbcast, :value 2}
                                {:f :cbcast, :value 3}
                                {:f :cbcast, :value 4}
                                {:f :cbcast, :value 5}
                                {:f :cbcast, :value 6}
                                {:f :cbcast, :value 7}
                                {:f :cbcast, :value 8}
                                ...)})})]})})
 :log-net-recv false
 :os
 #object[maelstrom.net$jepsen_os$reify__15676
         "0x349e166"
         "maelstrom.net$jepsen_os$reify__15676@349e166"]
 :time-limit 5
 :workload :cbcast
 :consistency-models [:strict-serializable]
 :topology :grid}

2023-03-08 12:12:41,469{GMT}	INFO	[jepsen node n0] maelstrom.net: Starting Maelstrom network
2023-03-08 12:12:41,470{GMT}	INFO	[jepsen test runner] jepsen.db: Tearing down DB
2023-03-08 12:12:41,473{GMT}	INFO	[jepsen test runner] jepsen.db: Setting up DB
2023-03-08 12:12:41,474{GMT}	INFO	[jepsen node n2] maelstrom.db: Setting up n2
2023-03-08 12:12:41,474{GMT}	INFO	[jepsen node n1] maelstrom.db: Setting up n1
2023-03-08 12:12:41,475{GMT}	INFO	[jepsen node n2] maelstrom.process: launching causal-broadcast.py []
2023-03-08 12:12:41,475{GMT}	INFO	[jepsen node n1] maelstrom.process: launching causal-broadcast.py []
2023-03-08 12:12:41,476{GMT}	INFO	[jepsen node n0] maelstrom.service: Starting services: (lin-kv lin-tso lww-kv seq-kv)
2023-03-08 12:12:41,479{GMT}	INFO	[jepsen node n0] maelstrom.db: Setting up n0
2023-03-08 12:12:41,480{GMT}	INFO	[jepsen node n0] maelstrom.process: launching causal-broadcast.py []
2023-03-08 12:12:41,535{GMT}	INFO	[jepsen test runner] jepsen.core: Relative time begins now
2023-03-08 12:12:41,548{GMT}	INFO	[jepsen worker 1] jepsen.util: 1	:invoke	:cbcast	1
2023-03-08 12:12:41,551{GMT}	INFO	[jepsen worker 1] jepsen.util: 1	:ok	:cbcast	[]
2023-03-08 12:12:41,824{GMT}	INFO	[jepsen worker 2] jepsen.util: 2	:invoke	:cbcast	2
2023-03-08 12:12:42,191{GMT}	INFO	[jepsen worker 0] jepsen.util: 0	:invoke	:cbcast	3
2023-03-08 12:12:42,277{GMT}	INFO	[jepsen worker 1] jepsen.util: 1	:invoke	:cbcast	4
2023-03-08 12:12:42,283{GMT}	INFO	[jepsen worker 1] jepsen.util: 1	:ok	:cbcast	[]
2023-03-08 12:12:42,352{GMT}	INFO	[jepsen worker 1] jepsen.util: 1	:invoke	:cbcast	5
2023-03-08 12:12:42,358{GMT}	INFO	[jepsen worker 1] jepsen.util: 1	:ok	:cbcast	[]
2023-03-08 12:12:42,618{GMT}	INFO	[jepsen worker 1] jepsen.util: 1	:invoke	:cbcast	6
2023-03-08 12:12:42,629{GMT}	INFO	[jepsen worker 1] jepsen.util: 1	:ok	:cbcast	[]
2023-03-08 12:12:42,880{GMT}	INFO	[jepsen worker 1] jepsen.util: 1	:invoke	:cbcast	7
2023-03-08 12:12:42,887{GMT}	INFO	[jepsen worker 1] jepsen.util: 1	:ok	:cbcast	[]
2023-03-08 12:12:43,238{GMT}	INFO	[jepsen worker 1] jepsen.util: 1	:invoke	:cbcast	8
2023-03-08 12:12:43,249{GMT}	INFO	[jepsen worker 1] jepsen.util: 1	:ok	:cbcast	[]
2023-03-08 12:12:43,605{GMT}	INFO	[jepsen worker 1] jepsen.util: 1	:invoke	:cbcast	9
2023-03-08 12:12:43,613{GMT}	INFO	[jepsen worker 1] jepsen.util: 1	:ok	:cbcast	[]
2023-03-08 12:12:43,713{GMT}	INFO	[jepsen worker 1] jepsen.util: 1	:invoke	:cbcast	10
2023-03-08 12:12:43,720{GMT}	INFO	[jepsen worker 1] jepsen.util: 1	:ok	:cbcast	[]
2023-03-08 12:12:43,923{GMT}	INFO	[jepsen worker 1] jepsen.util: 1	:invoke	:cbcast	11
2023-03-08 12:12:43,927{GMT}	INFO	[jepsen worker 1] jepsen.util: 1	:ok	:cbcast	[]
2023-03-08 12:12:44,284{GMT}	INFO	[jepsen worker 1] jepsen.util: 1	:invoke	:cbcast	12
2023-03-08 12:12:44,291{GMT}	INFO	[jepsen worker 1] jepsen.util: 1	:ok	:cbcast	[]
2023-03-08 12:12:44,509{GMT}	INFO	[jepsen worker 1] jepsen.util: 1	:invoke	:cbcast	13
2023-03-08 12:12:44,514{GMT}	INFO	[jepsen worker 1] jepsen.util: 1	:ok	:cbcast	[]
2023-03-08 12:12:44,528{GMT}	INFO	[jepsen worker 1] jepsen.util: 1	:invoke	:cbcast	14
2023-03-08 12:12:44,538{GMT}	INFO	[jepsen worker 1] jepsen.util: 1	:ok	:cbcast	[]
2023-03-08 12:12:44,648{GMT}	INFO	[jepsen worker 1] jepsen.util: 1	:invoke	:cbcast	15
2023-03-08 12:12:44,654{GMT}	INFO	[jepsen worker 1] jepsen.util: 1	:ok	:cbcast	[]
2023-03-08 12:12:44,732{GMT}	INFO	[jepsen worker 1] jepsen.util: 1	:invoke	:cbcast	16
2023-03-08 12:12:44,739{GMT}	INFO	[jepsen worker 1] jepsen.util: 1	:ok	:cbcast	[]
2023-03-08 12:12:45,081{GMT}	INFO	[jepsen worker 1] jepsen.util: 1	:invoke	:cbcast	17
2023-03-08 12:12:45,086{GMT}	INFO	[jepsen worker 1] jepsen.util: 1	:ok	:cbcast	[]
2023-03-08 12:12:45,325{GMT}	INFO	[jepsen worker 1] jepsen.util: 1	:invoke	:cbcast	18
2023-03-08 12:12:45,333{GMT}	INFO	[jepsen worker 1] jepsen.util: 1	:ok	:cbcast	[]
2023-03-08 12:12:45,591{GMT}	INFO	[jepsen worker 1] jepsen.util: 1	:invoke	:cbcast	19
2023-03-08 12:12:45,597{GMT}	INFO	[jepsen worker 1] jepsen.util: 1	:ok	:cbcast	[]
2023-03-08 12:12:45,739{GMT}	INFO	[jepsen worker 1] jepsen.util: 1	:invoke	:cbcast	20
2023-03-08 12:12:45,747{GMT}	INFO	[jepsen worker 1] jepsen.util: 1	:ok	:cbcast	[]
2023-03-08 12:12:45,970{GMT}	INFO	[jepsen worker 1] jepsen.util: 1	:invoke	:cbcast	21
2023-03-08 12:12:45,977{GMT}	INFO	[jepsen worker 1] jepsen.util: 1	:ok	:cbcast	[]
2023-03-08 12:12:46,043{GMT}	INFO	[jepsen worker 1] jepsen.util: 1	:invoke	:cbcast	22
2023-03-08 12:12:46,050{GMT}	INFO	[jepsen worker 1] jepsen.util: 1	:ok	:cbcast	[]
2023-03-08 12:12:46,422{GMT}	INFO	[jepsen worker 1] jepsen.util: 1	:invoke	:cbcast	23
2023-03-08 12:12:46,430{GMT}	INFO	[jepsen worker 1] jepsen.util: 1	:ok	:cbcast	[]
2023-03-08 12:12:46,834{GMT}	INFO	[jepsen worker 2] jepsen.util: 2	:info	:cbcast	2	:net-timeout
2023-03-08 12:12:47,199{GMT}	INFO	[jepsen worker 0] jepsen.util: 0	:info	:cbcast	3	:net-timeout
2023-03-08 12:12:47,208{GMT}	INFO	[jepsen node n2] maelstrom.db: Tearing down n2
2023-03-08 12:12:47,208{GMT}	INFO	[jepsen node n1] maelstrom.db: Tearing down n1
2023-03-08 12:12:47,208{GMT}	INFO	[jepsen node n0] maelstrom.db: Tearing down n0
2023-03-08 12:12:47,434{GMT}	INFO	[jepsen node n0] maelstrom.net: Shutting down Maelstrom network
2023-03-08 12:12:47,437{GMT}	WARN	[jepsen test runner] jepsen.core: Test crashed!
clojure.lang.ExceptionInfo: Node n0 crashed with exit status 1. Before crashing, it wrote to STDOUT:

{"dest": "c2", "src": "n0", "body": {"msg_id": 1, "in_reply_to": 1, "type": "init_ok"}}

And to STDERR:

DEBUG:root:received {"id":2,"src":"c2","dest":"n0","body":{"type":"init","node_id":"n0","node_ids":["n0","n1","n2"],"msg_id":1}}
INFO:root:node n0 initialized
DEBUG:root:sending {"dest": "c2", "src": "n0", "body": {"msg_id": 1, "in_reply_to": 1, "type": "init_ok"}}
DEBUG:root:received {"id":8,"src":"n1","dest":"n0","body":{"msg_id":3,"type":"fwd_msg","vv":{"n0":0,"n1":1,"n2":0},"message":1}}
DEBUG:root:msg vv: namespace(n0=0, n1=1, n2=0), type <class 'dict'>
Traceback (most recent call last):
  File "/home/miguel/uni/4ano/sd/sdge/guiao1/causal-broadcast.py", line 56, in <module>
    if verify_delevery(msg.src, (msg.body.vv).__dict__):
  File "/home/miguel/uni/4ano/sd/sdge/guiao1/causal-broadcast.py", line 27, in verify_delevery
    if vv_rec[i.src] < vv[i.src]:
AttributeError: 'str' object has no attribute 'src'

Full STDERR logs are available in /home/miguel/uni/4ano/sd/sdge/guiao1/store/cbcast/20230308T121241.000Z/node-logs/n0.log
	at slingshot.support$stack_trace.invoke(support.clj:201)
	at maelstrom.process$stop_node_BANG_.invokeStatic(process.clj:239)
	at maelstrom.process$stop_node_BANG_.invoke(process.clj:217)
	at maelstrom.db$db$reify__16817.teardown_BANG_(db.clj:75)
	at jepsen.db$fn__3462$G__3458__3466.invoke(db.clj:11)
	at jepsen.db$fn__3462$G__3457__3471.invoke(db.clj:11)
	at clojure.core$partial$fn__5824.invoke(core.clj:2625)
	at jepsen.control$on_nodes$fn__3339.invoke(control.clj:309)
	at clojure.lang.AFn.applyToHelper(AFn.java:154)
	at clojure.lang.AFn.applyTo(AFn.java:144)
	at clojure.core$apply.invokeStatic(core.clj:665)
	at clojure.core$with_bindings_STAR_.invokeStatic(core.clj:1973)
	at clojure.core$with_bindings_STAR_.doInvoke(core.clj:1973)
	at clojure.lang.RestFn.applyTo(RestFn.java:142)
	at clojure.core$apply.invokeStatic(core.clj:669)
	at clojure.core$bound_fn_STAR_$fn__5734.doInvoke(core.clj:2003)
	at clojure.lang.RestFn.invoke(RestFn.java:408)
	at dom_top.core$real_pmap_helper$build_thread__213$fn__214.invoke(core.clj:146)
	at clojure.lang.AFn.applyToHelper(AFn.java:152)
	at clojure.lang.AFn.applyTo(AFn.java:144)
	at clojure.core$apply.invokeStatic(core.clj:665)
	at clojure.core$with_bindings_STAR_.invokeStatic(core.clj:1973)
	at clojure.core$with_bindings_STAR_.doInvoke(core.clj:1973)
	at clojure.lang.RestFn.invoke(RestFn.java:425)
	at clojure.lang.AFn.applyToHelper(AFn.java:156)
	at clojure.lang.RestFn.applyTo(RestFn.java:132)
	at clojure.core$apply.invokeStatic(core.clj:669)
	at clojure.core$bound_fn_STAR_$fn__5734.doInvoke(core.clj:2003)
	at clojure.lang.RestFn.invoke(RestFn.java:397)
	at clojure.lang.AFn.run(AFn.java:22)
	at java.base/java.lang.Thread.run(Thread.java:833)
