2023-03-08 12:20:29,576{GMT}	INFO	[jepsen test runner] jepsen.core: Command line:
lein run test -w cbcast --bin causal-broadcast.py --time-limit 5 --node-count 3
2023-03-08 12:20:29,642{GMT}	INFO	[jepsen test runner] jepsen.core: Running test:
{:args []
 :remote
 #jepsen.control.retry.Remote{:remote #jepsen.control.scp.Remote{:cmd-remote #jepsen.control.clj_ssh.Remote{:concurrency-limit 8,
                                                                                                            :conn-spec nil,
                                                                                                            :session nil,
                                                                                                            :semaphore nil},
                                                                 :conn-spec nil},
                              :conn nil}
 :log-net-send false
 :node-count 3
 :max-txn-length 4
 :concurrency 3
 :db
 #object[maelstrom.db$db$reify__16817
         "0x7ba5d307"
         "maelstrom.db$db$reify__16817@7ba5d307"]
 :max-writes-per-key 16
 :leave-db-running? false
 :name "cbcast"
 :logging-json? false
 :start-time
 #object[org.joda.time.DateTime "0x684001e6" "2023-03-08T12:20:29.000Z"]
 :nemesis-interval 10
 :net
 #object[maelstrom.net$jepsen_net$reify__15673
         "0x6bb2b8d4"
         "maelstrom.net$jepsen_net$reify__15673@6bb2b8d4"]
 :client
 #object[maelstrom.workload.cbcast$client$reify__18677
         "0x64230d44"
         "maelstrom.workload.cbcast$client$reify__18677@64230d44"]
 :barrier
 #object[java.util.concurrent.CyclicBarrier
         "0x1ff584d7"
         "java.util.concurrent.CyclicBarrier@1ff584d7"]
 :log-stderr false
 :pure-generators true
 :ssh {:dummy? true}
 :rate 5
 :checker
 #object[jepsen.checker$compose$reify__8787
         "0x7752f9fe"
         "jepsen.checker$compose$reify__8787@7752f9fe"]
 :argv
 ("test"
  "-w"
  "cbcast"
  "--bin"
  "causal-broadcast.py"
  "--time-limit"
  "5"
  "--node-count"
  "3")
 :nemesis
 (jepsen.nemesis.ReflCompose
  {:fm {:start-partition 0,
        :stop-partition 0,
        :kill 1,
        :start 1,
        :pause 1,
        :resume 1},
   :nemeses [#unprintable "jepsen.nemesis.combined$partition_nemesis$reify__17089@9588bd8"
             #unprintable "jepsen.nemesis.combined$db_nemesis$reify__17070@75edfe9a"]})
 :nodes ["n0" "n1" "n2"]
 :test-count 1
 :latency {:mean 0, :dist :constant}
 :bin "causal-broadcast.py"
 :generator
 (jepsen.generator.TimeLimit
  {:limit 5000000000,
   :cutoff nil,
   :gen (jepsen.generator.Any
         {:gens [(jepsen.generator.OnThreads {:f #{:nemesis}, :gen nil})
                 (jepsen.generator.OnThreads
                  {:f #object[clojure.core$complement$fn__5654
                              "0x6351efa6"
                              "clojure.core$complement$fn__5654@6351efa6"],
                   :gen (jepsen.generator.Stagger
                         {:dt 400000000,
                          :next-time nil,
                          :gen ({:f :cbcast, :value 1}
                                {:f :cbcast, :value 2}
                                {:f :cbcast, :value 3}
                                {:f :cbcast, :value 4}
                                {:f :cbcast, :value 5}
                                {:f :cbcast, :value 6}
                                {:f :cbcast, :value 7}
                                {:f :cbcast, :value 8}
                                ...)})})]})})
 :log-net-recv false
 :os
 #object[maelstrom.net$jepsen_os$reify__15676
         "0x349e166"
         "maelstrom.net$jepsen_os$reify__15676@349e166"]
 :time-limit 5
 :workload :cbcast
 :consistency-models [:strict-serializable]
 :topology :grid}

2023-03-08 12:20:29,649{GMT}	INFO	[jepsen node n0] maelstrom.net: Starting Maelstrom network
2023-03-08 12:20:29,651{GMT}	INFO	[jepsen test runner] jepsen.db: Tearing down DB
2023-03-08 12:20:29,653{GMT}	INFO	[jepsen test runner] jepsen.db: Setting up DB
2023-03-08 12:20:29,655{GMT}	INFO	[jepsen node n1] maelstrom.db: Setting up n1
2023-03-08 12:20:29,655{GMT}	INFO	[jepsen node n2] maelstrom.db: Setting up n2
2023-03-08 12:20:29,656{GMT}	INFO	[jepsen node n1] maelstrom.process: launching causal-broadcast.py []
2023-03-08 12:20:29,656{GMT}	INFO	[jepsen node n2] maelstrom.process: launching causal-broadcast.py []
2023-03-08 12:20:29,657{GMT}	INFO	[jepsen node n0] maelstrom.service: Starting services: (lin-kv lin-tso lww-kv seq-kv)
2023-03-08 12:20:29,659{GMT}	INFO	[jepsen node n0] maelstrom.db: Setting up n0
2023-03-08 12:20:29,659{GMT}	INFO	[jepsen node n0] maelstrom.process: launching causal-broadcast.py []
2023-03-08 12:20:29,702{GMT}	INFO	[jepsen test runner] jepsen.core: Relative time begins now
2023-03-08 12:20:29,720{GMT}	INFO	[jepsen worker 1] jepsen.util: 1	:invoke	:cbcast	1
2023-03-08 12:20:29,724{GMT}	INFO	[jepsen worker 1] jepsen.util: 1	:ok	:cbcast	[]
2023-03-08 12:20:29,830{GMT}	INFO	[jepsen worker 2] jepsen.util: 2	:invoke	:cbcast	2
2023-03-08 12:20:29,834{GMT}	INFO	[jepsen worker 2] jepsen.util: 2	:ok	:cbcast	[1]
2023-03-08 12:20:29,938{GMT}	INFO	[jepsen worker 1] jepsen.util: 1	:invoke	:cbcast	3
2023-03-08 12:20:29,940{GMT}	INFO	[jepsen worker 1] jepsen.util: 1	:ok	:cbcast	[2]
2023-03-08 12:20:30,181{GMT}	INFO	[jepsen worker 1] jepsen.util: 1	:invoke	:cbcast	4
2023-03-08 12:20:30,183{GMT}	INFO	[jepsen worker 1] jepsen.util: 1	:ok	:cbcast	[]
2023-03-08 12:20:30,508{GMT}	INFO	[jepsen worker 1] jepsen.util: 1	:invoke	:cbcast	5
2023-03-08 12:20:30,510{GMT}	INFO	[jepsen worker 1] jepsen.util: 1	:ok	:cbcast	[]
2023-03-08 12:20:30,562{GMT}	INFO	[jepsen worker 0] jepsen.util: 0	:invoke	:cbcast	6
2023-03-08 12:20:30,565{GMT}	INFO	[jepsen worker 0] jepsen.util: 0	:ok	:cbcast	[1 2 3 4 5]
2023-03-08 12:20:30,889{GMT}	INFO	[jepsen worker 2] jepsen.util: 2	:invoke	:cbcast	7
2023-03-08 12:20:30,892{GMT}	INFO	[jepsen worker 2] jepsen.util: 2	:ok	:cbcast	[3 4 5 6]
2023-03-08 12:20:30,907{GMT}	INFO	[jepsen worker 1] jepsen.util: 1	:invoke	:cbcast	8
2023-03-08 12:20:30,910{GMT}	INFO	[jepsen worker 1] jepsen.util: 1	:ok	:cbcast	[6 7]
2023-03-08 12:20:31,272{GMT}	INFO	[jepsen worker 2] jepsen.util: 2	:invoke	:cbcast	9
2023-03-08 12:20:31,274{GMT}	INFO	[jepsen worker 2] jepsen.util: 2	:ok	:cbcast	[8]
2023-03-08 12:20:31,333{GMT}	INFO	[jepsen worker 1] jepsen.util: 1	:invoke	:cbcast	10
2023-03-08 12:20:31,336{GMT}	INFO	[jepsen worker 1] jepsen.util: 1	:ok	:cbcast	[9]
2023-03-08 12:20:31,474{GMT}	INFO	[jepsen worker 0] jepsen.util: 0	:invoke	:cbcast	11
2023-03-08 12:20:31,476{GMT}	INFO	[jepsen worker 0] jepsen.util: 0	:ok	:cbcast	[7 8 9 10]
2023-03-08 12:20:31,824{GMT}	INFO	[jepsen worker 1] jepsen.util: 1	:invoke	:cbcast	12
2023-03-08 12:20:31,826{GMT}	INFO	[jepsen worker 1] jepsen.util: 1	:ok	:cbcast	[11]
2023-03-08 12:20:31,943{GMT}	INFO	[jepsen worker 1] jepsen.util: 1	:invoke	:cbcast	13
2023-03-08 12:20:31,945{GMT}	INFO	[jepsen worker 1] jepsen.util: 1	:ok	:cbcast	[]
2023-03-08 12:20:31,961{GMT}	INFO	[jepsen worker 2] jepsen.util: 2	:invoke	:cbcast	14
2023-03-08 12:20:31,963{GMT}	INFO	[jepsen worker 2] jepsen.util: 2	:ok	:cbcast	[10 11 12 13]
2023-03-08 12:20:32,076{GMT}	INFO	[jepsen worker 1] jepsen.util: 1	:invoke	:cbcast	15
2023-03-08 12:20:32,078{GMT}	INFO	[jepsen worker 1] jepsen.util: 1	:ok	:cbcast	[14]
2023-03-08 12:20:32,262{GMT}	INFO	[jepsen worker 2] jepsen.util: 2	:invoke	:cbcast	16
2023-03-08 12:20:32,264{GMT}	INFO	[jepsen worker 2] jepsen.util: 2	:ok	:cbcast	[15]
2023-03-08 12:20:32,282{GMT}	INFO	[jepsen worker 2] jepsen.util: 2	:invoke	:cbcast	17
2023-03-08 12:20:32,283{GMT}	INFO	[jepsen worker 2] jepsen.util: 2	:ok	:cbcast	[]
2023-03-08 12:20:32,667{GMT}	INFO	[jepsen worker 0] jepsen.util: 0	:invoke	:cbcast	18
2023-03-08 12:20:32,669{GMT}	INFO	[jepsen worker 0] jepsen.util: 0	:ok	:cbcast	[12 13 14 15 16 17]
2023-03-08 12:20:32,891{GMT}	INFO	[jepsen worker 1] jepsen.util: 1	:invoke	:cbcast	19
2023-03-08 12:20:32,893{GMT}	INFO	[jepsen worker 1] jepsen.util: 1	:ok	:cbcast	[16 17 18]
2023-03-08 12:20:33,138{GMT}	INFO	[jepsen worker 0] jepsen.util: 0	:invoke	:cbcast	20
2023-03-08 12:20:33,139{GMT}	INFO	[jepsen worker 0] jepsen.util: 0	:ok	:cbcast	[19]
2023-03-08 12:20:33,353{GMT}	INFO	[jepsen worker 0] jepsen.util: 0	:invoke	:cbcast	21
2023-03-08 12:20:33,356{GMT}	INFO	[jepsen worker 0] jepsen.util: 0	:ok	:cbcast	[]
2023-03-08 12:20:33,597{GMT}	INFO	[jepsen worker 1] jepsen.util: 1	:invoke	:cbcast	22
2023-03-08 12:20:33,600{GMT}	INFO	[jepsen worker 1] jepsen.util: 1	:ok	:cbcast	[20 21]
2023-03-08 12:20:33,619{GMT}	INFO	[jepsen worker 1] jepsen.util: 1	:invoke	:cbcast	23
2023-03-08 12:20:33,621{GMT}	INFO	[jepsen worker 1] jepsen.util: 1	:ok	:cbcast	[]
2023-03-08 12:20:33,968{GMT}	INFO	[jepsen worker 0] jepsen.util: 0	:invoke	:cbcast	24
2023-03-08 12:20:33,970{GMT}	INFO	[jepsen worker 0] jepsen.util: 0	:ok	:cbcast	[22 23]
2023-03-08 12:20:33,988{GMT}	INFO	[jepsen worker 1] jepsen.util: 1	:invoke	:cbcast	25
2023-03-08 12:20:33,990{GMT}	INFO	[jepsen worker 1] jepsen.util: 1	:ok	:cbcast	[24]
2023-03-08 12:20:34,081{GMT}	INFO	[jepsen worker 1] jepsen.util: 1	:invoke	:cbcast	26
2023-03-08 12:20:34,083{GMT}	INFO	[jepsen worker 1] jepsen.util: 1	:ok	:cbcast	[]
2023-03-08 12:20:34,462{GMT}	INFO	[jepsen worker 1] jepsen.util: 1	:invoke	:cbcast	27
2023-03-08 12:20:34,464{GMT}	INFO	[jepsen worker 1] jepsen.util: 1	:ok	:cbcast	[]
2023-03-08 12:20:34,577{GMT}	INFO	[jepsen worker 2] jepsen.util: 2	:invoke	:cbcast	28
2023-03-08 12:20:34,580{GMT}	INFO	[jepsen worker 2] jepsen.util: 2	:ok	:cbcast	[18 19 20 21 22 23 24 25 26 27]
2023-03-08 12:20:34,583{GMT}	INFO	[jepsen node n0] maelstrom.db: Tearing down n0
2023-03-08 12:20:34,583{GMT}	INFO	[jepsen node n1] maelstrom.db: Tearing down n1
2023-03-08 12:20:34,584{GMT}	INFO	[jepsen node n2] maelstrom.db: Tearing down n2
2023-03-08 12:20:35,663{GMT}	INFO	[jepsen node n0] maelstrom.net: Shutting down Maelstrom network
2023-03-08 12:20:35,664{GMT}	INFO	[jepsen test runner] jepsen.core: Run complete, writing
2023-03-08 12:20:35,670{GMT}	INFO	[jepsen test runner] jepsen.core: Analyzing...
2023-03-08 12:20:35,785{GMT}	INFO	[jepsen test runner] jepsen.core: Analysis complete
2023-03-08 12:20:35,792{GMT}	INFO	[jepsen results] jepsen.store: Wrote /home/miguel/uni/4ano/sd/sdge/guiao1/store/cbcast/20230308T122029.000Z/results.edn
2023-03-08 12:20:35,801{GMT}	INFO	[jepsen test runner] jepsen.core: {:perf {:latency-graph {:valid? true},
        :rate-graph {:valid? true},
        :valid? true},
 :timeline {:valid? true},
 :exceptions {:valid? true},
 :stats {:valid? true,
         :count 28,
         :ok-count 28,
         :fail-count 0,
         :info-count 0,
         :by-f {:cbcast {:valid? true,
                         :count 28,
                         :ok-count 28,
                         :fail-count 0,
                         :info-count 0}}},
 :net {:all {:send-count 118,
             :recv-count 118,
             :msg-count 118,
             :msgs-per-op 4.214286},
       :clients {:send-count 62, :recv-count 62, :msg-count 62},
       :servers {:send-count 56,
                 :recv-count 56,
                 :msg-count 56,
                 :msgs-per-op 2.0},
       :valid? true},
 :workload {:valid? true, :errors []},
 :valid? true}


Everything looks good! ヽ(‘ー`)ノ
