2023-03-01 13:02:59,426{GMT}	INFO	[jepsen test runner] jepsen.core: Command line:
lein run test --bin guiao0/lock-lamport.py --time-limit 5 --node-count 2 -w lock --concurrency 2n
2023-03-01 13:02:59,492{GMT}	INFO	[jepsen test runner] jepsen.core: Running test:
{:args []
 :remote
 #jepsen.control.retry.Remote{:remote #jepsen.control.scp.Remote{:cmd-remote #jepsen.control.sshj.SSHJRemote{:concurrency-limit 6,
                                                                                                             :conn-spec nil,
                                                                                                             :client nil,
                                                                                                             :semaphore nil},
                                                                 :conn-spec nil},
                              :conn nil}
 :log-net-send false
 :node-count 2
 :availability nil
 :max-txn-length 4
 :concurrency 4
 :db
 #object[maelstrom.db$db$reify__16144
         "0x10fef6da"
         "maelstrom.db$db$reify__16144@10fef6da"]
 :max-writes-per-key 16
 :leave-db-running? false
 :name "lock"
 :logging-json? false
 :start-time
 #object[org.joda.time.DateTime "0x74bca236" "2023-03-01T13:02:59.407Z"]
 :nemesis-interval 10
 :net
 #object[maelstrom.net$jepsen_net$reify__15253
         "0x526fbb80"
         "maelstrom.net$jepsen_net$reify__15253@526fbb80"]
 :client
 #object[maelstrom.workload.lock$client$reify__19507
         "0x33dcbdc2"
         "maelstrom.workload.lock$client$reify__19507@33dcbdc2"]
 :barrier
 #object[java.util.concurrent.CyclicBarrier
         "0x3e37c38f"
         "java.util.concurrent.CyclicBarrier@3e37c38f"]
 :log-stderr false
 :pure-generators true
 :ssh {:dummy? true}
 :rate 5
 :checker
 #object[jepsen.checker$compose$reify__11881
         "0x2f0b7b6d"
         "jepsen.checker$compose$reify__11881@2f0b7b6d"]
 :argv
 ("test"
  "--bin"
  "guiao0/lock-lamport.py"
  "--time-limit"
  "5"
  "--node-count"
  "2"
  "-w"
  "lock"
  "--concurrency"
  "2n")
 :nemesis
 (jepsen.nemesis.ReflCompose
  {:fm {:start-partition 0,
        :stop-partition 0,
        :kill 1,
        :start 1,
        :pause 1,
        :resume 1},
   :nemeses [#unprintable "jepsen.nemesis.combined$partition_nemesis$reify__16418@1766b7"
             #unprintable "jepsen.nemesis.combined$db_nemesis$reify__16399@56f3f9da"]})
 :nodes ["n0" "n1"]
 :test-count 1
 :latency {:mean 0, :dist :constant}
 :bin "guiao0/lock-lamport.py"
 :generator
 (jepsen.generator.TimeLimit
  {:limit 5000000000,
   :cutoff nil,
   :gen (jepsen.generator.Any
         {:gens [(jepsen.generator.OnThreads
                  {:f #{:nemesis},
                   :context-filter #object[jepsen.generator.context$make_thread_filter$lazy_filter__9167
                                           "0x2ff30a75"
                                           "jepsen.generator.context$make_thread_filter$lazy_filter__9167@2ff30a75"],
                   :gen nil})
                 (jepsen.generator.OnThreads
                  {:f #jepsen.generator.context.AllBut{:element :nemesis},
                   :context-filter #object[jepsen.generator.context$make_thread_filter$lazy_filter__9167
                                           "0xb38dc7d"
                                           "jepsen.generator.context$make_thread_filter$lazy_filter__9167@b38dc7d"],
                   :gen (jepsen.generator.Stagger
                         {:dt 400000000,
                          :next-time nil,
                          :gen (jepsen.generator.EachThread
                                {:fresh-gen ({:f :lock}
                                             {:f :unlock}
                                             {:f :lock}
                                             {:f :unlock}
                                             {:f :lock}
                                             {:f :unlock}
                                             {:f :lock}
                                             {:f :unlock}
                                             ...),
                                 :context-filters #object[clojure.core$promise$reify__8591
                                                          "0x746cb25d"
                                                          {:status :pending,
                                                           :val nil}],
                                 :gens {}})})})]})})
 :log-net-recv false
 :os
 #object[maelstrom.net$jepsen_os$reify__15256
         "0x7c068c7b"
         "maelstrom.net$jepsen_os$reify__15256@7c068c7b"]
 :time-limit 5
 :workload :lock
 :consistency-models [:strict-serializable]
 :topology :grid}

2023-03-01 13:03:01,331{GMT}	INFO	[jepsen node n0] maelstrom.net: Starting Maelstrom network
2023-03-01 13:03:01,332{GMT}	INFO	[jepsen test runner] jepsen.db: Tearing down DB
2023-03-01 13:03:01,334{GMT}	INFO	[jepsen test runner] jepsen.db: Setting up DB
2023-03-01 13:03:01,335{GMT}	INFO	[jepsen node n1] maelstrom.db: Setting up n1
2023-03-01 13:03:01,335{GMT}	INFO	[jepsen node n1] maelstrom.process: launching guiao0/lock-lamport.py []
2023-03-01 13:03:01,336{GMT}	INFO	[jepsen node n0] maelstrom.service: Starting services: (lin-kv lin-tso lww-kv seq-kv)
2023-03-01 13:03:01,338{GMT}	INFO	[jepsen node n0] maelstrom.db: Setting up n0
2023-03-01 13:03:01,339{GMT}	INFO	[jepsen node n0] maelstrom.process: launching guiao0/lock-lamport.py []
2023-03-01 13:03:01,371{GMT}	INFO	[jepsen test runner] jepsen.core: Relative time begins now
2023-03-01 13:03:01,386{GMT}	INFO	[jepsen worker 1] jepsen.util: 1	:invoke	:lock	nil
2023-03-01 13:03:01,393{GMT}	INFO	[jepsen worker 1] jepsen.util: 1	:ok	:lock	nil
2023-03-01 13:03:01,452{GMT}	INFO	[jepsen worker 3] jepsen.util: 3	:invoke	:lock	nil
2023-03-01 13:03:01,557{GMT}	INFO	[jepsen worker 1] jepsen.util: 1	:invoke	:unlock	nil
2023-03-01 13:03:01,559{GMT}	INFO	[jepsen worker 1] jepsen.util: 1	:ok	:unlock	nil
2023-03-01 13:03:01,904{GMT}	INFO	[jepsen worker 2] jepsen.util: 2	:invoke	:lock	nil
2023-03-01 13:03:01,909{GMT}	INFO	[jepsen worker 2] jepsen.util: 2	:ok	:lock	nil
2023-03-01 13:03:02,195{GMT}	INFO	[jepsen worker 2] jepsen.util: 2	:invoke	:unlock	nil
2023-03-01 13:03:02,197{GMT}	INFO	[jepsen worker 2] jepsen.util: 2	:ok	:unlock	nil
2023-03-01 13:03:02,197{GMT}	INFO	[jepsen worker 3] jepsen.util: 3	:ok	:lock	nil
2023-03-01 13:03:02,352{GMT}	INFO	[jepsen worker 2] jepsen.util: 2	:invoke	:lock	nil
2023-03-01 13:03:02,736{GMT}	INFO	[jepsen worker 0] jepsen.util: 0	:invoke	:lock	nil
2023-03-01 13:03:02,850{GMT}	INFO	[jepsen worker 3] jepsen.util: 3	:invoke	:unlock	nil
2023-03-01 13:03:02,852{GMT}	INFO	[jepsen worker 3] jepsen.util: 3	:ok	:unlock	nil
2023-03-01 13:03:02,852{GMT}	INFO	[jepsen worker 2] jepsen.util: 2	:ok	:lock	nil
2023-03-01 13:03:02,976{GMT}	INFO	[jepsen worker 2] jepsen.util: 2	:invoke	:unlock	nil
2023-03-01 13:03:02,978{GMT}	INFO	[jepsen worker 2] jepsen.util: 2	:ok	:unlock	nil
2023-03-01 13:03:02,978{GMT}	INFO	[jepsen worker 0] jepsen.util: 0	:ok	:lock	nil
2023-03-01 13:03:03,100{GMT}	INFO	[jepsen worker 3] jepsen.util: 3	:invoke	:lock	nil
2023-03-01 13:03:03,468{GMT}	INFO	[jepsen worker 1] jepsen.util: 1	:invoke	:lock	nil
2023-03-01 13:03:03,770{GMT}	INFO	[jepsen worker 0] jepsen.util: 0	:invoke	:unlock	nil
2023-03-01 13:03:03,772{GMT}	INFO	[jepsen worker 0] jepsen.util: 0	:ok	:unlock	nil
2023-03-01 13:03:03,772{GMT}	INFO	[jepsen worker 3] jepsen.util: 3	:ok	:lock	nil
2023-03-01 13:03:04,158{GMT}	INFO	[jepsen worker 0] jepsen.util: 0	:invoke	:lock	nil
2023-03-01 13:03:04,227{GMT}	INFO	[jepsen worker 3] jepsen.util: 3	:invoke	:unlock	nil
2023-03-01 13:03:04,229{GMT}	INFO	[jepsen worker 1] jepsen.util: 1	:ok	:lock	nil
2023-03-01 13:03:04,229{GMT}	INFO	[jepsen worker 3] jepsen.util: 3	:ok	:unlock	nil
2023-03-01 13:03:04,587{GMT}	INFO	[jepsen worker 2] jepsen.util: 2	:invoke	:lock	nil
2023-03-01 13:03:04,643{GMT}	INFO	[jepsen worker 1] jepsen.util: 1	:invoke	:unlock	nil
2023-03-01 13:03:04,645{GMT}	INFO	[jepsen worker 1] jepsen.util: 1	:ok	:unlock	nil
2023-03-01 13:03:04,645{GMT}	INFO	[jepsen worker 0] jepsen.util: 0	:ok	:lock	nil
2023-03-01 13:03:04,701{GMT}	INFO	[jepsen worker 0] jepsen.util: 0	:invoke	:unlock	nil
2023-03-01 13:03:04,703{GMT}	INFO	[jepsen worker 2] jepsen.util: 2	:ok	:lock	nil
2023-03-01 13:03:04,703{GMT}	INFO	[jepsen worker 0] jepsen.util: 0	:ok	:unlock	nil
2023-03-01 13:03:04,894{GMT}	INFO	[jepsen worker 2] jepsen.util: 2	:invoke	:unlock	nil
2023-03-01 13:03:04,896{GMT}	INFO	[jepsen worker 2] jepsen.util: 2	:ok	:unlock	nil
2023-03-01 13:03:04,910{GMT}	INFO	[jepsen worker 3] jepsen.util: 3	:invoke	:lock	nil
2023-03-01 13:03:04,913{GMT}	INFO	[jepsen worker 3] jepsen.util: 3	:ok	:lock	nil
2023-03-01 13:03:05,076{GMT}	INFO	[jepsen worker 2] jepsen.util: 2	:invoke	:lock	nil
2023-03-01 13:03:05,177{GMT}	INFO	[jepsen worker 3] jepsen.util: 3	:invoke	:unlock	nil
2023-03-01 13:03:05,178{GMT}	INFO	[jepsen worker 3] jepsen.util: 3	:ok	:unlock	nil
2023-03-01 13:03:05,200{GMT}	INFO	[jepsen worker 3] jepsen.util: 3	:invoke	:lock	nil
2023-03-01 13:03:05,203{GMT}	INFO	[jepsen worker 3] jepsen.util: 3	:ok	:lock	nil
2023-03-01 13:03:05,515{GMT}	INFO	[jepsen worker 0] jepsen.util: 0	:invoke	:lock	nil
2023-03-01 13:03:05,698{GMT}	INFO	[jepsen worker 1] jepsen.util: 1	:invoke	:lock	nil
2023-03-01 13:03:05,734{GMT}	INFO	[jepsen worker 3] jepsen.util: 3	:invoke	:unlock	nil
2023-03-01 13:03:05,736{GMT}	INFO	[jepsen worker 1] jepsen.util: 1	:ok	:lock	nil
2023-03-01 13:03:05,736{GMT}	INFO	[jepsen worker 3] jepsen.util: 3	:ok	:unlock	nil
2023-03-01 13:03:06,044{GMT}	INFO	[jepsen worker 3] jepsen.util: 3	:invoke	:lock	nil
2023-03-01 13:03:10,077{GMT}	INFO	[jepsen worker 2] jepsen.util: 2	:info	:lock	nil	:net-timeout
2023-03-01 13:03:10,515{GMT}	INFO	[jepsen worker 0] jepsen.util: 0	:info	:lock	nil	:net-timeout
2023-03-01 13:03:11,044{GMT}	INFO	[jepsen worker 3] jepsen.util: 3	:info	:lock	nil	:net-timeout
2023-03-01 13:03:11,061{GMT}	INFO	[jepsen test runner] jepsen.core: Run complete, writing
2023-03-01 13:03:11,102{GMT}	INFO	[jepsen node n0] maelstrom.db: Tearing down n0
2023-03-01 13:03:11,102{GMT}	INFO	[jepsen node n1] maelstrom.db: Tearing down n1
2023-03-01 13:03:12,343{GMT}	INFO	[jepsen node n0] maelstrom.net: Shutting down Maelstrom network
2023-03-01 13:03:12,344{GMT}	INFO	[jepsen test runner] jepsen.core: Analyzing...
2023-03-01 13:03:12,521{GMT}	INFO	[jepsen test runner] jepsen.core: Analysis complete
2023-03-01 13:03:12,531{GMT}	INFO	[jepsen results] jepsen.store: Wrote /home/miguel/uni/4ano/sd/sdge/store/lock/20230301T130259.407Z/results.edn
2023-03-01 13:03:12,556{GMT}	INFO	[jepsen test runner] jepsen.core: {:perf {:latency-graph {:valid? true},
        :rate-graph {:valid? true},
        :valid? true},
 :timeline {:valid? true},
 :exceptions {:valid? true},
 :stats {:valid? true,
         :count 26,
         :ok-count 23,
         :fail-count 0,
         :info-count 3,
         :by-f {:lock {:valid? true,
                       :count 15,
                       :ok-count 12,
                       :fail-count 0,
                       :info-count 3},
                :unlock {:valid? true,
                         :count 11,
                         :ok-count 11,
                         :fail-count 0,
                         :info-count 0}}},
 :availability {:valid? true, :ok-fraction 0.88461536},
 :net {:all {:send-count 75,
             :recv-count 75,
             :msg-count 75,
             :msgs-per-op 2.8846154},
       :clients {:send-count 53, :recv-count 53, :msg-count 53},
       :servers {:send-count 22,
                 :recv-count 22,
                 :msg-count 22,
                 :msgs-per-op 0.84615386},
       :valid? true},
 :workload {:valid? true, :errors []},
 :valid? true}


Everything looks good! ヽ(‘ー`)ノ
