2023-03-10 15:34:25,051{GMT}	INFO	[jepsen test runner] jepsen.core: Command line:
lein run test -w cbcast --bin causal-broadcast.py --time-limit 5 --node-count 3 --latency-dist uniform --latency 500
2023-03-10 15:34:25,107{GMT}	INFO	[jepsen test runner] jepsen.core: Running test:
{:args []
 :remote
 #jepsen.control.retry.Remote{:remote #jepsen.control.scp.Remote{:cmd-remote #jepsen.control.clj_ssh.Remote{:concurrency-limit 8,
                                                                                                            :conn-spec nil,
                                                                                                            :session nil,
                                                                                                            :semaphore nil},
                                                                 :conn-spec nil},
                              :conn nil}
 :log-net-send false
 :node-count 3
 :max-txn-length 4
 :concurrency 3
 :db
 #object[maelstrom.db$db$reify__16817
         "0x4a28b6d0"
         "maelstrom.db$db$reify__16817@4a28b6d0"]
 :max-writes-per-key 16
 :leave-db-running? false
 :name "cbcast"
 :logging-json? false
 :start-time
 #object[org.joda.time.DateTime "0x64230d44" "2023-03-10T15:34:25.000Z"]
 :nemesis-interval 10
 :net
 #object[maelstrom.net$jepsen_net$reify__15673
         "0x1ff584d7"
         "maelstrom.net$jepsen_net$reify__15673@1ff584d7"]
 :client
 #object[maelstrom.workload.cbcast$client$reify__18677
         "0x7752f9fe"
         "maelstrom.workload.cbcast$client$reify__18677@7752f9fe"]
 :barrier
 #object[java.util.concurrent.CyclicBarrier
         "0x9588bd8"
         "java.util.concurrent.CyclicBarrier@9588bd8"]
 :log-stderr false
 :pure-generators true
 :ssh {:dummy? true}
 :rate 5
 :checker
 #object[jepsen.checker$compose$reify__8787
         "0x75edfe9a"
         "jepsen.checker$compose$reify__8787@75edfe9a"]
 :argv
 ("test"
  "-w"
  "cbcast"
  "--bin"
  "causal-broadcast.py"
  "--time-limit"
  "5"
  "--node-count"
  "3"
  "--latency-dist"
  "uniform"
  "--latency"
  "500")
 :nemesis
 (jepsen.nemesis.ReflCompose
  {:fm {:start-partition 0,
        :stop-partition 0,
        :kill 1,
        :start 1,
        :pause 1,
        :resume 1},
   :nemeses [#unprintable "jepsen.nemesis.combined$partition_nemesis$reify__17089@468d1fcc"
             #unprintable "jepsen.nemesis.combined$db_nemesis$reify__17070@267093ea"]})
 :nodes ["n0" "n1" "n2"]
 :test-count 1
 :latency {:mean 500, :dist :uniform}
 :bin "causal-broadcast.py"
 :generator
 (jepsen.generator.TimeLimit
  {:limit 5000000000,
   :cutoff nil,
   :gen (jepsen.generator.Any
         {:gens [(jepsen.generator.OnThreads {:f #{:nemesis}, :gen nil})
                 (jepsen.generator.OnThreads
                  {:f #object[clojure.core$complement$fn__5654
                              "0x349e166"
                              "clojure.core$complement$fn__5654@349e166"],
                   :gen (jepsen.generator.Stagger
                         {:dt 400000000,
                          :next-time nil,
                          :gen ({:f :cbcast, :value 1}
                                {:f :cbcast, :value 2}
                                {:f :cbcast, :value 3}
                                {:f :cbcast, :value 4}
                                {:f :cbcast, :value 5}
                                {:f :cbcast, :value 6}
                                {:f :cbcast, :value 7}
                                {:f :cbcast, :value 8}
                                ...)})})]})})
 :log-net-recv false
 :os
 #object[maelstrom.net$jepsen_os$reify__15676
         "0x68fd0fba"
         "maelstrom.net$jepsen_os$reify__15676@68fd0fba"]
 :time-limit 5
 :workload :cbcast
 :consistency-models [:strict-serializable]
 :topology :grid}

2023-03-10 15:34:25,117{GMT}	INFO	[jepsen node n0] maelstrom.net: Starting Maelstrom network
2023-03-10 15:34:25,118{GMT}	INFO	[jepsen test runner] jepsen.db: Tearing down DB
2023-03-10 15:34:25,121{GMT}	INFO	[jepsen test runner] jepsen.db: Setting up DB
2023-03-10 15:34:25,122{GMT}	INFO	[jepsen node n2] maelstrom.db: Setting up n2
2023-03-10 15:34:25,122{GMT}	INFO	[jepsen node n1] maelstrom.db: Setting up n1
2023-03-10 15:34:25,123{GMT}	INFO	[jepsen node n2] maelstrom.process: launching causal-broadcast.py []
2023-03-10 15:34:25,123{GMT}	INFO	[jepsen node n1] maelstrom.process: launching causal-broadcast.py []
2023-03-10 15:34:25,125{GMT}	INFO	[jepsen node n0] maelstrom.service: Starting services: (lin-kv lin-tso lww-kv seq-kv)
2023-03-10 15:34:25,127{GMT}	INFO	[jepsen node n0] maelstrom.db: Setting up n0
2023-03-10 15:34:25,128{GMT}	INFO	[jepsen node n0] maelstrom.process: launching causal-broadcast.py []
2023-03-10 15:34:25,176{GMT}	INFO	[jepsen test runner] jepsen.core: Relative time begins now
2023-03-10 15:34:25,200{GMT}	INFO	[jepsen worker 2] jepsen.util: 2	:invoke	:cbcast	1
2023-03-10 15:34:25,211{GMT}	INFO	[jepsen worker 2] jepsen.util: 2	:ok	:cbcast	[]
2023-03-10 15:34:25,308{GMT}	INFO	[jepsen worker 1] jepsen.util: 1	:invoke	:cbcast	2
2023-03-10 15:34:25,409{GMT}	INFO	[jepsen worker 1] jepsen.util: 1	:ok	:cbcast	[1]
2023-03-10 15:34:25,446{GMT}	INFO	[jepsen worker 0] jepsen.util: 0	:invoke	:cbcast	3
2023-03-10 15:34:25,678{GMT}	INFO	[jepsen worker 2] jepsen.util: 2	:invoke	:cbcast	4
2023-03-10 15:34:25,817{GMT}	INFO	[jepsen worker 1] jepsen.util: 1	:invoke	:cbcast	5
2023-03-10 15:34:25,819{GMT}	INFO	[jepsen worker 1] jepsen.util: 1	:ok	:cbcast	[]
2023-03-10 15:34:25,888{GMT}	INFO	[jepsen worker 2] jepsen.util: 2	:ok	:cbcast	[2]
2023-03-10 15:34:25,903{GMT}	INFO	[jepsen worker 2] jepsen.util: 2	:invoke	:cbcast	6
2023-03-10 15:34:26,105{GMT}	INFO	[jepsen worker 0] jepsen.util: 0	:ok	:cbcast	[1]
2023-03-10 15:34:26,275{GMT}	INFO	[jepsen worker 1] jepsen.util: 1	:invoke	:cbcast	7
2023-03-10 15:34:26,464{GMT}	INFO	[jepsen worker 0] jepsen.util: 0	:invoke	:cbcast	8
2023-03-10 15:34:26,571{GMT}	INFO	[jepsen worker 2] jepsen.util: 2	:ok	:cbcast	[5]
2023-03-10 15:34:26,600{GMT}	INFO	[jepsen worker 1] jepsen.util: 1	:ok	:cbcast	[4]
2023-03-10 15:34:26,619{GMT}	INFO	[jepsen worker 2] jepsen.util: 2	:invoke	:cbcast	9
2023-03-10 15:34:26,668{GMT}	INFO	[jepsen worker 0] jepsen.util: 0	:ok	:cbcast	[2 5 4]
2023-03-10 15:34:26,679{GMT}	INFO	[jepsen worker 1] jepsen.util: 1	:invoke	:cbcast	10
2023-03-10 15:34:26,750{GMT}	INFO	[jepsen worker 0] jepsen.util: 0	:invoke	:cbcast	11
2023-03-10 15:34:26,845{GMT}	INFO	[jepsen worker 0] jepsen.util: 0	:ok	:cbcast	[6]
2023-03-10 15:34:26,845{GMT}	INFO	[jepsen worker 0] jepsen.util: 0	:invoke	:cbcast	12
2023-03-10 15:34:26,871{GMT}	INFO	[jepsen worker 1] jepsen.util: 1	:ok	:cbcast	[6]
2023-03-10 15:34:26,978{GMT}	INFO	[jepsen worker 1] jepsen.util: 1	:invoke	:cbcast	13
2023-03-10 15:34:27,047{GMT}	INFO	[jepsen worker 2] jepsen.util: 2	:ok	:cbcast	[3 7]
2023-03-10 15:34:27,088{GMT}	INFO	[jepsen worker 1] jepsen.util: 1	:ok	:cbcast	[3]
2023-03-10 15:34:27,265{GMT}	INFO	[jepsen worker 0] jepsen.util: 0	:ok	:cbcast	[7]
2023-03-10 15:34:27,267{GMT}	INFO	[jepsen worker 0] jepsen.util: 0	:invoke	:cbcast	14
2023-03-10 15:34:27,281{GMT}	INFO	[jepsen worker 2] jepsen.util: 2	:invoke	:cbcast	15
2023-03-10 15:34:27,290{GMT}	INFO	[jepsen worker 2] jepsen.util: 2	:ok	:cbcast	[11 10 13 8]
2023-03-10 15:34:27,406{GMT}	INFO	[jepsen worker 0] jepsen.util: 0	:ok	:cbcast	[10 13]
2023-03-10 15:34:27,425{GMT}	INFO	[jepsen worker 2] jepsen.util: 2	:invoke	:cbcast	16
2023-03-10 15:34:27,801{GMT}	INFO	[jepsen worker 0] jepsen.util: 0	:invoke	:cbcast	17
2023-03-10 15:34:27,842{GMT}	INFO	[jepsen worker 1] jepsen.util: 1	:invoke	:cbcast	18
2023-03-10 15:34:27,855{GMT}	INFO	[jepsen worker 1] jepsen.util: 1	:ok	:cbcast	[11 8 14 9]
2023-03-10 15:34:27,901{GMT}	INFO	[jepsen worker 1] jepsen.util: 1	:invoke	:cbcast	19
2023-03-10 15:34:27,955{GMT}	INFO	[jepsen worker 1] jepsen.util: 1	:ok	:cbcast	[15]
2023-03-10 15:34:27,956{GMT}	INFO	[jepsen worker 1] jepsen.util: 1	:invoke	:cbcast	20
2023-03-10 15:34:28,010{GMT}	INFO	[jepsen worker 1] jepsen.util: 1	:ok	:cbcast	[12]
2023-03-10 15:34:28,070{GMT}	INFO	[jepsen worker 1] jepsen.util: 1	:invoke	:cbcast	21
2023-03-10 15:34:28,072{GMT}	INFO	[jepsen worker 1] jepsen.util: 1	:ok	:cbcast	[]
2023-03-10 15:34:28,125{GMT}	INFO	[jepsen worker 2] jepsen.util: 2	:ok	:cbcast	[12]
2023-03-10 15:34:28,188{GMT}	INFO	[jepsen worker 0] jepsen.util: 0	:ok	:cbcast	[9 15]
2023-03-10 15:34:28,209{GMT}	INFO	[jepsen worker 1] jepsen.util: 1	:invoke	:cbcast	22
2023-03-10 15:34:28,356{GMT}	INFO	[jepsen worker 1] jepsen.util: 1	:ok	:cbcast	[16]
2023-03-10 15:34:28,384{GMT}	INFO	[jepsen worker 1] jepsen.util: 1	:invoke	:cbcast	23
2023-03-10 15:34:28,646{GMT}	INFO	[jepsen worker 2] jepsen.util: 2	:invoke	:cbcast	24
2023-03-10 15:34:28,774{GMT}	INFO	[jepsen worker 1] jepsen.util: 1	:ok	:cbcast	[17]
2023-03-10 15:34:28,784{GMT}	INFO	[jepsen worker 2] jepsen.util: 2	:ok	:cbcast	[14 20 18 21 19]
2023-03-10 15:34:28,818{GMT}	INFO	[jepsen worker 1] jepsen.util: 1	:invoke	:cbcast	25
2023-03-10 15:34:28,821{GMT}	INFO	[jepsen worker 1] jepsen.util: 1	:ok	:cbcast	[24]
2023-03-10 15:34:29,085{GMT}	INFO	[jepsen worker 1] jepsen.util: 1	:invoke	:cbcast	26
2023-03-10 15:34:29,087{GMT}	INFO	[jepsen worker 1] jepsen.util: 1	:ok	:cbcast	[]
2023-03-10 15:34:29,449{GMT}	INFO	[jepsen worker 1] jepsen.util: 1	:invoke	:cbcast	27
2023-03-10 15:34:29,451{GMT}	INFO	[jepsen worker 1] jepsen.util: 1	:ok	:cbcast	[]
2023-03-10 15:34:29,688{GMT}	INFO	[jepsen worker 1] jepsen.util: 1	:invoke	:cbcast	28
2023-03-10 15:34:29,690{GMT}	INFO	[jepsen worker 1] jepsen.util: 1	:ok	:cbcast	[]
2023-03-10 15:34:29,822{GMT}	INFO	[jepsen worker 0] jepsen.util: 0	:invoke	:cbcast	29
2023-03-10 15:34:29,986{GMT}	INFO	[jepsen worker 1] jepsen.util: 1	:invoke	:cbcast	30
2023-03-10 15:34:29,988{GMT}	INFO	[jepsen worker 1] jepsen.util: 1	:ok	:cbcast	[]
2023-03-10 15:34:30,152{GMT}	INFO	[jepsen worker 2] jepsen.util: 2	:invoke	:cbcast	31
2023-03-10 15:34:30,170{GMT}	INFO	[jepsen worker 2] jepsen.util: 2	:ok	:cbcast	[17 22 23 25 26 27 30 28]
2023-03-10 15:34:30,198{GMT}	INFO	[jepsen worker 0] jepsen.util: 0	:ok	:cbcast	[20 18 21 16 22 19 23 24 25 26 27]
2023-03-10 15:34:30,202{GMT}	INFO	[jepsen node n0] maelstrom.db: Tearing down n0
2023-03-10 15:34:30,202{GMT}	INFO	[jepsen node n1] maelstrom.db: Tearing down n1
2023-03-10 15:34:30,202{GMT}	INFO	[jepsen node n2] maelstrom.db: Tearing down n2
2023-03-10 15:34:31,132{GMT}	INFO	[jepsen node n0] maelstrom.net: Shutting down Maelstrom network
2023-03-10 15:34:31,133{GMT}	INFO	[jepsen test runner] jepsen.core: Run complete, writing
2023-03-10 15:34:31,140{GMT}	INFO	[jepsen test runner] jepsen.core: Analyzing...
2023-03-10 15:34:31,274{GMT}	INFO	[jepsen test runner] jepsen.core: Analysis complete
2023-03-10 15:34:31,282{GMT}	INFO	[jepsen results] jepsen.store: Wrote /home/miguel/uni/4ano/sd/sdge/guiao1/store/cbcast/20230310T153425.000Z/results.edn
2023-03-10 15:34:31,290{GMT}	INFO	[jepsen test runner] jepsen.core: {:perf {:latency-graph {:valid? true},
        :rate-graph {:valid? true},
        :valid? true},
 :timeline {:valid? true},
 :exceptions {:valid? true},
 :stats {:valid? true,
         :count 31,
         :ok-count 31,
         :fail-count 0,
         :info-count 0,
         :by-f {:cbcast {:valid? true,
                         :count 31,
                         :ok-count 31,
                         :fail-count 0,
                         :info-count 0}}},
 :net {:all {:send-count 130,
             :recv-count 128,
             :msg-count 130,
             :msgs-per-op 4.193548},
       :clients {:send-count 68, :recv-count 68, :msg-count 68},
       :servers {:send-count 62,
                 :recv-count 60,
                 :msg-count 62,
                 :msgs-per-op 2.0},
       :valid? true},
 :workload {:valid? false,
            :errors ["missing dependencies [8] when delivering message 11 to process 2"
                     "missing dependencies [8] when delivering message 11 to process 1"
                     "missing dependencies [12] when delivering message 14 to process 1"
                     "missing dependencies [19] when delivering message 20 to process 2"
                     "missing dependencies [28] when delivering message 30 to process 2"
                     "missing dependencies [19] when delivering message 20 to process 0"]},
 :valid? false}


Analysis invalid! (ﾉಥ益ಥ）ﾉ ┻━┻
