2023-03-08 12:15:37,107{GMT}	INFO	[jepsen test runner] jepsen.core: Command line:
lein run test -w cbcast --bin causal-broadcast.py --time-limit 5 --node-count 3
2023-03-08 12:15:37,163{GMT}	INFO	[jepsen test runner] jepsen.core: Running test:
{:args []
 :remote
 #jepsen.control.retry.Remote{:remote #jepsen.control.scp.Remote{:cmd-remote #jepsen.control.clj_ssh.Remote{:concurrency-limit 8,
                                                                                                            :conn-spec nil,
                                                                                                            :session nil,
                                                                                                            :semaphore nil},
                                                                 :conn-spec nil},
                              :conn nil}
 :log-net-send false
 :node-count 3
 :max-txn-length 4
 :concurrency 3
 :db
 #object[maelstrom.db$db$reify__16817
         "0x7ba5d307"
         "maelstrom.db$db$reify__16817@7ba5d307"]
 :max-writes-per-key 16
 :leave-db-running? false
 :name "cbcast"
 :logging-json? false
 :start-time
 #object[org.joda.time.DateTime "0x684001e6" "2023-03-08T12:15:37.000Z"]
 :nemesis-interval 10
 :net
 #object[maelstrom.net$jepsen_net$reify__15673
         "0x6bb2b8d4"
         "maelstrom.net$jepsen_net$reify__15673@6bb2b8d4"]
 :client
 #object[maelstrom.workload.cbcast$client$reify__18677
         "0x64230d44"
         "maelstrom.workload.cbcast$client$reify__18677@64230d44"]
 :barrier
 #object[java.util.concurrent.CyclicBarrier
         "0x1ff584d7"
         "java.util.concurrent.CyclicBarrier@1ff584d7"]
 :log-stderr false
 :pure-generators true
 :ssh {:dummy? true}
 :rate 5
 :checker
 #object[jepsen.checker$compose$reify__8787
         "0x7752f9fe"
         "jepsen.checker$compose$reify__8787@7752f9fe"]
 :argv
 ("test"
  "-w"
  "cbcast"
  "--bin"
  "causal-broadcast.py"
  "--time-limit"
  "5"
  "--node-count"
  "3")
 :nemesis
 (jepsen.nemesis.ReflCompose
  {:fm {:start-partition 0,
        :stop-partition 0,
        :kill 1,
        :start 1,
        :pause 1,
        :resume 1},
   :nemeses [#unprintable "jepsen.nemesis.combined$partition_nemesis$reify__17089@9588bd8"
             #unprintable "jepsen.nemesis.combined$db_nemesis$reify__17070@75edfe9a"]})
 :nodes ["n0" "n1" "n2"]
 :test-count 1
 :latency {:mean 0, :dist :constant}
 :bin "causal-broadcast.py"
 :generator
 (jepsen.generator.TimeLimit
  {:limit 5000000000,
   :cutoff nil,
   :gen (jepsen.generator.Any
         {:gens [(jepsen.generator.OnThreads {:f #{:nemesis}, :gen nil})
                 (jepsen.generator.OnThreads
                  {:f #object[clojure.core$complement$fn__5654
                              "0x6351efa6"
                              "clojure.core$complement$fn__5654@6351efa6"],
                   :gen (jepsen.generator.Stagger
                         {:dt 400000000,
                          :next-time nil,
                          :gen ({:f :cbcast, :value 1}
                                {:f :cbcast, :value 2}
                                {:f :cbcast, :value 3}
                                {:f :cbcast, :value 4}
                                {:f :cbcast, :value 5}
                                {:f :cbcast, :value 6}
                                {:f :cbcast, :value 7}
                                {:f :cbcast, :value 8}
                                ...)})})]})})
 :log-net-recv false
 :os
 #object[maelstrom.net$jepsen_os$reify__15676
         "0x349e166"
         "maelstrom.net$jepsen_os$reify__15676@349e166"]
 :time-limit 5
 :workload :cbcast
 :consistency-models [:strict-serializable]
 :topology :grid}

2023-03-08 12:15:37,170{GMT}	INFO	[jepsen node n0] maelstrom.net: Starting Maelstrom network
2023-03-08 12:15:37,172{GMT}	INFO	[jepsen test runner] jepsen.db: Tearing down DB
2023-03-08 12:15:37,174{GMT}	INFO	[jepsen test runner] jepsen.db: Setting up DB
2023-03-08 12:15:37,176{GMT}	INFO	[jepsen node n2] maelstrom.db: Setting up n2
2023-03-08 12:15:37,176{GMT}	INFO	[jepsen node n1] maelstrom.db: Setting up n1
2023-03-08 12:15:37,177{GMT}	INFO	[jepsen node n1] maelstrom.process: launching causal-broadcast.py []
2023-03-08 12:15:37,177{GMT}	INFO	[jepsen node n2] maelstrom.process: launching causal-broadcast.py []
2023-03-08 12:15:37,179{GMT}	INFO	[jepsen node n0] maelstrom.service: Starting services: (lin-kv lin-tso lww-kv seq-kv)
2023-03-08 12:15:37,182{GMT}	INFO	[jepsen node n0] maelstrom.db: Setting up n0
2023-03-08 12:15:37,183{GMT}	INFO	[jepsen node n0] maelstrom.process: launching causal-broadcast.py []
2023-03-08 12:15:37,228{GMT}	INFO	[jepsen test runner] jepsen.core: Relative time begins now
2023-03-08 12:15:37,250{GMT}	INFO	[jepsen worker 2] jepsen.util: 2	:invoke	:cbcast	1
2023-03-08 12:15:37,257{GMT}	INFO	[jepsen worker 2] jepsen.util: 2	:ok	:cbcast	[]
2023-03-08 12:15:37,429{GMT}	INFO	[jepsen worker 0] jepsen.util: 0	:invoke	:cbcast	2
2023-03-08 12:15:37,434{GMT}	INFO	[jepsen worker 0] jepsen.util: 0	:ok	:cbcast	[{"id" 8, "src" "n2", "dest" "n0", "body" {"msg_id" 3, "type" "fwd_msg", "vv" {"n0" 0, "n1" 0, "n2" 1}, "message" 1}} 1]
2023-03-08 12:15:37,539{GMT}	INFO	[jepsen worker 0] jepsen.util: 0	:invoke	:cbcast	3
2023-03-08 12:15:37,541{GMT}	INFO	[jepsen worker 0] jepsen.util: 0	:ok	:cbcast	[]
2023-03-08 12:15:37,718{GMT}	INFO	[jepsen worker 0] jepsen.util: 0	:invoke	:cbcast	4
2023-03-08 12:15:37,720{GMT}	INFO	[jepsen worker 0] jepsen.util: 0	:ok	:cbcast	[]
2023-03-08 12:15:38,091{GMT}	INFO	[jepsen worker 1] jepsen.util: 1	:invoke	:cbcast	5
2023-03-08 12:15:38,094{GMT}	INFO	[jepsen worker 1] jepsen.util: 1	:ok	:cbcast	[{"id" 9, "src" "n2", "dest" "n1", "body" {"msg_id" 4, "type" "fwd_msg", "vv" {"n0" 0, "n1" 0, "n2" 1}, "message" 1}} 1 {"id" 12, "src" "n0", "dest" "n1", "body" {"msg_id" 3, "type" "fwd_msg", "vv" {"n0" 1, "n1" 0, "n2" 1}, "message" 2}} 2 {"id" 16, "src" "n0", "dest" "n1", "body" {"msg_id" 6, "type" "fwd_msg", "vv" {"n0" 2, "n1" 0, "n2" 1}, "message" 3}} 3 {"id" 20, "src" "n0", "dest" "n1", "body" {"msg_id" 9, "type" "fwd_msg", "vv" {"n0" 3, "n1" 0, "n2" 1}, "message" 4}} 4]
2023-03-08 12:15:38,195{GMT}	INFO	[jepsen worker 2] jepsen.util: 2	:invoke	:cbcast	6
2023-03-08 12:15:38,198{GMT}	INFO	[jepsen worker 2] jepsen.util: 2	:ok	:cbcast	[{"id" 13, "src" "n0", "dest" "n2", "body" {"msg_id" 4, "type" "fwd_msg", "vv" {"n0" 1, "n1" 0, "n2" 1}, "message" 2}} 2 {"id" 17, "src" "n0", "dest" "n2", "body" {"msg_id" 7, "type" "fwd_msg", "vv" {"n0" 2, "n1" 0, "n2" 1}, "message" 3}} 3 {"id" 21, "src" "n0", "dest" "n2", "body" {"msg_id" 10, "type" "fwd_msg", "vv" {"n0" 3, "n1" 0, "n2" 1}, "message" 4}} 4 {"id" 25, "src" "n1", "dest" "n2", "body" {"msg_id" 4, "type" "fwd_msg", "vv" {"n0" 3, "n1" 1, "n2" 1}, "message" 5}} 5]
2023-03-08 12:15:38,529{GMT}	INFO	[jepsen worker 0] jepsen.util: 0	:invoke	:cbcast	7
2023-03-08 12:15:38,532{GMT}	INFO	[jepsen worker 0] jepsen.util: 0	:ok	:cbcast	[{"id" 24, "src" "n1", "dest" "n0", "body" {"msg_id" 3, "type" "fwd_msg", "vv" {"n0" 3, "n1" 1, "n2" 1}, "message" 5}} 5 {"id" 28, "src" "n2", "dest" "n0", "body" {"msg_id" 6, "type" "fwd_msg", "vv" {"n0" 3, "n1" 1, "n2" 2}, "message" 6}} 6]
2023-03-08 12:15:38,779{GMT}	INFO	[jepsen worker 2] jepsen.util: 2	:invoke	:cbcast	8
2023-03-08 12:15:38,781{GMT}	INFO	[jepsen worker 2] jepsen.util: 2	:ok	:cbcast	[{"id" 33, "src" "n0", "dest" "n2", "body" {"msg_id" 13, "type" "fwd_msg", "vv" {"n0" 4, "n1" 1, "n2" 2}, "message" 7}} 7]
2023-03-08 12:15:39,167{GMT}	INFO	[jepsen worker 0] jepsen.util: 0	:invoke	:cbcast	9
2023-03-08 12:15:39,170{GMT}	INFO	[jepsen worker 0] jepsen.util: 0	:ok	:cbcast	[{"id" 36, "src" "n2", "dest" "n0", "body" {"msg_id" 9, "type" "fwd_msg", "vv" {"n0" 4, "n1" 1, "n2" 3}, "message" 8}} 8]
2023-03-08 12:15:39,215{GMT}	INFO	[jepsen worker 1] jepsen.util: 1	:invoke	:cbcast	10
2023-03-08 12:15:39,217{GMT}	INFO	[jepsen worker 1] jepsen.util: 1	:ok	:cbcast	[{"id" 29, "src" "n2", "dest" "n1", "body" {"msg_id" 7, "type" "fwd_msg", "vv" {"n0" 3, "n1" 1, "n2" 2}, "message" 6}} 6 {"id" 32, "src" "n0", "dest" "n1", "body" {"msg_id" 12, "type" "fwd_msg", "vv" {"n0" 4, "n1" 1, "n2" 2}, "message" 7}} 7 {"id" 37, "src" "n2", "dest" "n1", "body" {"msg_id" 10, "type" "fwd_msg", "vv" {"n0" 4, "n1" 1, "n2" 3}, "message" 8}} 8 {"id" 40, "src" "n0", "dest" "n1", "body" {"msg_id" 15, "type" "fwd_msg", "vv" {"n0" 5, "n1" 1, "n2" 3}, "message" 9}} 9]
2023-03-08 12:15:39,244{GMT}	INFO	[jepsen worker 0] jepsen.util: 0	:invoke	:cbcast	11
2023-03-08 12:15:39,247{GMT}	INFO	[jepsen worker 0] jepsen.util: 0	:ok	:cbcast	[{"id" 44, "src" "n1", "dest" "n0", "body" {"msg_id" 6, "type" "fwd_msg", "vv" {"n0" 5, "n1" 2, "n2" 3}, "message" 10}} 10]
2023-03-08 12:15:39,637{GMT}	INFO	[jepsen worker 2] jepsen.util: 2	:invoke	:cbcast	12
2023-03-08 12:15:39,640{GMT}	INFO	[jepsen worker 2] jepsen.util: 2	:ok	:cbcast	[{"id" 41, "src" "n0", "dest" "n2", "body" {"msg_id" 16, "type" "fwd_msg", "vv" {"n0" 5, "n1" 1, "n2" 3}, "message" 9}} 9 {"id" 45, "src" "n1", "dest" "n2", "body" {"msg_id" 7, "type" "fwd_msg", "vv" {"n0" 5, "n1" 2, "n2" 3}, "message" 10}} 10 {"id" 49, "src" "n0", "dest" "n2", "body" {"msg_id" 19, "type" "fwd_msg", "vv" {"n0" 6, "n1" 2, "n2" 3}, "message" 11}} 11]
2023-03-08 12:15:39,875{GMT}	INFO	[jepsen worker 0] jepsen.util: 0	:invoke	:cbcast	13
2023-03-08 12:15:39,878{GMT}	INFO	[jepsen worker 0] jepsen.util: 0	:ok	:cbcast	[{"id" 52, "src" "n2", "dest" "n0", "body" {"msg_id" 12, "type" "fwd_msg", "vv" {"n0" 6, "n1" 2, "n2" 4}, "message" 12}} 12]
2023-03-08 12:15:40,125{GMT}	INFO	[jepsen worker 0] jepsen.util: 0	:invoke	:cbcast	14
2023-03-08 12:15:40,126{GMT}	INFO	[jepsen worker 0] jepsen.util: 0	:ok	:cbcast	[]
2023-03-08 12:15:40,344{GMT}	INFO	[jepsen worker 0] jepsen.util: 0	:invoke	:cbcast	15
2023-03-08 12:15:40,347{GMT}	INFO	[jepsen worker 0] jepsen.util: 0	:ok	:cbcast	[]
2023-03-08 12:15:40,508{GMT}	INFO	[jepsen worker 0] jepsen.util: 0	:invoke	:cbcast	16
2023-03-08 12:15:40,511{GMT}	INFO	[jepsen worker 0] jepsen.util: 0	:ok	:cbcast	[]
2023-03-08 12:15:40,670{GMT}	INFO	[jepsen worker 2] jepsen.util: 2	:invoke	:cbcast	17
2023-03-08 12:15:40,673{GMT}	INFO	[jepsen worker 2] jepsen.util: 2	:ok	:cbcast	[{"id" 57, "src" "n0", "dest" "n2", "body" {"msg_id" 22, "type" "fwd_msg", "vv" {"n0" 7, "n1" 2, "n2" 4}, "message" 13}} 13 {"id" 61, "src" "n0", "dest" "n2", "body" {"msg_id" 25, "type" "fwd_msg", "vv" {"n0" 8, "n1" 2, "n2" 4}, "message" 14}} 14 {"id" 65, "src" "n0", "dest" "n2", "body" {"msg_id" 28, "type" "fwd_msg", "vv" {"n0" 9, "n1" 2, "n2" 4}, "message" 15}} 15 {"id" 69, "src" "n0", "dest" "n2", "body" {"msg_id" 31, "type" "fwd_msg", "vv" {"n0" 10, "n1" 2, "n2" 4}, "message" 16}} 16]
2023-03-08 12:15:40,875{GMT}	INFO	[jepsen worker 1] jepsen.util: 1	:invoke	:cbcast	18
2023-03-08 12:15:40,877{GMT}	INFO	[jepsen worker 1] jepsen.util: 1	:ok	:cbcast	[{"id" 48, "src" "n0", "dest" "n1", "body" {"msg_id" 18, "type" "fwd_msg", "vv" {"n0" 6, "n1" 2, "n2" 3}, "message" 11}} 11 {"id" 53, "src" "n2", "dest" "n1", "body" {"msg_id" 13, "type" "fwd_msg", "vv" {"n0" 6, "n1" 2, "n2" 4}, "message" 12}} 12 {"id" 56, "src" "n0", "dest" "n1", "body" {"msg_id" 21, "type" "fwd_msg", "vv" {"n0" 7, "n1" 2, "n2" 4}, "message" 13}} 13 {"id" 60, "src" "n0", "dest" "n1", "body" {"msg_id" 24, "type" "fwd_msg", "vv" {"n0" 8, "n1" 2, "n2" 4}, "message" 14}} 14 {"id" 64, "src" "n0", "dest" "n1", "body" {"msg_id" 27, "type" "fwd_msg", "vv" {"n0" 9, "n1" 2, "n2" 4}, "message" 15}} 15 {"id" 68, "src" "n0", "dest" "n1", "body" {"msg_id" 30, "type" "fwd_msg", "vv" {"n0" 10, "n1" 2, "n2" 4}, "message" 16}} 16 {"id" 73, "src" "n2", "dest" "n1", "body" {"msg_id" 16, "type" "fwd_msg", "vv" {"n0" 10, "n1" 2, "n2" 5}, "message" 17}} 17]
2023-03-08 12:15:41,037{GMT}	INFO	[jepsen worker 2] jepsen.util: 2	:invoke	:cbcast	19
2023-03-08 12:15:41,039{GMT}	INFO	[jepsen worker 2] jepsen.util: 2	:ok	:cbcast	[{"id" 77, "src" "n1", "dest" "n2", "body" {"msg_id" 10, "type" "fwd_msg", "vv" {"n0" 10, "n1" 3, "n2" 5}, "message" 18}} 18]
2023-03-08 12:15:41,315{GMT}	INFO	[jepsen worker 0] jepsen.util: 0	:invoke	:cbcast	20
2023-03-08 12:15:41,317{GMT}	INFO	[jepsen worker 0] jepsen.util: 0	:ok	:cbcast	[{"id" 72, "src" "n2", "dest" "n0", "body" {"msg_id" 15, "type" "fwd_msg", "vv" {"n0" 10, "n1" 2, "n2" 5}, "message" 17}} 17 {"id" 76, "src" "n1", "dest" "n0", "body" {"msg_id" 9, "type" "fwd_msg", "vv" {"n0" 10, "n1" 3, "n2" 5}, "message" 18}} 18 {"id" 80, "src" "n2", "dest" "n0", "body" {"msg_id" 18, "type" "fwd_msg", "vv" {"n0" 10, "n1" 3, "n2" 6}, "message" 19}} 19]
2023-03-08 12:15:41,363{GMT}	INFO	[jepsen worker 2] jepsen.util: 2	:invoke	:cbcast	21
2023-03-08 12:15:41,365{GMT}	INFO	[jepsen worker 2] jepsen.util: 2	:ok	:cbcast	[{"id" 85, "src" "n0", "dest" "n2", "body" {"msg_id" 34, "type" "fwd_msg", "vv" {"n0" 11, "n1" 3, "n2" 6}, "message" 20}} 20]
2023-03-08 12:15:41,465{GMT}	INFO	[jepsen worker 1] jepsen.util: 1	:invoke	:cbcast	22
2023-03-08 12:15:41,467{GMT}	INFO	[jepsen worker 1] jepsen.util: 1	:ok	:cbcast	[{"id" 81, "src" "n2", "dest" "n1", "body" {"msg_id" 19, "type" "fwd_msg", "vv" {"n0" 10, "n1" 3, "n2" 6}, "message" 19}} 19 {"id" 84, "src" "n0", "dest" "n1", "body" {"msg_id" 33, "type" "fwd_msg", "vv" {"n0" 11, "n1" 3, "n2" 6}, "message" 20}} 20 {"id" 89, "src" "n2", "dest" "n1", "body" {"msg_id" 22, "type" "fwd_msg", "vv" {"n0" 11, "n1" 3, "n2" 7}, "message" 21}} 21]
2023-03-08 12:15:41,856{GMT}	INFO	[jepsen worker 2] jepsen.util: 2	:invoke	:cbcast	23
2023-03-08 12:15:41,857{GMT}	INFO	[jepsen worker 0] jepsen.util: 0	:invoke	:cbcast	24
2023-03-08 12:15:41,858{GMT}	INFO	[jepsen worker 2] jepsen.util: 2	:ok	:cbcast	[{"id" 93, "src" "n1", "dest" "n2", "body" {"msg_id" 13, "type" "fwd_msg", "vv" {"n0" 11, "n1" 4, "n2" 7}, "message" 22}} 22]
2023-03-08 12:15:41,859{GMT}	INFO	[jepsen worker 0] jepsen.util: 0	:ok	:cbcast	[{"id" 88, "src" "n2", "dest" "n0", "body" {"msg_id" 21, "type" "fwd_msg", "vv" {"n0" 11, "n1" 3, "n2" 7}, "message" 21}} 21 {"id" 92, "src" "n1", "dest" "n0", "body" {"msg_id" 12, "type" "fwd_msg", "vv" {"n0" 11, "n1" 4, "n2" 7}, "message" 22}} 22]
2023-03-08 12:15:41,923{GMT}	INFO	[jepsen worker 1] jepsen.util: 1	:invoke	:cbcast	25
2023-03-08 12:15:41,924{GMT}	INFO	[jepsen worker 1] jepsen.util: 1	:ok	:cbcast	[{"id" 99, "src" "n2", "dest" "n1", "body" {"msg_id" 25, "type" "fwd_msg", "vv" {"n0" 11, "n1" 4, "n2" 8}, "message" 23}} 23 24]
2023-03-08 12:15:42,097{GMT}	INFO	[jepsen worker 0] jepsen.util: 0	:invoke	:cbcast	26
2023-03-08 12:15:42,099{GMT}	INFO	[jepsen worker 0] jepsen.util: 0	:ok	:cbcast	[{"id" 97, "src" "n2", "dest" "n0", "body" {"msg_id" 24, "type" "fwd_msg", "vv" {"n0" 11, "n1" 4, "n2" 8}, "message" 23}} 23 {"id" 104, "src" "n1", "dest" "n0", "body" {"msg_id" 15, "type" "fwd_msg", "vv" {"n0" 11, "n1" 5, "n2" 8}, "message" 25}} 25]
2023-03-08 12:15:42,132{GMT}	INFO	[jepsen worker 2] jepsen.util: 2	:invoke	:cbcast	27
2023-03-08 12:15:47,147{GMT}	INFO	[jepsen worker 2] jepsen.util: 2	:info	:cbcast	27	:net-timeout
2023-03-08 12:15:47,157{GMT}	INFO	[jepsen node n0] maelstrom.db: Tearing down n0
2023-03-08 12:15:47,160{GMT}	INFO	[jepsen node n1] maelstrom.db: Tearing down n1
2023-03-08 12:15:47,160{GMT}	INFO	[jepsen node n2] maelstrom.db: Tearing down n2
2023-03-08 12:15:48,104{GMT}	INFO	[jepsen node n0] maelstrom.net: Shutting down Maelstrom network
2023-03-08 12:15:48,107{GMT}	WARN	[jepsen test runner] jepsen.core: Test crashed!
clojure.lang.ExceptionInfo: Node n1 crashed with exit status 1. Before crashing, it wrote to STDOUT:

{"dest": "c0", "src": "n1", "body": {"msg_id": 1, "in_reply_to": 1, "type": "init_ok"}}
{"dest": "c8", "src": "n1", "body": {"msg_id": 2, "in_reply_to": 1, "type": "cbcast_ok", "messages": [{"id": 9, "src": "n2", "dest": "n1", "body": {"msg_id": 4, "type": "fwd_msg", "vv": {"n0": 0, "n1": 0, "n2": 1}, "message": 1}}, 1, {"id": 12, "src": "n0", "dest": "n1", "body": {"msg_id": 3, "type": "fwd_msg", "vv": {"n0": 1, "n1": 0, "n2": 1}, "message": 2}}, 2, {"id": 16, "src": "n0", "dest": "n1", "body": {"msg_id": 6, "type": "fwd_msg", "vv": {"n0": 2, "n1": 0, "n2": 1}, "message": 3}}, 3, {"id": 20, "src": "n0", "dest": "n1", "body": {"msg_id": 9, "type": "fwd_msg", "vv": {"n0": 3, "n1": 0, "n2": 1}, "message": 4}}, 4]}}
{"dest": "n0", "src": "n1", "body": {"msg_id": 3, "type": "fwd_msg", "vv": {"n0": 3, "n1": 1, "n2": 1}, "message": 5}}
{"dest": "n2", "src": "n1", "body": {"msg_id": 4, "type": "fwd_msg", "vv": {"n0": 3, "n1": 1, "n2": 1}, "message": 5}}
{"dest": "c8", "src": "n1", "body": {"msg_id": 5, "in_reply_to": 2, "type": "cbcast_ok", "messages": [{"id": 29, "src": "n2", "dest": "n1", "body": {"msg_id": 7, "type": "fwd_msg", "vv": {"n0": 3, "n1": 1, "n2": 2}, "message": 6}}, 6, {"id": 32, "src": "n0", "dest": "n1", "body": {"msg_id": 12, "type": "fwd_msg", "vv": {"n0": 4, "n1": 1, "n2": 2}, "message": 7}}, 7, {"id": 37, "src": "n2", "dest": "n1", "body": {"msg_id": 10, "type": "fwd_msg", "vv": {"n0": 4, "n1": 1, "n2": 3}, "message": 8}}, 8, {"id": 40, "src": "n0", "dest": "n1", "body": {"msg_id": 15, "type": "fwd_msg", "vv": {"n0": 5, "n1": 1, "n2": 3}, "message": 9}}, 9]}}
{"dest": "n0", "src": "n1", "body": {"msg_id": 6, "type": "fwd_msg", "vv": {"n0": 5, "n1": 2, "n2": 3}, "message": 10}}
{"dest": "n2", "src": "n1", "body": {"msg_id": 7, "type": "fwd_msg", "vv": {"n0": 5, "n1": 2, "n2": 3}, "message": 10}}
{"dest": "c8", "src": "n1", "body": {"msg_id": 8, "in_reply_to": 3, "type": "cbcast_ok", "messages": [{"id": 48, "src": "n0", "dest": "n1", "body": {"msg_id": 18, "type": "fwd_msg", "vv": {"n0": 6, "n1": 2, "n2": 3}, "message": 11}}, 11, {"id": 53, "src": "n2", "dest": "n1", "body": {"msg_id": 13, "type": "fwd_msg", "vv": {"n0": 6, "n1": 2, "n2": 4}, "message": 12}}, 12, {"id": 56, "src": "n0", "dest": "n1", "body": {"msg_id": 21, "type": "fwd_msg", "vv": {"n0": 7, "n1": 2, "n2": 4}, "message": 13}}, 13, {"id": 60, "src": "n0", "dest": "n1", "body": {"msg_id": 24, "type": "fwd_msg", "vv": {"n0": 8, "n1": 2, "n2": 4}, "message": 14}}, 14, {"id": 64, "src": "n0", "dest": "n1", "body": {"msg_id": 27, "type": "fwd_msg", "vv": {"n0": 9, "n1": 2, "n2": 4}, "message": 15}}, 15, {"id": 68, "src": "n0", "dest": "n1", "body": {"msg_id": 30, "type": "fwd_msg", "vv": {"n0": 10, "n1": 2, "n2": 4}, "message": 16}}, 16, {"id": 73, "src": "n2", "dest": "n1", "body": {"msg_id": 16, "type": "fwd_msg", "vv": {"n0": 10, "n1": 2, "n2": 5}, "message": 17}}, 17]}}
{"dest": "n0", "src": "n1", "body": {"msg_id": 9, "type": "fwd_msg", "vv": {"n0": 10, "n1": 3, "n2": 5}, "message": 18}}
{"dest": "n2", "src": "n1", "body": {"msg_id": 10, "type": "fwd_msg", "vv": {"n0": 10, "n1": 3, "n2": 5}, "message": 18}}
{"dest": "c8", "src": "n1", "body": {"msg_id": 11, "in_reply_to": 4, "type": "cbcast_ok", "messages": [{"id": 81, "src": "n2", "dest": "n1", "body": {"msg_id": 19, "type": "fwd_msg", "vv": {"n0": 10, "n1": 3, "n2": 6}, "message": 19}}, 19, {"id": 84, "src": "n0", "dest": "n1", "body": {"msg_id": 33, "type": "fwd_msg", "vv": {"n0": 11, "n1": 3, "n2": 6}, "message": 20}}, 20, {"id": 89, "src": "n2", "dest": "n1", "body": {"msg_id": 22, "type": "fwd_msg", "vv": {"n0": 11, "n1": 3, "n2": 7}, "message": 21}}, 21]}}
{"dest": "n0", "src": "n1", "body": {"msg_id": 12, "type": "fwd_msg", "vv": {"n0": 11, "n1": 4, "n2": 7}, "message": 22}}
{"dest": "n2", "src": "n1", "body": {"msg_id": 13, "type": "fwd_msg", "vv": {"n0": 11, "n1": 4, "n2": 7}, "message": 22}}
{"dest": "c8", "src": "n1", "body": {"msg_id": 14, "in_reply_to": 5, "type": "cbcast_ok", "messages": [{"id": 99, "src": "n2", "dest": "n1", "body": {"msg_id": 25, "type": "fwd_msg", "vv": {"n0": 11, "n1": 4, "n2": 8}, "message": 23}}, 23, 24]}}
{"dest": "n0", "src": "n1", "body": {"msg_id": 15, "type": "fwd_msg", "vv": {"n0": 11, "n1": 5, "n2": 8}, "message": 25}}
{"dest": "n2", "src": "n1", "body": {"msg_id": 16, "type": "fwd_msg", "vv": {"n0": 11, "n1": 5, "n2": 8}, "message": 25}}

And to STDERR:

DEBUG:root:sending {"dest": "n2", "src": "n1", "body": {"msg_id": 7, "type": "fwd_msg", "vv": {"n0": 5, "n1": 2, "n2": 3}, "message": 10}}
DEBUG:root:received {"id":48,"src":"n0","dest":"n1","body":{"msg_id":18,"type":"fwd_msg","vv":{"n0":6,"n1":2,"n2":3},"message":11}}
DEBUG:root:received {"id":53,"src":"n2","dest":"n1","body":{"msg_id":13,"type":"fwd_msg","vv":{"n0":6,"n1":2,"n2":4},"message":12}}
DEBUG:root:received {"id":56,"src":"n0","dest":"n1","body":{"msg_id":21,"type":"fwd_msg","vv":{"n0":7,"n1":2,"n2":4},"message":13}}
DEBUG:root:received {"id":60,"src":"n0","dest":"n1","body":{"msg_id":24,"type":"fwd_msg","vv":{"n0":8,"n1":2,"n2":4},"message":14}}
DEBUG:root:received {"id":64,"src":"n0","dest":"n1","body":{"msg_id":27,"type":"fwd_msg","vv":{"n0":9,"n1":2,"n2":4},"message":15}}
DEBUG:root:received {"id":68,"src":"n0","dest":"n1","body":{"msg_id":30,"type":"fwd_msg","vv":{"n0":10,"n1":2,"n2":4},"message":16}}
DEBUG:root:received {"id":73,"src":"n2","dest":"n1","body":{"msg_id":16,"type":"fwd_msg","vv":{"n0":10,"n1":2,"n2":5},"message":17}}
DEBUG:root:received {"id":74,"src":"c8","dest":"n1","body":{"type":"cbcast","message":18,"msg_id":3}}
DEBUG:root:sending {"dest": "c8", "src": "n1", "body": {"msg_id": 8, "in_reply_to": 3, "type": "cbcast_ok", "messages": [{"id": 48, "src": "n0", "dest": "n1", "body": {"msg_id": 18, "type": "fwd_msg", "vv": {"n0": 6, "n1": 2, "n2": 3}, "message": 11}}, 11, {"id": 53, "src": "n2", "dest": "n1", "body": {"msg_id": 13, "type": "fwd_msg", "vv": {"n0": 6, "n1": 2, "n2": 4}, "message": 12}}, 12, {"id": 56, "src": "n0", "dest": "n1", "body": {"msg_id": 21, "type": "fwd_msg", "vv": {"n0": 7, "n1": 2, "n2": 4}, "message": 13}}, 13, {"id": 60, "src": "n0", "dest": "n1", "body": {"msg_id": 24, "type": "fwd_msg", "vv": {"n0": 8, "n1": 2, "n2": 4}, "message": 14}}, 14, {"id": 64, "src": "n0", "dest": "n1", "body": {"msg_id": 27, "type": "fwd_msg", "vv": {"n0": 9, "n1": 2, "n2": 4}, "message": 15}}, 15, {"id": 68, "src": "n0", "dest": "n1", "body": {"msg_id": 30, "type": "fwd_msg", "vv": {"n0": 10, "n1": 2, "n2": 4}, "message": 16}}, 16, {"id": 73, "src": "n2", "dest": "n1", "body": {"msg_id": 16, "type": "fwd_msg", "vv": {"n0": 10, "n1": 2, "n2": 5}, "message": 17}}, 17]}}
DEBUG:root:sending {"dest": "n0", "src": "n1", "body": {"msg_id": 9, "type": "fwd_msg", "vv": {"n0": 10, "n1": 3, "n2": 5}, "message": 18}}
DEBUG:root:sending {"dest": "n2", "src": "n1", "body": {"msg_id": 10, "type": "fwd_msg", "vv": {"n0": 10, "n1": 3, "n2": 5}, "message": 18}}
DEBUG:root:received {"id":81,"src":"n2","dest":"n1","body":{"msg_id":19,"type":"fwd_msg","vv":{"n0":10,"n1":3,"n2":6},"message":19}}
DEBUG:root:received {"id":84,"src":"n0","dest":"n1","body":{"msg_id":33,"type":"fwd_msg","vv":{"n0":11,"n1":3,"n2":6},"message":20}}
DEBUG:root:received {"id":89,"src":"n2","dest":"n1","body":{"msg_id":22,"type":"fwd_msg","vv":{"n0":11,"n1":3,"n2":7},"message":21}}
DEBUG:root:received {"id":90,"src":"c8","dest":"n1","body":{"type":"cbcast","message":22,"msg_id":4}}
DEBUG:root:sending {"dest": "c8", "src": "n1", "body": {"msg_id": 11, "in_reply_to": 4, "type": "cbcast_ok", "messages": [{"id": 81, "src": "n2", "dest": "n1", "body": {"msg_id": 19, "type": "fwd_msg", "vv": {"n0": 10, "n1": 3, "n2": 6}, "message": 19}}, 19, {"id": 84, "src": "n0", "dest": "n1", "body": {"msg_id": 33, "type": "fwd_msg", "vv": {"n0": 11, "n1": 3, "n2": 6}, "message": 20}}, 20, {"id": 89, "src": "n2", "dest": "n1", "body": {"msg_id": 22, "type": "fwd_msg", "vv": {"n0": 11, "n1": 3, "n2": 7}, "message": 21}}, 21]}}
DEBUG:root:sending {"dest": "n0", "src": "n1", "body": {"msg_id": 12, "type": "fwd_msg", "vv": {"n0": 11, "n1": 4, "n2": 7}, "message": 22}}
DEBUG:root:sending {"dest": "n2", "src": "n1", "body": {"msg_id": 13, "type": "fwd_msg", "vv": {"n0": 11, "n1": 4, "n2": 7}, "message": 22}}
DEBUG:root:received {"id":99,"src":"n2","dest":"n1","body":{"msg_id":25,"type":"fwd_msg","vv":{"n0":11,"n1":4,"n2":8},"message":23}}
DEBUG:root:received {"id":100,"src":"n0","dest":"n1","body":{"msg_id":36,"type":"fwd_msg","vv":{"n0":12,"n1":4,"n2":7},"message":24}}
DEBUG:root:received {"id":102,"src":"c8","dest":"n1","body":{"type":"cbcast","message":25,"msg_id":5}}
DEBUG:root:sending {"dest": "c8", "src": "n1", "body": {"msg_id": 14, "in_reply_to": 5, "type": "cbcast_ok", "messages": [{"id": 99, "src": "n2", "dest": "n1", "body": {"msg_id": 25, "type": "fwd_msg", "vv": {"n0": 11, "n1": 4, "n2": 8}, "message": 23}}, 23, 24]}}
DEBUG:root:sending {"dest": "n0", "src": "n1", "body": {"msg_id": 15, "type": "fwd_msg", "vv": {"n0": 11, "n1": 5, "n2": 8}, "message": 25}}
DEBUG:root:sending {"dest": "n2", "src": "n1", "body": {"msg_id": 16, "type": "fwd_msg", "vv": {"n0": 11, "n1": 5, "n2": 8}, "message": 25}}
DEBUG:root:received {"id":108,"src":"n0","dest":"n1","body":{"msg_id":39,"type":"fwd_msg","vv":{"n0":13,"n1":5,"n2":8},"message":26}}
Traceback (most recent call last):
  File "/home/miguel/uni/4ano/sd/sdge/guiao1/causal-broadcast.py", line 58, in <module>
    retest_buffer()
  File "/home/miguel/uni/4ano/sd/sdge/guiao1/causal-broadcast.py", line 33, in retest_buffer
    if verify_delevery(i):
TypeError: verify_delevery() missing 1 required positional argument: 'vv_rec'

Full STDERR logs are available in /home/miguel/uni/4ano/sd/sdge/guiao1/store/cbcast/20230308T121537.000Z/node-logs/n1.log
	at slingshot.support$stack_trace.invoke(support.clj:201)
	at maelstrom.process$stop_node_BANG_.invokeStatic(process.clj:239)
	at maelstrom.process$stop_node_BANG_.invoke(process.clj:217)
	at maelstrom.db$db$reify__16817.teardown_BANG_(db.clj:75)
	at jepsen.db$fn__3462$G__3458__3466.invoke(db.clj:11)
	at jepsen.db$fn__3462$G__3457__3471.invoke(db.clj:11)
	at clojure.core$partial$fn__5824.invoke(core.clj:2625)
	at jepsen.control$on_nodes$fn__3339.invoke(control.clj:309)
	at clojure.lang.AFn.applyToHelper(AFn.java:154)
	at clojure.lang.AFn.applyTo(AFn.java:144)
	at clojure.core$apply.invokeStatic(core.clj:665)
	at clojure.core$with_bindings_STAR_.invokeStatic(core.clj:1973)
	at clojure.core$with_bindings_STAR_.doInvoke(core.clj:1973)
	at clojure.lang.RestFn.applyTo(RestFn.java:142)
	at clojure.core$apply.invokeStatic(core.clj:669)
	at clojure.core$bound_fn_STAR_$fn__5734.doInvoke(core.clj:2003)
	at clojure.lang.RestFn.invoke(RestFn.java:408)
	at dom_top.core$real_pmap_helper$build_thread__213$fn__214.invoke(core.clj:146)
	at clojure.lang.AFn.applyToHelper(AFn.java:152)
	at clojure.lang.AFn.applyTo(AFn.java:144)
	at clojure.core$apply.invokeStatic(core.clj:665)
	at clojure.core$with_bindings_STAR_.invokeStatic(core.clj:1973)
	at clojure.core$with_bindings_STAR_.doInvoke(core.clj:1973)
	at clojure.lang.RestFn.invoke(RestFn.java:425)
	at clojure.lang.AFn.applyToHelper(AFn.java:156)
	at clojure.lang.RestFn.applyTo(RestFn.java:132)
	at clojure.core$apply.invokeStatic(core.clj:669)
	at clojure.core$bound_fn_STAR_$fn__5734.doInvoke(core.clj:2003)
	at clojure.lang.RestFn.invoke(RestFn.java:397)
	at clojure.lang.AFn.run(AFn.java:22)
	at java.base/java.lang.Thread.run(Thread.java:833)
