DEBUG:root:received {"id":0,"src":"c0","dest":"n2","body":{"type":"init","node_id":"n2","node_ids":["n0","n1","n2"],"msg_id":1}}
INFO:root:node n2 initialized
DEBUG:root:sending {"dest": "c0", "src": "n2", "body": {"msg_id": 1, "in_reply_to": 1, "type": "init_ok"}}
DEBUG:root:received {"id":9,"src":"n0","dest":"n2","body":{"msg_id":4,"type":"fwd_msg","vv":{"n0":1,"n1":0,"n2":0},"message":1}}
DEBUG:root:received {"id":15,"src":"c8","dest":"n2","body":{"type":"cbcast","message":4,"msg_id":1}}
DEBUG:root:sending {"dest": "c8", "src": "n2", "body": {"msg_id": 2, "in_reply_to": 1, "type": "cbcast_ok", "messages": []}}
DEBUG:root:sending {"dest": "n0", "src": "n2", "body": {"msg_id": 3, "type": "fwd_msg", "vv": {"n0": 0, "n1": 0, "n2": 1}, "message": 4}}
DEBUG:root:sending {"dest": "n1", "src": "n2", "body": {"msg_id": 4, "type": "fwd_msg", "vv": {"n0": 0, "n1": 0, "n2": 1}, "message": 4}}
DEBUG:root:received {"id":14,"src":"n0","dest":"n2","body":{"msg_id":7,"type":"fwd_msg","vv":{"n0":2,"n1":0,"n2":0},"message":3}}
DEBUG:root:received {"id":21,"src":"n1","dest":"n2","body":{"msg_id":4,"type":"fwd_msg","vv":{"n0":0,"n1":1,"n2":0},"message":2}}
DEBUG:root:received {"id":24,"src":"c8","dest":"n2","body":{"type":"cbcast","message":7,"msg_id":2}}
DEBUG:root:sending {"dest": "c8", "src": "n2", "body": {"msg_id": 5, "in_reply_to": 2, "type": "cbcast_ok", "messages": [3, 1]}}
DEBUG:root:sending {"dest": "n0", "src": "n2", "body": {"msg_id": 6, "type": "fwd_msg", "vv": {"n0": 2, "n1": 0, "n2": 2}, "message": 7}}
DEBUG:root:sending {"dest": "n1", "src": "n2", "body": {"msg_id": 7, "type": "fwd_msg", "vv": {"n0": 2, "n1": 0, "n2": 2}, "message": 7}}
DEBUG:root:received {"id":28,"src":"c8","dest":"n2","body":{"type":"cbcast","message":8,"msg_id":3}}
DEBUG:root:sending {"dest": "c8", "src": "n2", "body": {"msg_id": 8, "in_reply_to": 3, "type": "cbcast_ok", "messages": []}}
DEBUG:root:sending {"dest": "n0", "src": "n2", "body": {"msg_id": 9, "type": "fwd_msg", "vv": {"n0": 2, "n1": 0, "n2": 3}, "message": 8}}
DEBUG:root:sending {"dest": "n1", "src": "n2", "body": {"msg_id": 10, "type": "fwd_msg", "vv": {"n0": 2, "n1": 0, "n2": 3}, "message": 8}}
DEBUG:root:received {"id":34,"src":"n1","dest":"n2","body":{"msg_id":7,"type":"fwd_msg","vv":{"n0":2,"n1":2,"n2":0},"message":6}}
DEBUG:root:received {"id":42,"src":"c8","dest":"n2","body":{"type":"cbcast","message":10,"msg_id":4}}
DEBUG:root:sending {"dest": "c8", "src": "n2", "body": {"msg_id": 11, "in_reply_to": 4, "type": "cbcast_ok", "messages": [6, 2]}}
DEBUG:root:sending {"dest": "n0", "src": "n2", "body": {"msg_id": 12, "type": "fwd_msg", "vv": {"n0": 2, "n1": 2, "n2": 4}, "message": 10}}
DEBUG:root:sending {"dest": "n1", "src": "n2", "body": {"msg_id": 13, "type": "fwd_msg", "vv": {"n0": 2, "n1": 2, "n2": 4}, "message": 10}}
DEBUG:root:received {"id":41,"src":"n1","dest":"n2","body":{"msg_id":10,"type":"fwd_msg","vv":{"n0":2,"n1":3,"n2":2},"message":9}}
DEBUG:root:received {"id":38,"src":"n0","dest":"n2","body":{"msg_id":10,"type":"fwd_msg","vv":{"n0":3,"n1":0,"n2":0},"message":5}}
DEBUG:root:received {"id":46,"src":"n1","dest":"n2","body":{"msg_id":13,"type":"fwd_msg","vv":{"n0":2,"n1":4,"n2":2},"message":11}}
DEBUG:root:received {"id":50,"src":"n0","dest":"n2","body":{"msg_id":13,"type":"fwd_msg","vv":{"n0":4,"n1":2,"n2":3},"message":12}}
DEBUG:root:received {"id":58,"src":"n0","dest":"n2","body":{"msg_id":16,"type":"fwd_msg","vv":{"n0":5,"n1":2,"n2":3},"message":14}}
DEBUG:root:received {"id":59,"src":"c8","dest":"n2","body":{"type":"cbcast","message":15,"msg_id":5}}
DEBUG:root:sending {"dest": "c8", "src": "n2", "body": {"msg_id": 14, "in_reply_to": 5, "type": "cbcast_ok", "messages": [11, 9, 12, 5]}}
DEBUG:root:sending {"dest": "n0", "src": "n2", "body": {"msg_id": 15, "type": "fwd_msg", "vv": {"n0": 4, "n1": 4, "n2": 5}, "message": 15}}
DEBUG:root:sending {"dest": "n1", "src": "n2", "body": {"msg_id": 16, "type": "fwd_msg", "vv": {"n0": 4, "n1": 4, "n2": 5}, "message": 15}}
DEBUG:root:received {"id":62,"src":"n1","dest":"n2","body":{"msg_id":16,"type":"fwd_msg","vv":{"n0":4,"n1":5,"n2":2},"message":13}}
DEBUG:root:received {"id":66,"src":"n1","dest":"n2","body":{"msg_id":19,"type":"fwd_msg","vv":{"n0":4,"n1":6,"n2":4},"message":16}}
DEBUG:root:received {"id":71,"src":"n1","dest":"n2","body":{"msg_id":22,"type":"fwd_msg","vv":{"n0":4,"n1":7,"n2":4},"message":18}}
DEBUG:root:received {"id":78,"src":"n0","dest":"n2","body":{"msg_id":19,"type":"fwd_msg","vv":{"n0":6,"n1":4,"n2":3},"message":17}}
DEBUG:root:received {"id":83,"src":"c8","dest":"n2","body":{"type":"cbcast","message":21,"msg_id":6}}
DEBUG:root:sending {"dest": "c8", "src": "n2", "body": {"msg_id": 17, "in_reply_to": 6, "type": "cbcast_ok", "messages": [16, 13, 17, 14]}}
DEBUG:root:sending {"dest": "n0", "src": "n2", "body": {"msg_id": 18, "type": "fwd_msg", "vv": {"n0": 6, "n1": 6, "n2": 6}, "message": 21}}
DEBUG:root:sending {"dest": "n1", "src": "n2", "body": {"msg_id": 19, "type": "fwd_msg", "vv": {"n0": 6, "n1": 6, "n2": 6}, "message": 21}}
DEBUG:root:received {"id":87,"src":"n0","dest":"n2","body":{"msg_id":25,"type":"fwd_msg","vv":{"n0":8,"n1":6,"n2":5},"message":22}}
DEBUG:root:received {"id":82,"src":"n0","dest":"n2","body":{"msg_id":22,"type":"fwd_msg","vv":{"n0":7,"n1":6,"n2":5},"message":20}}
DEBUG:root:received {"id":93,"src":"n1","dest":"n2","body":{"msg_id":25,"type":"fwd_msg","vv":{"n0":4,"n1":8,"n2":4},"message":19}}
DEBUG:root:received {"id":95,"src":"c8","dest":"n2","body":{"type":"cbcast","message":24,"msg_id":7}}
DEBUG:root:sending {"dest": "c8", "src": "n2", "body": {"msg_id": 20, "in_reply_to": 7, "type": "cbcast_ok", "messages": [22, 20, 19, 18]}}
DEBUG:root:sending {"dest": "n0", "src": "n2", "body": {"msg_id": 21, "type": "fwd_msg", "vv": {"n0": 8, "n1": 8, "n2": 7}, "message": 24}}
DEBUG:root:sending {"dest": "n1", "src": "n2", "body": {"msg_id": 22, "type": "fwd_msg", "vv": {"n0": 8, "n1": 8, "n2": 7}, "message": 24}}
DEBUG:root:received {"id":99,"src":"n1","dest":"n2","body":{"msg_id":28,"type":"fwd_msg","vv":{"n0":8,"n1":9,"n2":6},"message":25}}
