DEBUG:root:received {"id":2,"src":"c2","dest":"n0","body":{"type":"init","node_id":"n0","node_ids":["n0","n1","n2"],"msg_id":1}}
INFO:root:node n0 initialized
DEBUG:root:sending {"dest": "c2", "src": "n0", "body": {"msg_id": 1, "in_reply_to": 1, "type": "init_ok"}}
DEBUG:root:received {"id":8,"src":"n1","dest":"n0","body":{"msg_id":3,"type":"fwd_msg","vv":{"n0":0,"n1":1,"n2":0},"message":1}}
DEBUG:root:received {"id":12,"src":"n2","dest":"n0","body":{"msg_id":3,"type":"fwd_msg","vv":{"n0":0,"n1":1,"n2":1},"message":2}}
DEBUG:root:received {"id":16,"src":"n2","dest":"n0","body":{"msg_id":6,"type":"fwd_msg","vv":{"n0":0,"n1":1,"n2":2},"message":3}}
DEBUG:root:received {"id":20,"src":"n1","dest":"n0","body":{"msg_id":6,"type":"fwd_msg","vv":{"n0":0,"n1":2,"n2":2},"message":4}}
DEBUG:root:received {"id":24,"src":"n1","dest":"n0","body":{"msg_id":9,"type":"fwd_msg","vv":{"n0":0,"n1":3,"n2":2},"message":5}}
DEBUG:root:received {"id":29,"src":"n1","dest":"n0","body":{"msg_id":12,"type":"fwd_msg","vv":{"n0":0,"n1":4,"n2":2},"message":7}}
DEBUG:root:received {"id":32,"src":"n2","dest":"n0","body":{"msg_id":9,"type":"fwd_msg","vv":{"n0":0,"n1":3,"n2":3},"message":6}}
DEBUG:root:received {"id":36,"src":"n1","dest":"n0","body":{"msg_id":15,"type":"fwd_msg","vv":{"n0":0,"n1":5,"n2":3},"message":8}}
DEBUG:root:received {"id":38,"src":"c8","dest":"n0","body":{"type":"cbcast","message":9,"msg_id":1}}
DEBUG:root:sending {"dest": "c8", "src": "n0", "body": {"msg_id": 2, "in_reply_to": 1, "type": "cbcast_ok", "messages": [1, 2, 3, 4, 5, 7, 8]}}
DEBUG:root:sending {"dest": "n1", "src": "n0", "body": {"msg_id": 3, "type": "fwd_msg", "vv": {"n0": 1, "n1": 5, "n2": 2}, "message": 9}}
DEBUG:root:sending {"dest": "n2", "src": "n0", "body": {"msg_id": 4, "type": "fwd_msg", "vv": {"n0": 1, "n1": 5, "n2": 2}, "message": 9}}
DEBUG:root:received {"id":49,"src":"n2","dest":"n0","body":{"msg_id":18,"type":"fwd_msg","vv":{"n0":0,"n1":5,"n2":6},"message":12}}
DEBUG:root:received {"id":53,"src":"n1","dest":"n0","body":{"msg_id":18,"type":"fwd_msg","vv":{"n0":0,"n1":6,"n2":5},"message":13}}
DEBUG:root:received {"id":45,"src":"n2","dest":"n0","body":{"msg_id":15,"type":"fwd_msg","vv":{"n0":0,"n1":5,"n2":5},"message":11}}
DEBUG:root:received {"id":41,"src":"n2","dest":"n0","body":{"msg_id":12,"type":"fwd_msg","vv":{"n0":0,"n1":5,"n2":4},"message":10}}
DEBUG:root:received {"id":61,"src":"n2","dest":"n0","body":{"msg_id":21,"type":"fwd_msg","vv":{"n0":0,"n1":6,"n2":7},"message":14}}
DEBUG:root:received {"id":65,"src":"n2","dest":"n0","body":{"msg_id":24,"type":"fwd_msg","vv":{"n0":0,"n1":6,"n2":8},"message":16}}
DEBUG:root:received {"id":67,"src":"c8","dest":"n0","body":{"type":"cbcast","message":17,"msg_id":2}}
DEBUG:root:sending {"dest": "c8", "src": "n0", "body": {"msg_id": 5, "in_reply_to": 2, "type": "cbcast_ok", "messages": [12, 6, 13, 10, 11, 14, 16]}}
DEBUG:root:sending {"dest": "n1", "src": "n0", "body": {"msg_id": 6, "type": "fwd_msg", "vv": {"n0": 2, "n1": 6, "n2": 8}, "message": 17}}
DEBUG:root:sending {"dest": "n2", "src": "n0", "body": {"msg_id": 7, "type": "fwd_msg", "vv": {"n0": 2, "n1": 6, "n2": 8}, "message": 17}}
DEBUG:root:received {"id":73,"src":"n1","dest":"n0","body":{"msg_id":21,"type":"fwd_msg","vv":{"n0":0,"n1":7,"n2":6},"message":15}}
DEBUG:root:received {"id":70,"src":"n2","dest":"n0","body":{"msg_id":27,"type":"fwd_msg","vv":{"n0":0,"n1":6,"n2":9},"message":18}}
DEBUG:root:received {"id":80,"src":"n1","dest":"n0","body":{"msg_id":24,"type":"fwd_msg","vv":{"n0":0,"n1":8,"n2":8},"message":19}}
DEBUG:root:received {"id":84,"src":"n2","dest":"n0","body":{"msg_id":30,"type":"fwd_msg","vv":{"n0":0,"n1":8,"n2":10},"message":20}}
