2023-03-10 15:53:09,752{GMT}	INFO	[jepsen test runner] jepsen.core: Command line:
lein run test -w cbcast --bin causal-broadcast.py --time-limit 5 --node-count 3 --latency-dist uniform --latency 500
2023-03-10 15:53:09,812{GMT}	INFO	[jepsen test runner] jepsen.core: Running test:
{:args []
 :remote
 #jepsen.control.retry.Remote{:remote #jepsen.control.scp.Remote{:cmd-remote #jepsen.control.clj_ssh.Remote{:concurrency-limit 8,
                                                                                                            :conn-spec nil,
                                                                                                            :session nil,
                                                                                                            :semaphore nil},
                                                                 :conn-spec nil},
                              :conn nil}
 :log-net-send false
 :node-count 3
 :max-txn-length 4
 :concurrency 3
 :db
 #object[maelstrom.db$db$reify__16817
         "0x7ba5d307"
         "maelstrom.db$db$reify__16817@7ba5d307"]
 :max-writes-per-key 16
 :leave-db-running? false
 :name "cbcast"
 :logging-json? false
 :start-time
 #object[org.joda.time.DateTime "0x684001e6" "2023-03-10T15:53:09.000Z"]
 :nemesis-interval 10
 :net
 #object[maelstrom.net$jepsen_net$reify__15673
         "0x6bb2b8d4"
         "maelstrom.net$jepsen_net$reify__15673@6bb2b8d4"]
 :client
 #object[maelstrom.workload.cbcast$client$reify__18677
         "0x64230d44"
         "maelstrom.workload.cbcast$client$reify__18677@64230d44"]
 :barrier
 #object[java.util.concurrent.CyclicBarrier
         "0x1ff584d7"
         "java.util.concurrent.CyclicBarrier@1ff584d7"]
 :log-stderr false
 :pure-generators true
 :ssh {:dummy? true}
 :rate 5
 :checker
 #object[jepsen.checker$compose$reify__8787
         "0x7752f9fe"
         "jepsen.checker$compose$reify__8787@7752f9fe"]
 :argv
 ("test"
  "-w"
  "cbcast"
  "--bin"
  "causal-broadcast.py"
  "--time-limit"
  "5"
  "--node-count"
  "3"
  "--latency-dist"
  "uniform"
  "--latency"
  "500")
 :nemesis
 (jepsen.nemesis.ReflCompose
  {:fm {:start-partition 0,
        :stop-partition 0,
        :kill 1,
        :start 1,
        :pause 1,
        :resume 1},
   :nemeses [#unprintable "jepsen.nemesis.combined$partition_nemesis$reify__17089@9588bd8"
             #unprintable "jepsen.nemesis.combined$db_nemesis$reify__17070@75edfe9a"]})
 :nodes ["n0" "n1" "n2"]
 :test-count 1
 :latency {:mean 500, :dist :uniform}
 :bin "causal-broadcast.py"
 :generator
 (jepsen.generator.TimeLimit
  {:limit 5000000000,
   :cutoff nil,
   :gen (jepsen.generator.Any
         {:gens [(jepsen.generator.OnThreads {:f #{:nemesis}, :gen nil})
                 (jepsen.generator.OnThreads
                  {:f #object[clojure.core$complement$fn__5654
                              "0x6351efa6"
                              "clojure.core$complement$fn__5654@6351efa6"],
                   :gen (jepsen.generator.Stagger
                         {:dt 400000000,
                          :next-time nil,
                          :gen ({:f :cbcast, :value 1}
                                {:f :cbcast, :value 2}
                                {:f :cbcast, :value 3}
                                {:f :cbcast, :value 4}
                                {:f :cbcast, :value 5}
                                {:f :cbcast, :value 6}
                                {:f :cbcast, :value 7}
                                {:f :cbcast, :value 8}
                                ...)})})]})})
 :log-net-recv false
 :os
 #object[maelstrom.net$jepsen_os$reify__15676
         "0x349e166"
         "maelstrom.net$jepsen_os$reify__15676@349e166"]
 :time-limit 5
 :workload :cbcast
 :consistency-models [:strict-serializable]
 :topology :grid}

2023-03-10 15:53:09,822{GMT}	INFO	[jepsen node n0] maelstrom.net: Starting Maelstrom network
2023-03-10 15:53:09,824{GMT}	INFO	[jepsen test runner] jepsen.db: Tearing down DB
2023-03-10 15:53:09,827{GMT}	INFO	[jepsen test runner] jepsen.db: Setting up DB
2023-03-10 15:53:09,829{GMT}	INFO	[jepsen node n1] maelstrom.db: Setting up n1
2023-03-10 15:53:09,830{GMT}	INFO	[jepsen node n2] maelstrom.db: Setting up n2
2023-03-10 15:53:09,830{GMT}	INFO	[jepsen node n1] maelstrom.process: launching causal-broadcast.py []
2023-03-10 15:53:09,830{GMT}	INFO	[jepsen node n2] maelstrom.process: launching causal-broadcast.py []
2023-03-10 15:53:09,832{GMT}	INFO	[jepsen node n0] maelstrom.service: Starting services: (lin-kv lin-tso lww-kv seq-kv)
2023-03-10 15:53:09,836{GMT}	INFO	[jepsen node n0] maelstrom.db: Setting up n0
2023-03-10 15:53:09,837{GMT}	INFO	[jepsen node n0] maelstrom.process: launching causal-broadcast.py []
2023-03-10 15:53:09,884{GMT}	INFO	[jepsen test runner] jepsen.core: Relative time begins now
2023-03-10 15:53:09,906{GMT}	INFO	[jepsen worker 2] jepsen.util: 2	:invoke	:cbcast	1
2023-03-10 15:53:09,912{GMT}	INFO	[jepsen worker 2] jepsen.util: 2	:ok	:cbcast	[]
2023-03-10 15:53:09,959{GMT}	INFO	[jepsen worker 2] jepsen.util: 2	:invoke	:cbcast	2
2023-03-10 15:53:09,961{GMT}	INFO	[jepsen worker 2] jepsen.util: 2	:ok	:cbcast	[]
2023-03-10 15:53:10,332{GMT}	INFO	[jepsen worker 2] jepsen.util: 2	:invoke	:cbcast	3
2023-03-10 15:53:10,335{GMT}	INFO	[jepsen worker 2] jepsen.util: 2	:ok	:cbcast	[]
2023-03-10 15:53:10,342{GMT}	INFO	[jepsen worker 2] jepsen.util: 2	:invoke	:cbcast	4
2023-03-10 15:53:10,346{GMT}	INFO	[jepsen worker 2] jepsen.util: 2	:ok	:cbcast	[]
2023-03-10 15:53:10,351{GMT}	INFO	[jepsen worker 2] jepsen.util: 2	:invoke	:cbcast	5
2023-03-10 15:53:10,353{GMT}	INFO	[jepsen worker 2] jepsen.util: 2	:ok	:cbcast	[]
2023-03-10 15:53:10,439{GMT}	INFO	[jepsen worker 0] jepsen.util: 0	:invoke	:cbcast	6
2023-03-10 15:53:10,821{GMT}	INFO	[jepsen worker 1] jepsen.util: 1	:invoke	:cbcast	7
2023-03-10 15:53:10,844{GMT}	INFO	[jepsen worker 0] jepsen.util: 0	:ok	:cbcast	[1 2]
2023-03-10 15:53:10,862{GMT}	INFO	[jepsen worker 1] jepsen.util: 1	:ok	:cbcast	[1 2 3]
2023-03-10 15:53:11,093{GMT}	INFO	[jepsen worker 2] jepsen.util: 2	:invoke	:cbcast	8
2023-03-10 15:53:11,265{GMT}	INFO	[jepsen worker 2] jepsen.util: 2	:ok	:cbcast	[6]
2023-03-10 15:53:11,456{GMT}	INFO	[jepsen worker 2] jepsen.util: 2	:invoke	:cbcast	9
2023-03-10 15:53:11,459{GMT}	INFO	[jepsen worker 2] jepsen.util: 2	:ok	:cbcast	[7]
2023-03-10 15:53:11,578{GMT}	INFO	[jepsen worker 1] jepsen.util: 1	:invoke	:cbcast	10
2023-03-10 15:53:11,738{GMT}	INFO	[jepsen worker 1] jepsen.util: 1	:ok	:cbcast	[4 5 6]
2023-03-10 15:53:11,747{GMT}	INFO	[jepsen worker 2] jepsen.util: 2	:invoke	:cbcast	11
2023-03-10 15:53:11,883{GMT}	INFO	[jepsen worker 1] jepsen.util: 1	:invoke	:cbcast	12
2023-03-10 15:53:11,885{GMT}	INFO	[jepsen worker 1] jepsen.util: 1	:ok	:cbcast	[8 9]
2023-03-10 15:53:12,010{GMT}	INFO	[jepsen worker 2] jepsen.util: 2	:ok	:cbcast	[10]
2023-03-10 15:53:12,226{GMT}	INFO	[jepsen worker 0] jepsen.util: 0	:invoke	:cbcast	13
2023-03-10 15:53:12,421{GMT}	INFO	[jepsen worker 0] jepsen.util: 0	:ok	:cbcast	[3 4 5 8]
2023-03-10 15:53:12,623{GMT}	INFO	[jepsen worker 2] jepsen.util: 2	:invoke	:cbcast	14
2023-03-10 15:53:12,689{GMT}	INFO	[jepsen worker 1] jepsen.util: 1	:invoke	:cbcast	15
2023-03-10 15:53:12,858{GMT}	INFO	[jepsen worker 1] jepsen.util: 1	:ok	:cbcast	[11 13]
2023-03-10 15:53:12,935{GMT}	INFO	[jepsen worker 0] jepsen.util: 0	:invoke	:cbcast	16
2023-03-10 15:53:12,945{GMT}	INFO	[jepsen worker 2] jepsen.util: 2	:ok	:cbcast	[12 13]
2023-03-10 15:53:13,057{GMT}	INFO	[jepsen worker 2] jepsen.util: 2	:invoke	:cbcast	17
2023-03-10 15:53:13,058{GMT}	INFO	[jepsen worker 2] jepsen.util: 2	:ok	:cbcast	[15]
2023-03-10 15:53:13,097{GMT}	INFO	[jepsen worker 1] jepsen.util: 1	:invoke	:cbcast	18
2023-03-10 15:53:13,123{GMT}	INFO	[jepsen worker 2] jepsen.util: 2	:invoke	:cbcast	19
2023-03-10 15:53:13,124{GMT}	INFO	[jepsen worker 2] jepsen.util: 2	:ok	:cbcast	[]
2023-03-10 15:53:13,231{GMT}	INFO	[jepsen worker 0] jepsen.util: 0	:ok	:cbcast	[]
2023-03-10 15:53:13,341{GMT}	INFO	[jepsen worker 1] jepsen.util: 1	:ok	:cbcast	[14]
2023-03-10 15:53:13,443{GMT}	INFO	[jepsen worker 1] jepsen.util: 1	:invoke	:cbcast	20
2023-03-10 15:53:13,489{GMT}	INFO	[jepsen worker 1] jepsen.util: 1	:ok	:cbcast	[16]
2023-03-10 15:53:13,612{GMT}	INFO	[jepsen worker 0] jepsen.util: 0	:invoke	:cbcast	21
2023-03-10 15:53:13,696{GMT}	INFO	[jepsen worker 0] jepsen.util: 0	:ok	:cbcast	[]
2023-03-10 15:53:14,001{GMT}	INFO	[jepsen worker 1] jepsen.util: 1	:invoke	:cbcast	22
2023-03-10 15:53:14,190{GMT}	INFO	[jepsen worker 1] jepsen.util: 1	:ok	:cbcast	[17 19 21]
2023-03-10 15:53:14,382{GMT}	INFO	[jepsen worker 1] jepsen.util: 1	:invoke	:cbcast	23
2023-03-10 15:53:14,384{GMT}	INFO	[jepsen worker 1] jepsen.util: 1	:ok	:cbcast	[]
2023-03-10 15:53:14,656{GMT}	INFO	[jepsen worker 2] jepsen.util: 2	:invoke	:cbcast	24
2023-03-10 15:53:14,724{GMT}	INFO	[jepsen worker 2] jepsen.util: 2	:ok	:cbcast	[16 18 20 21 22]
2023-03-10 15:53:14,855{GMT}	INFO	[jepsen worker 1] jepsen.util: 1	:invoke	:cbcast	25
2023-03-10 15:53:15,123{GMT}	INFO	[jepsen worker 1] jepsen.util: 1	:ok	:cbcast	[24]
2023-03-10 15:53:15,127{GMT}	INFO	[jepsen node n1] maelstrom.db: Tearing down n1
2023-03-10 15:53:15,127{GMT}	INFO	[jepsen node n0] maelstrom.db: Tearing down n0
2023-03-10 15:53:15,128{GMT}	INFO	[jepsen node n2] maelstrom.db: Tearing down n2
2023-03-10 15:53:16,125{GMT}	INFO	[jepsen node n0] maelstrom.net: Shutting down Maelstrom network
2023-03-10 15:53:16,126{GMT}	INFO	[jepsen test runner] jepsen.core: Run complete, writing
2023-03-10 15:53:16,132{GMT}	INFO	[jepsen test runner] jepsen.core: Analyzing...
2023-03-10 15:53:16,255{GMT}	INFO	[jepsen test runner] jepsen.core: Analysis complete
2023-03-10 15:53:16,263{GMT}	INFO	[jepsen results] jepsen.store: Wrote /home/miguel/uni/4ano/sd/sdge/guiao1/store/cbcast/20230310T155309.000Z/results.edn
2023-03-10 15:53:16,270{GMT}	INFO	[jepsen test runner] jepsen.core: {:perf {:latency-graph {:valid? true},
        :rate-graph {:valid? true},
        :valid? true},
 :timeline {:valid? true},
 :exceptions {:valid? true},
 :stats {:valid? true,
         :count 25,
         :ok-count 25,
         :fail-count 0,
         :info-count 0,
         :by-f {:cbcast {:valid? true,
                         :count 25,
                         :ok-count 25,
                         :fail-count 0,
                         :info-count 0}}},
 :net {:all {:send-count 106,
             :recv-count 104,
             :msg-count 106,
             :msgs-per-op 4.24},
       :clients {:send-count 56, :recv-count 56, :msg-count 56},
       :servers {:send-count 50,
                 :recv-count 48,
                 :msg-count 50,
                 :msgs-per-op 2.0},
       :valid? true},
 :workload {:valid? true, :errors []},
 :valid? true}


Everything looks good! ヽ(‘ー`)ノ
