2023-03-08 12:21:53,793{GMT}	INFO	[jepsen test runner] jepsen.core: Command line:
lein run test -w cbcast --bin wrcausal-broadcast.py --time-limit 5 --node-count 3 --latency-dist uniform --latency 500
2023-03-08 12:21:53,857{GMT}	INFO	[jepsen test runner] jepsen.core: Running test:
{:args []
 :remote
 #jepsen.control.retry.Remote{:remote #jepsen.control.scp.Remote{:cmd-remote #jepsen.control.clj_ssh.Remote{:concurrency-limit 8,
                                                                                                            :conn-spec nil,
                                                                                                            :session nil,
                                                                                                            :semaphore nil},
                                                                 :conn-spec nil},
                              :conn nil}
 :log-net-send false
 :node-count 3
 :max-txn-length 4
 :concurrency 3
 :db
 #object[maelstrom.db$db$reify__16817
         "0x4a28b6d0"
         "maelstrom.db$db$reify__16817@4a28b6d0"]
 :max-writes-per-key 16
 :leave-db-running? false
 :name "cbcast"
 :logging-json? false
 :start-time
 #object[org.joda.time.DateTime "0x64230d44" "2023-03-08T12:21:53.000Z"]
 :nemesis-interval 10
 :net
 #object[maelstrom.net$jepsen_net$reify__15673
         "0x1ff584d7"
         "maelstrom.net$jepsen_net$reify__15673@1ff584d7"]
 :client
 #object[maelstrom.workload.cbcast$client$reify__18677
         "0x7752f9fe"
         "maelstrom.workload.cbcast$client$reify__18677@7752f9fe"]
 :barrier
 #object[java.util.concurrent.CyclicBarrier
         "0x9588bd8"
         "java.util.concurrent.CyclicBarrier@9588bd8"]
 :log-stderr false
 :pure-generators true
 :ssh {:dummy? true}
 :rate 5
 :checker
 #object[jepsen.checker$compose$reify__8787
         "0x75edfe9a"
         "jepsen.checker$compose$reify__8787@75edfe9a"]
 :argv
 ("test"
  "-w"
  "cbcast"
  "--bin"
  "wrcausal-broadcast.py"
  "--time-limit"
  "5"
  "--node-count"
  "3"
  "--latency-dist"
  "uniform"
  "--latency"
  "500")
 :nemesis
 (jepsen.nemesis.ReflCompose
  {:fm {:start-partition 0,
        :stop-partition 0,
        :kill 1,
        :start 1,
        :pause 1,
        :resume 1},
   :nemeses [#unprintable "jepsen.nemesis.combined$partition_nemesis$reify__17089@468d1fcc"
             #unprintable "jepsen.nemesis.combined$db_nemesis$reify__17070@267093ea"]})
 :nodes ["n0" "n1" "n2"]
 :test-count 1
 :latency {:mean 500, :dist :uniform}
 :bin "wrcausal-broadcast.py"
 :generator
 (jepsen.generator.TimeLimit
  {:limit 5000000000,
   :cutoff nil,
   :gen (jepsen.generator.Any
         {:gens [(jepsen.generator.OnThreads {:f #{:nemesis}, :gen nil})
                 (jepsen.generator.OnThreads
                  {:f #object[clojure.core$complement$fn__5654
                              "0x349e166"
                              "clojure.core$complement$fn__5654@349e166"],
                   :gen (jepsen.generator.Stagger
                         {:dt 400000000,
                          :next-time nil,
                          :gen ({:f :cbcast, :value 1}
                                {:f :cbcast, :value 2}
                                {:f :cbcast, :value 3}
                                {:f :cbcast, :value 4}
                                {:f :cbcast, :value 5}
                                {:f :cbcast, :value 6}
                                {:f :cbcast, :value 7}
                                {:f :cbcast, :value 8}
                                ...)})})]})})
 :log-net-recv false
 :os
 #object[maelstrom.net$jepsen_os$reify__15676
         "0x68fd0fba"
         "maelstrom.net$jepsen_os$reify__15676@68fd0fba"]
 :time-limit 5
 :workload :cbcast
 :consistency-models [:strict-serializable]
 :topology :grid}

2023-03-08 12:21:53,867{GMT}	INFO	[jepsen node n0] maelstrom.net: Starting Maelstrom network
2023-03-08 12:21:53,868{GMT}	INFO	[jepsen test runner] jepsen.db: Tearing down DB
2023-03-08 12:21:53,870{GMT}	INFO	[jepsen test runner] jepsen.db: Setting up DB
2023-03-08 12:21:53,881{GMT}	INFO	[jepsen node n1] maelstrom.db: Setting up n1
2023-03-08 12:21:53,881{GMT}	INFO	[jepsen node n2] maelstrom.db: Setting up n2
2023-03-08 12:21:53,882{GMT}	INFO	[jepsen node n2] maelstrom.process: launching wrcausal-broadcast.py []
2023-03-08 12:21:53,882{GMT}	INFO	[jepsen node n1] maelstrom.process: launching wrcausal-broadcast.py []
2023-03-08 12:21:53,884{GMT}	INFO	[jepsen node n0] maelstrom.service: Starting services: (lin-kv lin-tso lww-kv seq-kv)
2023-03-08 12:21:53,887{GMT}	INFO	[jepsen node n0] maelstrom.db: Setting up n0
2023-03-08 12:21:53,887{GMT}	INFO	[jepsen node n0] maelstrom.process: launching wrcausal-broadcast.py []
2023-03-08 12:21:54,891{GMT}	INFO	[jepsen node n0] maelstrom.net: Shutting down Maelstrom network
2023-03-08 12:21:54,894{GMT}	WARN	[jepsen test runner] jepsen.core: Test crashed!
java.io.IOException: Cannot run program "/home/miguel/uni/4ano/sd/sdge/guiao1/wrcausal-broadcast.py" (in directory "/tmp"): error=2, No such file or directory
	at java.base/java.lang.ProcessBuilder.start(ProcessBuilder.java:1143)
	at java.base/java.lang.ProcessBuilder.start(ProcessBuilder.java:1073)
	at maelstrom.process$start_node_BANG_.invokeStatic(process.clj:199)
	at maelstrom.process$start_node_BANG_.invoke(process.clj:168)
	at maelstrom.db$db$reify__16817.setup_BANG_(db.clj:34)
	at jepsen.db$fn__3477$G__3456__3481.invoke(db.clj:11)
	at jepsen.db$fn__3477$G__3455__3486.invoke(db.clj:11)
	at clojure.core$partial$fn__5824.invoke(core.clj:2625)
	at jepsen.control$on_nodes$fn__3339.invoke(control.clj:309)
	at clojure.lang.AFn.applyToHelper(AFn.java:154)
	at clojure.lang.AFn.applyTo(AFn.java:144)
	at clojure.core$apply.invokeStatic(core.clj:665)
	at clojure.core$with_bindings_STAR_.invokeStatic(core.clj:1973)
	at clojure.core$with_bindings_STAR_.doInvoke(core.clj:1973)
	at clojure.lang.RestFn.applyTo(RestFn.java:142)
	at clojure.core$apply.invokeStatic(core.clj:669)
	at clojure.core$bound_fn_STAR_$fn__5734.doInvoke(core.clj:2003)
	at clojure.lang.RestFn.invoke(RestFn.java:408)
	at dom_top.core$real_pmap_helper$build_thread__213$fn__214.invoke(core.clj:146)
	at clojure.lang.AFn.applyToHelper(AFn.java:152)
	at clojure.lang.AFn.applyTo(AFn.java:144)
	at clojure.core$apply.invokeStatic(core.clj:665)
	at clojure.core$with_bindings_STAR_.invokeStatic(core.clj:1973)
	at clojure.core$with_bindings_STAR_.doInvoke(core.clj:1973)
	at clojure.lang.RestFn.invoke(RestFn.java:425)
	at clojure.lang.AFn.applyToHelper(AFn.java:156)
	at clojure.lang.RestFn.applyTo(RestFn.java:132)
	at clojure.core$apply.invokeStatic(core.clj:669)
	at clojure.core$bound_fn_STAR_$fn__5734.doInvoke(core.clj:2003)
	at clojure.lang.RestFn.invoke(RestFn.java:397)
	at clojure.lang.AFn.run(AFn.java:22)
	at java.base/java.lang.Thread.run(Thread.java:833)
Caused by: java.io.IOException: error=2, No such file or directory
	at java.base/java.lang.ProcessImpl.forkAndExec(Native Method)
	at java.base/java.lang.ProcessImpl.<init>(ProcessImpl.java:314)
	at java.base/java.lang.ProcessImpl.start(ProcessImpl.java:244)
	at java.base/java.lang.ProcessBuilder.start(ProcessBuilder.java:1110)
	... 31 common frames omitted
