2023-02-14 11:32:43,426{GMT}	INFO	[jepsen test runner] jepsen.core: Command line:
lein run test --bin guiao0/wrong-lock.py --time-limit 10 --node-count 1 -w lock
2023-02-14 11:32:43,491{GMT}	INFO	[jepsen test runner] jepsen.core: Running test:
{:args []
 :remote
 #jepsen.control.retry.Remote{:remote #jepsen.control.scp.Remote{:cmd-remote #jepsen.control.sshj.SSHJRemote{:concurrency-limit 6,
                                                                                                             :conn-spec nil,
                                                                                                             :client nil,
                                                                                                             :semaphore nil},
                                                                 :conn-spec nil},
                              :conn nil}
 :log-net-send false
 :node-count 1
 :availability nil
 :max-txn-length 4
 :concurrency 1
 :db
 #object[maelstrom.db$db$reify__16144
         "0x5fc3b20b"
         "maelstrom.db$db$reify__16144@5fc3b20b"]
 :max-writes-per-key 16
 :leave-db-running? false
 :name "lock"
 :logging-json? false
 :start-time
 #object[org.joda.time.DateTime "0x68fe866b" "2023-02-14T11:32:43.394Z"]
 :nemesis-interval 10
 :net
 #object[maelstrom.net$jepsen_net$reify__15253
         "0x729feae8"
         "maelstrom.net$jepsen_net$reify__15253@729feae8"]
 :client
 #object[maelstrom.workload.lock$client$reify__19507
         "0x283a5c2b"
         "maelstrom.workload.lock$client$reify__19507@283a5c2b"]
 :barrier
 #object[java.util.concurrent.CyclicBarrier
         "0x7bd0e2e9"
         "java.util.concurrent.CyclicBarrier@7bd0e2e9"]
 :log-stderr false
 :pure-generators true
 :ssh {:dummy? true}
 :rate 5
 :checker
 #object[jepsen.checker$compose$reify__11881
         "0x6701fe26"
         "jepsen.checker$compose$reify__11881@6701fe26"]
 :argv
 ("test"
  "--bin"
  "guiao0/wrong-lock.py"
  "--time-limit"
  "10"
  "--node-count"
  "1"
  "-w"
  "lock")
 :nemesis
 (jepsen.nemesis.ReflCompose
  {:fm {:start-partition 0,
        :stop-partition 0,
        :kill 1,
        :start 1,
        :pause 1,
        :resume 1},
   :nemeses [#unprintable "jepsen.nemesis.combined$partition_nemesis$reify__16418@6ac49084"
             #unprintable "jepsen.nemesis.combined$db_nemesis$reify__16399@10e542f3"]})
 :nodes ["n0"]
 :test-count 1
 :latency {:mean 0, :dist :constant}
 :bin "guiao0/wrong-lock.py"
 :generator
 (jepsen.generator.TimeLimit
  {:limit 10000000000,
   :cutoff nil,
   :gen (jepsen.generator.Any
         {:gens [(jepsen.generator.OnThreads
                  {:f #{:nemesis},
                   :context-filter #object[jepsen.generator.context$make_thread_filter$lazy_filter__9167
                                           "0x5672920"
                                           "jepsen.generator.context$make_thread_filter$lazy_filter__9167@5672920"],
                   :gen nil})
                 (jepsen.generator.OnThreads
                  {:f #jepsen.generator.context.AllBut{:element :nemesis},
                   :context-filter #object[jepsen.generator.context$make_thread_filter$lazy_filter__9167
                                           "0x377bc8da"
                                           "jepsen.generator.context$make_thread_filter$lazy_filter__9167@377bc8da"],
                   :gen (jepsen.generator.Stagger
                         {:dt 400000000,
                          :next-time nil,
                          :gen (jepsen.generator.EachThread
                                {:fresh-gen ({:f :lock}
                                             {:f :unlock}
                                             {:f :lock}
                                             {:f :unlock}
                                             {:f :lock}
                                             {:f :unlock}
                                             {:f :lock}
                                             {:f :unlock}
                                             ...),
                                 :context-filters #object[clojure.core$promise$reify__8591
                                                          "0x522db06e"
                                                          {:status :pending,
                                                           :val nil}],
                                 :gens {}})})})]})})
 :log-net-recv false
 :os
 #object[maelstrom.net$jepsen_os$reify__15256
         "0x1dad97ed"
         "maelstrom.net$jepsen_os$reify__15256@1dad97ed"]
 :time-limit 10
 :workload :lock
 :consistency-models [:strict-serializable]
 :topology :grid}

2023-02-14 11:32:45,245{GMT}	INFO	[jepsen node n0] maelstrom.net: Starting Maelstrom network
2023-02-14 11:32:45,246{GMT}	INFO	[jepsen test runner] jepsen.db: Tearing down DB
2023-02-14 11:32:45,248{GMT}	INFO	[jepsen test runner] jepsen.db: Setting up DB
2023-02-14 11:32:45,250{GMT}	INFO	[jepsen node n0] maelstrom.service: Starting services: (lin-kv lin-tso lww-kv seq-kv)
2023-02-14 11:32:45,256{GMT}	INFO	[jepsen node n0] maelstrom.db: Setting up n0
2023-02-14 11:32:45,257{GMT}	INFO	[jepsen node n0] maelstrom.process: launching guiao0/wrong-lock.py []
2023-02-14 11:32:45,302{GMT}	INFO	[jepsen test runner] jepsen.core: Relative time begins now
2023-02-14 11:32:45,315{GMT}	INFO	[jepsen worker 0] jepsen.util: 0	:invoke	:lock	nil
2023-02-14 11:32:45,318{GMT}	INFO	[jepsen worker 0] jepsen.util: 0	:ok	:lock	nil
2023-02-14 11:32:45,502{GMT}	INFO	[jepsen worker 0] jepsen.util: 0	:invoke	:unlock	nil
2023-02-14 11:32:45,504{GMT}	INFO	[jepsen worker 0] jepsen.util: 0	:ok	:unlock	nil
2023-02-14 11:32:45,541{GMT}	INFO	[jepsen worker 0] jepsen.util: 0	:invoke	:lock	nil
2023-02-14 11:32:45,544{GMT}	INFO	[jepsen worker 0] jepsen.util: 0	:ok	:lock	nil
2023-02-14 11:32:45,612{GMT}	INFO	[jepsen worker 0] jepsen.util: 0	:invoke	:unlock	nil
2023-02-14 11:32:45,614{GMT}	INFO	[jepsen worker 0] jepsen.util: 0	:ok	:unlock	nil
2023-02-14 11:32:45,692{GMT}	INFO	[jepsen worker 0] jepsen.util: 0	:invoke	:lock	nil
2023-02-14 11:32:45,694{GMT}	INFO	[jepsen worker 0] jepsen.util: 0	:ok	:lock	nil
2023-02-14 11:32:45,842{GMT}	INFO	[jepsen worker 0] jepsen.util: 0	:invoke	:unlock	nil
2023-02-14 11:32:45,844{GMT}	INFO	[jepsen worker 0] jepsen.util: 0	:ok	:unlock	nil
2023-02-14 11:32:45,961{GMT}	INFO	[jepsen worker 0] jepsen.util: 0	:invoke	:lock	nil
2023-02-14 11:32:45,963{GMT}	INFO	[jepsen worker 0] jepsen.util: 0	:ok	:lock	nil
2023-02-14 11:32:46,181{GMT}	INFO	[jepsen worker 0] jepsen.util: 0	:invoke	:unlock	nil
2023-02-14 11:32:46,183{GMT}	INFO	[jepsen worker 0] jepsen.util: 0	:ok	:unlock	nil
2023-02-14 11:32:46,183{GMT}	INFO	[jepsen worker 0] jepsen.util: 0	:invoke	:lock	nil
2023-02-14 11:32:46,185{GMT}	INFO	[jepsen worker 0] jepsen.util: 0	:ok	:lock	nil
2023-02-14 11:32:46,417{GMT}	INFO	[jepsen worker 0] jepsen.util: 0	:invoke	:unlock	nil
2023-02-14 11:32:46,419{GMT}	INFO	[jepsen worker 0] jepsen.util: 0	:ok	:unlock	nil
2023-02-14 11:32:46,703{GMT}	INFO	[jepsen worker 0] jepsen.util: 0	:invoke	:lock	nil
2023-02-14 11:32:46,705{GMT}	INFO	[jepsen worker 0] jepsen.util: 0	:ok	:lock	nil
2023-02-14 11:32:46,899{GMT}	INFO	[jepsen worker 0] jepsen.util: 0	:invoke	:unlock	nil
2023-02-14 11:32:46,900{GMT}	INFO	[jepsen worker 0] jepsen.util: 0	:ok	:unlock	nil
2023-02-14 11:32:46,977{GMT}	INFO	[jepsen worker 0] jepsen.util: 0	:invoke	:lock	nil
2023-02-14 11:32:46,979{GMT}	INFO	[jepsen worker 0] jepsen.util: 0	:ok	:lock	nil
2023-02-14 11:32:47,018{GMT}	INFO	[jepsen worker 0] jepsen.util: 0	:invoke	:unlock	nil
2023-02-14 11:32:47,019{GMT}	INFO	[jepsen worker 0] jepsen.util: 0	:ok	:unlock	nil
2023-02-14 11:32:47,300{GMT}	INFO	[jepsen worker 0] jepsen.util: 0	:invoke	:lock	nil
2023-02-14 11:32:47,302{GMT}	INFO	[jepsen worker 0] jepsen.util: 0	:ok	:lock	nil
2023-02-14 11:32:47,539{GMT}	INFO	[jepsen worker 0] jepsen.util: 0	:invoke	:unlock	nil
2023-02-14 11:32:47,541{GMT}	INFO	[jepsen worker 0] jepsen.util: 0	:ok	:unlock	nil
2023-02-14 11:32:47,920{GMT}	INFO	[jepsen worker 0] jepsen.util: 0	:invoke	:lock	nil
2023-02-14 11:32:47,922{GMT}	INFO	[jepsen worker 0] jepsen.util: 0	:ok	:lock	nil
2023-02-14 11:32:48,131{GMT}	INFO	[jepsen worker 0] jepsen.util: 0	:invoke	:unlock	nil
2023-02-14 11:32:48,133{GMT}	INFO	[jepsen worker 0] jepsen.util: 0	:ok	:unlock	nil
2023-02-14 11:32:48,294{GMT}	INFO	[jepsen worker 0] jepsen.util: 0	:invoke	:lock	nil
2023-02-14 11:32:48,296{GMT}	INFO	[jepsen worker 0] jepsen.util: 0	:ok	:lock	nil
2023-02-14 11:32:48,597{GMT}	INFO	[jepsen worker 0] jepsen.util: 0	:invoke	:unlock	nil
2023-02-14 11:32:48,599{GMT}	INFO	[jepsen worker 0] jepsen.util: 0	:ok	:unlock	nil
2023-02-14 11:32:48,718{GMT}	INFO	[jepsen worker 0] jepsen.util: 0	:invoke	:lock	nil
2023-02-14 11:32:48,720{GMT}	INFO	[jepsen worker 0] jepsen.util: 0	:ok	:lock	nil
2023-02-14 11:32:48,796{GMT}	INFO	[jepsen worker 0] jepsen.util: 0	:invoke	:unlock	nil
2023-02-14 11:32:48,798{GMT}	INFO	[jepsen worker 0] jepsen.util: 0	:ok	:unlock	nil
2023-02-14 11:32:49,048{GMT}	INFO	[jepsen worker 0] jepsen.util: 0	:invoke	:lock	nil
2023-02-14 11:32:49,049{GMT}	INFO	[jepsen worker 0] jepsen.util: 0	:ok	:lock	nil
2023-02-14 11:32:49,200{GMT}	INFO	[jepsen worker 0] jepsen.util: 0	:invoke	:unlock	nil
2023-02-14 11:32:49,202{GMT}	INFO	[jepsen worker 0] jepsen.util: 0	:ok	:unlock	nil
2023-02-14 11:32:49,347{GMT}	INFO	[jepsen worker 0] jepsen.util: 0	:invoke	:lock	nil
2023-02-14 11:32:49,349{GMT}	INFO	[jepsen worker 0] jepsen.util: 0	:ok	:lock	nil
2023-02-14 11:32:49,410{GMT}	INFO	[jepsen worker 0] jepsen.util: 0	:invoke	:unlock	nil
2023-02-14 11:32:49,411{GMT}	INFO	[jepsen worker 0] jepsen.util: 0	:ok	:unlock	nil
2023-02-14 11:32:49,506{GMT}	INFO	[jepsen worker 0] jepsen.util: 0	:invoke	:lock	nil
2023-02-14 11:32:49,508{GMT}	INFO	[jepsen worker 0] jepsen.util: 0	:ok	:lock	nil
2023-02-14 11:32:49,883{GMT}	INFO	[jepsen worker 0] jepsen.util: 0	:invoke	:unlock	nil
2023-02-14 11:32:49,885{GMT}	INFO	[jepsen worker 0] jepsen.util: 0	:ok	:unlock	nil
2023-02-14 11:32:50,149{GMT}	INFO	[jepsen worker 0] jepsen.util: 0	:invoke	:lock	nil
2023-02-14 11:32:50,151{GMT}	INFO	[jepsen worker 0] jepsen.util: 0	:ok	:lock	nil
2023-02-14 11:32:50,283{GMT}	INFO	[jepsen worker 0] jepsen.util: 0	:invoke	:unlock	nil
2023-02-14 11:32:50,284{GMT}	INFO	[jepsen worker 0] jepsen.util: 0	:ok	:unlock	nil
2023-02-14 11:32:50,596{GMT}	INFO	[jepsen worker 0] jepsen.util: 0	:invoke	:lock	nil
2023-02-14 11:32:50,597{GMT}	INFO	[jepsen worker 0] jepsen.util: 0	:ok	:lock	nil
2023-02-14 11:32:50,626{GMT}	INFO	[jepsen worker 0] jepsen.util: 0	:invoke	:unlock	nil
2023-02-14 11:32:50,629{GMT}	INFO	[jepsen worker 0] jepsen.util: 0	:ok	:unlock	nil
2023-02-14 11:32:50,895{GMT}	INFO	[jepsen worker 0] jepsen.util: 0	:invoke	:lock	nil
2023-02-14 11:32:50,897{GMT}	INFO	[jepsen worker 0] jepsen.util: 0	:ok	:lock	nil
2023-02-14 11:32:51,149{GMT}	INFO	[jepsen worker 0] jepsen.util: 0	:invoke	:unlock	nil
2023-02-14 11:32:51,150{GMT}	INFO	[jepsen worker 0] jepsen.util: 0	:ok	:unlock	nil
2023-02-14 11:32:51,208{GMT}	INFO	[jepsen worker 0] jepsen.util: 0	:invoke	:lock	nil
2023-02-14 11:32:51,210{GMT}	INFO	[jepsen worker 0] jepsen.util: 0	:ok	:lock	nil
2023-02-14 11:32:51,554{GMT}	INFO	[jepsen worker 0] jepsen.util: 0	:invoke	:unlock	nil
2023-02-14 11:32:51,556{GMT}	INFO	[jepsen worker 0] jepsen.util: 0	:ok	:unlock	nil
2023-02-14 11:32:51,860{GMT}	INFO	[jepsen worker 0] jepsen.util: 0	:invoke	:lock	nil
2023-02-14 11:32:51,862{GMT}	INFO	[jepsen worker 0] jepsen.util: 0	:ok	:lock	nil
2023-02-14 11:32:52,084{GMT}	INFO	[jepsen worker 0] jepsen.util: 0	:invoke	:unlock	nil
2023-02-14 11:32:52,086{GMT}	INFO	[jepsen worker 0] jepsen.util: 0	:ok	:unlock	nil
2023-02-14 11:32:52,438{GMT}	INFO	[jepsen worker 0] jepsen.util: 0	:invoke	:lock	nil
2023-02-14 11:32:52,440{GMT}	INFO	[jepsen worker 0] jepsen.util: 0	:ok	:lock	nil
2023-02-14 11:32:52,782{GMT}	INFO	[jepsen worker 0] jepsen.util: 0	:invoke	:unlock	nil
2023-02-14 11:32:52,783{GMT}	INFO	[jepsen worker 0] jepsen.util: 0	:ok	:unlock	nil
2023-02-14 11:32:53,179{GMT}	INFO	[jepsen worker 0] jepsen.util: 0	:invoke	:lock	nil
2023-02-14 11:32:53,181{GMT}	INFO	[jepsen worker 0] jepsen.util: 0	:ok	:lock	nil
2023-02-14 11:32:53,486{GMT}	INFO	[jepsen worker 0] jepsen.util: 0	:invoke	:unlock	nil
2023-02-14 11:32:53,488{GMT}	INFO	[jepsen worker 0] jepsen.util: 0	:ok	:unlock	nil
2023-02-14 11:32:53,717{GMT}	INFO	[jepsen worker 0] jepsen.util: 0	:invoke	:lock	nil
2023-02-14 11:32:53,718{GMT}	INFO	[jepsen worker 0] jepsen.util: 0	:ok	:lock	nil
2023-02-14 11:32:53,844{GMT}	INFO	[jepsen worker 0] jepsen.util: 0	:invoke	:unlock	nil
2023-02-14 11:32:53,846{GMT}	INFO	[jepsen worker 0] jepsen.util: 0	:ok	:unlock	nil
2023-02-14 11:32:53,932{GMT}	INFO	[jepsen worker 0] jepsen.util: 0	:invoke	:lock	nil
2023-02-14 11:32:53,934{GMT}	INFO	[jepsen worker 0] jepsen.util: 0	:ok	:lock	nil
2023-02-14 11:32:53,975{GMT}	INFO	[jepsen worker 0] jepsen.util: 0	:invoke	:unlock	nil
2023-02-14 11:32:53,977{GMT}	INFO	[jepsen worker 0] jepsen.util: 0	:ok	:unlock	nil
2023-02-14 11:32:54,310{GMT}	INFO	[jepsen worker 0] jepsen.util: 0	:invoke	:lock	nil
2023-02-14 11:32:54,311{GMT}	INFO	[jepsen worker 0] jepsen.util: 0	:ok	:lock	nil
2023-02-14 11:32:54,386{GMT}	INFO	[jepsen worker 0] jepsen.util: 0	:invoke	:unlock	nil
2023-02-14 11:32:54,388{GMT}	INFO	[jepsen worker 0] jepsen.util: 0	:ok	:unlock	nil
2023-02-14 11:32:54,418{GMT}	INFO	[jepsen worker 0] jepsen.util: 0	:invoke	:lock	nil
2023-02-14 11:32:54,420{GMT}	INFO	[jepsen worker 0] jepsen.util: 0	:ok	:lock	nil
2023-02-14 11:32:54,679{GMT}	INFO	[jepsen worker 0] jepsen.util: 0	:invoke	:unlock	nil
2023-02-14 11:32:54,681{GMT}	INFO	[jepsen worker 0] jepsen.util: 0	:ok	:unlock	nil
2023-02-14 11:32:54,839{GMT}	INFO	[jepsen worker 0] jepsen.util: 0	:invoke	:lock	nil
2023-02-14 11:32:54,840{GMT}	INFO	[jepsen worker 0] jepsen.util: 0	:ok	:lock	nil
2023-02-14 11:32:54,950{GMT}	INFO	[jepsen worker 0] jepsen.util: 0	:invoke	:unlock	nil
2023-02-14 11:32:54,952{GMT}	INFO	[jepsen worker 0] jepsen.util: 0	:ok	:unlock	nil
2023-02-14 11:32:55,073{GMT}	INFO	[jepsen worker 0] jepsen.util: 0	:invoke	:lock	nil
2023-02-14 11:32:55,074{GMT}	INFO	[jepsen worker 0] jepsen.util: 0	:ok	:lock	nil
2023-02-14 11:32:55,136{GMT}	INFO	[jepsen worker 0] jepsen.util: 0	:invoke	:unlock	nil
2023-02-14 11:32:55,138{GMT}	INFO	[jepsen worker 0] jepsen.util: 0	:ok	:unlock	nil
2023-02-14 11:32:55,160{GMT}	INFO	[jepsen test runner] jepsen.core: Run complete, writing
2023-02-14 11:32:55,196{GMT}	INFO	[jepsen node n0] maelstrom.db: Tearing down n0
2023-02-14 11:32:56,264{GMT}	INFO	[jepsen node n0] maelstrom.net: Shutting down Maelstrom network
2023-02-14 11:32:56,266{GMT}	INFO	[jepsen test runner] jepsen.core: Analyzing...
2023-02-14 11:32:56,765{GMT}	INFO	[jepsen test runner] jepsen.core: Analysis complete
2023-02-14 11:32:56,773{GMT}	INFO	[jepsen results] jepsen.store: Wrote /home/miguel/uni/4ano/sd/sdge/store/lock/20230214T113243.394Z/results.edn
2023-02-14 11:32:56,794{GMT}	INFO	[jepsen test runner] jepsen.core: {:perf {:latency-graph {:valid? true},
        :rate-graph {:valid? true},
        :valid? true},
 :timeline {:valid? true},
 :exceptions {:valid? true},
 :stats {:valid? true,
         :count 54,
         :ok-count 54,
         :fail-count 0,
         :info-count 0,
         :by-f {:lock {:valid? true,
                       :count 27,
                       :ok-count 27,
                       :fail-count 0,
                       :info-count 0},
                :unlock {:valid? true,
                         :count 27,
                         :ok-count 27,
                         :fail-count 0,
                         :info-count 0}}},
 :availability {:valid? true, :ok-fraction 1.0},
 :net {:all {:send-count 110,
             :recv-count 110,
             :msg-count 110,
             :msgs-per-op 2.0370371},
       :clients {:send-count 110, :recv-count 110, :msg-count 110},
       :servers {:send-count 0,
                 :recv-count 0,
                 :msg-count 0,
                 :msgs-per-op 0.0},
       :valid? true},
 :workload {:valid? true, :errors []},
 :valid? true}


Everything looks good! ヽ(‘ー`)ノ
