2023-03-08 12:10:24,994{GMT}	INFO	[jepsen test runner] jepsen.core: Command line:
lein run test -w cbcast --bin causal-broadcast.py --time-limit 5 --node-count 3
2023-03-08 12:10:25,052{GMT}	INFO	[jepsen test runner] jepsen.core: Running test:
{:args []
 :remote
 #jepsen.control.retry.Remote{:remote #jepsen.control.scp.Remote{:cmd-remote #jepsen.control.clj_ssh.Remote{:concurrency-limit 8,
                                                                                                            :conn-spec nil,
                                                                                                            :session nil,
                                                                                                            :semaphore nil},
                                                                 :conn-spec nil},
                              :conn nil}
 :log-net-send false
 :node-count 3
 :max-txn-length 4
 :concurrency 3
 :db
 #object[maelstrom.db$db$reify__16817
         "0x7ba5d307"
         "maelstrom.db$db$reify__16817@7ba5d307"]
 :max-writes-per-key 16
 :leave-db-running? false
 :name "cbcast"
 :logging-json? false
 :start-time
 #object[org.joda.time.DateTime "0x684001e6" "2023-03-08T12:10:24.000Z"]
 :nemesis-interval 10
 :net
 #object[maelstrom.net$jepsen_net$reify__15673
         "0x6bb2b8d4"
         "maelstrom.net$jepsen_net$reify__15673@6bb2b8d4"]
 :client
 #object[maelstrom.workload.cbcast$client$reify__18677
         "0x64230d44"
         "maelstrom.workload.cbcast$client$reify__18677@64230d44"]
 :barrier
 #object[java.util.concurrent.CyclicBarrier
         "0x1ff584d7"
         "java.util.concurrent.CyclicBarrier@1ff584d7"]
 :log-stderr false
 :pure-generators true
 :ssh {:dummy? true}
 :rate 5
 :checker
 #object[jepsen.checker$compose$reify__8787
         "0x7752f9fe"
         "jepsen.checker$compose$reify__8787@7752f9fe"]
 :argv
 ("test"
  "-w"
  "cbcast"
  "--bin"
  "causal-broadcast.py"
  "--time-limit"
  "5"
  "--node-count"
  "3")
 :nemesis
 (jepsen.nemesis.ReflCompose
  {:fm {:start-partition 0,
        :stop-partition 0,
        :kill 1,
        :start 1,
        :pause 1,
        :resume 1},
   :nemeses [#unprintable "jepsen.nemesis.combined$partition_nemesis$reify__17089@9588bd8"
             #unprintable "jepsen.nemesis.combined$db_nemesis$reify__17070@75edfe9a"]})
 :nodes ["n0" "n1" "n2"]
 :test-count 1
 :latency {:mean 0, :dist :constant}
 :bin "causal-broadcast.py"
 :generator
 (jepsen.generator.TimeLimit
  {:limit 5000000000,
   :cutoff nil,
   :gen (jepsen.generator.Any
         {:gens [(jepsen.generator.OnThreads {:f #{:nemesis}, :gen nil})
                 (jepsen.generator.OnThreads
                  {:f #object[clojure.core$complement$fn__5654
                              "0x6351efa6"
                              "clojure.core$complement$fn__5654@6351efa6"],
                   :gen (jepsen.generator.Stagger
                         {:dt 400000000,
                          :next-time nil,
                          :gen ({:f :cbcast, :value 1}
                                {:f :cbcast, :value 2}
                                {:f :cbcast, :value 3}
                                {:f :cbcast, :value 4}
                                {:f :cbcast, :value 5}
                                {:f :cbcast, :value 6}
                                {:f :cbcast, :value 7}
                                {:f :cbcast, :value 8}
                                ...)})})]})})
 :log-net-recv false
 :os
 #object[maelstrom.net$jepsen_os$reify__15676
         "0x349e166"
         "maelstrom.net$jepsen_os$reify__15676@349e166"]
 :time-limit 5
 :workload :cbcast
 :consistency-models [:strict-serializable]
 :topology :grid}

2023-03-08 12:10:25,063{GMT}	INFO	[jepsen node n0] maelstrom.net: Starting Maelstrom network
2023-03-08 12:10:25,065{GMT}	INFO	[jepsen test runner] jepsen.db: Tearing down DB
2023-03-08 12:10:25,067{GMT}	INFO	[jepsen test runner] jepsen.db: Setting up DB
2023-03-08 12:10:25,068{GMT}	INFO	[jepsen node n1] maelstrom.db: Setting up n1
2023-03-08 12:10:25,068{GMT}	INFO	[jepsen node n2] maelstrom.db: Setting up n2
2023-03-08 12:10:25,069{GMT}	INFO	[jepsen node n1] maelstrom.process: launching causal-broadcast.py []
2023-03-08 12:10:25,069{GMT}	INFO	[jepsen node n2] maelstrom.process: launching causal-broadcast.py []
2023-03-08 12:10:25,072{GMT}	INFO	[jepsen node n0] maelstrom.service: Starting services: (lin-kv lin-tso lww-kv seq-kv)
2023-03-08 12:10:25,075{GMT}	INFO	[jepsen node n0] maelstrom.db: Setting up n0
2023-03-08 12:10:25,077{GMT}	INFO	[jepsen node n0] maelstrom.process: launching causal-broadcast.py []
2023-03-08 12:10:25,118{GMT}	INFO	[jepsen test runner] jepsen.core: Relative time begins now
2023-03-08 12:10:25,138{GMT}	INFO	[jepsen worker 0] jepsen.util: 0	:invoke	:cbcast	1
2023-03-08 12:10:25,148{GMT}	INFO	[jepsen worker 0] jepsen.util: 0	:ok	:cbcast	[]
2023-03-08 12:10:25,472{GMT}	INFO	[jepsen worker 2] jepsen.util: 2	:invoke	:cbcast	2
2023-03-08 12:10:25,528{GMT}	INFO	[jepsen worker 0] jepsen.util: 0	:invoke	:cbcast	3
2023-03-08 12:10:25,535{GMT}	INFO	[jepsen worker 0] jepsen.util: 0	:ok	:cbcast	[]
2023-03-08 12:10:25,645{GMT}	INFO	[jepsen worker 0] jepsen.util: 0	:invoke	:cbcast	4
2023-03-08 12:10:25,653{GMT}	INFO	[jepsen worker 0] jepsen.util: 0	:ok	:cbcast	[]
2023-03-08 12:10:25,742{GMT}	INFO	[jepsen worker 1] jepsen.util: 1	:invoke	:cbcast	5
2023-03-08 12:10:26,061{GMT}	INFO	[jepsen worker 0] jepsen.util: 0	:invoke	:cbcast	6
2023-03-08 12:10:26,068{GMT}	INFO	[jepsen worker 0] jepsen.util: 0	:ok	:cbcast	[]
2023-03-08 12:10:26,161{GMT}	INFO	[jepsen worker 0] jepsen.util: 0	:invoke	:cbcast	7
2023-03-08 12:10:26,168{GMT}	INFO	[jepsen worker 0] jepsen.util: 0	:ok	:cbcast	[]
2023-03-08 12:10:26,263{GMT}	INFO	[jepsen worker 0] jepsen.util: 0	:invoke	:cbcast	8
2023-03-08 12:10:26,271{GMT}	INFO	[jepsen worker 0] jepsen.util: 0	:ok	:cbcast	[]
2023-03-08 12:10:26,530{GMT}	INFO	[jepsen worker 0] jepsen.util: 0	:invoke	:cbcast	9
2023-03-08 12:10:26,536{GMT}	INFO	[jepsen worker 0] jepsen.util: 0	:ok	:cbcast	[]
2023-03-08 12:10:26,618{GMT}	INFO	[jepsen worker 0] jepsen.util: 0	:invoke	:cbcast	10
2023-03-08 12:10:26,624{GMT}	INFO	[jepsen worker 0] jepsen.util: 0	:ok	:cbcast	[]
2023-03-08 12:10:27,015{GMT}	INFO	[jepsen worker 0] jepsen.util: 0	:invoke	:cbcast	11
2023-03-08 12:10:27,024{GMT}	INFO	[jepsen worker 0] jepsen.util: 0	:ok	:cbcast	[]
2023-03-08 12:10:27,324{GMT}	INFO	[jepsen worker 0] jepsen.util: 0	:invoke	:cbcast	12
2023-03-08 12:10:27,336{GMT}	INFO	[jepsen worker 0] jepsen.util: 0	:ok	:cbcast	[]
2023-03-08 12:10:27,383{GMT}	INFO	[jepsen worker 0] jepsen.util: 0	:invoke	:cbcast	13
2023-03-08 12:10:27,389{GMT}	INFO	[jepsen worker 0] jepsen.util: 0	:ok	:cbcast	[]
2023-03-08 12:10:27,542{GMT}	INFO	[jepsen worker 0] jepsen.util: 0	:invoke	:cbcast	14
2023-03-08 12:10:27,549{GMT}	INFO	[jepsen worker 0] jepsen.util: 0	:ok	:cbcast	[]
2023-03-08 12:10:27,756{GMT}	INFO	[jepsen worker 0] jepsen.util: 0	:invoke	:cbcast	15
2023-03-08 12:10:27,762{GMT}	INFO	[jepsen worker 0] jepsen.util: 0	:ok	:cbcast	[]
2023-03-08 12:10:27,763{GMT}	INFO	[jepsen worker 0] jepsen.util: 0	:invoke	:cbcast	16
2023-03-08 12:10:27,768{GMT}	INFO	[jepsen worker 0] jepsen.util: 0	:ok	:cbcast	[]
2023-03-08 12:10:27,997{GMT}	INFO	[jepsen worker 0] jepsen.util: 0	:invoke	:cbcast	17
2023-03-08 12:10:28,003{GMT}	INFO	[jepsen worker 0] jepsen.util: 0	:ok	:cbcast	[]
2023-03-08 12:10:28,390{GMT}	INFO	[jepsen worker 0] jepsen.util: 0	:invoke	:cbcast	18
2023-03-08 12:10:28,398{GMT}	INFO	[jepsen worker 0] jepsen.util: 0	:ok	:cbcast	[]
2023-03-08 12:10:28,455{GMT}	INFO	[jepsen worker 0] jepsen.util: 0	:invoke	:cbcast	19
2023-03-08 12:10:28,461{GMT}	INFO	[jepsen worker 0] jepsen.util: 0	:ok	:cbcast	[]
2023-03-08 12:10:28,589{GMT}	INFO	[jepsen worker 0] jepsen.util: 0	:invoke	:cbcast	20
2023-03-08 12:10:28,596{GMT}	INFO	[jepsen worker 0] jepsen.util: 0	:ok	:cbcast	[]
2023-03-08 12:10:28,809{GMT}	INFO	[jepsen worker 0] jepsen.util: 0	:invoke	:cbcast	21
2023-03-08 12:10:28,818{GMT}	INFO	[jepsen worker 0] jepsen.util: 0	:ok	:cbcast	[]
2023-03-08 12:10:29,133{GMT}	INFO	[jepsen worker 0] jepsen.util: 0	:invoke	:cbcast	22
2023-03-08 12:10:29,141{GMT}	INFO	[jepsen worker 0] jepsen.util: 0	:ok	:cbcast	[]
2023-03-08 12:10:29,347{GMT}	INFO	[jepsen worker 0] jepsen.util: 0	:invoke	:cbcast	23
2023-03-08 12:10:29,354{GMT}	INFO	[jepsen worker 0] jepsen.util: 0	:ok	:cbcast	[]
2023-03-08 12:10:29,590{GMT}	INFO	[jepsen worker 0] jepsen.util: 0	:invoke	:cbcast	24
2023-03-08 12:10:29,597{GMT}	INFO	[jepsen worker 0] jepsen.util: 0	:ok	:cbcast	[]
2023-03-08 12:10:29,625{GMT}	INFO	[jepsen worker 0] jepsen.util: 0	:invoke	:cbcast	25
2023-03-08 12:10:29,635{GMT}	INFO	[jepsen worker 0] jepsen.util: 0	:ok	:cbcast	[]
2023-03-08 12:10:29,719{GMT}	INFO	[jepsen worker 0] jepsen.util: 0	:invoke	:cbcast	26
2023-03-08 12:10:29,724{GMT}	INFO	[jepsen worker 0] jepsen.util: 0	:ok	:cbcast	[]
2023-03-08 12:10:29,988{GMT}	INFO	[jepsen worker 0] jepsen.util: 0	:invoke	:cbcast	27
2023-03-08 12:10:29,996{GMT}	INFO	[jepsen worker 0] jepsen.util: 0	:ok	:cbcast	[]
2023-03-08 12:10:30,483{GMT}	INFO	[jepsen worker 2] jepsen.util: 2	:info	:cbcast	2	:net-timeout
2023-03-08 12:10:30,749{GMT}	INFO	[jepsen worker 1] jepsen.util: 1	:info	:cbcast	5	:net-timeout
2023-03-08 12:10:30,765{GMT}	INFO	[jepsen node n1] maelstrom.db: Tearing down n1
2023-03-08 12:10:30,765{GMT}	INFO	[jepsen node n2] maelstrom.db: Tearing down n2
2023-03-08 12:10:30,765{GMT}	INFO	[jepsen node n0] maelstrom.db: Tearing down n0
2023-03-08 12:10:31,000{GMT}	INFO	[jepsen node n0] maelstrom.net: Shutting down Maelstrom network
2023-03-08 12:10:31,003{GMT}	WARN	[jepsen test runner] jepsen.core: Test crashed!
clojure.lang.ExceptionInfo: Node n2 crashed with exit status 1. Before crashing, it wrote to STDOUT:

{"dest": "c0", "src": "n2", "body": {"msg_id": 1, "in_reply_to": 1, "type": "init_ok"}}

And to STDERR:

DEBUG:root:received {"id":0,"src":"c0","dest":"n2","body":{"type":"init","node_id":"n2","node_ids":["n0","n1","n2"],"msg_id":1}}
INFO:root:node n2 initialized
DEBUG:root:sending {"dest": "c0", "src": "n2", "body": {"msg_id": 1, "in_reply_to": 1, "type": "init_ok"}}
DEBUG:root:received {"id":9,"src":"n0","dest":"n2","body":{"msg_id":4,"type":"fwd_msg","vv":{"n0":1,"n1":0,"n2":0},"message":1}}
DEBUG:root:msg vv: namespace(n0=1, n1=0, n2=0), type <class 'types.SimpleNamespace'>
Traceback (most recent call last):
  File "/home/miguel/uni/4ano/sd/sdge/guiao1/causal-broadcast.py", line 55, in <module>
    if verify_delevery(msg.src, msg.body.vv):
  File "/home/miguel/uni/4ano/sd/sdge/guiao1/causal-broadcast.py", line 23, in verify_delevery
    if vv[src] + 1 == vv_rec[src]:
TypeError: 'types.SimpleNamespace' object is not subscriptable

Full STDERR logs are available in /home/miguel/uni/4ano/sd/sdge/guiao1/store/cbcast/20230308T121024.000Z/node-logs/n2.log
	at slingshot.support$stack_trace.invoke(support.clj:201)
	at maelstrom.process$stop_node_BANG_.invokeStatic(process.clj:239)
	at maelstrom.process$stop_node_BANG_.invoke(process.clj:217)
	at maelstrom.db$db$reify__16817.teardown_BANG_(db.clj:75)
	at jepsen.db$fn__3462$G__3458__3466.invoke(db.clj:11)
	at jepsen.db$fn__3462$G__3457__3471.invoke(db.clj:11)
	at clojure.core$partial$fn__5824.invoke(core.clj:2625)
	at jepsen.control$on_nodes$fn__3339.invoke(control.clj:309)
	at clojure.lang.AFn.applyToHelper(AFn.java:154)
	at clojure.lang.AFn.applyTo(AFn.java:144)
	at clojure.core$apply.invokeStatic(core.clj:665)
	at clojure.core$with_bindings_STAR_.invokeStatic(core.clj:1973)
	at clojure.core$with_bindings_STAR_.doInvoke(core.clj:1973)
	at clojure.lang.RestFn.applyTo(RestFn.java:142)
	at clojure.core$apply.invokeStatic(core.clj:669)
	at clojure.core$bound_fn_STAR_$fn__5734.doInvoke(core.clj:2003)
	at clojure.lang.RestFn.invoke(RestFn.java:408)
	at dom_top.core$real_pmap_helper$build_thread__213$fn__214.invoke(core.clj:146)
	at clojure.lang.AFn.applyToHelper(AFn.java:152)
	at clojure.lang.AFn.applyTo(AFn.java:144)
	at clojure.core$apply.invokeStatic(core.clj:665)
	at clojure.core$with_bindings_STAR_.invokeStatic(core.clj:1973)
	at clojure.core$with_bindings_STAR_.doInvoke(core.clj:1973)
	at clojure.lang.RestFn.invoke(RestFn.java:425)
	at clojure.lang.AFn.applyToHelper(AFn.java:156)
	at clojure.lang.RestFn.applyTo(RestFn.java:132)
	at clojure.core$apply.invokeStatic(core.clj:669)
	at clojure.core$bound_fn_STAR_$fn__5734.doInvoke(core.clj:2003)
	at clojure.lang.RestFn.invoke(RestFn.java:397)
	at clojure.lang.AFn.run(AFn.java:22)
	at java.base/java.lang.Thread.run(Thread.java:833)
