DEBUG:root:received {"id":2,"src":"c2","dest":"n0","body":{"type":"init","node_id":"n0","node_ids":["n0","n1","n2"],"msg_id":1}}
INFO:root:node n0 initialized
DEBUG:root:sending {"dest": "c2", "src": "n0", "body": {"msg_id": 1, "in_reply_to": 1, "type": "init_ok"}}
DEBUG:root:received {"id":6,"src":"c6","dest":"n0","body":{"type":"cbcast","message":1,"msg_id":1}}
DEBUG:root:sending {"dest": "c6", "src": "n0", "body": {"msg_id": 2, "in_reply_to": 1, "type": "cbcast_ok", "messages": []}}
DEBUG:root:sending {"dest": "n1", "src": "n0", "body": {"msg_id": 3, "type": "fwd_msg", "vv": {"n0": 1, "n1": 0, "n2": 0}, "message": 1}}
DEBUG:root:sending {"dest": "n2", "src": "n0", "body": {"msg_id": 4, "type": "fwd_msg", "vv": {"n0": 1, "n1": 0, "n2": 0}, "message": 1}}
DEBUG:root:received {"id":12,"src":"n1","dest":"n0","body":{"msg_id":3,"type":"fwd_msg","vv":{"n0":1,"n1":1,"n2":0},"message":2}}
DEBUG:root:received {"id":14,"src":"c6","dest":"n0","body":{"type":"cbcast","message":3,"msg_id":2}}
DEBUG:root:sending {"dest": "c6", "src": "n0", "body": {"msg_id": 5, "in_reply_to": 2, "type": "cbcast_ok", "messages": [2]}}
DEBUG:root:sending {"dest": "n1", "src": "n0", "body": {"msg_id": 6, "type": "fwd_msg", "vv": {"n0": 2, "n1": 1, "n2": 0}, "message": 3}}
DEBUG:root:sending {"dest": "n2", "src": "n0", "body": {"msg_id": 7, "type": "fwd_msg", "vv": {"n0": 2, "n1": 1, "n2": 0}, "message": 3}}
DEBUG:root:received {"id":18,"src":"c6","dest":"n0","body":{"type":"cbcast","message":4,"msg_id":3}}
DEBUG:root:sending {"dest": "c6", "src": "n0", "body": {"msg_id": 8, "in_reply_to": 3, "type": "cbcast_ok", "messages": []}}
DEBUG:root:sending {"dest": "n1", "src": "n0", "body": {"msg_id": 9, "type": "fwd_msg", "vv": {"n0": 3, "n1": 1, "n2": 0}, "message": 4}}
DEBUG:root:sending {"dest": "n2", "src": "n0", "body": {"msg_id": 10, "type": "fwd_msg", "vv": {"n0": 3, "n1": 1, "n2": 0}, "message": 4}}
DEBUG:root:received {"id":22,"src":"c6","dest":"n0","body":{"type":"cbcast","message":5,"msg_id":4}}
DEBUG:root:sending {"dest": "c6", "src": "n0", "body": {"msg_id": 11, "in_reply_to": 4, "type": "cbcast_ok", "messages": []}}
DEBUG:root:sending {"dest": "n1", "src": "n0", "body": {"msg_id": 12, "type": "fwd_msg", "vv": {"n0": 4, "n1": 1, "n2": 0}, "message": 5}}
DEBUG:root:sending {"dest": "n2", "src": "n0", "body": {"msg_id": 13, "type": "fwd_msg", "vv": {"n0": 4, "n1": 1, "n2": 0}, "message": 5}}
DEBUG:root:received {"id":28,"src":"n2","dest":"n0","body":{"msg_id":3,"type":"fwd_msg","vv":{"n0":4,"n1":1,"n2":1},"message":6}}
DEBUG:root:received {"id":32,"src":"n1","dest":"n0","body":{"msg_id":6,"type":"fwd_msg","vv":{"n0":4,"n1":2,"n2":1},"message":7}}
DEBUG:root:received {"id":34,"src":"c6","dest":"n0","body":{"type":"cbcast","message":8,"msg_id":5}}
DEBUG:root:sending {"dest": "c6", "src": "n0", "body": {"msg_id": 14, "in_reply_to": 5, "type": "cbcast_ok", "messages": [6, 7]}}
DEBUG:root:sending {"dest": "n1", "src": "n0", "body": {"msg_id": 15, "type": "fwd_msg", "vv": {"n0": 5, "n1": 2, "n2": 1}, "message": 8}}
DEBUG:root:sending {"dest": "n2", "src": "n0", "body": {"msg_id": 16, "type": "fwd_msg", "vv": {"n0": 5, "n1": 2, "n2": 1}, "message": 8}}
DEBUG:root:received {"id":40,"src":"n2","dest":"n0","body":{"msg_id":6,"type":"fwd_msg","vv":{"n0":5,"n1":2,"n2":2},"message":9}}
DEBUG:root:received {"id":44,"src":"n2","dest":"n0","body":{"msg_id":9,"type":"fwd_msg","vv":{"n0":5,"n1":2,"n2":3},"message":10}}
DEBUG:root:received {"id":48,"src":"n2","dest":"n0","body":{"msg_id":12,"type":"fwd_msg","vv":{"n0":5,"n1":2,"n2":4},"message":11}}
DEBUG:root:received {"id":52,"src":"n2","dest":"n0","body":{"msg_id":15,"type":"fwd_msg","vv":{"n0":5,"n1":2,"n2":5},"message":12}}
DEBUG:root:received {"id":56,"src":"n1","dest":"n0","body":{"msg_id":9,"type":"fwd_msg","vv":{"n0":5,"n1":3,"n2":5},"message":13}}
DEBUG:root:received {"id":60,"src":"n2","dest":"n0","body":{"msg_id":18,"type":"fwd_msg","vv":{"n0":5,"n1":3,"n2":6},"message":14}}
DEBUG:root:received {"id":64,"src":"n2","dest":"n0","body":{"msg_id":21,"type":"fwd_msg","vv":{"n0":5,"n1":3,"n2":7},"message":15}}
DEBUG:root:received {"id":68,"src":"n2","dest":"n0","body":{"msg_id":24,"type":"fwd_msg","vv":{"n0":5,"n1":3,"n2":8},"message":16}}
DEBUG:root:received {"id":70,"src":"c6","dest":"n0","body":{"type":"cbcast","message":17,"msg_id":6}}
DEBUG:root:sending {"dest": "c6", "src": "n0", "body": {"msg_id": 17, "in_reply_to": 6, "type": "cbcast_ok", "messages": [9, 10, 11, 12, 13, 14, 15, 16]}}
DEBUG:root:sending {"dest": "n1", "src": "n0", "body": {"msg_id": 18, "type": "fwd_msg", "vv": {"n0": 6, "n1": 3, "n2": 8}, "message": 17}}
DEBUG:root:sending {"dest": "n2", "src": "n0", "body": {"msg_id": 19, "type": "fwd_msg", "vv": {"n0": 6, "n1": 3, "n2": 8}, "message": 17}}
DEBUG:root:received {"id":74,"src":"c6","dest":"n0","body":{"type":"cbcast","message":18,"msg_id":7}}
DEBUG:root:sending {"dest": "c6", "src": "n0", "body": {"msg_id": 20, "in_reply_to": 7, "type": "cbcast_ok", "messages": []}}
DEBUG:root:sending {"dest": "n1", "src": "n0", "body": {"msg_id": 21, "type": "fwd_msg", "vv": {"n0": 7, "n1": 3, "n2": 8}, "message": 18}}
DEBUG:root:sending {"dest": "n2", "src": "n0", "body": {"msg_id": 22, "type": "fwd_msg", "vv": {"n0": 7, "n1": 3, "n2": 8}, "message": 18}}
DEBUG:root:received {"id":78,"src":"c6","dest":"n0","body":{"type":"cbcast","message":19,"msg_id":8}}
DEBUG:root:sending {"dest": "c6", "src": "n0", "body": {"msg_id": 23, "in_reply_to": 8, "type": "cbcast_ok", "messages": []}}
DEBUG:root:sending {"dest": "n1", "src": "n0", "body": {"msg_id": 24, "type": "fwd_msg", "vv": {"n0": 8, "n1": 3, "n2": 8}, "message": 19}}
DEBUG:root:sending {"dest": "n2", "src": "n0", "body": {"msg_id": 25, "type": "fwd_msg", "vv": {"n0": 8, "n1": 3, "n2": 8}, "message": 19}}
DEBUG:root:received {"id":84,"src":"n1","dest":"n0","body":{"msg_id":12,"type":"fwd_msg","vv":{"n0":8,"n1":4,"n2":8},"message":20}}
DEBUG:root:received {"id":88,"src":"n2","dest":"n0","body":{"msg_id":27,"type":"fwd_msg","vv":{"n0":8,"n1":4,"n2":9},"message":21}}
DEBUG:root:received {"id":90,"src":"c6","dest":"n0","body":{"type":"cbcast","message":22,"msg_id":9}}
DEBUG:root:sending {"dest": "c6", "src": "n0", "body": {"msg_id": 26, "in_reply_to": 9, "type": "cbcast_ok", "messages": [20, 21]}}
DEBUG:root:sending {"dest": "n1", "src": "n0", "body": {"msg_id": 27, "type": "fwd_msg", "vv": {"n0": 9, "n1": 4, "n2": 9}, "message": 22}}
DEBUG:root:sending {"dest": "n2", "src": "n0", "body": {"msg_id": 28, "type": "fwd_msg", "vv": {"n0": 9, "n1": 4, "n2": 9}, "message": 22}}
DEBUG:root:received {"id":96,"src":"n2","dest":"n0","body":{"msg_id":30,"type":"fwd_msg","vv":{"n0":9,"n1":4,"n2":10},"message":23}}
DEBUG:root:received {"id":98,"src":"c6","dest":"n0","body":{"type":"cbcast","message":24,"msg_id":10}}
DEBUG:root:sending {"dest": "c6", "src": "n0", "body": {"msg_id": 29, "in_reply_to": 10, "type": "cbcast_ok", "messages": [23]}}
DEBUG:root:sending {"dest": "n1", "src": "n0", "body": {"msg_id": 30, "type": "fwd_msg", "vv": {"n0": 10, "n1": 4, "n2": 10}, "message": 24}}
DEBUG:root:sending {"dest": "n2", "src": "n0", "body": {"msg_id": 31, "type": "fwd_msg", "vv": {"n0": 10, "n1": 4, "n2": 10}, "message": 24}}
DEBUG:root:received {"id":102,"src":"c6","dest":"n0","body":{"type":"cbcast","message":25,"msg_id":11}}
DEBUG:root:sending {"dest": "c6", "src": "n0", "body": {"msg_id": 32, "in_reply_to": 11, "type": "cbcast_ok", "messages": []}}
DEBUG:root:sending {"dest": "n1", "src": "n0", "body": {"msg_id": 33, "type": "fwd_msg", "vv": {"n0": 11, "n1": 4, "n2": 10}, "message": 25}}
DEBUG:root:sending {"dest": "n2", "src": "n0", "body": {"msg_id": 34, "type": "fwd_msg", "vv": {"n0": 11, "n1": 4, "n2": 10}, "message": 25}}
DEBUG:root:received {"id":106,"src":"c6","dest":"n0","body":{"type":"cbcast","message":26,"msg_id":12}}
DEBUG:root:sending {"dest": "c6", "src": "n0", "body": {"msg_id": 35, "in_reply_to": 12, "type": "cbcast_ok", "messages": []}}
DEBUG:root:sending {"dest": "n1", "src": "n0", "body": {"msg_id": 36, "type": "fwd_msg", "vv": {"n0": 12, "n1": 4, "n2": 10}, "message": 26}}
DEBUG:root:sending {"dest": "n2", "src": "n0", "body": {"msg_id": 37, "type": "fwd_msg", "vv": {"n0": 12, "n1": 4, "n2": 10}, "message": 26}}
DEBUG:root:received {"id":112,"src":"n1","dest":"n0","body":{"msg_id":15,"type":"fwd_msg","vv":{"n0":12,"n1":5,"n2":10},"message":27}}
DEBUG:root:received {"id":116,"src":"n1","dest":"n0","body":{"msg_id":18,"type":"fwd_msg","vv":{"n0":12,"n1":6,"n2":10},"message":28}}
