DEBUG:root:received {"id":0,"src":"c1","dest":"n1","body":{"type":"init","node_id":"n1","node_ids":["n0","n1","n2"],"msg_id":1}}
INFO:root:node n1 initialized
DEBUG:root:sending {"dest": "c1", "src": "n1", "body": {"msg_id": 1, "in_reply_to": 1, "type": "init_ok"}}
DEBUG:root:received {"id":8,"src":"n0","dest":"n1","body":{"msg_id":3,"type":"fwd_msg","vv":{"n0":1,"n1":0,"n2":0},"message":1}}
DEBUG:root:received {"id":10,"src":"c7","dest":"n1","body":{"type":"cbcast","message":2,"msg_id":1}}
DEBUG:root:sending {"dest": "c7", "src": "n1", "body": {"msg_id": 2, "in_reply_to": 1, "type": "cbcast_ok", "messages": [1]}}
DEBUG:root:sending {"dest": "n0", "src": "n1", "body": {"msg_id": 3, "type": "fwd_msg", "vv": {"n0": 1, "n1": 1, "n2": 0}, "message": 2}}
DEBUG:root:sending {"dest": "n2", "src": "n1", "body": {"msg_id": 4, "type": "fwd_msg", "vv": {"n0": 1, "n1": 1, "n2": 0}, "message": 2}}
DEBUG:root:received {"id":16,"src":"n0","dest":"n1","body":{"msg_id":6,"type":"fwd_msg","vv":{"n0":2,"n1":1,"n2":0},"message":3}}
DEBUG:root:received {"id":20,"src":"n0","dest":"n1","body":{"msg_id":9,"type":"fwd_msg","vv":{"n0":3,"n1":1,"n2":0},"message":4}}
DEBUG:root:received {"id":24,"src":"n0","dest":"n1","body":{"msg_id":12,"type":"fwd_msg","vv":{"n0":4,"n1":1,"n2":0},"message":5}}
DEBUG:root:received {"id":29,"src":"n2","dest":"n1","body":{"msg_id":4,"type":"fwd_msg","vv":{"n0":4,"n1":1,"n2":1},"message":6}}
DEBUG:root:received {"id":30,"src":"c7","dest":"n1","body":{"type":"cbcast","message":7,"msg_id":2}}
DEBUG:root:sending {"dest": "c7", "src": "n1", "body": {"msg_id": 5, "in_reply_to": 2, "type": "cbcast_ok", "messages": [3, 4, 5, 6]}}
DEBUG:root:sending {"dest": "n0", "src": "n1", "body": {"msg_id": 6, "type": "fwd_msg", "vv": {"n0": 4, "n1": 2, "n2": 1}, "message": 7}}
DEBUG:root:sending {"dest": "n2", "src": "n1", "body": {"msg_id": 7, "type": "fwd_msg", "vv": {"n0": 4, "n1": 2, "n2": 1}, "message": 7}}
DEBUG:root:received {"id":36,"src":"n0","dest":"n1","body":{"msg_id":15,"type":"fwd_msg","vv":{"n0":5,"n1":2,"n2":1},"message":8}}
DEBUG:root:received {"id":41,"src":"n2","dest":"n1","body":{"msg_id":7,"type":"fwd_msg","vv":{"n0":5,"n1":2,"n2":2},"message":9}}
DEBUG:root:received {"id":45,"src":"n2","dest":"n1","body":{"msg_id":10,"type":"fwd_msg","vv":{"n0":5,"n1":2,"n2":3},"message":10}}
DEBUG:root:received {"id":49,"src":"n2","dest":"n1","body":{"msg_id":13,"type":"fwd_msg","vv":{"n0":5,"n1":2,"n2":4},"message":11}}
DEBUG:root:received {"id":53,"src":"n2","dest":"n1","body":{"msg_id":16,"type":"fwd_msg","vv":{"n0":5,"n1":2,"n2":5},"message":12}}
DEBUG:root:received {"id":54,"src":"c7","dest":"n1","body":{"type":"cbcast","message":13,"msg_id":3}}
DEBUG:root:sending {"dest": "c7", "src": "n1", "body": {"msg_id": 8, "in_reply_to": 3, "type": "cbcast_ok", "messages": [8, 9, 10, 11, 12]}}
DEBUG:root:sending {"dest": "n0", "src": "n1", "body": {"msg_id": 9, "type": "fwd_msg", "vv": {"n0": 5, "n1": 3, "n2": 5}, "message": 13}}
DEBUG:root:sending {"dest": "n2", "src": "n1", "body": {"msg_id": 10, "type": "fwd_msg", "vv": {"n0": 5, "n1": 3, "n2": 5}, "message": 13}}
DEBUG:root:received {"id":61,"src":"n2","dest":"n1","body":{"msg_id":19,"type":"fwd_msg","vv":{"n0":5,"n1":3,"n2":6},"message":14}}
DEBUG:root:received {"id":65,"src":"n2","dest":"n1","body":{"msg_id":22,"type":"fwd_msg","vv":{"n0":5,"n1":3,"n2":7},"message":15}}
DEBUG:root:received {"id":69,"src":"n2","dest":"n1","body":{"msg_id":25,"type":"fwd_msg","vv":{"n0":5,"n1":3,"n2":8},"message":16}}
DEBUG:root:received {"id":72,"src":"n0","dest":"n1","body":{"msg_id":18,"type":"fwd_msg","vv":{"n0":6,"n1":3,"n2":8},"message":17}}
DEBUG:root:received {"id":76,"src":"n0","dest":"n1","body":{"msg_id":21,"type":"fwd_msg","vv":{"n0":7,"n1":3,"n2":8},"message":18}}
DEBUG:root:received {"id":80,"src":"n0","dest":"n1","body":{"msg_id":24,"type":"fwd_msg","vv":{"n0":8,"n1":3,"n2":8},"message":19}}
DEBUG:root:received {"id":82,"src":"c7","dest":"n1","body":{"type":"cbcast","message":20,"msg_id":4}}
DEBUG:root:sending {"dest": "c7", "src": "n1", "body": {"msg_id": 11, "in_reply_to": 4, "type": "cbcast_ok", "messages": [14, 15, 16, 17, 18, 19]}}
DEBUG:root:sending {"dest": "n0", "src": "n1", "body": {"msg_id": 12, "type": "fwd_msg", "vv": {"n0": 8, "n1": 4, "n2": 8}, "message": 20}}
DEBUG:root:sending {"dest": "n2", "src": "n1", "body": {"msg_id": 13, "type": "fwd_msg", "vv": {"n0": 8, "n1": 4, "n2": 8}, "message": 20}}
DEBUG:root:received {"id":89,"src":"n2","dest":"n1","body":{"msg_id":28,"type":"fwd_msg","vv":{"n0":8,"n1":4,"n2":9},"message":21}}
DEBUG:root:received {"id":92,"src":"n0","dest":"n1","body":{"msg_id":27,"type":"fwd_msg","vv":{"n0":9,"n1":4,"n2":9},"message":22}}
DEBUG:root:received {"id":97,"src":"n2","dest":"n1","body":{"msg_id":31,"type":"fwd_msg","vv":{"n0":9,"n1":4,"n2":10},"message":23}}
DEBUG:root:received {"id":100,"src":"n0","dest":"n1","body":{"msg_id":30,"type":"fwd_msg","vv":{"n0":10,"n1":4,"n2":10},"message":24}}
DEBUG:root:received {"id":104,"src":"n0","dest":"n1","body":{"msg_id":33,"type":"fwd_msg","vv":{"n0":11,"n1":4,"n2":10},"message":25}}
DEBUG:root:received {"id":108,"src":"n0","dest":"n1","body":{"msg_id":36,"type":"fwd_msg","vv":{"n0":12,"n1":4,"n2":10},"message":26}}
DEBUG:root:received {"id":110,"src":"c7","dest":"n1","body":{"type":"cbcast","message":27,"msg_id":5}}
DEBUG:root:sending {"dest": "c7", "src": "n1", "body": {"msg_id": 14, "in_reply_to": 5, "type": "cbcast_ok", "messages": [21, 22, 23, 24, 25, 26]}}
DEBUG:root:sending {"dest": "n0", "src": "n1", "body": {"msg_id": 15, "type": "fwd_msg", "vv": {"n0": 12, "n1": 5, "n2": 10}, "message": 27}}
DEBUG:root:sending {"dest": "n2", "src": "n1", "body": {"msg_id": 16, "type": "fwd_msg", "vv": {"n0": 12, "n1": 5, "n2": 10}, "message": 27}}
DEBUG:root:received {"id":114,"src":"c7","dest":"n1","body":{"type":"cbcast","message":28,"msg_id":6}}
DEBUG:root:sending {"dest": "c7", "src": "n1", "body": {"msg_id": 17, "in_reply_to": 6, "type": "cbcast_ok", "messages": []}}
DEBUG:root:sending {"dest": "n0", "src": "n1", "body": {"msg_id": 18, "type": "fwd_msg", "vv": {"n0": 12, "n1": 6, "n2": 10}, "message": 28}}
DEBUG:root:sending {"dest": "n2", "src": "n1", "body": {"msg_id": 19, "type": "fwd_msg", "vv": {"n0": 12, "n1": 6, "n2": 10}, "message": 28}}
