DEBUG:root:received {"id":0,"src":"c0","dest":"n2","body":{"type":"init","node_id":"n2","node_ids":["n0","n1","n2"],"msg_id":1}}
INFO:root:node n2 initialized
DEBUG:root:sending {"dest": "c0", "src": "n2", "body": {"msg_id": 1, "in_reply_to": 1, "type": "init_ok"}}
DEBUG:root:received {"id":6,"src":"c6","dest":"n2","body":{"type":"cbcast","message":1,"msg_id":1}}
DEBUG:root:sending {"dest": "c6", "src": "n2", "body": {"msg_id": 2, "in_reply_to": 1, "type": "cbcast_ok", "messages": []}}
DEBUG:root:sending {"dest": "n0", "src": "n2", "body": {"msg_id": 3, "type": "fwd_msg", "vv": {"n0": 0, "n1": 0, "n2": 1}, "message": 1}}
DEBUG:root:sending {"dest": "n1", "src": "n2", "body": {"msg_id": 4, "type": "fwd_msg", "vv": {"n0": 0, "n1": 0, "n2": 1}, "message": 1}}
DEBUG:root:received {"id":11,"src":"c6","dest":"n2","body":{"type":"cbcast","message":3,"msg_id":2}}
DEBUG:root:sending {"dest": "c6", "src": "n2", "body": {"msg_id": 5, "in_reply_to": 2, "type": "cbcast_ok", "messages": []}}
DEBUG:root:sending {"dest": "n0", "src": "n2", "body": {"msg_id": 6, "type": "fwd_msg", "vv": {"n0": 0, "n1": 0, "n2": 2}, "message": 3}}
DEBUG:root:sending {"dest": "n1", "src": "n2", "body": {"msg_id": 7, "type": "fwd_msg", "vv": {"n0": 0, "n1": 0, "n2": 2}, "message": 3}}
DEBUG:root:received {"id":15,"src":"c6","dest":"n2","body":{"type":"cbcast","message":4,"msg_id":3}}
DEBUG:root:sending {"dest": "c6", "src": "n2", "body": {"msg_id": 8, "in_reply_to": 3, "type": "cbcast_ok", "messages": []}}
DEBUG:root:sending {"dest": "n0", "src": "n2", "body": {"msg_id": 9, "type": "fwd_msg", "vv": {"n0": 0, "n1": 0, "n2": 3}, "message": 4}}
DEBUG:root:sending {"dest": "n1", "src": "n2", "body": {"msg_id": 10, "type": "fwd_msg", "vv": {"n0": 0, "n1": 0, "n2": 3}, "message": 4}}
DEBUG:root:received {"id":21,"src":"n0","dest":"n2","body":{"msg_id":4,"type":"fwd_msg","vv":{"n0":1,"n1":0,"n2":1},"message":2}}
DEBUG:root:received {"id":31,"src":"c6","dest":"n2","body":{"type":"cbcast","message":8,"msg_id":4}}
DEBUG:root:sending {"dest": "c6", "src": "n2", "body": {"msg_id": 11, "in_reply_to": 4, "type": "cbcast_ok", "messages": [2]}}
DEBUG:root:sending {"dest": "n0", "src": "n2", "body": {"msg_id": 12, "type": "fwd_msg", "vv": {"n0": 1, "n1": 0, "n2": 4}, "message": 8}}
DEBUG:root:sending {"dest": "n1", "src": "n2", "body": {"msg_id": 13, "type": "fwd_msg", "vv": {"n0": 1, "n1": 0, "n2": 4}, "message": 8}}
DEBUG:root:received {"id":29,"src":"n0","dest":"n2","body":{"msg_id":7,"type":"fwd_msg","vv":{"n0":2,"n1":0,"n2":3},"message":6}}
DEBUG:root:received {"id":35,"src":"c6","dest":"n2","body":{"type":"cbcast","message":9,"msg_id":5}}
DEBUG:root:sending {"dest": "c6", "src": "n2", "body": {"msg_id": 14, "in_reply_to": 5, "type": "cbcast_ok", "messages": [6]}}
DEBUG:root:sending {"dest": "n0", "src": "n2", "body": {"msg_id": 15, "type": "fwd_msg", "vv": {"n0": 2, "n1": 0, "n2": 5}, "message": 9}}
DEBUG:root:sending {"dest": "n1", "src": "n2", "body": {"msg_id": 16, "type": "fwd_msg", "vv": {"n0": 2, "n1": 0, "n2": 5}, "message": 9}}
DEBUG:root:received {"id":26,"src":"n1","dest":"n2","body":{"msg_id":4,"type":"fwd_msg","vv":{"n0":0,"n1":1,"n2":2},"message":5}}
DEBUG:root:received {"id":40,"src":"c6","dest":"n2","body":{"type":"cbcast","message":11,"msg_id":6}}
DEBUG:root:sending {"dest": "c6", "src": "n2", "body": {"msg_id": 17, "in_reply_to": 6, "type": "cbcast_ok", "messages": [5]}}
DEBUG:root:sending {"dest": "n0", "src": "n2", "body": {"msg_id": 18, "type": "fwd_msg", "vv": {"n0": 2, "n1": 1, "n2": 6}, "message": 11}}
DEBUG:root:sending {"dest": "n1", "src": "n2", "body": {"msg_id": 19, "type": "fwd_msg", "vv": {"n0": 2, "n1": 1, "n2": 6}, "message": 11}}
DEBUG:root:received {"id":43,"src":"n0","dest":"n2","body":{"msg_id":10,"type":"fwd_msg","vv":{"n0":3,"n1":1,"n2":3},"message":7}}
DEBUG:root:received {"id":48,"src":"c6","dest":"n2","body":{"type":"cbcast","message":13,"msg_id":7}}
DEBUG:root:sending {"dest": "c6", "src": "n2", "body": {"msg_id": 20, "in_reply_to": 7, "type": "cbcast_ok", "messages": [7]}}
DEBUG:root:sending {"dest": "n0", "src": "n2", "body": {"msg_id": 21, "type": "fwd_msg", "vv": {"n0": 3, "n1": 1, "n2": 7}, "message": 13}}
DEBUG:root:sending {"dest": "n1", "src": "n2", "body": {"msg_id": 22, "type": "fwd_msg", "vv": {"n0": 3, "n1": 1, "n2": 7}, "message": 13}}
DEBUG:root:received {"id":51,"src":"n0","dest":"n2","body":{"msg_id":13,"type":"fwd_msg","vv":{"n0":4,"n1":1,"n2":4},"message":12}}
DEBUG:root:received {"id":61,"src":"n1","dest":"n2","body":{"msg_id":10,"type":"fwd_msg","vv":{"n0":2,"n1":3,"n2":7},"message":14}}
DEBUG:root:received {"id":57,"src":"n1","dest":"n2","body":{"msg_id":7,"type":"fwd_msg","vv":{"n0":2,"n1":2,"n2":3},"message":10}}
DEBUG:root:received {"id":65,"src":"n1","dest":"n2","body":{"msg_id":13,"type":"fwd_msg","vv":{"n0":3,"n1":4,"n2":7},"message":15}}
DEBUG:root:received {"id":67,"src":"c6","dest":"n2","body":{"type":"cbcast","message":17,"msg_id":8}}
DEBUG:root:sending {"dest": "c6", "src": "n2", "body": {"msg_id": 23, "in_reply_to": 8, "type": "cbcast_ok", "messages": [12, 14, 10, 15]}}
DEBUG:root:sending {"dest": "n0", "src": "n2", "body": {"msg_id": 24, "type": "fwd_msg", "vv": {"n0": 4, "n1": 4, "n2": 8}, "message": 17}}
DEBUG:root:sending {"dest": "n1", "src": "n2", "body": {"msg_id": 25, "type": "fwd_msg", "vv": {"n0": 4, "n1": 4, "n2": 8}, "message": 17}}
DEBUG:root:received {"id":73,"src":"n0","dest":"n2","body":{"msg_id":16,"type":"fwd_msg","vv":{"n0":5,"n1":2,"n2":7},"message":16}}
DEBUG:root:received {"id":77,"src":"n1","dest":"n2","body":{"msg_id":16,"type":"fwd_msg","vv":{"n0":5,"n1":5,"n2":8},"message":18}}
DEBUG:root:received {"id":81,"src":"n0","dest":"n2","body":{"msg_id":19,"type":"fwd_msg","vv":{"n0":6,"n1":5,"n2":8},"message":19}}
DEBUG:root:received {"id":85,"src":"n1","dest":"n2","body":{"msg_id":19,"type":"fwd_msg","vv":{"n0":6,"n1":6,"n2":8},"message":20}}
DEBUG:root:received {"id":89,"src":"n0","dest":"n2","body":{"msg_id":22,"type":"fwd_msg","vv":{"n0":7,"n1":6,"n2":8},"message":21}}
DEBUG:root:received {"id":95,"src":"c6","dest":"n2","body":{"type":"cbcast","message":24,"msg_id":9}}
DEBUG:root:sending {"dest": "c6", "src": "n2", "body": {"msg_id": 26, "in_reply_to": 9, "type": "cbcast_ok", "messages": [16, 18, 19, 20, 21]}}
DEBUG:root:sending {"dest": "n0", "src": "n2", "body": {"msg_id": 27, "type": "fwd_msg", "vv": {"n0": 7, "n1": 6, "n2": 9}, "message": 24}}
DEBUG:root:sending {"dest": "n1", "src": "n2", "body": {"msg_id": 28, "type": "fwd_msg", "vv": {"n0": 7, "n1": 6, "n2": 9}, "message": 24}}
DEBUG:root:received {"id":94,"src":"n0","dest":"n2","body":{"msg_id":25,"type":"fwd_msg","vv":{"n0":8,"n1":6,"n2":8},"message":23}}
DEBUG:root:received {"id":99,"src":"c6","dest":"n2","body":{"type":"cbcast","message":25,"msg_id":10}}
DEBUG:root:sending {"dest": "c6", "src": "n2", "body": {"msg_id": 29, "in_reply_to": 10, "type": "cbcast_ok", "messages": [23]}}
DEBUG:root:sending {"dest": "n0", "src": "n2", "body": {"msg_id": 30, "type": "fwd_msg", "vv": {"n0": 8, "n1": 6, "n2": 10}, "message": 25}}
DEBUG:root:sending {"dest": "n1", "src": "n2", "body": {"msg_id": 31, "type": "fwd_msg", "vv": {"n0": 8, "n1": 6, "n2": 10}, "message": 25}}
DEBUG:root:received {"id":106,"src":"n1","dest":"n2","body":{"msg_id":22,"type":"fwd_msg","vv":{"n0":7,"n1":7,"n2":8},"message":22}}
DEBUG:root:received {"id":107,"src":"c6","dest":"n2","body":{"type":"cbcast","message":27,"msg_id":11}}
DEBUG:root:sending {"dest": "c6", "src": "n2", "body": {"msg_id": 32, "in_reply_to": 11, "type": "cbcast_ok", "messages": [22]}}
DEBUG:root:sending {"dest": "n0", "src": "n2", "body": {"msg_id": 33, "type": "fwd_msg", "vv": {"n0": 8, "n1": 7, "n2": 11}, "message": 27}}
DEBUG:root:sending {"dest": "n1", "src": "n2", "body": {"msg_id": 34, "type": "fwd_msg", "vv": {"n0": 8, "n1": 7, "n2": 11}, "message": 27}}
DEBUG:root:received {"id":115,"src":"n0","dest":"n2","body":{"msg_id":31,"type":"fwd_msg","vv":{"n0":10,"n1":7,"n2":10},"message":29}}
DEBUG:root:received {"id":111,"src":"n0","dest":"n2","body":{"msg_id":28,"type":"fwd_msg","vv":{"n0":9,"n1":6,"n2":9},"message":26}}
DEBUG:root:received {"id":118,"src":"n1","dest":"n2","body":{"msg_id":25,"type":"fwd_msg","vv":{"n0":8,"n1":8,"n2":10},"message":28}}
