2023-03-07 11:04:46,550{GMT}	INFO	[jepsen test runner] jepsen.core: Command line:
lein run test -w cbcast --bin causal-broadcast.py --time-limit 5 --node-count 3 --concurrency 1n --latency-dist uniform --latency 500
2023-03-07 11:04:46,640{GMT}	INFO	[jepsen test runner] jepsen.core: Running test:
{:args []
 :remote
 #jepsen.control.retry.Remote{:remote #jepsen.control.scp.Remote{:cmd-remote #jepsen.control.clj_ssh.Remote{:concurrency-limit 8,
                                                                                                            :conn-spec nil,
                                                                                                            :session nil,
                                                                                                            :semaphore nil},
                                                                 :conn-spec nil},
                              :conn nil}
 :log-net-send false
 :node-count 3
 :max-txn-length 4
 :concurrency 3
 :db
 #object[maelstrom.db$db$reify__16817
         "0x4a28b6d0"
         "maelstrom.db$db$reify__16817@4a28b6d0"]
 :max-writes-per-key 16
 :leave-db-running? false
 :name "cbcast"
 :logging-json? false
 :start-time
 #object[org.joda.time.DateTime "0x64230d44" "2023-03-07T11:04:46.000Z"]
 :nemesis-interval 10
 :net
 #object[maelstrom.net$jepsen_net$reify__15673
         "0x1ff584d7"
         "maelstrom.net$jepsen_net$reify__15673@1ff584d7"]
 :client
 #object[maelstrom.workload.cbcast$client$reify__18677
         "0x7752f9fe"
         "maelstrom.workload.cbcast$client$reify__18677@7752f9fe"]
 :barrier
 #object[java.util.concurrent.CyclicBarrier
         "0x9588bd8"
         "java.util.concurrent.CyclicBarrier@9588bd8"]
 :log-stderr false
 :pure-generators true
 :ssh {:dummy? true}
 :rate 5
 :checker
 #object[jepsen.checker$compose$reify__8787
         "0x75edfe9a"
         "jepsen.checker$compose$reify__8787@75edfe9a"]
 :argv
 ("test"
  "-w"
  "cbcast"
  "--bin"
  "causal-broadcast.py"
  "--time-limit"
  "5"
  "--node-count"
  "3"
  "--concurrency"
  "1n"
  "--latency-dist"
  "uniform"
  "--latency"
  "500")
 :nemesis
 (jepsen.nemesis.ReflCompose
  {:fm {:start-partition 0,
        :stop-partition 0,
        :kill 1,
        :start 1,
        :pause 1,
        :resume 1},
   :nemeses [#unprintable "jepsen.nemesis.combined$partition_nemesis$reify__17089@468d1fcc"
             #unprintable "jepsen.nemesis.combined$db_nemesis$reify__17070@267093ea"]})
 :nodes ["n0" "n1" "n2"]
 :test-count 1
 :latency {:mean 500, :dist :uniform}
 :bin "causal-broadcast.py"
 :generator
 (jepsen.generator.TimeLimit
  {:limit 5000000000,
   :cutoff nil,
   :gen (jepsen.generator.Any
         {:gens [(jepsen.generator.OnThreads {:f #{:nemesis}, :gen nil})
                 (jepsen.generator.OnThreads
                  {:f #object[clojure.core$complement$fn__5654
                              "0x349e166"
                              "clojure.core$complement$fn__5654@349e166"],
                   :gen (jepsen.generator.Stagger
                         {:dt 400000000,
                          :next-time nil,
                          :gen ({:f :cbcast, :value 1}
                                {:f :cbcast, :value 2}
                                {:f :cbcast, :value 3}
                                {:f :cbcast, :value 4}
                                {:f :cbcast, :value 5}
                                {:f :cbcast, :value 6}
                                {:f :cbcast, :value 7}
                                {:f :cbcast, :value 8}
                                ...)})})]})})
 :log-net-recv false
 :os
 #object[maelstrom.net$jepsen_os$reify__15676
         "0x68fd0fba"
         "maelstrom.net$jepsen_os$reify__15676@68fd0fba"]
 :time-limit 5
 :workload :cbcast
 :consistency-models [:strict-serializable]
 :topology :grid}

2023-03-07 11:04:46,650{GMT}	INFO	[jepsen node n0] maelstrom.net: Starting Maelstrom network
2023-03-07 11:04:46,651{GMT}	INFO	[jepsen test runner] jepsen.db: Tearing down DB
2023-03-07 11:04:46,654{GMT}	INFO	[jepsen test runner] jepsen.db: Setting up DB
2023-03-07 11:04:46,655{GMT}	INFO	[jepsen node n2] maelstrom.db: Setting up n2
2023-03-07 11:04:46,655{GMT}	INFO	[jepsen node n1] maelstrom.db: Setting up n1
2023-03-07 11:04:46,656{GMT}	INFO	[jepsen node n1] maelstrom.process: launching causal-broadcast.py []
2023-03-07 11:04:46,656{GMT}	INFO	[jepsen node n2] maelstrom.process: launching causal-broadcast.py []
2023-03-07 11:04:46,657{GMT}	INFO	[jepsen node n0] maelstrom.service: Starting services: (lin-kv lin-tso lww-kv seq-kv)
2023-03-07 11:04:46,661{GMT}	INFO	[jepsen node n0] maelstrom.db: Setting up n0
2023-03-07 11:04:46,662{GMT}	INFO	[jepsen node n0] maelstrom.process: launching causal-broadcast.py []
2023-03-07 11:04:46,728{GMT}	INFO	[jepsen test runner] jepsen.core: Relative time begins now
2023-03-07 11:04:46,754{GMT}	INFO	[jepsen worker 0] jepsen.util: 0	:invoke	:cbcast	1
2023-03-07 11:04:46,762{GMT}	INFO	[jepsen worker 0] jepsen.util: 0	:ok	:cbcast	[]
2023-03-07 11:04:46,905{GMT}	INFO	[jepsen worker 0] jepsen.util: 0	:invoke	:cbcast	2
2023-03-07 11:04:46,911{GMT}	INFO	[jepsen worker 0] jepsen.util: 0	:ok	:cbcast	[]
2023-03-07 11:04:47,269{GMT}	INFO	[jepsen worker 0] jepsen.util: 0	:invoke	:cbcast	3
2023-03-07 11:04:47,275{GMT}	INFO	[jepsen worker 0] jepsen.util: 0	:ok	:cbcast	[]
2023-03-07 11:04:47,636{GMT}	INFO	[jepsen worker 2] jepsen.util: 2	:invoke	:cbcast	4
2023-03-07 11:04:47,643{GMT}	INFO	[jepsen worker 2] jepsen.util: 2	:ok	:cbcast	[1 2 3]
2023-03-07 11:04:47,875{GMT}	INFO	[jepsen worker 2] jepsen.util: 2	:invoke	:cbcast	5
2023-03-07 11:04:47,877{GMT}	INFO	[jepsen worker 2] jepsen.util: 2	:ok	:cbcast	[]
2023-03-07 11:04:48,132{GMT}	INFO	[jepsen worker 1] jepsen.util: 1	:invoke	:cbcast	6
2023-03-07 11:04:48,167{GMT}	INFO	[jepsen worker 0] jepsen.util: 0	:invoke	:cbcast	7
2023-03-07 11:04:48,269{GMT}	INFO	[jepsen worker 1] jepsen.util: 1	:ok	:cbcast	[1 2 3 5]
2023-03-07 11:04:48,498{GMT}	INFO	[jepsen worker 2] jepsen.util: 2	:invoke	:cbcast	8
2023-03-07 11:04:48,624{GMT}	INFO	[jepsen worker 0] jepsen.util: 0	:ok	:cbcast	[4]
2023-03-07 11:04:48,632{GMT}	INFO	[jepsen worker 1] jepsen.util: 1	:invoke	:cbcast	9
2023-03-07 11:04:48,633{GMT}	INFO	[jepsen worker 2] jepsen.util: 2	:ok	:cbcast	[6]
2023-03-07 11:04:48,944{GMT}	INFO	[jepsen worker 2] jepsen.util: 2	:invoke	:cbcast	10
2023-03-07 11:04:49,051{GMT}	INFO	[jepsen worker 1] jepsen.util: 1	:ok	:cbcast	[4 7]
2023-03-07 11:04:49,212{GMT}	INFO	[jepsen worker 0] jepsen.util: 0	:invoke	:cbcast	11
2023-03-07 11:04:49,279{GMT}	INFO	[jepsen worker 1] jepsen.util: 1	:invoke	:cbcast	12
2023-03-07 11:04:49,284{GMT}	INFO	[jepsen worker 1] jepsen.util: 1	:ok	:cbcast	[8]
2023-03-07 11:04:49,285{GMT}	INFO	[jepsen worker 0] jepsen.util: 0	:ok	:cbcast	[5 6 8 9]
2023-03-07 11:04:49,307{GMT}	INFO	[jepsen worker 2] jepsen.util: 2	:ok	:cbcast	[7]
2023-03-07 11:04:49,598{GMT}	INFO	[jepsen worker 1] jepsen.util: 1	:invoke	:cbcast	13
2023-03-07 11:04:49,704{GMT}	INFO	[jepsen worker 1] jepsen.util: 1	:ok	:cbcast	[11 10]
2023-03-07 11:04:49,768{GMT}	INFO	[jepsen worker 2] jepsen.util: 2	:invoke	:cbcast	14
2023-03-07 11:04:49,877{GMT}	INFO	[jepsen worker 1] jepsen.util: 1	:invoke	:cbcast	15
2023-03-07 11:04:49,883{GMT}	INFO	[jepsen worker 1] jepsen.util: 1	:ok	:cbcast	[]
2023-03-07 11:04:50,091{GMT}	INFO	[jepsen worker 2] jepsen.util: 2	:ok	:cbcast	[9 11 12]
2023-03-07 11:04:50,210{GMT}	INFO	[jepsen worker 2] jepsen.util: 2	:invoke	:cbcast	16
2023-03-07 11:04:50,217{GMT}	INFO	[jepsen worker 2] jepsen.util: 2	:ok	:cbcast	[13 15]
2023-03-07 11:04:50,307{GMT}	INFO	[jepsen worker 1] jepsen.util: 1	:invoke	:cbcast	17
2023-03-07 11:04:50,449{GMT}	INFO	[jepsen worker 2] jepsen.util: 2	:invoke	:cbcast	18
2023-03-07 11:04:50,456{GMT}	INFO	[jepsen worker 2] jepsen.util: 2	:ok	:cbcast	[]
2023-03-07 11:04:50,470{GMT}	INFO	[jepsen worker 1] jepsen.util: 1	:ok	:cbcast	[14]
2023-03-07 11:04:50,801{GMT}	INFO	[jepsen worker 1] jepsen.util: 1	:invoke	:cbcast	19
2023-03-07 11:04:51,092{GMT}	INFO	[jepsen worker 0] jepsen.util: 0	:invoke	:cbcast	20
2023-03-07 11:04:51,143{GMT}	INFO	[jepsen worker 0] jepsen.util: 0	:ok	:cbcast	[12 10 13 15 16 14 18 17]
2023-03-07 11:04:51,323{GMT}	INFO	[jepsen worker 1] jepsen.util: 1	:ok	:cbcast	[16 18]
2023-03-07 11:04:51,324{GMT}	INFO	[jepsen worker 1] jepsen.util: 1	:invoke	:cbcast	21
2023-03-07 11:04:51,329{GMT}	INFO	[jepsen worker 1] jepsen.util: 1	:ok	:cbcast	[20]
2023-03-07 11:04:51,675{GMT}	INFO	[jepsen worker 1] jepsen.util: 1	:invoke	:cbcast	22
2023-03-07 11:04:51,681{GMT}	INFO	[jepsen worker 1] jepsen.util: 1	:ok	:cbcast	[]
2023-03-07 11:04:51,694{GMT}	INFO	[jepsen node n0] maelstrom.db: Tearing down n0
2023-03-07 11:04:51,695{GMT}	INFO	[jepsen node n1] maelstrom.db: Tearing down n1
2023-03-07 11:04:51,695{GMT}	INFO	[jepsen node n2] maelstrom.db: Tearing down n2
2023-03-07 11:04:52,681{GMT}	INFO	[jepsen node n0] maelstrom.net: Shutting down Maelstrom network
2023-03-07 11:04:52,684{GMT}	INFO	[jepsen test runner] jepsen.core: Run complete, writing
2023-03-07 11:04:52,697{GMT}	INFO	[jepsen test runner] jepsen.core: Analyzing...
2023-03-07 11:04:52,823{GMT}	INFO	[jepsen test runner] jepsen.core: Analysis complete
2023-03-07 11:04:52,830{GMT}	INFO	[jepsen results] jepsen.store: Wrote /home/miguel/uni/4ano/sd/sdge/guiao1/store/cbcast/20230307T110446.000Z/results.edn
2023-03-07 11:04:52,838{GMT}	INFO	[jepsen test runner] jepsen.core: {:perf {:latency-graph {:valid? true},
        :rate-graph {:valid? true},
        :valid? true},
 :timeline {:valid? true},
 :exceptions {:valid? true},
 :stats {:valid? true,
         :count 22,
         :ok-count 22,
         :fail-count 0,
         :info-count 0,
         :by-f {:cbcast {:valid? true,
                         :count 22,
                         :ok-count 22,
                         :fail-count 0,
                         :info-count 0}}},
 :net {:all {:send-count 94,
             :recv-count 92,
             :msg-count 94,
             :msgs-per-op 4.2727275},
       :clients {:send-count 50, :recv-count 50, :msg-count 50},
       :servers {:send-count 44,
                 :recv-count 42,
                 :msg-count 44,
                 :msgs-per-op 2.0},
       :valid? true},
 :workload {:valid? false,
            :errors ["missing dependencies [4] when delivering message 5 to process 1"
                     "missing dependencies [14] when delivering message 16 to process 0"]},
 :valid? false}


Analysis invalid! (ﾉಥ益ಥ）ﾉ ┻━┻
