DEBUG:root:received {"id":0,"src":"c0","dest":"n1","body":{"type":"init","node_id":"n1","node_ids":["n0","n1","n2"],"msg_id":1}}
INFO:root:node n1 initialized
DEBUG:root:sending {"dest": "c0", "src": "n1", "body": {"msg_id": 1, "in_reply_to": 1, "type": "init_ok"}}
DEBUG:root:received {"id":8,"src":"n0","dest":"n1","body":{"msg_id":3,"type":"fwd_msg","vv":{"n0":1,"n1":0,"n2":0},"message":1}}
INFO:root:received broadcast message from n0
DEBUG:root:received {"id":12,"src":"n0","dest":"n1","body":{"msg_id":6,"type":"fwd_msg","vv":{"n0":2,"n1":0,"n2":0},"message":2}}
INFO:root:received broadcast message from n0
DEBUG:root:received {"id":18,"src":"c8","dest":"n1","body":{"type":"cbcast","message":4,"msg_id":1}}
DEBUG:root:sending {"dest": "c8", "src": "n1", "body": {"msg_id": 2, "in_reply_to": 1, "type": "cbcast_ok", "messages": [1, 2]}}
INFO:root:n1 making broadcast
DEBUG:root:sending {"dest": "n0", "src": "n1", "body": {"msg_id": 3, "type": "fwd_msg", "vv": {"n0": 2, "n1": 1, "n2": 0}, "message": 4}}
DEBUG:root:sending {"dest": "n2", "src": "n1", "body": {"msg_id": 4, "type": "fwd_msg", "vv": {"n0": 2, "n1": 1, "n2": 0}, "message": 4}}
DEBUG:root:received {"id":17,"src":"n2","dest":"n1","body":{"msg_id":4,"type":"fwd_msg","vv":{"n0":1,"n1":0,"n2":1},"message":3}}
INFO:root:received broadcast message from n2
DEBUG:root:received {"id":25,"src":"n2","dest":"n1","body":{"msg_id":7,"type":"fwd_msg","vv":{"n0":2,"n1":0,"n2":2},"message":5}}
INFO:root:received broadcast message from n2
DEBUG:root:received {"id":27,"src":"c8","dest":"n1","body":{"type":"cbcast","message":7,"msg_id":2}}
DEBUG:root:sending {"dest": "c8", "src": "n1", "body": {"msg_id": 5, "in_reply_to": 2, "type": "cbcast_ok", "messages": [3, 5]}}
INFO:root:n1 making broadcast
DEBUG:root:sending {"dest": "n0", "src": "n1", "body": {"msg_id": 6, "type": "fwd_msg", "vv": {"n0": 2, "n1": 2, "n2": 2}, "message": 7}}
DEBUG:root:sending {"dest": "n2", "src": "n1", "body": {"msg_id": 7, "type": "fwd_msg", "vv": {"n0": 2, "n1": 2, "n2": 2}, "message": 7}}
DEBUG:root:received {"id":32,"src":"n0","dest":"n1","body":{"msg_id":9,"type":"fwd_msg","vv":{"n0":3,"n1":1,"n2":1},"message":6}}
INFO:root:received broadcast message from n0
DEBUG:root:received {"id":34,"src":"c8","dest":"n1","body":{"type":"cbcast","message":8,"msg_id":3}}
DEBUG:root:sending {"dest": "c8", "src": "n1", "body": {"msg_id": 8, "in_reply_to": 3, "type": "cbcast_ok", "messages": [6]}}
INFO:root:n1 making broadcast
DEBUG:root:sending {"dest": "n0", "src": "n1", "body": {"msg_id": 9, "type": "fwd_msg", "vv": {"n0": 3, "n1": 3, "n2": 2}, "message": 8}}
DEBUG:root:sending {"dest": "n2", "src": "n1", "body": {"msg_id": 10, "type": "fwd_msg", "vv": {"n0": 3, "n1": 3, "n2": 2}, "message": 8}}
DEBUG:root:received {"id":38,"src":"n2","dest":"n1","body":{"msg_id":10,"type":"fwd_msg","vv":{"n0":3,"n1":2,"n2":3},"message":9}}
INFO:root:received broadcast message from n2
DEBUG:root:received {"id":47,"src":"n2","dest":"n1","body":{"msg_id":16,"type":"fwd_msg","vv":{"n0":3,"n1":2,"n2":5},"message":12}}
INFO:root:received broadcast message from n2
DEBUG:root:received {"id":57,"src":"n0","dest":"n1","body":{"msg_id":15,"type":"fwd_msg","vv":{"n0":5,"n1":2,"n2":4},"message":13}}
INFO:root:received broadcast message from n0
DEBUG:root:received {"id":49,"src":"n0","dest":"n1","body":{"msg_id":12,"type":"fwd_msg","vv":{"n0":4,"n1":2,"n2":2},"message":10}}
INFO:root:received broadcast message from n0
DEBUG:root:received {"id":43,"src":"n2","dest":"n1","body":{"msg_id":13,"type":"fwd_msg","vv":{"n0":3,"n1":2,"n2":4},"message":11}}
INFO:root:received broadcast message from n2
DEBUG:root:received {"id":59,"src":"c8","dest":"n1","body":{"type":"cbcast","message":15,"msg_id":4}}
DEBUG:root:sending {"dest": "c8", "src": "n1", "body": {"msg_id": 11, "in_reply_to": 4, "type": "cbcast_ok", "messages": [9, 10, 11, 12]}}
INFO:root:n1 making broadcast
DEBUG:root:sending {"dest": "n0", "src": "n1", "body": {"msg_id": 12, "type": "fwd_msg", "vv": {"n0": 4, "n1": 4, "n2": 5}, "message": 15}}
DEBUG:root:sending {"dest": "n2", "src": "n1", "body": {"msg_id": 13, "type": "fwd_msg", "vv": {"n0": 4, "n1": 4, "n2": 5}, "message": 15}}
DEBUG:root:received {"id":65,"src":"n2","dest":"n1","body":{"msg_id":19,"type":"fwd_msg","vv":{"n0":4,"n1":2,"n2":6},"message":14}}
INFO:root:received broadcast message from n2
DEBUG:root:received {"id":70,"src":"n2","dest":"n1","body":{"msg_id":22,"type":"fwd_msg","vv":{"n0":4,"n1":3,"n2":7},"message":16}}
INFO:root:received broadcast message from n2
DEBUG:root:received {"id":76,"src":"n0","dest":"n1","body":{"msg_id":18,"type":"fwd_msg","vv":{"n0":6,"n1":3,"n2":6},"message":17}}
INFO:root:received broadcast message from n0
DEBUG:root:received {"id":80,"src":"c8","dest":"n1","body":{"type":"cbcast","message":21,"msg_id":5}}
DEBUG:root:sending {"dest": "c8", "src": "n1", "body": {"msg_id": 14, "in_reply_to": 5, "type": "cbcast_ok", "messages": [14, 16]}}
INFO:root:n1 making broadcast
DEBUG:root:sending {"dest": "n0", "src": "n1", "body": {"msg_id": 15, "type": "fwd_msg", "vv": {"n0": 4, "n1": 5, "n2": 7}, "message": 21}}
DEBUG:root:sending {"dest": "n2", "src": "n1", "body": {"msg_id": 16, "type": "fwd_msg", "vv": {"n0": 4, "n1": 5, "n2": 7}, "message": 21}}
DEBUG:root:received {"id":74,"src":"n2","dest":"n1","body":{"msg_id":25,"type":"fwd_msg","vv":{"n0":5,"n1":4,"n2":8},"message":18}}
INFO:root:received broadcast message from n2
DEBUG:root:received {"id":84,"src":"c8","dest":"n1","body":{"type":"cbcast","message":22,"msg_id":6}}
DEBUG:root:sending {"dest": "c8", "src": "n1", "body": {"msg_id": 17, "in_reply_to": 6, "type": "cbcast_ok", "messages": []}}
INFO:root:n1 making broadcast
DEBUG:root:sending {"dest": "n0", "src": "n1", "body": {"msg_id": 18, "type": "fwd_msg", "vv": {"n0": 4, "n1": 6, "n2": 7}, "message": 22}}
DEBUG:root:sending {"dest": "n2", "src": "n1", "body": {"msg_id": 19, "type": "fwd_msg", "vv": {"n0": 4, "n1": 6, "n2": 7}, "message": 22}}
DEBUG:root:received {"id":89,"src":"n0","dest":"n1","body":{"msg_id":21,"type":"fwd_msg","vv":{"n0":7,"n1":4,"n2":8},"message":19}}
INFO:root:received broadcast message from n0
DEBUG:root:received {"id":97,"src":"n0","dest":"n1","body":{"msg_id":24,"type":"fwd_msg","vv":{"n0":8,"n1":6,"n2":8},"message":23}}
INFO:root:received broadcast message from n0
DEBUG:root:received {"id":94,"src":"n2","dest":"n1","body":{"msg_id":28,"type":"fwd_msg","vv":{"n0":6,"n1":4,"n2":9},"message":20}}
INFO:root:received broadcast message from n2
DEBUG:root:received {"id":99,"src":"c8","dest":"n1","body":{"type":"cbcast","message":25,"msg_id":7}}
DEBUG:root:sending {"dest": "c8", "src": "n1", "body": {"msg_id": 20, "in_reply_to": 7, "type": "cbcast_ok", "messages": []}}
INFO:root:n1 making broadcast
DEBUG:root:sending {"dest": "n0", "src": "n1", "body": {"msg_id": 21, "type": "fwd_msg", "vv": {"n0": 4, "n1": 7, "n2": 7}, "message": 25}}
DEBUG:root:sending {"dest": "n2", "src": "n1", "body": {"msg_id": 22, "type": "fwd_msg", "vv": {"n0": 4, "n1": 7, "n2": 7}, "message": 25}}
DEBUG:root:received {"id":104,"src":"c8","dest":"n1","body":{"type":"cbcast","message":27,"msg_id":8}}
DEBUG:root:sending {"dest": "c8", "src": "n1", "body": {"msg_id": 23, "in_reply_to": 8, "type": "cbcast_ok", "messages": []}}
INFO:root:n1 making broadcast
DEBUG:root:sending {"dest": "n0", "src": "n1", "body": {"msg_id": 24, "type": "fwd_msg", "vv": {"n0": 4, "n1": 8, "n2": 7}, "message": 27}}
DEBUG:root:sending {"dest": "n2", "src": "n1", "body": {"msg_id": 25, "type": "fwd_msg", "vv": {"n0": 4, "n1": 8, "n2": 7}, "message": 27}}
DEBUG:root:received {"id":108,"src":"c8","dest":"n1","body":{"type":"cbcast","message":28,"msg_id":9}}
DEBUG:root:sending {"dest": "c8", "src": "n1", "body": {"msg_id": 26, "in_reply_to": 9, "type": "cbcast_ok", "messages": []}}
INFO:root:n1 making broadcast
DEBUG:root:sending {"dest": "n0", "src": "n1", "body": {"msg_id": 27, "type": "fwd_msg", "vv": {"n0": 4, "n1": 9, "n2": 7}, "message": 28}}
DEBUG:root:sending {"dest": "n2", "src": "n1", "body": {"msg_id": 28, "type": "fwd_msg", "vv": {"n0": 4, "n1": 9, "n2": 7}, "message": 28}}
