2023-03-08 11:46:35,052{GMT}	INFO	[jepsen test runner] jepsen.core: Command line:
lein run test -w cbcast --bin wrong-causal-broadcast.py --time-limit 5 --node-count 3 --concurrency 1n
2023-03-08 11:46:35,149{GMT}	INFO	[jepsen test runner] jepsen.core: Running test:
{:args []
 :remote
 #jepsen.control.retry.Remote{:remote #jepsen.control.scp.Remote{:cmd-remote #jepsen.control.clj_ssh.Remote{:concurrency-limit 8,
                                                                                                            :conn-spec nil,
                                                                                                            :session nil,
                                                                                                            :semaphore nil},
                                                                 :conn-spec nil},
                              :conn nil}
 :log-net-send false
 :node-count 3
 :max-txn-length 4
 :concurrency 3
 :db
 #object[maelstrom.db$db$reify__16817
         "0x7ba5d307"
         "maelstrom.db$db$reify__16817@7ba5d307"]
 :max-writes-per-key 16
 :leave-db-running? false
 :name "cbcast"
 :logging-json? false
 :start-time
 #object[org.joda.time.DateTime "0x684001e6" "2023-03-08T11:46:35.000Z"]
 :nemesis-interval 10
 :net
 #object[maelstrom.net$jepsen_net$reify__15673
         "0x6bb2b8d4"
         "maelstrom.net$jepsen_net$reify__15673@6bb2b8d4"]
 :client
 #object[maelstrom.workload.cbcast$client$reify__18677
         "0x64230d44"
         "maelstrom.workload.cbcast$client$reify__18677@64230d44"]
 :barrier
 #object[java.util.concurrent.CyclicBarrier
         "0x1ff584d7"
         "java.util.concurrent.CyclicBarrier@1ff584d7"]
 :log-stderr false
 :pure-generators true
 :ssh {:dummy? true}
 :rate 5
 :checker
 #object[jepsen.checker$compose$reify__8787
         "0x7752f9fe"
         "jepsen.checker$compose$reify__8787@7752f9fe"]
 :argv
 ("test"
  "-w"
  "cbcast"
  "--bin"
  "wrong-causal-broadcast.py"
  "--time-limit"
  "5"
  "--node-count"
  "3"
  "--concurrency"
  "1n")
 :nemesis
 (jepsen.nemesis.ReflCompose
  {:fm {:start-partition 0,
        :stop-partition 0,
        :kill 1,
        :start 1,
        :pause 1,
        :resume 1},
   :nemeses [#unprintable "jepsen.nemesis.combined$partition_nemesis$reify__17089@9588bd8"
             #unprintable "jepsen.nemesis.combined$db_nemesis$reify__17070@75edfe9a"]})
 :nodes ["n0" "n1" "n2"]
 :test-count 1
 :latency {:mean 0, :dist :constant}
 :bin "wrong-causal-broadcast.py"
 :generator
 (jepsen.generator.TimeLimit
  {:limit 5000000000,
   :cutoff nil,
   :gen (jepsen.generator.Any
         {:gens [(jepsen.generator.OnThreads {:f #{:nemesis}, :gen nil})
                 (jepsen.generator.OnThreads
                  {:f #object[clojure.core$complement$fn__5654
                              "0x6351efa6"
                              "clojure.core$complement$fn__5654@6351efa6"],
                   :gen (jepsen.generator.Stagger
                         {:dt 400000000,
                          :next-time nil,
                          :gen ({:f :cbcast, :value 1}
                                {:f :cbcast, :value 2}
                                {:f :cbcast, :value 3}
                                {:f :cbcast, :value 4}
                                {:f :cbcast, :value 5}
                                {:f :cbcast, :value 6}
                                {:f :cbcast, :value 7}
                                {:f :cbcast, :value 8}
                                ...)})})]})})
 :log-net-recv false
 :os
 #object[maelstrom.net$jepsen_os$reify__15676
         "0x349e166"
         "maelstrom.net$jepsen_os$reify__15676@349e166"]
 :time-limit 5
 :workload :cbcast
 :consistency-models [:strict-serializable]
 :topology :grid}

2023-03-08 11:46:35,159{GMT}	INFO	[jepsen node n0] maelstrom.net: Starting Maelstrom network
2023-03-08 11:46:35,161{GMT}	INFO	[jepsen test runner] jepsen.db: Tearing down DB
2023-03-08 11:46:35,163{GMT}	INFO	[jepsen test runner] jepsen.db: Setting up DB
2023-03-08 11:46:35,165{GMT}	INFO	[jepsen node n1] maelstrom.db: Setting up n1
2023-03-08 11:46:35,165{GMT}	INFO	[jepsen node n2] maelstrom.db: Setting up n2
2023-03-08 11:46:35,166{GMT}	INFO	[jepsen node n2] maelstrom.process: launching wrong-causal-broadcast.py []
2023-03-08 11:46:35,166{GMT}	INFO	[jepsen node n1] maelstrom.process: launching wrong-causal-broadcast.py []
2023-03-08 11:46:35,168{GMT}	INFO	[jepsen node n0] maelstrom.service: Starting services: (lin-kv lin-tso lww-kv seq-kv)
2023-03-08 11:46:35,170{GMT}	INFO	[jepsen node n0] maelstrom.db: Setting up n0
2023-03-08 11:46:35,171{GMT}	INFO	[jepsen node n0] maelstrom.process: launching wrong-causal-broadcast.py []
2023-03-08 11:46:35,234{GMT}	INFO	[jepsen test runner] jepsen.core: Relative time begins now
2023-03-08 11:46:35,256{GMT}	INFO	[jepsen worker 0] jepsen.util: 0	:invoke	:cbcast	1
2023-03-08 11:46:35,259{GMT}	INFO	[jepsen worker 0] jepsen.util: 0	:ok	:cbcast	[]
2023-03-08 11:46:35,358{GMT}	INFO	[jepsen worker 0] jepsen.util: 0	:invoke	:cbcast	2
2023-03-08 11:46:35,361{GMT}	INFO	[jepsen worker 0] jepsen.util: 0	:ok	:cbcast	[]
2023-03-08 11:46:35,639{GMT}	INFO	[jepsen worker 0] jepsen.util: 0	:invoke	:cbcast	3
2023-03-08 11:46:35,641{GMT}	INFO	[jepsen worker 0] jepsen.util: 0	:ok	:cbcast	[]
2023-03-08 11:46:36,006{GMT}	INFO	[jepsen worker 2] jepsen.util: 2	:invoke	:cbcast	4
2023-03-08 11:46:36,015{GMT}	INFO	[jepsen worker 2] jepsen.util: 2	:ok	:cbcast	[1 2 3]
2023-03-08 11:46:36,236{GMT}	INFO	[jepsen worker 1] jepsen.util: 1	:invoke	:cbcast	5
2023-03-08 11:46:36,238{GMT}	INFO	[jepsen worker 1] jepsen.util: 1	:ok	:cbcast	[1 2 3 4]
2023-03-08 11:46:36,246{GMT}	INFO	[jepsen worker 2] jepsen.util: 2	:invoke	:cbcast	6
2023-03-08 11:46:36,249{GMT}	INFO	[jepsen worker 2] jepsen.util: 2	:ok	:cbcast	[5]
2023-03-08 11:46:36,449{GMT}	INFO	[jepsen worker 2] jepsen.util: 2	:invoke	:cbcast	7
2023-03-08 11:46:36,451{GMT}	INFO	[jepsen worker 2] jepsen.util: 2	:ok	:cbcast	[]
2023-03-08 11:46:36,512{GMT}	INFO	[jepsen worker 1] jepsen.util: 1	:invoke	:cbcast	8
2023-03-08 11:46:36,515{GMT}	INFO	[jepsen worker 1] jepsen.util: 1	:ok	:cbcast	[6 7]
2023-03-08 11:46:36,693{GMT}	INFO	[jepsen worker 0] jepsen.util: 0	:invoke	:cbcast	9
2023-03-08 11:46:36,695{GMT}	INFO	[jepsen worker 0] jepsen.util: 0	:ok	:cbcast	[4 5 6 7 8]
2023-03-08 11:46:36,881{GMT}	INFO	[jepsen worker 0] jepsen.util: 0	:invoke	:cbcast	10
2023-03-08 11:46:36,883{GMT}	INFO	[jepsen worker 0] jepsen.util: 0	:ok	:cbcast	[]
2023-03-08 11:46:36,913{GMT}	INFO	[jepsen worker 1] jepsen.util: 1	:invoke	:cbcast	11
2023-03-08 11:46:36,915{GMT}	INFO	[jepsen worker 1] jepsen.util: 1	:ok	:cbcast	[9 10]
2023-03-08 11:46:37,191{GMT}	INFO	[jepsen worker 2] jepsen.util: 2	:invoke	:cbcast	12
2023-03-08 11:46:37,193{GMT}	INFO	[jepsen worker 2] jepsen.util: 2	:ok	:cbcast	[8 9 10 11]
2023-03-08 11:46:37,201{GMT}	INFO	[jepsen worker 2] jepsen.util: 2	:invoke	:cbcast	13
2023-03-08 11:46:37,204{GMT}	INFO	[jepsen worker 2] jepsen.util: 2	:ok	:cbcast	[]
2023-03-08 11:46:37,526{GMT}	INFO	[jepsen worker 0] jepsen.util: 0	:invoke	:cbcast	14
2023-03-08 11:46:37,528{GMT}	INFO	[jepsen worker 0] jepsen.util: 0	:ok	:cbcast	[11 12 13]
2023-03-08 11:46:37,604{GMT}	INFO	[jepsen worker 0] jepsen.util: 0	:invoke	:cbcast	15
2023-03-08 11:46:37,607{GMT}	INFO	[jepsen worker 0] jepsen.util: 0	:ok	:cbcast	[]
2023-03-08 11:46:37,877{GMT}	INFO	[jepsen worker 1] jepsen.util: 1	:invoke	:cbcast	16
2023-03-08 11:46:37,879{GMT}	INFO	[jepsen worker 1] jepsen.util: 1	:ok	:cbcast	[12 13 14 15]
2023-03-08 11:46:38,079{GMT}	INFO	[jepsen worker 2] jepsen.util: 2	:invoke	:cbcast	17
2023-03-08 11:46:38,081{GMT}	INFO	[jepsen worker 2] jepsen.util: 2	:ok	:cbcast	[14 15 16]
2023-03-08 11:46:38,428{GMT}	INFO	[jepsen worker 1] jepsen.util: 1	:invoke	:cbcast	18
2023-03-08 11:46:38,431{GMT}	INFO	[jepsen worker 1] jepsen.util: 1	:ok	:cbcast	[17]
2023-03-08 11:46:38,450{GMT}	INFO	[jepsen worker 2] jepsen.util: 2	:invoke	:cbcast	19
2023-03-08 11:46:38,451{GMT}	INFO	[jepsen worker 2] jepsen.util: 2	:ok	:cbcast	[18]
2023-03-08 11:46:38,520{GMT}	INFO	[jepsen worker 0] jepsen.util: 0	:invoke	:cbcast	20
2023-03-08 11:46:38,521{GMT}	INFO	[jepsen worker 0] jepsen.util: 0	:ok	:cbcast	[16 17 18 19]
2023-03-08 11:46:38,701{GMT}	INFO	[jepsen worker 2] jepsen.util: 2	:invoke	:cbcast	21
2023-03-08 11:46:38,701{GMT}	INFO	[jepsen worker 1] jepsen.util: 1	:invoke	:cbcast	22
2023-03-08 11:46:38,703{GMT}	INFO	[jepsen worker 2] jepsen.util: 2	:ok	:cbcast	[20]
2023-03-08 11:46:38,703{GMT}	INFO	[jepsen worker 1] jepsen.util: 1	:ok	:cbcast	[19 20]
2023-03-08 11:46:39,043{GMT}	INFO	[jepsen worker 0] jepsen.util: 0	:invoke	:cbcast	23
2023-03-08 11:46:39,045{GMT}	INFO	[jepsen worker 0] jepsen.util: 0	:ok	:cbcast	[21 22]
2023-03-08 11:46:39,211{GMT}	INFO	[jepsen worker 0] jepsen.util: 0	:invoke	:cbcast	24
2023-03-08 11:46:39,213{GMT}	INFO	[jepsen worker 0] jepsen.util: 0	:ok	:cbcast	[]
2023-03-08 11:46:39,488{GMT}	INFO	[jepsen worker 1] jepsen.util: 1	:invoke	:cbcast	25
2023-03-08 11:46:39,490{GMT}	INFO	[jepsen worker 1] jepsen.util: 1	:ok	:cbcast	[21 23 24]
2023-03-08 11:46:39,542{GMT}	INFO	[jepsen worker 2] jepsen.util: 2	:invoke	:cbcast	26
2023-03-08 11:46:39,544{GMT}	INFO	[jepsen worker 2] jepsen.util: 2	:ok	:cbcast	[22 23 24 25]
2023-03-08 11:46:39,795{GMT}	INFO	[jepsen worker 1] jepsen.util: 1	:invoke	:cbcast	27
2023-03-08 11:46:39,797{GMT}	INFO	[jepsen worker 1] jepsen.util: 1	:ok	:cbcast	[26]
2023-03-08 11:46:39,878{GMT}	INFO	[jepsen worker 0] jepsen.util: 0	:invoke	:cbcast	28
2023-03-08 11:46:39,879{GMT}	INFO	[jepsen worker 0] jepsen.util: 0	:ok	:cbcast	[25 26 27]
2023-03-08 11:46:40,188{GMT}	INFO	[jepsen worker 1] jepsen.util: 1	:invoke	:cbcast	29
2023-03-08 11:46:40,191{GMT}	INFO	[jepsen worker 1] jepsen.util: 1	:ok	:cbcast	[28]
2023-03-08 11:46:40,194{GMT}	INFO	[jepsen node n0] maelstrom.db: Tearing down n0
2023-03-08 11:46:40,195{GMT}	INFO	[jepsen node n1] maelstrom.db: Tearing down n1
2023-03-08 11:46:40,195{GMT}	INFO	[jepsen node n2] maelstrom.db: Tearing down n2
2023-03-08 11:46:42,180{GMT}	INFO	[jepsen node n0] maelstrom.net: Shutting down Maelstrom network
2023-03-08 11:46:42,180{GMT}	INFO	[jepsen test runner] jepsen.core: Run complete, writing
2023-03-08 11:46:42,191{GMT}	INFO	[jepsen test runner] jepsen.core: Analyzing...
2023-03-08 11:46:42,657{GMT}	INFO	[jepsen test runner] jepsen.core: Analysis complete
2023-03-08 11:46:42,662{GMT}	INFO	[jepsen results] jepsen.store: Wrote /home/miguel/uni/4ano/sd/sdge/guiao1/store/cbcast/20230308T114635.000Z/results.edn
2023-03-08 11:46:42,671{GMT}	INFO	[jepsen test runner] jepsen.core: {:perf {:latency-graph {:valid? true},
        :rate-graph {:valid? true},
        :valid? true},
 :timeline {:valid? true},
 :exceptions {:valid? true},
 :stats {:valid? true,
         :count 29,
         :ok-count 29,
         :fail-count 0,
         :info-count 0,
         :by-f {:cbcast {:valid? true,
                         :count 29,
                         :ok-count 29,
                         :fail-count 0,
                         :info-count 0}}},
 :net {:all {:send-count 122,
             :recv-count 122,
             :msg-count 122,
             :msgs-per-op 4.206897},
       :clients {:send-count 64, :recv-count 64, :msg-count 64},
       :servers {:send-count 58,
                 :recv-count 58,
                 :msg-count 58,
                 :msgs-per-op 2.0},
       :valid? true},
 :workload {:valid? true, :errors []},
 :valid? true}


Everything looks good! ヽ(‘ー`)ノ
