2023-03-01 12:40:30,703{GMT}	INFO	[jepsen test runner] jepsen.core: Command line:
lein run test --bin guiao0/lock-lamport.py --time-limit 5 --node-count 2 -w lock --concurrency 2n
2023-03-01 12:40:30,760{GMT}	INFO	[jepsen test runner] jepsen.core: Running test:
{:args []
 :remote
 #jepsen.control.retry.Remote{:remote #jepsen.control.scp.Remote{:cmd-remote #jepsen.control.sshj.SSHJRemote{:concurrency-limit 6,
                                                                                                             :conn-spec nil,
                                                                                                             :client nil,
                                                                                                             :semaphore nil},
                                                                 :conn-spec nil},
                              :conn nil}
 :log-net-send false
 :node-count 2
 :availability nil
 :max-txn-length 4
 :concurrency 4
 :db
 #object[maelstrom.db$db$reify__16144
         "0x10fef6da"
         "maelstrom.db$db$reify__16144@10fef6da"]
 :max-writes-per-key 16
 :leave-db-running? false
 :name "lock"
 :logging-json? false
 :start-time
 #object[org.joda.time.DateTime "0x74bca236" "2023-03-01T12:40:30.686Z"]
 :nemesis-interval 10
 :net
 #object[maelstrom.net$jepsen_net$reify__15253
         "0x526fbb80"
         "maelstrom.net$jepsen_net$reify__15253@526fbb80"]
 :client
 #object[maelstrom.workload.lock$client$reify__19507
         "0x33dcbdc2"
         "maelstrom.workload.lock$client$reify__19507@33dcbdc2"]
 :barrier
 #object[java.util.concurrent.CyclicBarrier
         "0x3e37c38f"
         "java.util.concurrent.CyclicBarrier@3e37c38f"]
 :log-stderr false
 :pure-generators true
 :ssh {:dummy? true}
 :rate 5
 :checker
 #object[jepsen.checker$compose$reify__11881
         "0x2f0b7b6d"
         "jepsen.checker$compose$reify__11881@2f0b7b6d"]
 :argv
 ("test"
  "--bin"
  "guiao0/lock-lamport.py"
  "--time-limit"
  "5"
  "--node-count"
  "2"
  "-w"
  "lock"
  "--concurrency"
  "2n")
 :nemesis
 (jepsen.nemesis.ReflCompose
  {:fm {:start-partition 0,
        :stop-partition 0,
        :kill 1,
        :start 1,
        :pause 1,
        :resume 1},
   :nemeses [#unprintable "jepsen.nemesis.combined$partition_nemesis$reify__16418@1766b7"
             #unprintable "jepsen.nemesis.combined$db_nemesis$reify__16399@56f3f9da"]})
 :nodes ["n0" "n1"]
 :test-count 1
 :latency {:mean 0, :dist :constant}
 :bin "guiao0/lock-lamport.py"
 :generator
 (jepsen.generator.TimeLimit
  {:limit 5000000000,
   :cutoff nil,
   :gen (jepsen.generator.Any
         {:gens [(jepsen.generator.OnThreads
                  {:f #{:nemesis},
                   :context-filter #object[jepsen.generator.context$make_thread_filter$lazy_filter__9167
                                           "0x2ff30a75"
                                           "jepsen.generator.context$make_thread_filter$lazy_filter__9167@2ff30a75"],
                   :gen nil})
                 (jepsen.generator.OnThreads
                  {:f #jepsen.generator.context.AllBut{:element :nemesis},
                   :context-filter #object[jepsen.generator.context$make_thread_filter$lazy_filter__9167
                                           "0xb38dc7d"
                                           "jepsen.generator.context$make_thread_filter$lazy_filter__9167@b38dc7d"],
                   :gen (jepsen.generator.Stagger
                         {:dt 400000000,
                          :next-time nil,
                          :gen (jepsen.generator.EachThread
                                {:fresh-gen ({:f :lock}
                                             {:f :unlock}
                                             {:f :lock}
                                             {:f :unlock}
                                             {:f :lock}
                                             {:f :unlock}
                                             {:f :lock}
                                             {:f :unlock}
                                             ...),
                                 :context-filters #object[clojure.core$promise$reify__8591
                                                          "0x746cb25d"
                                                          {:status :pending,
                                                           :val nil}],
                                 :gens {}})})})]})})
 :log-net-recv false
 :os
 #object[maelstrom.net$jepsen_os$reify__15256
         "0x7c068c7b"
         "maelstrom.net$jepsen_os$reify__15256@7c068c7b"]
 :time-limit 5
 :workload :lock
 :consistency-models [:strict-serializable]
 :topology :grid}

2023-03-01 12:40:32,587{GMT}	INFO	[jepsen node n0] maelstrom.net: Starting Maelstrom network
2023-03-01 12:40:32,588{GMT}	INFO	[jepsen test runner] jepsen.db: Tearing down DB
2023-03-01 12:40:32,589{GMT}	INFO	[jepsen test runner] jepsen.db: Setting up DB
2023-03-01 12:40:32,590{GMT}	INFO	[jepsen node n1] maelstrom.db: Setting up n1
2023-03-01 12:40:32,591{GMT}	INFO	[jepsen node n1] maelstrom.process: launching guiao0/lock-lamport.py []
2023-03-01 12:40:32,592{GMT}	INFO	[jepsen node n0] maelstrom.service: Starting services: (lin-kv lin-tso lww-kv seq-kv)
2023-03-01 12:40:32,594{GMT}	INFO	[jepsen node n0] maelstrom.db: Setting up n0
2023-03-01 12:40:32,595{GMT}	INFO	[jepsen node n0] maelstrom.process: launching guiao0/lock-lamport.py []
2023-03-01 12:40:32,627{GMT}	INFO	[jepsen test runner] jepsen.core: Relative time begins now
2023-03-01 12:40:32,643{GMT}	INFO	[jepsen worker 2] jepsen.util: 2	:invoke	:lock	nil
2023-03-01 12:40:32,649{GMT}	INFO	[jepsen worker 2] jepsen.util: 2	:ok	:lock	nil
2023-03-01 12:40:32,730{GMT}	INFO	[jepsen worker 0] jepsen.util: 0	:invoke	:lock	nil
2023-03-01 12:40:33,054{GMT}	INFO	[jepsen worker 1] jepsen.util: 1	:invoke	:lock	nil
2023-03-01 12:40:33,155{GMT}	INFO	[jepsen worker 2] jepsen.util: 2	:invoke	:unlock	nil
2023-03-01 12:40:33,157{GMT}	INFO	[jepsen worker 2] jepsen.util: 2	:ok	:unlock	nil
2023-03-01 12:40:33,157{GMT}	INFO	[jepsen worker 1] jepsen.util: 1	:ok	:lock	nil
2023-03-01 12:40:33,547{GMT}	INFO	[jepsen worker 1] jepsen.util: 1	:invoke	:unlock	nil
2023-03-01 12:40:33,549{GMT}	INFO	[jepsen worker 1] jepsen.util: 1	:ok	:unlock	nil
2023-03-01 12:40:33,550{GMT}	INFO	[jepsen worker 0] jepsen.util: 0	:ok	:lock	nil
2023-03-01 12:40:33,603{GMT}	INFO	[jepsen worker 3] jepsen.util: 3	:invoke	:lock	nil
2023-03-01 12:40:33,607{GMT}	INFO	[jepsen worker 3] jepsen.util: 3	:ok	:lock	nil
2023-03-01 12:40:33,985{GMT}	INFO	[jepsen worker 1] jepsen.util: 1	:invoke	:lock	nil
2023-03-01 12:40:34,092{GMT}	INFO	[jepsen worker 0] jepsen.util: 0	:invoke	:unlock	nil
2023-03-01 12:40:34,220{GMT}	INFO	[jepsen worker 3] jepsen.util: 3	:invoke	:unlock	nil
2023-03-01 12:40:34,222{GMT}	INFO	[jepsen worker 3] jepsen.util: 3	:ok	:unlock	nil
2023-03-01 12:40:34,414{GMT}	INFO	[jepsen worker 3] jepsen.util: 3	:invoke	:lock	nil
2023-03-01 12:40:34,417{GMT}	INFO	[jepsen worker 1] jepsen.util: 1	:ok	:lock	nil
2023-03-01 12:40:34,675{GMT}	INFO	[jepsen worker 1] jepsen.util: 1	:invoke	:unlock	nil
2023-03-01 12:40:34,677{GMT}	INFO	[jepsen worker 1] jepsen.util: 1	:ok	:unlock	nil
2023-03-01 12:40:34,860{GMT}	INFO	[jepsen worker 2] jepsen.util: 2	:invoke	:lock	nil
2023-03-01 12:40:34,862{GMT}	INFO	[jepsen worker 2] jepsen.util: 2	:ok	:lock	nil
2023-03-01 12:40:34,898{GMT}	INFO	[jepsen worker 1] jepsen.util: 1	:invoke	:lock	nil
2023-03-01 12:40:34,968{GMT}	INFO	[jepsen worker 2] jepsen.util: 2	:invoke	:unlock	nil
2023-03-01 12:40:34,970{GMT}	INFO	[jepsen worker 2] jepsen.util: 2	:ok	:unlock	nil
2023-03-01 12:40:34,970{GMT}	INFO	[jepsen worker 3] jepsen.util: 3	:ok	:lock	nil
2023-03-01 12:40:35,002{GMT}	INFO	[jepsen worker 2] jepsen.util: 2	:invoke	:lock	nil
2023-03-01 12:40:35,005{GMT}	INFO	[jepsen worker 2] jepsen.util: 2	:ok	:lock	nil
2023-03-01 12:40:35,084{GMT}	INFO	[jepsen worker 3] jepsen.util: 3	:invoke	:unlock	nil
2023-03-01 12:40:35,238{GMT}	INFO	[jepsen worker 2] jepsen.util: 2	:invoke	:unlock	nil
2023-03-01 12:40:35,240{GMT}	INFO	[jepsen worker 2] jepsen.util: 2	:ok	:unlock	nil
2023-03-01 12:40:35,241{GMT}	INFO	[jepsen worker 1] jepsen.util: 1	:ok	:lock	nil
2023-03-01 12:40:35,635{GMT}	INFO	[jepsen worker 2] jepsen.util: 2	:invoke	:lock	nil
2023-03-01 12:40:35,638{GMT}	INFO	[jepsen worker 2] jepsen.util: 2	:ok	:lock	nil
2023-03-01 12:40:35,774{GMT}	INFO	[jepsen worker 1] jepsen.util: 1	:invoke	:unlock	nil
2023-03-01 12:40:35,864{GMT}	INFO	[jepsen worker 2] jepsen.util: 2	:invoke	:unlock	nil
2023-03-01 12:40:35,866{GMT}	INFO	[jepsen worker 2] jepsen.util: 2	:ok	:unlock	nil
2023-03-01 12:40:35,896{GMT}	INFO	[jepsen worker 2] jepsen.util: 2	:invoke	:lock	nil
2023-03-01 12:40:35,899{GMT}	INFO	[jepsen worker 2] jepsen.util: 2	:ok	:lock	nil
2023-03-01 12:40:36,136{GMT}	INFO	[jepsen worker 2] jepsen.util: 2	:invoke	:unlock	nil
2023-03-01 12:40:36,138{GMT}	INFO	[jepsen worker 2] jepsen.util: 2	:ok	:unlock	nil
2023-03-01 12:40:36,442{GMT}	INFO	[jepsen worker 2] jepsen.util: 2	:invoke	:lock	nil
2023-03-01 12:40:39,093{GMT}	INFO	[jepsen worker 0] jepsen.util: 0	:info	:unlock	nil	:net-timeout
2023-03-01 12:40:40,084{GMT}	INFO	[jepsen worker 3] jepsen.util: 3	:info	:unlock	nil	:net-timeout
2023-03-01 12:40:40,775{GMT}	INFO	[jepsen worker 1] jepsen.util: 1	:info	:unlock	nil	:net-timeout
2023-03-01 12:40:41,442{GMT}	INFO	[jepsen worker 2] jepsen.util: 2	:info	:lock	nil	:net-timeout
2023-03-01 12:40:41,464{GMT}	INFO	[jepsen test runner] jepsen.core: Run complete, writing
2023-03-01 12:40:41,508{GMT}	INFO	[jepsen node n1] maelstrom.db: Tearing down n1
2023-03-01 12:40:41,508{GMT}	INFO	[jepsen node n0] maelstrom.db: Tearing down n0
2023-03-01 12:40:42,599{GMT}	INFO	[jepsen node n0] maelstrom.net: Shutting down Maelstrom network
2023-03-01 12:40:42,600{GMT}	INFO	[jepsen test runner] jepsen.core: Analyzing...
2023-03-01 12:40:42,743{GMT}	INFO	[jepsen test runner] jepsen.core: Analysis complete
2023-03-01 12:40:42,751{GMT}	INFO	[jepsen results] jepsen.store: Wrote /home/miguel/uni/4ano/sd/sdge/store/lock/20230301T124030.686Z/results.edn
2023-03-01 12:40:42,772{GMT}	INFO	[jepsen test runner] jepsen.core: {:perf {:latency-graph {:valid? true},
        :rate-graph {:valid? true},
        :valid? true},
 :timeline {:valid? true},
 :exceptions {:valid? true},
 :stats {:valid? true,
         :count 23,
         :ok-count 19,
         :fail-count 0,
         :info-count 4,
         :by-f {:lock {:valid? true,
                       :count 12,
                       :ok-count 11,
                       :fail-count 0,
                       :info-count 1},
                :unlock {:valid? true,
                         :count 11,
                         :ok-count 8,
                         :fail-count 0,
                         :info-count 3}}},
 :availability {:valid? true, :ok-fraction 0.82608694},
 :net {:all {:send-count 75,
             :recv-count 75,
             :msg-count 75,
             :msgs-per-op 3.2608695},
       :clients {:send-count 46, :recv-count 46, :msg-count 46},
       :servers {:send-count 29,
                 :recv-count 29,
                 :msg-count 29,
                 :msgs-per-op 1.2608696},
       :valid? true},
 :workload {:valid? false,
            :errors ["already acquired by process 0 when lock completed at {:index 11, :time 980120700, :type :ok, :process 3, :f :lock, :value nil}"
                     "lock not owned when unlock invoked at {:index 14, :time 1593241500, :type :invoke, :process 3, :f :unlock, :value nil}"
                     "already acquired by process 3 when lock completed at {:index 27, :time 2378152600, :type :ok, :process 2, :f :lock, :value nil}"
                     "lock not owned when unlock invoked at {:index 29, :time 2610667100, :type :invoke, :process 2, :f :unlock, :value nil}"
                     "already acquired by process 1 when lock completed at {:index 33, :time 3011329900, :type :ok, :process 2, :f :lock, :value nil}"
                     "lock not owned when unlock invoked at {:index 35, :time 3236930100, :type :invoke, :process 2, :f :unlock, :value nil}"]},
 :valid? false}


Analysis invalid! (ﾉಥ益ಥ）ﾉ ┻━┻
