2023-03-08 13:09:51,530{GMT}	INFO	[jepsen test runner] jepsen.core: Command line:
lein run test -w cbcast --bin causal-broadcast.py --time-limit 5 --node-count 3 --latency-dist uniform --latency 500
2023-03-08 13:09:51,589{GMT}	INFO	[jepsen test runner] jepsen.core: Running test:
{:args []
 :remote
 #jepsen.control.retry.Remote{:remote #jepsen.control.scp.Remote{:cmd-remote #jepsen.control.clj_ssh.Remote{:concurrency-limit 8,
                                                                                                            :conn-spec nil,
                                                                                                            :session nil,
                                                                                                            :semaphore nil},
                                                                 :conn-spec nil},
                              :conn nil}
 :log-net-send false
 :node-count 3
 :max-txn-length 4
 :concurrency 3
 :db
 #object[maelstrom.db$db$reify__16817
         "0x7ba5d307"
         "maelstrom.db$db$reify__16817@7ba5d307"]
 :max-writes-per-key 16
 :leave-db-running? false
 :name "cbcast"
 :logging-json? false
 :start-time
 #object[org.joda.time.DateTime "0x684001e6" "2023-03-08T13:09:51.000Z"]
 :nemesis-interval 10
 :net
 #object[maelstrom.net$jepsen_net$reify__15673
         "0x6bb2b8d4"
         "maelstrom.net$jepsen_net$reify__15673@6bb2b8d4"]
 :client
 #object[maelstrom.workload.cbcast$client$reify__18677
         "0x64230d44"
         "maelstrom.workload.cbcast$client$reify__18677@64230d44"]
 :barrier
 #object[java.util.concurrent.CyclicBarrier
         "0x1ff584d7"
         "java.util.concurrent.CyclicBarrier@1ff584d7"]
 :log-stderr false
 :pure-generators true
 :ssh {:dummy? true}
 :rate 5
 :checker
 #object[jepsen.checker$compose$reify__8787
         "0x7752f9fe"
         "jepsen.checker$compose$reify__8787@7752f9fe"]
 :argv
 ("test"
  "-w"
  "cbcast"
  "--bin"
  "causal-broadcast.py"
  "--time-limit"
  "5"
  "--node-count"
  "3"
  "--latency-dist"
  "uniform"
  "--latency"
  "500")
 :nemesis
 (jepsen.nemesis.ReflCompose
  {:fm {:start-partition 0,
        :stop-partition 0,
        :kill 1,
        :start 1,
        :pause 1,
        :resume 1},
   :nemeses [#unprintable "jepsen.nemesis.combined$partition_nemesis$reify__17089@9588bd8"
             #unprintable "jepsen.nemesis.combined$db_nemesis$reify__17070@75edfe9a"]})
 :nodes ["n0" "n1" "n2"]
 :test-count 1
 :latency {:mean 500, :dist :uniform}
 :bin "causal-broadcast.py"
 :generator
 (jepsen.generator.TimeLimit
  {:limit 5000000000,
   :cutoff nil,
   :gen (jepsen.generator.Any
         {:gens [(jepsen.generator.OnThreads {:f #{:nemesis}, :gen nil})
                 (jepsen.generator.OnThreads
                  {:f #object[clojure.core$complement$fn__5654
                              "0x6351efa6"
                              "clojure.core$complement$fn__5654@6351efa6"],
                   :gen (jepsen.generator.Stagger
                         {:dt 400000000,
                          :next-time nil,
                          :gen ({:f :cbcast, :value 1}
                                {:f :cbcast, :value 2}
                                {:f :cbcast, :value 3}
                                {:f :cbcast, :value 4}
                                {:f :cbcast, :value 5}
                                {:f :cbcast, :value 6}
                                {:f :cbcast, :value 7}
                                {:f :cbcast, :value 8}
                                ...)})})]})})
 :log-net-recv false
 :os
 #object[maelstrom.net$jepsen_os$reify__15676
         "0x349e166"
         "maelstrom.net$jepsen_os$reify__15676@349e166"]
 :time-limit 5
 :workload :cbcast
 :consistency-models [:strict-serializable]
 :topology :grid}

2023-03-08 13:09:51,598{GMT}	INFO	[jepsen node n0] maelstrom.net: Starting Maelstrom network
2023-03-08 13:09:51,600{GMT}	INFO	[jepsen test runner] jepsen.db: Tearing down DB
2023-03-08 13:09:51,602{GMT}	INFO	[jepsen test runner] jepsen.db: Setting up DB
2023-03-08 13:09:51,603{GMT}	INFO	[jepsen node n1] maelstrom.db: Setting up n1
2023-03-08 13:09:51,603{GMT}	INFO	[jepsen node n2] maelstrom.db: Setting up n2
2023-03-08 13:09:51,604{GMT}	INFO	[jepsen node n1] maelstrom.process: launching causal-broadcast.py []
2023-03-08 13:09:51,604{GMT}	INFO	[jepsen node n2] maelstrom.process: launching causal-broadcast.py []
2023-03-08 13:09:51,605{GMT}	INFO	[jepsen node n0] maelstrom.service: Starting services: (lin-kv lin-tso lww-kv seq-kv)
2023-03-08 13:09:51,608{GMT}	INFO	[jepsen node n0] maelstrom.db: Setting up n0
2023-03-08 13:09:51,608{GMT}	INFO	[jepsen node n0] maelstrom.process: launching causal-broadcast.py []
2023-03-08 13:09:51,662{GMT}	INFO	[jepsen test runner] jepsen.core: Relative time begins now
2023-03-08 13:09:51,677{GMT}	INFO	[jepsen worker 1] jepsen.util: 1	:invoke	:cbcast	1
2023-03-08 13:09:51,681{GMT}	INFO	[jepsen worker 1] jepsen.util: 1	:ok	:cbcast	[]
2023-03-08 13:09:52,049{GMT}	INFO	[jepsen worker 1] jepsen.util: 1	:invoke	:cbcast	2
2023-03-08 13:09:52,051{GMT}	INFO	[jepsen worker 1] jepsen.util: 1	:ok	:cbcast	[]
2023-03-08 13:09:52,260{GMT}	INFO	[jepsen worker 1] jepsen.util: 1	:invoke	:cbcast	3
2023-03-08 13:09:52,262{GMT}	INFO	[jepsen worker 1] jepsen.util: 1	:ok	:cbcast	[]
2023-03-08 13:09:52,330{GMT}	INFO	[jepsen worker 2] jepsen.util: 2	:invoke	:cbcast	4
2023-03-08 13:09:52,483{GMT}	INFO	[jepsen worker 1] jepsen.util: 1	:invoke	:cbcast	5
2023-03-08 13:09:52,485{GMT}	INFO	[jepsen worker 1] jepsen.util: 1	:ok	:cbcast	[]
2023-03-08 13:09:52,526{GMT}	INFO	[jepsen worker 1] jepsen.util: 1	:invoke	:cbcast	6
2023-03-08 13:09:52,528{GMT}	INFO	[jepsen worker 1] jepsen.util: 1	:ok	:cbcast	[]
2023-03-08 13:09:52,532{GMT}	INFO	[jepsen worker 2] jepsen.util: 2	:ok	:cbcast	[1 3 2]
2023-03-08 13:09:52,763{GMT}	INFO	[jepsen worker 1] jepsen.util: 1	:invoke	:cbcast	7
2023-03-08 13:09:52,765{GMT}	INFO	[jepsen worker 1] jepsen.util: 1	:ok	:cbcast	[4]
2023-03-08 13:09:52,959{GMT}	INFO	[jepsen worker 2] jepsen.util: 2	:invoke	:cbcast	8
2023-03-08 13:09:53,295{GMT}	INFO	[jepsen worker 0] jepsen.util: 0	:invoke	:cbcast	9
2023-03-08 13:09:53,350{GMT}	INFO	[jepsen worker 0] jepsen.util: 0	:ok	:cbcast	[1 2 3 6 7]
2023-03-08 13:09:53,576{GMT}	INFO	[jepsen worker 0] jepsen.util: 0	:invoke	:cbcast	10
2023-03-08 13:09:53,578{GMT}	INFO	[jepsen worker 0] jepsen.util: 0	:ok	:cbcast	[5]
2023-03-08 13:09:53,596{GMT}	INFO	[jepsen worker 2] jepsen.util: 2	:ok	:cbcast	[5 6 7]
2023-03-08 13:09:53,724{GMT}	INFO	[jepsen worker 1] jepsen.util: 1	:invoke	:cbcast	11
2023-03-08 13:09:53,913{GMT}	INFO	[jepsen worker 0] jepsen.util: 0	:invoke	:cbcast	12
2023-03-08 13:09:53,980{GMT}	INFO	[jepsen worker 1] jepsen.util: 1	:ok	:cbcast	[]
2023-03-08 13:09:54,084{GMT}	INFO	[jepsen worker 2] jepsen.util: 2	:invoke	:cbcast	13
2023-03-08 13:09:54,299{GMT}	INFO	[jepsen worker 2] jepsen.util: 2	:ok	:cbcast	[10 9]
2023-03-08 13:09:54,309{GMT}	INFO	[jepsen worker 1] jepsen.util: 1	:invoke	:cbcast	14
2023-03-08 13:09:54,514{GMT}	INFO	[jepsen worker 0] jepsen.util: 0	:ok	:cbcast	[8 4]
2023-03-08 13:09:54,682{GMT}	INFO	[jepsen worker 0] jepsen.util: 0	:invoke	:cbcast	15
2023-03-08 13:09:54,698{GMT}	INFO	[jepsen worker 0] jepsen.util: 0	:ok	:cbcast	[13]
2023-03-08 13:09:54,715{GMT}	INFO	[jepsen worker 0] jepsen.util: 0	:invoke	:cbcast	16
2023-03-08 13:09:54,717{GMT}	INFO	[jepsen worker 0] jepsen.util: 0	:ok	:cbcast	[]
2023-03-08 13:09:55,043{GMT}	INFO	[jepsen worker 0] jepsen.util: 0	:invoke	:cbcast	17
2023-03-08 13:09:55,045{GMT}	INFO	[jepsen worker 0] jepsen.util: 0	:ok	:cbcast	[]
2023-03-08 13:09:55,113{GMT}	INFO	[jepsen worker 1] jepsen.util: 1	:ok	:cbcast	[10 9 13 8]
2023-03-08 13:09:55,225{GMT}	INFO	[jepsen worker 1] jepsen.util: 1	:invoke	:cbcast	18
2023-03-08 13:09:55,321{GMT}	INFO	[jepsen worker 1] jepsen.util: 1	:ok	:cbcast	[17]
2023-03-08 13:09:55,406{GMT}	INFO	[jepsen worker 1] jepsen.util: 1	:invoke	:cbcast	19
2023-03-08 13:09:55,427{GMT}	INFO	[jepsen worker 1] jepsen.util: 1	:ok	:cbcast	[12]
2023-03-08 13:09:55,724{GMT}	INFO	[jepsen worker 1] jepsen.util: 1	:invoke	:cbcast	20
2023-03-08 13:09:55,726{GMT}	INFO	[jepsen worker 1] jepsen.util: 1	:ok	:cbcast	[15 16]
2023-03-08 13:09:55,983{GMT}	INFO	[jepsen worker 0] jepsen.util: 0	:invoke	:cbcast	21
2023-03-08 13:09:56,076{GMT}	INFO	[jepsen worker 0] jepsen.util: 0	:ok	:cbcast	[14 11 19 18 20]
2023-03-08 13:09:56,347{GMT}	INFO	[jepsen worker 0] jepsen.util: 0	:invoke	:cbcast	22
2023-03-08 13:09:56,349{GMT}	INFO	[jepsen worker 0] jepsen.util: 0	:ok	:cbcast	[]
2023-03-08 13:09:56,421{GMT}	INFO	[jepsen worker 2] jepsen.util: 2	:invoke	:cbcast	23
2023-03-08 13:09:56,546{GMT}	INFO	[jepsen worker 0] jepsen.util: 0	:invoke	:cbcast	24
2023-03-08 13:09:56,548{GMT}	INFO	[jepsen worker 0] jepsen.util: 0	:ok	:cbcast	[]
2023-03-08 13:09:56,574{GMT}	INFO	[jepsen worker 2] jepsen.util: 2	:ok	:cbcast	[12 16 15 17 19 11 14 21 18]
2023-03-08 13:09:56,578{GMT}	INFO	[jepsen node n0] maelstrom.db: Tearing down n0
2023-03-08 13:09:56,578{GMT}	INFO	[jepsen node n1] maelstrom.db: Tearing down n1
2023-03-08 13:09:56,578{GMT}	INFO	[jepsen node n2] maelstrom.db: Tearing down n2
2023-03-08 13:09:57,612{GMT}	INFO	[jepsen node n0] maelstrom.net: Shutting down Maelstrom network
2023-03-08 13:09:57,613{GMT}	INFO	[jepsen test runner] jepsen.core: Run complete, writing
2023-03-08 13:09:57,620{GMT}	INFO	[jepsen test runner] jepsen.core: Analyzing...
2023-03-08 13:09:57,794{GMT}	INFO	[jepsen test runner] jepsen.core: Analysis complete
2023-03-08 13:09:57,807{GMT}	INFO	[jepsen results] jepsen.store: Wrote /home/miguel/uni/4ano/sd/sdge/guiao1/store/cbcast/20230308T130951.000Z/results.edn
2023-03-08 13:09:57,816{GMT}	INFO	[jepsen test runner] jepsen.core: {:perf {:latency-graph {:valid? true},
        :rate-graph {:valid? true},
        :valid? true},
 :timeline {:valid? true},
 :exceptions {:valid? true},
 :stats {:valid? true,
         :count 24,
         :ok-count 24,
         :fail-count 0,
         :info-count 0,
         :by-f {:cbcast {:valid? true,
                         :count 24,
                         :ok-count 24,
                         :fail-count 0,
                         :info-count 0}}},
 :net {:all {:send-count 102,
             :recv-count 98,
             :msg-count 102,
             :msgs-per-op 4.25},
       :clients {:send-count 54, :recv-count 54, :msg-count 54},
       :servers {:send-count 48,
                 :recv-count 44,
                 :msg-count 48,
                 :msgs-per-op 2.0},
       :valid? true},
 :workload {:valid? false,
            :errors ["missing dependencies [2] when delivering message 3 to process 2"
                     "missing dependencies [5] when delivering message 6 to process 0"
                     "missing dependencies [4] when delivering message 7 to process 0"
                     "missing dependencies [9] when delivering message 10 to process 2"
                     "missing dependencies [4] when delivering message 8 to process 0"
                     "missing dependencies [9] when delivering message 10 to process 1"
                     "missing dependencies [8] when delivering message 13 to process 1"
                     "missing dependencies [16] when delivering message 17 to process 1"
                     "missing dependencies [11] when delivering message 14 to process 0"
                     "missing dependencies [18] when delivering message 19 to process 0"
                     "missing dependencies [15] when delivering message 16 to process 2"
                     "missing dependencies [18] when delivering message 19 to process 2"
                     "missing dependencies [18 20] when delivering message 21 to process 2"]},
 :valid? false}


Analysis invalid! (ﾉಥ益ಥ）ﾉ ┻━┻
