2023-03-10 15:12:06,459{GMT}	INFO	[jepsen test runner] jepsen.core: Command line:
lein run test -w cbcast --bin causal-broadcast.py --time-limit 5 --node-count 3 --latency-dist uniform --latency 500
2023-03-10 15:12:06,548{GMT}	INFO	[jepsen test runner] jepsen.core: Running test:
{:args []
 :remote
 #jepsen.control.retry.Remote{:remote #jepsen.control.scp.Remote{:cmd-remote #jepsen.control.clj_ssh.Remote{:concurrency-limit 8,
                                                                                                            :conn-spec nil,
                                                                                                            :session nil,
                                                                                                            :semaphore nil},
                                                                 :conn-spec nil},
                              :conn nil}
 :log-net-send false
 :node-count 3
 :max-txn-length 4
 :concurrency 3
 :db
 #object[maelstrom.db$db$reify__16817
         "0x4a28b6d0"
         "maelstrom.db$db$reify__16817@4a28b6d0"]
 :max-writes-per-key 16
 :leave-db-running? false
 :name "cbcast"
 :logging-json? false
 :start-time
 #object[org.joda.time.DateTime "0x64230d44" "2023-03-10T15:12:06.000Z"]
 :nemesis-interval 10
 :net
 #object[maelstrom.net$jepsen_net$reify__15673
         "0x1ff584d7"
         "maelstrom.net$jepsen_net$reify__15673@1ff584d7"]
 :client
 #object[maelstrom.workload.cbcast$client$reify__18677
         "0x7752f9fe"
         "maelstrom.workload.cbcast$client$reify__18677@7752f9fe"]
 :barrier
 #object[java.util.concurrent.CyclicBarrier
         "0x9588bd8"
         "java.util.concurrent.CyclicBarrier@9588bd8"]
 :log-stderr false
 :pure-generators true
 :ssh {:dummy? true}
 :rate 5
 :checker
 #object[jepsen.checker$compose$reify__8787
         "0x75edfe9a"
         "jepsen.checker$compose$reify__8787@75edfe9a"]
 :argv
 ("test"
  "-w"
  "cbcast"
  "--bin"
  "causal-broadcast.py"
  "--time-limit"
  "5"
  "--node-count"
  "3"
  "--latency-dist"
  "uniform"
  "--latency"
  "500")
 :nemesis
 (jepsen.nemesis.ReflCompose
  {:fm {:start-partition 0,
        :stop-partition 0,
        :kill 1,
        :start 1,
        :pause 1,
        :resume 1},
   :nemeses [#unprintable "jepsen.nemesis.combined$partition_nemesis$reify__17089@468d1fcc"
             #unprintable "jepsen.nemesis.combined$db_nemesis$reify__17070@267093ea"]})
 :nodes ["n0" "n1" "n2"]
 :test-count 1
 :latency {:mean 500, :dist :uniform}
 :bin "causal-broadcast.py"
 :generator
 (jepsen.generator.TimeLimit
  {:limit 5000000000,
   :cutoff nil,
   :gen (jepsen.generator.Any
         {:gens [(jepsen.generator.OnThreads {:f #{:nemesis}, :gen nil})
                 (jepsen.generator.OnThreads
                  {:f #object[clojure.core$complement$fn__5654
                              "0x349e166"
                              "clojure.core$complement$fn__5654@349e166"],
                   :gen (jepsen.generator.Stagger
                         {:dt 400000000,
                          :next-time nil,
                          :gen ({:f :cbcast, :value 1}
                                {:f :cbcast, :value 2}
                                {:f :cbcast, :value 3}
                                {:f :cbcast, :value 4}
                                {:f :cbcast, :value 5}
                                {:f :cbcast, :value 6}
                                {:f :cbcast, :value 7}
                                {:f :cbcast, :value 8}
                                ...)})})]})})
 :log-net-recv false
 :os
 #object[maelstrom.net$jepsen_os$reify__15676
         "0x68fd0fba"
         "maelstrom.net$jepsen_os$reify__15676@68fd0fba"]
 :time-limit 5
 :workload :cbcast
 :consistency-models [:strict-serializable]
 :topology :grid}

2023-03-10 15:12:06,567{GMT}	INFO	[jepsen node n0] maelstrom.net: Starting Maelstrom network
2023-03-10 15:12:06,570{GMT}	INFO	[jepsen test runner] jepsen.db: Tearing down DB
2023-03-10 15:12:06,573{GMT}	INFO	[jepsen test runner] jepsen.db: Setting up DB
2023-03-10 15:12:06,575{GMT}	INFO	[jepsen node n1] maelstrom.db: Setting up n1
2023-03-10 15:12:06,575{GMT}	INFO	[jepsen node n2] maelstrom.db: Setting up n2
2023-03-10 15:12:06,576{GMT}	INFO	[jepsen node n1] maelstrom.process: launching causal-broadcast.py []
2023-03-10 15:12:06,576{GMT}	INFO	[jepsen node n2] maelstrom.process: launching causal-broadcast.py []
2023-03-10 15:12:06,578{GMT}	INFO	[jepsen node n0] maelstrom.service: Starting services: (lin-kv lin-tso lww-kv seq-kv)
2023-03-10 15:12:06,581{GMT}	INFO	[jepsen node n0] maelstrom.db: Setting up n0
2023-03-10 15:12:06,583{GMT}	INFO	[jepsen node n0] maelstrom.process: launching causal-broadcast.py []
2023-03-10 15:12:06,660{GMT}	INFO	[jepsen test runner] jepsen.core: Relative time begins now
2023-03-10 15:12:06,689{GMT}	INFO	[jepsen worker 1] jepsen.util: 1	:invoke	:cbcast	1
2023-03-10 15:12:06,697{GMT}	INFO	[jepsen worker 1] jepsen.util: 1	:ok	:cbcast	[]
2023-03-10 15:12:06,957{GMT}	INFO	[jepsen worker 2] jepsen.util: 2	:invoke	:cbcast	2
2023-03-10 15:12:07,070{GMT}	INFO	[jepsen worker 2] jepsen.util: 2	:ok	:cbcast	[1]
2023-03-10 15:12:07,121{GMT}	INFO	[jepsen worker 2] jepsen.util: 2	:invoke	:cbcast	3
2023-03-10 15:12:07,123{GMT}	INFO	[jepsen worker 2] jepsen.util: 2	:ok	:cbcast	[]
2023-03-10 15:12:07,269{GMT}	INFO	[jepsen worker 0] jepsen.util: 0	:invoke	:cbcast	4
2023-03-10 15:12:07,322{GMT}	INFO	[jepsen worker 0] jepsen.util: 0	:ok	:cbcast	[1 2]
2023-03-10 15:12:07,426{GMT}	INFO	[jepsen worker 1] jepsen.util: 1	:invoke	:cbcast	5
2023-03-10 15:12:07,492{GMT}	INFO	[jepsen worker 1] jepsen.util: 1	:ok	:cbcast	[2]
2023-03-10 15:12:07,498{GMT}	INFO	[jepsen worker 0] jepsen.util: 0	:invoke	:cbcast	6
2023-03-10 15:12:07,714{GMT}	INFO	[jepsen worker 1] jepsen.util: 1	:invoke	:cbcast	7
2023-03-10 15:12:07,875{GMT}	INFO	[jepsen worker 2] jepsen.util: 2	:invoke	:cbcast	8
2023-03-10 15:12:07,904{GMT}	INFO	[jepsen worker 1] jepsen.util: 1	:ok	:cbcast	[3]
2023-03-10 15:12:07,977{GMT}	INFO	[jepsen worker 0] jepsen.util: 0	:ok	:cbcast	[3]
2023-03-10 15:12:08,108{GMT}	INFO	[jepsen worker 0] jepsen.util: 0	:invoke	:cbcast	9
2023-03-10 15:12:08,273{GMT}	INFO	[jepsen worker 2] jepsen.util: 2	:ok	:cbcast	[4]
2023-03-10 15:12:08,307{GMT}	INFO	[jepsen worker 2] jepsen.util: 2	:invoke	:cbcast	10
2023-03-10 15:12:08,309{GMT}	INFO	[jepsen worker 2] jepsen.util: 2	:ok	:cbcast	[6 7 5]
2023-03-10 15:12:08,573{GMT}	INFO	[jepsen worker 1] jepsen.util: 1	:invoke	:cbcast	11
2023-03-10 15:12:08,624{GMT}	INFO	[jepsen worker 1] jepsen.util: 1	:ok	:cbcast	[6 4]
2023-03-10 15:12:08,820{GMT}	INFO	[jepsen worker 0] jepsen.util: 0	:ok	:cbcast	[7 5]
2023-03-10 15:12:08,864{GMT}	INFO	[jepsen worker 1] jepsen.util: 1	:invoke	:cbcast	12
2023-03-10 15:12:09,224{GMT}	INFO	[jepsen worker 1] jepsen.util: 1	:ok	:cbcast	[]
2023-03-10 15:12:09,262{GMT}	INFO	[jepsen worker 0] jepsen.util: 0	:invoke	:cbcast	13
2023-03-10 15:12:09,566{GMT}	INFO	[jepsen worker 1] jepsen.util: 1	:invoke	:cbcast	14
2023-03-10 15:12:09,629{GMT}	INFO	[jepsen worker 2] jepsen.util: 2	:invoke	:cbcast	15
2023-03-10 15:12:09,657{GMT}	INFO	[jepsen worker 0] jepsen.util: 0	:ok	:cbcast	[10 8 12 11]
2023-03-10 15:12:09,699{GMT}	INFO	[jepsen worker 1] jepsen.util: 1	:ok	:cbcast	[10 8]
2023-03-10 15:12:09,765{GMT}	INFO	[jepsen worker 0] jepsen.util: 0	:invoke	:cbcast	16
2023-03-10 15:12:10,007{GMT}	INFO	[jepsen worker 1] jepsen.util: 1	:invoke	:cbcast	17
2023-03-10 15:12:10,041{GMT}	INFO	[jepsen worker 2] jepsen.util: 2	:ok	:cbcast	[11 12]
2023-03-10 15:12:10,232{GMT}	INFO	[jepsen worker 1] jepsen.util: 1	:ok	:cbcast	[13 9]
2023-03-10 15:12:10,241{GMT}	INFO	[jepsen worker 1] jepsen.util: 1	:invoke	:cbcast	18
2023-03-10 15:12:10,365{GMT}	INFO	[jepsen worker 2] jepsen.util: 2	:invoke	:cbcast	19
2023-03-10 15:12:10,490{GMT}	INFO	[jepsen worker 0] jepsen.util: 0	:ok	:cbcast	[14]
2023-03-10 15:12:10,490{GMT}	INFO	[jepsen worker 0] jepsen.util: 0	:invoke	:cbcast	20
2023-03-10 15:12:10,606{GMT}	INFO	[jepsen worker 2] jepsen.util: 2	:ok	:cbcast	[13 9 17 14]
2023-03-10 15:12:10,606{GMT}	INFO	[jepsen worker 2] jepsen.util: 2	:invoke	:cbcast	21
2023-03-10 15:12:10,875{GMT}	INFO	[jepsen worker 1] jepsen.util: 1	:ok	:cbcast	[]
2023-03-10 15:12:10,876{GMT}	INFO	[jepsen worker 1] jepsen.util: 1	:invoke	:cbcast	22
2023-03-10 15:12:11,195{GMT}	INFO	[jepsen worker 0] jepsen.util: 0	:ok	:cbcast	[17]
2023-03-10 15:12:11,195{GMT}	INFO	[jepsen worker 0] jepsen.util: 0	:invoke	:cbcast	23
2023-03-10 15:12:11,397{GMT}	INFO	[jepsen worker 2] jepsen.util: 2	:ok	:cbcast	[]
2023-03-10 15:12:11,398{GMT}	INFO	[jepsen worker 2] jepsen.util: 2	:invoke	:cbcast	24
2023-03-10 15:12:11,399{GMT}	INFO	[jepsen worker 2] jepsen.util: 2	:ok	:cbcast	[20 16]
2023-03-10 15:12:11,450{GMT}	INFO	[jepsen worker 2] jepsen.util: 2	:invoke	:cbcast	25
2023-03-10 15:12:11,450{GMT}	INFO	[jepsen worker 0] jepsen.util: 0	:ok	:cbcast	[19 15]
2023-03-10 15:12:11,573{GMT}	INFO	[jepsen worker 1] jepsen.util: 1	:ok	:cbcast	[16 19 15]
2023-03-10 15:12:12,003{GMT}	INFO	[jepsen worker 2] jepsen.util: 2	:ok	:cbcast	[23]
2023-03-10 15:12:12,007{GMT}	INFO	[jepsen node n0] maelstrom.db: Tearing down n0
2023-03-10 15:12:12,007{GMT}	INFO	[jepsen node n1] maelstrom.db: Tearing down n1
2023-03-10 15:12:12,008{GMT}	INFO	[jepsen node n2] maelstrom.db: Tearing down n2
2023-03-10 15:12:12,589{GMT}	INFO	[jepsen node n0] maelstrom.net: Shutting down Maelstrom network
2023-03-10 15:12:12,590{GMT}	INFO	[jepsen test runner] jepsen.core: Run complete, writing
2023-03-10 15:12:12,597{GMT}	INFO	[jepsen test runner] jepsen.core: Analyzing...
2023-03-10 15:12:12,963{GMT}	INFO	[jepsen test runner] jepsen.core: Analysis complete
2023-03-10 15:12:12,970{GMT}	INFO	[jepsen results] jepsen.store: Wrote /home/miguel/uni/4ano/sd/sdge/guiao1/store/cbcast/20230310T151206.000Z/results.edn
2023-03-10 15:12:12,979{GMT}	INFO	[jepsen test runner] jepsen.core: {:perf {:latency-graph {:valid? true},
        :rate-graph {:valid? true},
        :valid? true},
 :timeline {:valid? true},
 :exceptions {:valid? true},
 :stats {:valid? true,
         :count 25,
         :ok-count 25,
         :fail-count 0,
         :info-count 0,
         :by-f {:cbcast {:valid? true,
                         :count 25,
                         :ok-count 25,
                         :fail-count 0,
                         :info-count 0}}},
 :net {:all {:send-count 106,
             :recv-count 102,
             :msg-count 106,
             :msgs-per-op 4.24},
       :clients {:send-count 56, :recv-count 56, :msg-count 56},
       :servers {:send-count 50,
                 :recv-count 46,
                 :msg-count 50,
                 :msgs-per-op 2.0},
       :valid? true},
 :workload {:valid? false,
            :errors ["missing dependencies [5] when delivering message 7 to process 2"
                     "missing dependencies [4] when delivering message 6 to process 1"
                     "missing dependencies [5] when delivering message 7 to process 0"
                     "missing dependencies [8] when delivering message 10 to process 0"
                     "missing dependencies [11] when delivering message 12 to process 0"
                     "missing dependencies [8] when delivering message 10 to process 1"
                     "missing dependencies [9] when delivering message 13 to process 1"
                     "missing dependencies [9] when delivering message 13 to process 2"
                     "missing dependencies [14] when delivering message 17 to process 2"
                     "missing dependencies [16] when delivering message 20 to process 2"
                     "missing dependencies [15] when delivering message 19 to process 0"
                     "missing dependencies [15] when delivering message 19 to process 1"]},
 :valid? false}


Analysis invalid! (ﾉಥ益ಥ）ﾉ ┻━┻
