DEBUG:root:received {"id":0,"src":"c1","dest":"n2","body":{"type":"init","node_id":"n2","node_ids":["n0","n1","n2"],"msg_id":1}}
INFO:root:node n2 initialized
DEBUG:root:sending {"dest": "c1", "src": "n2", "body": {"msg_id": 1, "in_reply_to": 1, "type": "init_ok"}}
DEBUG:root:received {"id":9,"src":"n0","dest":"n2","body":{"msg_id":4,"type":"fwd_msg","vv":{"n0":1,"n1":0,"n2":0},"message":1}}
DEBUG:root:received {"id":13,"src":"n1","dest":"n2","body":{"msg_id":4,"type":"fwd_msg","vv":{"n0":1,"n1":1,"n2":0},"message":2}}
DEBUG:root:received {"id":14,"src":"c8","dest":"n2","body":{"type":"cbcast","message":3,"msg_id":1}}
DEBUG:root:sending {"dest": "c8", "src": "n2", "body": {"msg_id": 2, "in_reply_to": 1, "type": "cbcast_ok", "messages": [1, 2]}}
DEBUG:root:sending {"dest": "n0", "src": "n2", "body": {"msg_id": 3, "type": "fwd_msg", "vv": {"n0": 1, "n1": 1, "n2": 1}, "message": 3}}
DEBUG:root:sending {"dest": "n1", "src": "n2", "body": {"msg_id": 4, "type": "fwd_msg", "vv": {"n0": 1, "n1": 1, "n2": 1}, "message": 3}}
DEBUG:root:received {"id":18,"src":"n1","dest":"n2","body":{"msg_id":7,"type":"fwd_msg","vv":{"n0":1,"n1":2,"n2":0},"message":4}}
DEBUG:root:received {"id":29,"src":"n0","dest":"n2","body":{"msg_id":7,"type":"fwd_msg","vv":{"n0":2,"n1":1,"n2":0},"message":5}}
DEBUG:root:received {"id":26,"src":"n1","dest":"n2","body":{"msg_id":10,"type":"fwd_msg","vv":{"n0":1,"n1":3,"n2":1},"message":6}}
DEBUG:root:received {"id":37,"src":"n0","dest":"n2","body":{"msg_id":13,"type":"fwd_msg","vv":{"n0":4,"n1":3,"n2":0},"message":8}}
DEBUG:root:received {"id":33,"src":"n0","dest":"n2","body":{"msg_id":10,"type":"fwd_msg","vv":{"n0":3,"n1":2,"n2":0},"message":7}}
DEBUG:root:received {"id":39,"src":"c8","dest":"n2","body":{"type":"cbcast","message":10,"msg_id":2}}
DEBUG:root:sending {"dest": "c8", "src": "n2", "body": {"msg_id": 5, "in_reply_to": 2, "type": "cbcast_ok", "messages": [4, 6, 8, 5, 7]}}
DEBUG:root:sending {"dest": "n0", "src": "n2", "body": {"msg_id": 6, "type": "fwd_msg", "vv": {"n0": 4, "n1": 3, "n2": 2}, "message": 10}}
DEBUG:root:sending {"dest": "n1", "src": "n2", "body": {"msg_id": 7, "type": "fwd_msg", "vv": {"n0": 4, "n1": 3, "n2": 2}, "message": 10}}
DEBUG:root:received {"id":42,"src":"n1","dest":"n2","body":{"msg_id":13,"type":"fwd_msg","vv":{"n0":3,"n1":4,"n2":1},"message":9}}
DEBUG:root:received {"id":48,"src":"c8","dest":"n2","body":{"type":"cbcast","message":13,"msg_id":3}}
DEBUG:root:sending {"dest": "c8", "src": "n2", "body": {"msg_id": 8, "in_reply_to": 3, "type": "cbcast_ok", "messages": []}}
DEBUG:root:sending {"dest": "n0", "src": "n2", "body": {"msg_id": 9, "type": "fwd_msg", "vv": {"n0": 4, "n1": 3, "n2": 3}, "message": 13}}
DEBUG:root:sending {"dest": "n1", "src": "n2", "body": {"msg_id": 10, "type": "fwd_msg", "vv": {"n0": 4, "n1": 3, "n2": 3}, "message": 13}}
DEBUG:root:received {"id":51,"src":"n0","dest":"n2","body":{"msg_id":16,"type":"fwd_msg","vv":{"n0":5,"n1":4,"n2":0},"message":12}}
DEBUG:root:received {"id":56,"src":"c8","dest":"n2","body":{"type":"cbcast","message":15,"msg_id":4}}
DEBUG:root:sending {"dest": "c8", "src": "n2", "body": {"msg_id": 11, "in_reply_to": 4, "type": "cbcast_ok", "messages": [12]}}
DEBUG:root:sending {"dest": "n0", "src": "n2", "body": {"msg_id": 12, "type": "fwd_msg", "vv": {"n0": 5, "n1": 3, "n2": 4}, "message": 15}}
DEBUG:root:sending {"dest": "n1", "src": "n2", "body": {"msg_id": 13, "type": "fwd_msg", "vv": {"n0": 5, "n1": 3, "n2": 4}, "message": 15}}
DEBUG:root:received {"id":63,"src":"n0","dest":"n2","body":{"msg_id":19,"type":"fwd_msg","vv":{"n0":6,"n1":4,"n2":2},"message":14}}
DEBUG:root:received {"id":59,"src":"n1","dest":"n2","body":{"msg_id":16,"type":"fwd_msg","vv":{"n0":3,"n1":5,"n2":2},"message":11}}
DEBUG:root:received {"id":66,"src":"n1","dest":"n2","body":{"msg_id":19,"type":"fwd_msg","vv":{"n0":3,"n1":6,"n2":3},"message":16}}
DEBUG:root:received {"id":75,"src":"n0","dest":"n2","body":{"msg_id":25,"type":"fwd_msg","vv":{"n0":8,"n1":6,"n2":2},"message":19}}
DEBUG:root:received {"id":82,"src":"c8","dest":"n2","body":{"type":"cbcast","message":20,"msg_id":5}}
DEBUG:root:sending {"dest": "c8", "src": "n2", "body": {"msg_id": 14, "in_reply_to": 5, "type": "cbcast_ok", "messages": [14, 11, 9, 19]}}
DEBUG:root:sending {"dest": "n0", "src": "n2", "body": {"msg_id": 15, "type": "fwd_msg", "vv": {"n0": 7, "n1": 5, "n2": 5}, "message": 20}}
DEBUG:root:sending {"dest": "n1", "src": "n2", "body": {"msg_id": 16, "type": "fwd_msg", "vv": {"n0": 7, "n1": 5, "n2": 5}, "message": 20}}
DEBUG:root:received {"id":71,"src":"n0","dest":"n2","body":{"msg_id":22,"type":"fwd_msg","vv":{"n0":7,"n1":6,"n2":2},"message":17}}
DEBUG:root:received {"id":81,"src":"n1","dest":"n2","body":{"msg_id":22,"type":"fwd_msg","vv":{"n0":5,"n1":7,"n2":3},"message":18}}
DEBUG:root:received {"id":90,"src":"c8","dest":"n2","body":{"type":"cbcast","message":22,"msg_id":6}}
DEBUG:root:sending {"dest": "c8", "src": "n2", "body": {"msg_id": 17, "in_reply_to": 6, "type": "cbcast_ok", "messages": [17, 18, 16]}}
DEBUG:root:sending {"dest": "n0", "src": "n2", "body": {"msg_id": 18, "type": "fwd_msg", "vv": {"n0": 8, "n1": 7, "n2": 6}, "message": 22}}
DEBUG:root:sending {"dest": "n1", "src": "n2", "body": {"msg_id": 19, "type": "fwd_msg", "vv": {"n0": 8, "n1": 7, "n2": 6}, "message": 22}}
DEBUG:root:received {"id":89,"src":"n1","dest":"n2","body":{"msg_id":25,"type":"fwd_msg","vv":{"n0":7,"n1":8,"n2":4},"message":21}}
