2023-03-01 12:00:06,323{GMT}	INFO	[jepsen test runner] jepsen.core: Command line:
lein run test --bin guiao0/lock-lamport.py --time-limit 5 --node-count 1 -w lock --concurrency 1n
2023-03-01 12:00:06,386{GMT}	INFO	[jepsen test runner] jepsen.core: Running test:
{:args []
 :remote
 #jepsen.control.retry.Remote{:remote #jepsen.control.scp.Remote{:cmd-remote #jepsen.control.sshj.SSHJRemote{:concurrency-limit 6,
                                                                                                             :conn-spec nil,
                                                                                                             :client nil,
                                                                                                             :semaphore nil},
                                                                 :conn-spec nil},
                              :conn nil}
 :log-net-send false
 :node-count 1
 :availability nil
 :max-txn-length 4
 :concurrency 1
 :db
 #object[maelstrom.db$db$reify__16144
         "0x2cbb9702"
         "maelstrom.db$db$reify__16144@2cbb9702"]
 :max-writes-per-key 16
 :leave-db-running? false
 :name "lock"
 :logging-json? false
 :start-time
 #object[org.joda.time.DateTime "0x1313dea8" "2023-03-01T12:00:06.303Z"]
 :nemesis-interval 10
 :net
 #object[maelstrom.net$jepsen_net$reify__15253
         "0x74bca236"
         "maelstrom.net$jepsen_net$reify__15253@74bca236"]
 :client
 #object[maelstrom.workload.lock$client$reify__19507
         "0x526fbb80"
         "maelstrom.workload.lock$client$reify__19507@526fbb80"]
 :barrier
 #object[java.util.concurrent.CyclicBarrier
         "0x33dcbdc2"
         "java.util.concurrent.CyclicBarrier@33dcbdc2"]
 :log-stderr false
 :pure-generators true
 :ssh {:dummy? true}
 :rate 5
 :checker
 #object[jepsen.checker$compose$reify__11881
         "0x3e37c38f"
         "jepsen.checker$compose$reify__11881@3e37c38f"]
 :argv
 ("test"
  "--bin"
  "guiao0/lock-lamport.py"
  "--time-limit"
  "5"
  "--node-count"
  "1"
  "-w"
  "lock"
  "--concurrency"
  "1n")
 :nemesis
 (jepsen.nemesis.ReflCompose
  {:fm {:start-partition 0,
        :stop-partition 0,
        :kill 1,
        :start 1,
        :pause 1,
        :resume 1},
   :nemeses [#unprintable "jepsen.nemesis.combined$partition_nemesis$reify__16418@2f0b7b6d"
             #unprintable "jepsen.nemesis.combined$db_nemesis$reify__16399@1766b7"]})
 :nodes ["n0"]
 :test-count 1
 :latency {:mean 0, :dist :constant}
 :bin "guiao0/lock-lamport.py"
 :generator
 (jepsen.generator.TimeLimit
  {:limit 5000000000,
   :cutoff nil,
   :gen (jepsen.generator.Any
         {:gens [(jepsen.generator.OnThreads
                  {:f #{:nemesis},
                   :context-filter #object[jepsen.generator.context$make_thread_filter$lazy_filter__9167
                                           "0x55cd41f7"
                                           "jepsen.generator.context$make_thread_filter$lazy_filter__9167@55cd41f7"],
                   :gen nil})
                 (jepsen.generator.OnThreads
                  {:f #jepsen.generator.context.AllBut{:element :nemesis},
                   :context-filter #object[jepsen.generator.context$make_thread_filter$lazy_filter__9167
                                           "0x2ff30a75"
                                           "jepsen.generator.context$make_thread_filter$lazy_filter__9167@2ff30a75"],
                   :gen (jepsen.generator.Stagger
                         {:dt 400000000,
                          :next-time nil,
                          :gen (jepsen.generator.EachThread
                                {:fresh-gen ({:f :lock}
                                             {:f :unlock}
                                             {:f :lock}
                                             {:f :unlock}
                                             {:f :lock}
                                             {:f :unlock}
                                             {:f :lock}
                                             {:f :unlock}
                                             ...),
                                 :context-filters #object[clojure.core$promise$reify__8591
                                                          "0xb38dc7d"
                                                          {:status :pending,
                                                           :val nil}],
                                 :gens {}})})})]})})
 :log-net-recv false
 :os
 #object[maelstrom.net$jepsen_os$reify__15256
         "0x4b9187de"
         "maelstrom.net$jepsen_os$reify__15256@4b9187de"]
 :time-limit 5
 :workload :lock
 :consistency-models [:strict-serializable]
 :topology :grid}

2023-03-01 12:00:08,276{GMT}	INFO	[jepsen node n0] maelstrom.net: Starting Maelstrom network
2023-03-01 12:00:08,278{GMT}	INFO	[jepsen test runner] jepsen.db: Tearing down DB
2023-03-01 12:00:08,280{GMT}	INFO	[jepsen test runner] jepsen.db: Setting up DB
2023-03-01 12:00:08,283{GMT}	INFO	[jepsen node n0] maelstrom.service: Starting services: (lin-kv lin-tso lww-kv seq-kv)
2023-03-01 12:00:08,286{GMT}	INFO	[jepsen node n0] maelstrom.db: Setting up n0
2023-03-01 12:00:08,287{GMT}	INFO	[jepsen node n0] maelstrom.process: launching guiao0/lock-lamport.py []
2023-03-01 12:00:08,326{GMT}	INFO	[jepsen test runner] jepsen.core: Relative time begins now
2023-03-01 12:00:08,348{GMT}	INFO	[jepsen worker 0] jepsen.util: 0	:invoke	:lock	nil
2023-03-01 12:00:13,352{GMT}	INFO	[jepsen worker 0] jepsen.util: 0	:info	:lock	nil	:net-timeout
2023-03-01 12:00:13,372{GMT}	INFO	[jepsen test runner] jepsen.core: Run complete, writing
2023-03-01 12:00:13,403{GMT}	INFO	[jepsen node n0] maelstrom.db: Tearing down n0
2023-03-01 12:00:15,291{GMT}	INFO	[jepsen node n0] maelstrom.net: Shutting down Maelstrom network
2023-03-01 12:00:15,292{GMT}	INFO	[jepsen test runner] jepsen.core: Analyzing...
2023-03-01 12:00:15,743{GMT}	INFO	[jepsen test runner] jepsen.core: Analysis complete
2023-03-01 12:00:15,752{GMT}	INFO	[jepsen results] jepsen.store: Wrote /home/miguel/uni/4ano/sd/sdge/store/lock/20230301T120006.303Z/results.edn
2023-03-01 12:00:15,771{GMT}	INFO	[jepsen test runner] jepsen.core: {:perf {:latency-graph {:valid? true},
        :rate-graph {:valid? true},
        :valid? true},
 :timeline {:valid? true},
 :exceptions {:valid? true},
 :stats {:valid? false,
         :count 1,
         :ok-count 0,
         :fail-count 0,
         :info-count 1,
         :by-f {:lock {:valid? false,
                       :count 1,
                       :ok-count 0,
                       :fail-count 0,
                       :info-count 1}}},
 :availability {:valid? true, :ok-fraction 0.0},
 :net {:all {:send-count 5,
             :recv-count 5,
             :msg-count 5,
             :msgs-per-op 5.0},
       :clients {:send-count 5, :recv-count 5, :msg-count 5},
       :servers {:send-count 0,
                 :recv-count 0,
                 :msg-count 0,
                 :msgs-per-op 0.0},
       :valid? true},
 :workload {:valid? true, :errors []},
 :valid? false}


Analysis invalid! (ﾉಥ益ಥ）ﾉ ┻━┻
