2023-03-10 15:29:08,545{GMT}	INFO	[jepsen test runner] jepsen.core: Command line:
lein run test -w cbcast --bin causal-broadcast.py --time-limit 5 --node-count 3 --latency-dist uniform --latency 500
2023-03-10 15:29:08,619{GMT}	INFO	[jepsen test runner] jepsen.core: Running test:
{:args []
 :remote
 #jepsen.control.retry.Remote{:remote #jepsen.control.scp.Remote{:cmd-remote #jepsen.control.clj_ssh.Remote{:concurrency-limit 8,
                                                                                                            :conn-spec nil,
                                                                                                            :session nil,
                                                                                                            :semaphore nil},
                                                                 :conn-spec nil},
                              :conn nil}
 :log-net-send false
 :node-count 3
 :max-txn-length 4
 :concurrency 3
 :db
 #object[maelstrom.db$db$reify__16817
         "0x7ba5d307"
         "maelstrom.db$db$reify__16817@7ba5d307"]
 :max-writes-per-key 16
 :leave-db-running? false
 :name "cbcast"
 :logging-json? false
 :start-time
 #object[org.joda.time.DateTime "0x684001e6" "2023-03-10T15:29:08.000Z"]
 :nemesis-interval 10
 :net
 #object[maelstrom.net$jepsen_net$reify__15673
         "0x6bb2b8d4"
         "maelstrom.net$jepsen_net$reify__15673@6bb2b8d4"]
 :client
 #object[maelstrom.workload.cbcast$client$reify__18677
         "0x64230d44"
         "maelstrom.workload.cbcast$client$reify__18677@64230d44"]
 :barrier
 #object[java.util.concurrent.CyclicBarrier
         "0x1ff584d7"
         "java.util.concurrent.CyclicBarrier@1ff584d7"]
 :log-stderr false
 :pure-generators true
 :ssh {:dummy? true}
 :rate 5
 :checker
 #object[jepsen.checker$compose$reify__8787
         "0x7752f9fe"
         "jepsen.checker$compose$reify__8787@7752f9fe"]
 :argv
 ("test"
  "-w"
  "cbcast"
  "--bin"
  "causal-broadcast.py"
  "--time-limit"
  "5"
  "--node-count"
  "3"
  "--latency-dist"
  "uniform"
  "--latency"
  "500")
 :nemesis
 (jepsen.nemesis.ReflCompose
  {:fm {:start-partition 0,
        :stop-partition 0,
        :kill 1,
        :start 1,
        :pause 1,
        :resume 1},
   :nemeses [#unprintable "jepsen.nemesis.combined$partition_nemesis$reify__17089@9588bd8"
             #unprintable "jepsen.nemesis.combined$db_nemesis$reify__17070@75edfe9a"]})
 :nodes ["n0" "n1" "n2"]
 :test-count 1
 :latency {:mean 500, :dist :uniform}
 :bin "causal-broadcast.py"
 :generator
 (jepsen.generator.TimeLimit
  {:limit 5000000000,
   :cutoff nil,
   :gen (jepsen.generator.Any
         {:gens [(jepsen.generator.OnThreads {:f #{:nemesis}, :gen nil})
                 (jepsen.generator.OnThreads
                  {:f #object[clojure.core$complement$fn__5654
                              "0x6351efa6"
                              "clojure.core$complement$fn__5654@6351efa6"],
                   :gen (jepsen.generator.Stagger
                         {:dt 400000000,
                          :next-time nil,
                          :gen ({:f :cbcast, :value 1}
                                {:f :cbcast, :value 2}
                                {:f :cbcast, :value 3}
                                {:f :cbcast, :value 4}
                                {:f :cbcast, :value 5}
                                {:f :cbcast, :value 6}
                                {:f :cbcast, :value 7}
                                {:f :cbcast, :value 8}
                                ...)})})]})})
 :log-net-recv false
 :os
 #object[maelstrom.net$jepsen_os$reify__15676
         "0x349e166"
         "maelstrom.net$jepsen_os$reify__15676@349e166"]
 :time-limit 5
 :workload :cbcast
 :consistency-models [:strict-serializable]
 :topology :grid}

2023-03-10 15:29:08,625{GMT}	INFO	[jepsen node n0] maelstrom.net: Starting Maelstrom network
2023-03-10 15:29:08,626{GMT}	INFO	[jepsen test runner] jepsen.db: Tearing down DB
2023-03-10 15:29:08,629{GMT}	INFO	[jepsen test runner] jepsen.db: Setting up DB
2023-03-10 15:29:08,631{GMT}	INFO	[jepsen node n2] maelstrom.db: Setting up n2
2023-03-10 15:29:08,631{GMT}	INFO	[jepsen node n1] maelstrom.db: Setting up n1
2023-03-10 15:29:08,631{GMT}	INFO	[jepsen node n1] maelstrom.process: launching causal-broadcast.py []
2023-03-10 15:29:08,632{GMT}	INFO	[jepsen node n2] maelstrom.process: launching causal-broadcast.py []
2023-03-10 15:29:08,633{GMT}	INFO	[jepsen node n0] maelstrom.service: Starting services: (lin-kv lin-tso lww-kv seq-kv)
2023-03-10 15:29:08,637{GMT}	INFO	[jepsen node n0] maelstrom.db: Setting up n0
2023-03-10 15:29:08,638{GMT}	INFO	[jepsen node n0] maelstrom.process: launching causal-broadcast.py []
2023-03-10 15:29:08,679{GMT}	INFO	[jepsen test runner] jepsen.core: Relative time begins now
2023-03-10 15:29:08,700{GMT}	INFO	[jepsen worker 2] jepsen.util: 2	:invoke	:cbcast	1
2023-03-10 15:29:08,715{GMT}	INFO	[jepsen worker 2] jepsen.util: 2	:ok	:cbcast	[]
2023-03-10 15:29:08,777{GMT}	INFO	[jepsen worker 0] jepsen.util: 0	:invoke	:cbcast	2
2023-03-10 15:29:08,801{GMT}	INFO	[jepsen worker 2] jepsen.util: 2	:invoke	:cbcast	3
2023-03-10 15:29:08,807{GMT}	INFO	[jepsen worker 2] jepsen.util: 2	:ok	:cbcast	[]
2023-03-10 15:29:08,837{GMT}	INFO	[jepsen worker 2] jepsen.util: 2	:invoke	:cbcast	4
2023-03-10 15:29:08,842{GMT}	INFO	[jepsen worker 2] jepsen.util: 2	:ok	:cbcast	[]
2023-03-10 15:29:09,067{GMT}	INFO	[jepsen worker 0] jepsen.util: 0	:ok	:cbcast	[1]
2023-03-10 15:29:09,126{GMT}	INFO	[jepsen worker 1] jepsen.util: 1	:invoke	:cbcast	5
2023-03-10 15:29:09,490{GMT}	INFO	[jepsen worker 0] jepsen.util: 0	:invoke	:cbcast	6
2023-03-10 15:29:09,491{GMT}	INFO	[jepsen worker 1] jepsen.util: 1	:ok	:cbcast	[1 3]
2023-03-10 15:29:09,742{GMT}	INFO	[jepsen worker 0] jepsen.util: 0	:ok	:cbcast	[3 4]
2023-03-10 15:29:09,772{GMT}	INFO	[jepsen worker 0] jepsen.util: 0	:invoke	:cbcast	7
2023-03-10 15:29:09,778{GMT}	INFO	[jepsen worker 2] jepsen.util: 2	:invoke	:cbcast	8
2023-03-10 15:29:09,816{GMT}	INFO	[jepsen worker 2] jepsen.util: 2	:ok	:cbcast	[2]
2023-03-10 15:29:09,904{GMT}	INFO	[jepsen worker 2] jepsen.util: 2	:invoke	:cbcast	9
2023-03-10 15:29:09,915{GMT}	INFO	[jepsen worker 1] jepsen.util: 1	:invoke	:cbcast	10
2023-03-10 15:29:09,925{GMT}	INFO	[jepsen worker 2] jepsen.util: 2	:ok	:cbcast	[6]
2023-03-10 15:29:10,039{GMT}	INFO	[jepsen worker 2] jepsen.util: 2	:invoke	:cbcast	11
2023-03-10 15:29:10,056{GMT}	INFO	[jepsen worker 0] jepsen.util: 0	:ok	:cbcast	[5]
2023-03-10 15:29:10,220{GMT}	INFO	[jepsen worker 2] jepsen.util: 2	:ok	:cbcast	[5]
2023-03-10 15:29:10,362{GMT}	INFO	[jepsen worker 0] jepsen.util: 0	:invoke	:cbcast	12
2023-03-10 15:29:10,413{GMT}	INFO	[jepsen worker 2] jepsen.util: 2	:invoke	:cbcast	13
2023-03-10 15:29:10,415{GMT}	INFO	[jepsen worker 0] jepsen.util: 0	:ok	:cbcast	[8]
2023-03-10 15:29:10,547{GMT}	INFO	[jepsen worker 2] jepsen.util: 2	:ok	:cbcast	[7]
2023-03-10 15:29:10,626{GMT}	INFO	[jepsen worker 1] jepsen.util: 1	:ok	:cbcast	[2 4 6]
2023-03-10 15:29:10,749{GMT}	INFO	[jepsen worker 1] jepsen.util: 1	:invoke	:cbcast	14
2023-03-10 15:29:10,777{GMT}	INFO	[jepsen worker 1] jepsen.util: 1	:ok	:cbcast	[9 13 8 11]
2023-03-10 15:29:10,954{GMT}	INFO	[jepsen worker 1] jepsen.util: 1	:invoke	:cbcast	15
2023-03-10 15:29:10,986{GMT}	INFO	[jepsen worker 1] jepsen.util: 1	:ok	:cbcast	[7]
2023-03-10 15:29:11,331{GMT}	INFO	[jepsen worker 0] jepsen.util: 0	:invoke	:cbcast	16
2023-03-10 15:29:11,378{GMT}	INFO	[jepsen worker 2] jepsen.util: 2	:invoke	:cbcast	17
2023-03-10 15:29:11,403{GMT}	INFO	[jepsen worker 2] jepsen.util: 2	:ok	:cbcast	[12 14 10 15]
2023-03-10 15:29:11,509{GMT}	INFO	[jepsen worker 0] jepsen.util: 0	:ok	:cbcast	[9 11 10 13]
2023-03-10 15:29:11,532{GMT}	INFO	[jepsen worker 1] jepsen.util: 1	:invoke	:cbcast	18
2023-03-10 15:29:11,639{GMT}	INFO	[jepsen worker 1] jepsen.util: 1	:ok	:cbcast	[12 17 16]
2023-03-10 15:29:11,656{GMT}	INFO	[jepsen worker 0] jepsen.util: 0	:invoke	:cbcast	19
2023-03-10 15:29:11,683{GMT}	INFO	[jepsen worker 0] jepsen.util: 0	:ok	:cbcast	[15 14 17 18]
2023-03-10 15:29:11,888{GMT}	INFO	[jepsen worker 1] jepsen.util: 1	:invoke	:cbcast	20
2023-03-10 15:29:11,890{GMT}	INFO	[jepsen worker 1] jepsen.util: 1	:ok	:cbcast	[19]
2023-03-10 15:29:12,253{GMT}	INFO	[jepsen worker 0] jepsen.util: 0	:invoke	:cbcast	21
2023-03-10 15:29:12,255{GMT}	INFO	[jepsen worker 0] jepsen.util: 0	:ok	:cbcast	[20]
2023-03-10 15:29:12,371{GMT}	INFO	[jepsen worker 1] jepsen.util: 1	:invoke	:cbcast	22
2023-03-10 15:29:12,485{GMT}	INFO	[jepsen worker 0] jepsen.util: 0	:invoke	:cbcast	23
2023-03-10 15:29:12,486{GMT}	INFO	[jepsen worker 0] jepsen.util: 0	:ok	:cbcast	[]
2023-03-10 15:29:12,687{GMT}	INFO	[jepsen worker 2] jepsen.util: 2	:invoke	:cbcast	24
2023-03-10 15:29:12,887{GMT}	INFO	[jepsen worker 2] jepsen.util: 2	:ok	:cbcast	[16 18 19 20 21]
2023-03-10 15:29:12,918{GMT}	INFO	[jepsen worker 2] jepsen.util: 2	:invoke	:cbcast	25
2023-03-10 15:29:12,956{GMT}	INFO	[jepsen worker 0] jepsen.util: 0	:invoke	:cbcast	26
2023-03-10 15:29:13,095{GMT}	INFO	[jepsen worker 2] jepsen.util: 2	:ok	:cbcast	[23]
2023-03-10 15:29:13,113{GMT}	INFO	[jepsen worker 1] jepsen.util: 1	:ok	:cbcast	[21]
2023-03-10 15:29:13,250{GMT}	INFO	[jepsen worker 2] jepsen.util: 2	:invoke	:cbcast	27
2023-03-10 15:29:13,389{GMT}	INFO	[jepsen worker 1] jepsen.util: 1	:invoke	:cbcast	28
2023-03-10 15:29:13,499{GMT}	INFO	[jepsen worker 0] jepsen.util: 0	:ok	:cbcast	[24]
2023-03-10 15:29:13,545{GMT}	INFO	[jepsen worker 0] jepsen.util: 0	:invoke	:cbcast	29
2023-03-10 15:29:13,546{GMT}	INFO	[jepsen worker 0] jepsen.util: 0	:ok	:cbcast	[25 22]
2023-03-10 15:29:13,680{GMT}	INFO	[jepsen worker 1] jepsen.util: 1	:ok	:cbcast	[23 25 24]
2023-03-10 15:29:14,066{GMT}	INFO	[jepsen worker 2] jepsen.util: 2	:ok	:cbcast	[22]
2023-03-10 15:29:14,070{GMT}	INFO	[jepsen node n0] maelstrom.db: Tearing down n0
2023-03-10 15:29:14,071{GMT}	INFO	[jepsen node n1] maelstrom.db: Tearing down n1
2023-03-10 15:29:14,071{GMT}	INFO	[jepsen node n2] maelstrom.db: Tearing down n2
2023-03-10 15:29:15,071{GMT}	INFO	[jepsen node n0] maelstrom.net: Shutting down Maelstrom network
2023-03-10 15:29:15,072{GMT}	INFO	[jepsen test runner] jepsen.core: Run complete, writing
2023-03-10 15:29:15,078{GMT}	INFO	[jepsen test runner] jepsen.core: Analyzing...
2023-03-10 15:29:15,197{GMT}	INFO	[jepsen test runner] jepsen.core: Analysis complete
2023-03-10 15:29:15,208{GMT}	INFO	[jepsen results] jepsen.store: Wrote /home/miguel/uni/4ano/sd/sdge/guiao1/store/cbcast/20230310T152908.000Z/results.edn
2023-03-10 15:29:15,216{GMT}	INFO	[jepsen test runner] jepsen.core: {:perf {:latency-graph {:valid? true},
        :rate-graph {:valid? true},
        :valid? true},
 :timeline {:valid? true},
 :exceptions {:valid? true},
 :stats {:valid? true,
         :count 29,
         :ok-count 29,
         :fail-count 0,
         :info-count 0,
         :by-f {:cbcast {:valid? true,
                         :count 29,
                         :ok-count 29,
                         :fail-count 0,
                         :info-count 0}}},
 :net {:all {:send-count 122,
             :recv-count 121,
             :msg-count 122,
             :msgs-per-op 4.206897},
       :clients {:send-count 64, :recv-count 64, :msg-count 64},
       :servers {:send-count 58,
                 :recv-count 57,
                 :msg-count 58,
                 :msgs-per-op 2.0},
       :valid? true},
 :workload {:valid? false,
            :errors ["missing dependencies [8] when delivering message 9 to process 1"
                     "missing dependencies [11 7] when delivering message 13 to process 1"
                     "missing dependencies [10] when delivering message 14 to process 2"
                     "missing dependencies [14] when delivering message 15 to process 0"
                     "missing dependencies [24] when delivering message 25 to process 1"]},
 :valid? false}


Analysis invalid! (ﾉಥ益ಥ）ﾉ ┻━┻
