DEBUG:root:received {"id":2,"src":"c2","dest":"n0","body":{"type":"init","node_id":"n0","node_ids":["n0","n1","n2"],"msg_id":1}}
INFO:root:node n0 initialized
DEBUG:root:sending {"dest": "c2", "src": "n0", "body": {"msg_id": 1, "in_reply_to": 1, "type": "init_ok"}}
DEBUG:root:received {"id":8,"src":"n2","dest":"n0","body":{"msg_id":3,"type":"fwd_msg","vv":{"n0":0,"n1":0,"n2":1},"message":1}}
INFO:root:received broadcast message from n2
DEBUG:root:received {"id":12,"src":"n2","dest":"n0","body":{"msg_id":6,"type":"fwd_msg","vv":{"n0":0,"n1":0,"n2":2},"message":2}}
INFO:root:received broadcast message from n2
DEBUG:root:received {"id":21,"src":"c8","dest":"n0","body":{"type":"cbcast","message":6,"msg_id":1}}
DEBUG:root:sending {"dest": "c8", "src": "n0", "body": {"msg_id": 2, "in_reply_to": 1, "type": "cbcast_ok", "messages": [1, 2]}}
INFO:root:n0 making broadcast
DEBUG:root:sending {"dest": "n1", "src": "n0", "body": {"msg_id": 3, "type": "fwd_msg", "vv": {"n0": 1, "n1": 0, "n2": 2}, "message": 6}}
DEBUG:root:sending {"dest": "n2", "src": "n0", "body": {"msg_id": 4, "type": "fwd_msg", "vv": {"n0": 1, "n1": 0, "n2": 2}, "message": 6}}
DEBUG:root:received {"id":16,"src":"n1","dest":"n0","body":{"msg_id":3,"type":"fwd_msg","vv":{"n0":0,"n1":1,"n2":1},"message":3}}
INFO:root:received broadcast message from n1
DEBUG:root:received {"id":22,"src":"n1","dest":"n0","body":{"msg_id":6,"type":"fwd_msg","vv":{"n0":0,"n1":2,"n2":2},"message":5}}
INFO:root:received broadcast message from n1
DEBUG:root:received {"id":25,"src":"n2","dest":"n0","body":{"msg_id":9,"type":"fwd_msg","vv":{"n0":0,"n1":1,"n2":3},"message":4}}
INFO:root:received broadcast message from n2
DEBUG:root:received {"id":32,"src":"c8","dest":"n0","body":{"type":"cbcast","message":9,"msg_id":2}}
DEBUG:root:sending {"dest": "c8", "src": "n0", "body": {"msg_id": 5, "in_reply_to": 2, "type": "cbcast_ok", "messages": [3, 5, 4]}}
INFO:root:n0 making broadcast
DEBUG:root:sending {"dest": "n1", "src": "n0", "body": {"msg_id": 6, "type": "fwd_msg", "vv": {"n0": 2, "n1": 2, "n2": 3}, "message": 9}}
DEBUG:root:sending {"dest": "n2", "src": "n0", "body": {"msg_id": 7, "type": "fwd_msg", "vv": {"n0": 2, "n1": 2, "n2": 3}, "message": 9}}
DEBUG:root:received {"id":34,"src":"n2","dest":"n0","body":{"msg_id":12,"type":"fwd_msg","vv":{"n0":0,"n1":2,"n2":4},"message":8}}
INFO:root:received broadcast message from n2
DEBUG:root:received {"id":43,"src":"c8","dest":"n0","body":{"type":"cbcast","message":11,"msg_id":3}}
DEBUG:root:sending {"dest": "c8", "src": "n0", "body": {"msg_id": 8, "in_reply_to": 3, "type": "cbcast_ok", "messages": [8]}}
INFO:root:n0 making broadcast
DEBUG:root:sending {"dest": "n1", "src": "n0", "body": {"msg_id": 9, "type": "fwd_msg", "vv": {"n0": 3, "n1": 2, "n2": 4}, "message": 11}}
DEBUG:root:sending {"dest": "n2", "src": "n0", "body": {"msg_id": 10, "type": "fwd_msg", "vv": {"n0": 3, "n1": 2, "n2": 4}, "message": 11}}
DEBUG:root:received {"id":41,"src":"n2","dest":"n0","body":{"msg_id":15,"type":"fwd_msg","vv":{"n0":1,"n1":2,"n2":5},"message":10}}
INFO:root:received broadcast message from n2
DEBUG:root:received {"id":46,"src":"n2","dest":"n0","body":{"msg_id":18,"type":"fwd_msg","vv":{"n0":2,"n1":2,"n2":6},"message":12}}
INFO:root:received broadcast message from n2
DEBUG:root:received {"id":52,"src":"n1","dest":"n0","body":{"msg_id":9,"type":"fwd_msg","vv":{"n0":0,"n1":3,"n2":3},"message":7}}
INFO:root:received broadcast message from n1
DEBUG:root:received {"id":56,"src":"n1","dest":"n0","body":{"msg_id":12,"type":"fwd_msg","vv":{"n0":2,"n1":4,"n2":5},"message":13}}
INFO:root:received broadcast message from n1
DEBUG:root:received {"id":61,"src":"n2","dest":"n0","body":{"msg_id":21,"type":"fwd_msg","vv":{"n0":3,"n1":4,"n2":7},"message":15}}
INFO:root:received broadcast message from n2
DEBUG:root:received {"id":66,"src":"c8","dest":"n0","body":{"type":"cbcast","message":16,"msg_id":4}}
DEBUG:root:sending {"dest": "c8", "src": "n0", "body": {"msg_id": 11, "in_reply_to": 4, "type": "cbcast_ok", "messages": [10, 12, 7, 13, 15]}}
INFO:root:n0 making broadcast
DEBUG:root:sending {"dest": "n1", "src": "n0", "body": {"msg_id": 12, "type": "fwd_msg", "vv": {"n0": 4, "n1": 4, "n2": 7}, "message": 16}}
DEBUG:root:sending {"dest": "n2", "src": "n0", "body": {"msg_id": 13, "type": "fwd_msg", "vv": {"n0": 4, "n1": 4, "n2": 7}, "message": 16}}
DEBUG:root:received {"id":64,"src":"n1","dest":"n0","body":{"msg_id":15,"type":"fwd_msg","vv":{"n0":3,"n1":5,"n2":6},"message":14}}
INFO:root:received broadcast message from n1
DEBUG:root:received {"id":71,"src":"c8","dest":"n0","body":{"type":"cbcast","message":18,"msg_id":5}}
DEBUG:root:sending {"dest": "c8", "src": "n0", "body": {"msg_id": 14, "in_reply_to": 5, "type": "cbcast_ok", "messages": [14]}}
INFO:root:n0 making broadcast
DEBUG:root:sending {"dest": "n1", "src": "n0", "body": {"msg_id": 15, "type": "fwd_msg", "vv": {"n0": 5, "n1": 5, "n2": 7}, "message": 18}}
DEBUG:root:sending {"dest": "n2", "src": "n0", "body": {"msg_id": 16, "type": "fwd_msg", "vv": {"n0": 5, "n1": 5, "n2": 7}, "message": 18}}
DEBUG:root:received {"id":76,"src":"n2","dest":"n0","body":{"msg_id":24,"type":"fwd_msg","vv":{"n0":3,"n1":5,"n2":8},"message":17}}
INFO:root:received broadcast message from n2
DEBUG:root:received {"id":79,"src":"c8","dest":"n0","body":{"type":"cbcast","message":20,"msg_id":6}}
DEBUG:root:sending {"dest": "c8", "src": "n0", "body": {"msg_id": 17, "in_reply_to": 6, "type": "cbcast_ok", "messages": [17]}}
INFO:root:n0 making broadcast
DEBUG:root:sending {"dest": "n1", "src": "n0", "body": {"msg_id": 18, "type": "fwd_msg", "vv": {"n0": 6, "n1": 5, "n2": 8}, "message": 20}}
DEBUG:root:sending {"dest": "n2", "src": "n0", "body": {"msg_id": 19, "type": "fwd_msg", "vv": {"n0": 6, "n1": 5, "n2": 8}, "message": 20}}
DEBUG:root:received {"id":81,"src":"n2","dest":"n0","body":{"msg_id":27,"type":"fwd_msg","vv":{"n0":5,"n1":5,"n2":9},"message":19}}
INFO:root:received broadcast message from n2
DEBUG:root:received {"id":88,"src":"c8","dest":"n0","body":{"type":"cbcast","message":23,"msg_id":7}}
DEBUG:root:sending {"dest": "c8", "src": "n0", "body": {"msg_id": 20, "in_reply_to": 7, "type": "cbcast_ok", "messages": [19]}}
INFO:root:n0 making broadcast
DEBUG:root:sending {"dest": "n1", "src": "n0", "body": {"msg_id": 21, "type": "fwd_msg", "vv": {"n0": 7, "n1": 5, "n2": 9}, "message": 23}}
DEBUG:root:sending {"dest": "n2", "src": "n0", "body": {"msg_id": 22, "type": "fwd_msg", "vv": {"n0": 7, "n1": 5, "n2": 9}, "message": 23}}
DEBUG:root:received {"id":92,"src":"n2","dest":"n0","body":{"msg_id":30,"type":"fwd_msg","vv":{"n0":6,"n1":5,"n2":10},"message":22}}
INFO:root:received broadcast message from n2
DEBUG:root:received {"id":95,"src":"c8","dest":"n0","body":{"type":"cbcast","message":24,"msg_id":8}}
DEBUG:root:sending {"dest": "c8", "src": "n0", "body": {"msg_id": 23, "in_reply_to": 8, "type": "cbcast_ok", "messages": [22]}}
INFO:root:n0 making broadcast
DEBUG:root:sending {"dest": "n1", "src": "n0", "body": {"msg_id": 24, "type": "fwd_msg", "vv": {"n0": 8, "n1": 5, "n2": 10}, "message": 24}}
DEBUG:root:sending {"dest": "n2", "src": "n0", "body": {"msg_id": 25, "type": "fwd_msg", "vv": {"n0": 8, "n1": 5, "n2": 10}, "message": 24}}
DEBUG:root:received {"id":100,"src":"n1","dest":"n0","body":{"msg_id":18,"type":"fwd_msg","vv":{"n0":6,"n1":6,"n2":9},"message":21}}
INFO:root:received broadcast message from n1
DEBUG:root:received {"id":102,"src":"c8","dest":"n0","body":{"type":"cbcast","message":25,"msg_id":9}}
DEBUG:root:sending {"dest": "c8", "src": "n0", "body": {"msg_id": 26, "in_reply_to": 9, "type": "cbcast_ok", "messages": [21]}}
INFO:root:n0 making broadcast
DEBUG:root:sending {"dest": "n1", "src": "n0", "body": {"msg_id": 27, "type": "fwd_msg", "vv": {"n0": 9, "n1": 6, "n2": 10}, "message": 25}}
DEBUG:root:sending {"dest": "n2", "src": "n0", "body": {"msg_id": 28, "type": "fwd_msg", "vv": {"n0": 9, "n1": 6, "n2": 10}, "message": 25}}
