DEBUG:root:received {"id":1,"src":"c0","dest":"n1","body":{"type":"init","node_id":"n1","node_ids":["n0","n1","n2"],"msg_id":1}}
INFO:root:node n1 initialized
DEBUG:root:sending {"dest": "c0", "src": "n1", "body": {"msg_id": 1, "in_reply_to": 1, "type": "init_ok"}}
DEBUG:root:received {"id":9,"src":"n2","dest":"n1","body":{"msg_id":4,"type":"fwd_msg","vv":{"n0":0,"n1":0,"n2":1},"message":1}}
INFO:root:received broadcast message from n2
DEBUG:root:received {"id":14,"src":"c7","dest":"n1","body":{"type":"cbcast","message":3,"msg_id":1}}
DEBUG:root:sending {"dest": "c7", "src": "n1", "body": {"msg_id": 2, "in_reply_to": 1, "type": "cbcast_ok", "messages": [1]}}
INFO:root:n1 making broadcast
DEBUG:root:sending {"dest": "n0", "src": "n1", "body": {"msg_id": 3, "type": "fwd_msg", "vv": {"n0": 0, "n1": 1, "n2": 1}, "message": 3}}
DEBUG:root:sending {"dest": "n2", "src": "n1", "body": {"msg_id": 4, "type": "fwd_msg", "vv": {"n0": 0, "n1": 1, "n2": 1}, "message": 3}}
DEBUG:root:received {"id":13,"src":"n2","dest":"n1","body":{"msg_id":7,"type":"fwd_msg","vv":{"n0":0,"n1":0,"n2":2},"message":2}}
INFO:root:received broadcast message from n2
DEBUG:root:received {"id":19,"src":"c7","dest":"n1","body":{"type":"cbcast","message":5,"msg_id":2}}
DEBUG:root:sending {"dest": "c7", "src": "n1", "body": {"msg_id": 5, "in_reply_to": 2, "type": "cbcast_ok", "messages": [2]}}
INFO:root:n1 making broadcast
DEBUG:root:sending {"dest": "n0", "src": "n1", "body": {"msg_id": 6, "type": "fwd_msg", "vv": {"n0": 0, "n1": 2, "n2": 2}, "message": 5}}
DEBUG:root:sending {"dest": "n2", "src": "n1", "body": {"msg_id": 7, "type": "fwd_msg", "vv": {"n0": 0, "n1": 2, "n2": 2}, "message": 5}}
DEBUG:root:received {"id":26,"src":"n2","dest":"n1","body":{"msg_id":10,"type":"fwd_msg","vv":{"n0":0,"n1":1,"n2":3},"message":4}}
INFO:root:received broadcast message from n2
DEBUG:root:received {"id":27,"src":"c7","dest":"n1","body":{"type":"cbcast","message":7,"msg_id":3}}
DEBUG:root:sending {"dest": "c7", "src": "n1", "body": {"msg_id": 8, "in_reply_to": 3, "type": "cbcast_ok", "messages": [4]}}
INFO:root:n1 making broadcast
DEBUG:root:sending {"dest": "n0", "src": "n1", "body": {"msg_id": 9, "type": "fwd_msg", "vv": {"n0": 0, "n1": 3, "n2": 3}, "message": 7}}
DEBUG:root:sending {"dest": "n2", "src": "n1", "body": {"msg_id": 10, "type": "fwd_msg", "vv": {"n0": 0, "n1": 3, "n2": 3}, "message": 7}}
DEBUG:root:received {"id":30,"src":"n0","dest":"n1","body":{"msg_id":3,"type":"fwd_msg","vv":{"n0":1,"n1":0,"n2":2},"message":6}}
INFO:root:received broadcast message from n0
DEBUG:root:received {"id":38,"src":"n0","dest":"n1","body":{"msg_id":6,"type":"fwd_msg","vv":{"n0":2,"n1":2,"n2":3},"message":9}}
INFO:root:received broadcast message from n0
DEBUG:root:received {"id":35,"src":"n2","dest":"n1","body":{"msg_id":13,"type":"fwd_msg","vv":{"n0":0,"n1":2,"n2":4},"message":8}}
INFO:root:received broadcast message from n2
DEBUG:root:received {"id":42,"src":"n2","dest":"n1","body":{"msg_id":16,"type":"fwd_msg","vv":{"n0":1,"n1":2,"n2":5},"message":10}}
INFO:root:received broadcast message from n2
DEBUG:root:received {"id":54,"src":"c7","dest":"n1","body":{"type":"cbcast","message":13,"msg_id":4}}
DEBUG:root:sending {"dest": "c7", "src": "n1", "body": {"msg_id": 11, "in_reply_to": 4, "type": "cbcast_ok", "messages": [6, 9, 8, 10]}}
INFO:root:n1 making broadcast
DEBUG:root:sending {"dest": "n0", "src": "n1", "body": {"msg_id": 12, "type": "fwd_msg", "vv": {"n0": 2, "n1": 4, "n2": 5}, "message": 13}}
DEBUG:root:sending {"dest": "n2", "src": "n1", "body": {"msg_id": 13, "type": "fwd_msg", "vv": {"n0": 2, "n1": 4, "n2": 5}, "message": 13}}
DEBUG:root:received {"id":49,"src":"n0","dest":"n1","body":{"msg_id":9,"type":"fwd_msg","vv":{"n0":3,"n1":2,"n2":4},"message":11}}
INFO:root:received broadcast message from n0
DEBUG:root:received {"id":47,"src":"n2","dest":"n1","body":{"msg_id":19,"type":"fwd_msg","vv":{"n0":2,"n1":2,"n2":6},"message":12}}
INFO:root:received broadcast message from n2
DEBUG:root:received {"id":58,"src":"c7","dest":"n1","body":{"type":"cbcast","message":14,"msg_id":5}}
DEBUG:root:sending {"dest": "c7", "src": "n1", "body": {"msg_id": 14, "in_reply_to": 5, "type": "cbcast_ok", "messages": [11, 12]}}
INFO:root:n1 making broadcast
DEBUG:root:sending {"dest": "n0", "src": "n1", "body": {"msg_id": 15, "type": "fwd_msg", "vv": {"n0": 3, "n1": 5, "n2": 6}, "message": 14}}
DEBUG:root:sending {"dest": "n2", "src": "n1", "body": {"msg_id": 16, "type": "fwd_msg", "vv": {"n0": 3, "n1": 5, "n2": 6}, "message": 14}}
DEBUG:root:received {"id":62,"src":"n2","dest":"n1","body":{"msg_id":22,"type":"fwd_msg","vv":{"n0":3,"n1":4,"n2":7},"message":15}}
INFO:root:received broadcast message from n2
DEBUG:root:received {"id":68,"src":"n0","dest":"n1","body":{"msg_id":12,"type":"fwd_msg","vv":{"n0":4,"n1":4,"n2":7},"message":16}}
INFO:root:received broadcast message from n0
DEBUG:root:received {"id":73,"src":"n0","dest":"n1","body":{"msg_id":15,"type":"fwd_msg","vv":{"n0":5,"n1":5,"n2":7},"message":18}}
INFO:root:received broadcast message from n0
DEBUG:root:received {"id":77,"src":"n2","dest":"n1","body":{"msg_id":25,"type":"fwd_msg","vv":{"n0":3,"n1":5,"n2":8},"message":17}}
INFO:root:received broadcast message from n2
DEBUG:root:received {"id":82,"src":"n2","dest":"n1","body":{"msg_id":28,"type":"fwd_msg","vv":{"n0":5,"n1":5,"n2":9},"message":19}}
INFO:root:received broadcast message from n2
DEBUG:root:received {"id":84,"src":"n0","dest":"n1","body":{"msg_id":18,"type":"fwd_msg","vv":{"n0":6,"n1":5,"n2":8},"message":20}}
INFO:root:received broadcast message from n0
DEBUG:root:received {"id":86,"src":"c7","dest":"n1","body":{"type":"cbcast","message":21,"msg_id":6}}
DEBUG:root:sending {"dest": "c7", "src": "n1", "body": {"msg_id": 17, "in_reply_to": 6, "type": "cbcast_ok", "messages": [15, 16, 18, 17, 19, 20]}}
INFO:root:n1 making broadcast
DEBUG:root:sending {"dest": "n0", "src": "n1", "body": {"msg_id": 18, "type": "fwd_msg", "vv": {"n0": 6, "n1": 6, "n2": 9}, "message": 21}}
DEBUG:root:sending {"dest": "n2", "src": "n1", "body": {"msg_id": 19, "type": "fwd_msg", "vv": {"n0": 6, "n1": 6, "n2": 9}, "message": 21}}
