DEBUG:root:received {"id":0,"src":"c1","dest":"n2","body":{"type":"init","node_id":"n2","node_ids":["n0","n1","n2"],"msg_id":1}}
INFO:root:node n2 initialized
DEBUG:root:sending {"dest": "c1", "src": "n2", "body": {"msg_id": 1, "in_reply_to": 1, "type": "init_ok"}}
DEBUG:root:received {"id":6,"src":"c6","dest":"n2","body":{"type":"cbcast","message":1,"msg_id":1}}
DEBUG:root:sending {"dest": "c6", "src": "n2", "body": {"msg_id": 2, "in_reply_to": 1, "type": "cbcast_ok", "messages": []}}
INFO:root:n2 making broadcast
DEBUG:root:sending {"dest": "n0", "src": "n2", "body": {"msg_id": 3, "type": "fwd_msg", "vv": {"n0": 0, "n1": 0, "n2": 1}, "message": 1}}
DEBUG:root:sending {"dest": "n1", "src": "n2", "body": {"msg_id": 4, "type": "fwd_msg", "vv": {"n0": 0, "n1": 0, "n2": 1}, "message": 1}}
DEBUG:root:received {"id":10,"src":"c6","dest":"n2","body":{"type":"cbcast","message":2,"msg_id":2}}
DEBUG:root:sending {"dest": "c6", "src": "n2", "body": {"msg_id": 5, "in_reply_to": 2, "type": "cbcast_ok", "messages": []}}
INFO:root:n2 making broadcast
DEBUG:root:sending {"dest": "n0", "src": "n2", "body": {"msg_id": 6, "type": "fwd_msg", "vv": {"n0": 0, "n1": 0, "n2": 2}, "message": 2}}
DEBUG:root:sending {"dest": "n1", "src": "n2", "body": {"msg_id": 7, "type": "fwd_msg", "vv": {"n0": 0, "n1": 0, "n2": 2}, "message": 2}}
DEBUG:root:received {"id":17,"src":"n1","dest":"n2","body":{"msg_id":4,"type":"fwd_msg","vv":{"n0":0,"n1":1,"n2":1},"message":3}}
INFO:root:received broadcast message from n1
DEBUG:root:received {"id":18,"src":"c6","dest":"n2","body":{"type":"cbcast","message":4,"msg_id":3}}
DEBUG:root:sending {"dest": "c6", "src": "n2", "body": {"msg_id": 8, "in_reply_to": 3, "type": "cbcast_ok", "messages": [3]}}
INFO:root:n2 making broadcast
DEBUG:root:sending {"dest": "n0", "src": "n2", "body": {"msg_id": 9, "type": "fwd_msg", "vv": {"n0": 0, "n1": 1, "n2": 3}, "message": 4}}
DEBUG:root:sending {"dest": "n1", "src": "n2", "body": {"msg_id": 10, "type": "fwd_msg", "vv": {"n0": 0, "n1": 1, "n2": 3}, "message": 4}}
DEBUG:root:received {"id":23,"src":"n1","dest":"n2","body":{"msg_id":7,"type":"fwd_msg","vv":{"n0":0,"n1":2,"n2":2},"message":5}}
INFO:root:received broadcast message from n1
DEBUG:root:received {"id":28,"src":"c6","dest":"n2","body":{"type":"cbcast","message":8,"msg_id":4}}
DEBUG:root:sending {"dest": "c6", "src": "n2", "body": {"msg_id": 11, "in_reply_to": 4, "type": "cbcast_ok", "messages": [5]}}
INFO:root:n2 making broadcast
DEBUG:root:sending {"dest": "n0", "src": "n2", "body": {"msg_id": 12, "type": "fwd_msg", "vv": {"n0": 0, "n1": 2, "n2": 4}, "message": 8}}
DEBUG:root:sending {"dest": "n1", "src": "n2", "body": {"msg_id": 13, "type": "fwd_msg", "vv": {"n0": 0, "n1": 2, "n2": 4}, "message": 8}}
DEBUG:root:received {"id":31,"src":"n0","dest":"n2","body":{"msg_id":4,"type":"fwd_msg","vv":{"n0":1,"n1":0,"n2":2},"message":6}}
INFO:root:received broadcast message from n0
DEBUG:root:received {"id":36,"src":"c6","dest":"n2","body":{"type":"cbcast","message":10,"msg_id":5}}
DEBUG:root:sending {"dest": "c6", "src": "n2", "body": {"msg_id": 14, "in_reply_to": 5, "type": "cbcast_ok", "messages": [6]}}
INFO:root:n2 making broadcast
DEBUG:root:sending {"dest": "n0", "src": "n2", "body": {"msg_id": 15, "type": "fwd_msg", "vv": {"n0": 1, "n1": 2, "n2": 5}, "message": 10}}
DEBUG:root:sending {"dest": "n1", "src": "n2", "body": {"msg_id": 16, "type": "fwd_msg", "vv": {"n0": 1, "n1": 2, "n2": 5}, "message": 10}}
DEBUG:root:received {"id":39,"src":"n0","dest":"n2","body":{"msg_id":7,"type":"fwd_msg","vv":{"n0":2,"n1":2,"n2":3},"message":9}}
INFO:root:received broadcast message from n0
DEBUG:root:received {"id":44,"src":"c6","dest":"n2","body":{"type":"cbcast","message":12,"msg_id":6}}
DEBUG:root:sending {"dest": "c6", "src": "n2", "body": {"msg_id": 17, "in_reply_to": 6, "type": "cbcast_ok", "messages": [9]}}
INFO:root:n2 making broadcast
DEBUG:root:sending {"dest": "n0", "src": "n2", "body": {"msg_id": 18, "type": "fwd_msg", "vv": {"n0": 2, "n1": 2, "n2": 6}, "message": 12}}
DEBUG:root:sending {"dest": "n1", "src": "n2", "body": {"msg_id": 19, "type": "fwd_msg", "vv": {"n0": 2, "n1": 2, "n2": 6}, "message": 12}}
DEBUG:root:received {"id":50,"src":"n0","dest":"n2","body":{"msg_id":10,"type":"fwd_msg","vv":{"n0":3,"n1":2,"n2":4},"message":11}}
INFO:root:received broadcast message from n0
DEBUG:root:received {"id":53,"src":"n1","dest":"n2","body":{"msg_id":10,"type":"fwd_msg","vv":{"n0":0,"n1":3,"n2":3},"message":7}}
INFO:root:received broadcast message from n1
DEBUG:root:received {"id":57,"src":"n1","dest":"n2","body":{"msg_id":13,"type":"fwd_msg","vv":{"n0":2,"n1":4,"n2":5},"message":13}}
INFO:root:received broadcast message from n1
DEBUG:root:received {"id":59,"src":"c6","dest":"n2","body":{"type":"cbcast","message":15,"msg_id":7}}
DEBUG:root:sending {"dest": "c6", "src": "n2", "body": {"msg_id": 20, "in_reply_to": 7, "type": "cbcast_ok", "messages": [11, 7, 13]}}
INFO:root:n2 making broadcast
DEBUG:root:sending {"dest": "n0", "src": "n2", "body": {"msg_id": 21, "type": "fwd_msg", "vv": {"n0": 3, "n1": 4, "n2": 7}, "message": 15}}
DEBUG:root:sending {"dest": "n1", "src": "n2", "body": {"msg_id": 22, "type": "fwd_msg", "vv": {"n0": 3, "n1": 4, "n2": 7}, "message": 15}}
DEBUG:root:received {"id":65,"src":"n1","dest":"n2","body":{"msg_id":16,"type":"fwd_msg","vv":{"n0":3,"n1":5,"n2":6},"message":14}}
INFO:root:received broadcast message from n1
DEBUG:root:received {"id":70,"src":"c6","dest":"n2","body":{"type":"cbcast","message":17,"msg_id":8}}
DEBUG:root:sending {"dest": "c6", "src": "n2", "body": {"msg_id": 23, "in_reply_to": 8, "type": "cbcast_ok", "messages": [14]}}
INFO:root:n2 making broadcast
DEBUG:root:sending {"dest": "n0", "src": "n2", "body": {"msg_id": 24, "type": "fwd_msg", "vv": {"n0": 3, "n1": 5, "n2": 8}, "message": 17}}
DEBUG:root:sending {"dest": "n1", "src": "n2", "body": {"msg_id": 25, "type": "fwd_msg", "vv": {"n0": 3, "n1": 5, "n2": 8}, "message": 17}}
DEBUG:root:received {"id":69,"src":"n0","dest":"n2","body":{"msg_id":13,"type":"fwd_msg","vv":{"n0":4,"n1":4,"n2":7},"message":16}}
INFO:root:received broadcast message from n0
DEBUG:root:received {"id":74,"src":"n0","dest":"n2","body":{"msg_id":16,"type":"fwd_msg","vv":{"n0":5,"n1":5,"n2":7},"message":18}}
INFO:root:received broadcast message from n0
DEBUG:root:received {"id":78,"src":"c6","dest":"n2","body":{"type":"cbcast","message":19,"msg_id":9}}
DEBUG:root:sending {"dest": "c6", "src": "n2", "body": {"msg_id": 26, "in_reply_to": 9, "type": "cbcast_ok", "messages": [16, 18]}}
INFO:root:n2 making broadcast
DEBUG:root:sending {"dest": "n0", "src": "n2", "body": {"msg_id": 27, "type": "fwd_msg", "vv": {"n0": 5, "n1": 5, "n2": 9}, "message": 19}}
DEBUG:root:sending {"dest": "n1", "src": "n2", "body": {"msg_id": 28, "type": "fwd_msg", "vv": {"n0": 5, "n1": 5, "n2": 9}, "message": 19}}
DEBUG:root:received {"id":85,"src":"n0","dest":"n2","body":{"msg_id":19,"type":"fwd_msg","vv":{"n0":6,"n1":5,"n2":8},"message":20}}
INFO:root:received broadcast message from n0
DEBUG:root:received {"id":87,"src":"c6","dest":"n2","body":{"type":"cbcast","message":22,"msg_id":10}}
DEBUG:root:sending {"dest": "c6", "src": "n2", "body": {"msg_id": 29, "in_reply_to": 10, "type": "cbcast_ok", "messages": [20]}}
INFO:root:n2 making broadcast
DEBUG:root:sending {"dest": "n0", "src": "n2", "body": {"msg_id": 30, "type": "fwd_msg", "vv": {"n0": 6, "n1": 5, "n2": 10}, "message": 22}}
DEBUG:root:sending {"dest": "n1", "src": "n2", "body": {"msg_id": 31, "type": "fwd_msg", "vv": {"n0": 6, "n1": 5, "n2": 10}, "message": 22}}
DEBUG:root:received {"id":93,"src":"n0","dest":"n2","body":{"msg_id":22,"type":"fwd_msg","vv":{"n0":7,"n1":5,"n2":9},"message":23}}
INFO:root:received broadcast message from n0
