2023-03-08 12:04:53,558{GMT}	INFO	[jepsen test runner] jepsen.core: Command line:
lein run test -w cbcast --bin causal-broadcast.py --time-limit 5 --node-count 3
2023-03-08 12:04:53,616{GMT}	INFO	[jepsen test runner] jepsen.core: Running test:
{:args []
 :remote
 #jepsen.control.retry.Remote{:remote #jepsen.control.scp.Remote{:cmd-remote #jepsen.control.clj_ssh.Remote{:concurrency-limit 8,
                                                                                                            :conn-spec nil,
                                                                                                            :session nil,
                                                                                                            :semaphore nil},
                                                                 :conn-spec nil},
                              :conn nil}
 :log-net-send false
 :node-count 3
 :max-txn-length 4
 :concurrency 3
 :db
 #object[maelstrom.db$db$reify__16817
         "0x4a28b6d0"
         "maelstrom.db$db$reify__16817@4a28b6d0"]
 :max-writes-per-key 16
 :leave-db-running? false
 :name "cbcast"
 :logging-json? false
 :start-time
 #object[org.joda.time.DateTime "0x64230d44" "2023-03-08T12:04:53.000Z"]
 :nemesis-interval 10
 :net
 #object[maelstrom.net$jepsen_net$reify__15673
         "0x1ff584d7"
         "maelstrom.net$jepsen_net$reify__15673@1ff584d7"]
 :client
 #object[maelstrom.workload.cbcast$client$reify__18677
         "0x7752f9fe"
         "maelstrom.workload.cbcast$client$reify__18677@7752f9fe"]
 :barrier
 #object[java.util.concurrent.CyclicBarrier
         "0x9588bd8"
         "java.util.concurrent.CyclicBarrier@9588bd8"]
 :log-stderr false
 :pure-generators true
 :ssh {:dummy? true}
 :rate 5
 :checker
 #object[jepsen.checker$compose$reify__8787
         "0x75edfe9a"
         "jepsen.checker$compose$reify__8787@75edfe9a"]
 :argv
 ("test"
  "-w"
  "cbcast"
  "--bin"
  "causal-broadcast.py"
  "--time-limit"
  "5"
  "--node-count"
  "3")
 :nemesis
 (jepsen.nemesis.ReflCompose
  {:fm {:start-partition 0,
        :stop-partition 0,
        :kill 1,
        :start 1,
        :pause 1,
        :resume 1},
   :nemeses [#unprintable "jepsen.nemesis.combined$partition_nemesis$reify__17089@468d1fcc"
             #unprintable "jepsen.nemesis.combined$db_nemesis$reify__17070@267093ea"]})
 :nodes ["n0" "n1" "n2"]
 :test-count 1
 :latency {:mean 0, :dist :constant}
 :bin "causal-broadcast.py"
 :generator
 (jepsen.generator.TimeLimit
  {:limit 5000000000,
   :cutoff nil,
   :gen (jepsen.generator.Any
         {:gens [(jepsen.generator.OnThreads {:f #{:nemesis}, :gen nil})
                 (jepsen.generator.OnThreads
                  {:f #object[clojure.core$complement$fn__5654
                              "0x349e166"
                              "clojure.core$complement$fn__5654@349e166"],
                   :gen (jepsen.generator.Stagger
                         {:dt 400000000,
                          :next-time nil,
                          :gen ({:f :cbcast, :value 1}
                                {:f :cbcast, :value 2}
                                {:f :cbcast, :value 3}
                                {:f :cbcast, :value 4}
                                {:f :cbcast, :value 5}
                                {:f :cbcast, :value 6}
                                {:f :cbcast, :value 7}
                                {:f :cbcast, :value 8}
                                ...)})})]})})
 :log-net-recv false
 :os
 #object[maelstrom.net$jepsen_os$reify__15676
         "0x68fd0fba"
         "maelstrom.net$jepsen_os$reify__15676@68fd0fba"]
 :time-limit 5
 :workload :cbcast
 :consistency-models [:strict-serializable]
 :topology :grid}

2023-03-08 12:04:53,624{GMT}	INFO	[jepsen node n0] maelstrom.net: Starting Maelstrom network
2023-03-08 12:04:53,626{GMT}	INFO	[jepsen test runner] jepsen.db: Tearing down DB
2023-03-08 12:04:53,628{GMT}	INFO	[jepsen test runner] jepsen.db: Setting up DB
2023-03-08 12:04:53,635{GMT}	INFO	[jepsen node n1] maelstrom.db: Setting up n1
2023-03-08 12:04:53,635{GMT}	INFO	[jepsen node n2] maelstrom.db: Setting up n2
2023-03-08 12:04:53,636{GMT}	INFO	[jepsen node n1] maelstrom.process: launching causal-broadcast.py []
2023-03-08 12:04:53,636{GMT}	INFO	[jepsen node n2] maelstrom.process: launching causal-broadcast.py []
2023-03-08 12:04:53,637{GMT}	INFO	[jepsen node n0] maelstrom.service: Starting services: (lin-kv lin-tso lww-kv seq-kv)
2023-03-08 12:04:53,641{GMT}	INFO	[jepsen node n0] maelstrom.db: Setting up n0
2023-03-08 12:04:53,643{GMT}	INFO	[jepsen node n0] maelstrom.process: launching causal-broadcast.py []
2023-03-08 12:04:53,683{GMT}	INFO	[jepsen test runner] jepsen.core: Relative time begins now
2023-03-08 12:04:53,706{GMT}	INFO	[jepsen worker 1] jepsen.util: 1	:invoke	:cbcast	1
2023-03-08 12:04:53,710{GMT}	INFO	[jepsen worker 1] jepsen.util: 1	:ok	:cbcast	[]
2023-03-08 12:04:53,907{GMT}	INFO	[jepsen worker 0] jepsen.util: 0	:invoke	:cbcast	2
2023-03-08 12:04:54,016{GMT}	INFO	[jepsen worker 2] jepsen.util: 2	:invoke	:cbcast	3
2023-03-08 12:04:54,362{GMT}	INFO	[jepsen worker 1] jepsen.util: 1	:invoke	:cbcast	4
2023-03-08 12:04:54,368{GMT}	INFO	[jepsen worker 1] jepsen.util: 1	:ok	:cbcast	[]
2023-03-08 12:04:54,671{GMT}	INFO	[jepsen worker 1] jepsen.util: 1	:invoke	:cbcast	5
2023-03-08 12:04:54,681{GMT}	INFO	[jepsen worker 1] jepsen.util: 1	:ok	:cbcast	[]
2023-03-08 12:04:54,791{GMT}	INFO	[jepsen worker 1] jepsen.util: 1	:invoke	:cbcast	6
2023-03-08 12:04:54,799{GMT}	INFO	[jepsen worker 1] jepsen.util: 1	:ok	:cbcast	[]
2023-03-08 12:04:54,999{GMT}	INFO	[jepsen worker 1] jepsen.util: 1	:invoke	:cbcast	7
2023-03-08 12:04:55,006{GMT}	INFO	[jepsen worker 1] jepsen.util: 1	:ok	:cbcast	[]
2023-03-08 12:04:55,010{GMT}	INFO	[jepsen worker 1] jepsen.util: 1	:invoke	:cbcast	8
2023-03-08 12:04:55,016{GMT}	INFO	[jepsen worker 1] jepsen.util: 1	:ok	:cbcast	[]
2023-03-08 12:04:55,227{GMT}	INFO	[jepsen worker 1] jepsen.util: 1	:invoke	:cbcast	9
2023-03-08 12:04:55,233{GMT}	INFO	[jepsen worker 1] jepsen.util: 1	:ok	:cbcast	[]
2023-03-08 12:04:55,337{GMT}	INFO	[jepsen worker 1] jepsen.util: 1	:invoke	:cbcast	10
2023-03-08 12:04:55,343{GMT}	INFO	[jepsen worker 1] jepsen.util: 1	:ok	:cbcast	[]
2023-03-08 12:04:55,662{GMT}	INFO	[jepsen worker 1] jepsen.util: 1	:invoke	:cbcast	11
2023-03-08 12:04:55,670{GMT}	INFO	[jepsen worker 1] jepsen.util: 1	:ok	:cbcast	[]
2023-03-08 12:04:55,753{GMT}	INFO	[jepsen worker 1] jepsen.util: 1	:invoke	:cbcast	12
2023-03-08 12:04:55,761{GMT}	INFO	[jepsen worker 1] jepsen.util: 1	:ok	:cbcast	[]
2023-03-08 12:04:55,897{GMT}	INFO	[jepsen worker 1] jepsen.util: 1	:invoke	:cbcast	13
2023-03-08 12:04:55,905{GMT}	INFO	[jepsen worker 1] jepsen.util: 1	:ok	:cbcast	[]
2023-03-08 12:04:56,075{GMT}	INFO	[jepsen worker 1] jepsen.util: 1	:invoke	:cbcast	14
2023-03-08 12:04:56,084{GMT}	INFO	[jepsen worker 1] jepsen.util: 1	:ok	:cbcast	[]
2023-03-08 12:04:56,219{GMT}	INFO	[jepsen worker 1] jepsen.util: 1	:invoke	:cbcast	15
2023-03-08 12:04:56,230{GMT}	INFO	[jepsen worker 1] jepsen.util: 1	:ok	:cbcast	[]
2023-03-08 12:04:56,377{GMT}	INFO	[jepsen worker 1] jepsen.util: 1	:invoke	:cbcast	16
2023-03-08 12:04:56,384{GMT}	INFO	[jepsen worker 1] jepsen.util: 1	:ok	:cbcast	[]
2023-03-08 12:04:56,433{GMT}	INFO	[jepsen worker 1] jepsen.util: 1	:invoke	:cbcast	17
2023-03-08 12:04:56,440{GMT}	INFO	[jepsen worker 1] jepsen.util: 1	:ok	:cbcast	[]
2023-03-08 12:04:56,445{GMT}	INFO	[jepsen worker 1] jepsen.util: 1	:invoke	:cbcast	18
2023-03-08 12:04:56,454{GMT}	INFO	[jepsen worker 1] jepsen.util: 1	:ok	:cbcast	[]
2023-03-08 12:04:56,661{GMT}	INFO	[jepsen worker 1] jepsen.util: 1	:invoke	:cbcast	19
2023-03-08 12:04:56,667{GMT}	INFO	[jepsen worker 1] jepsen.util: 1	:ok	:cbcast	[]
2023-03-08 12:04:56,694{GMT}	INFO	[jepsen worker 1] jepsen.util: 1	:invoke	:cbcast	20
2023-03-08 12:04:56,700{GMT}	INFO	[jepsen worker 1] jepsen.util: 1	:ok	:cbcast	[]
2023-03-08 12:04:56,769{GMT}	INFO	[jepsen worker 1] jepsen.util: 1	:invoke	:cbcast	21
2023-03-08 12:04:56,775{GMT}	INFO	[jepsen worker 1] jepsen.util: 1	:ok	:cbcast	[]
2023-03-08 12:04:56,934{GMT}	INFO	[jepsen worker 1] jepsen.util: 1	:invoke	:cbcast	22
2023-03-08 12:04:56,942{GMT}	INFO	[jepsen worker 1] jepsen.util: 1	:ok	:cbcast	[]
2023-03-08 12:04:56,979{GMT}	INFO	[jepsen worker 1] jepsen.util: 1	:invoke	:cbcast	23
2023-03-08 12:04:56,986{GMT}	INFO	[jepsen worker 1] jepsen.util: 1	:ok	:cbcast	[]
2023-03-08 12:04:56,989{GMT}	INFO	[jepsen worker 1] jepsen.util: 1	:invoke	:cbcast	24
2023-03-08 12:04:56,996{GMT}	INFO	[jepsen worker 1] jepsen.util: 1	:ok	:cbcast	[]
2023-03-08 12:04:57,099{GMT}	INFO	[jepsen worker 1] jepsen.util: 1	:invoke	:cbcast	25
2023-03-08 12:04:57,106{GMT}	INFO	[jepsen worker 1] jepsen.util: 1	:ok	:cbcast	[]
2023-03-08 12:04:57,192{GMT}	INFO	[jepsen worker 1] jepsen.util: 1	:invoke	:cbcast	26
2023-03-08 12:04:57,199{GMT}	INFO	[jepsen worker 1] jepsen.util: 1	:ok	:cbcast	[]
2023-03-08 12:04:57,364{GMT}	INFO	[jepsen worker 1] jepsen.util: 1	:invoke	:cbcast	27
2023-03-08 12:04:57,369{GMT}	INFO	[jepsen worker 1] jepsen.util: 1	:ok	:cbcast	[]
2023-03-08 12:04:57,516{GMT}	INFO	[jepsen worker 1] jepsen.util: 1	:invoke	:cbcast	28
2023-03-08 12:04:57,524{GMT}	INFO	[jepsen worker 1] jepsen.util: 1	:ok	:cbcast	[]
2023-03-08 12:04:57,892{GMT}	INFO	[jepsen worker 1] jepsen.util: 1	:invoke	:cbcast	29
2023-03-08 12:04:57,898{GMT}	INFO	[jepsen worker 1] jepsen.util: 1	:ok	:cbcast	[]
2023-03-08 12:04:58,200{GMT}	INFO	[jepsen worker 1] jepsen.util: 1	:invoke	:cbcast	30
2023-03-08 12:04:58,206{GMT}	INFO	[jepsen worker 1] jepsen.util: 1	:ok	:cbcast	[]
2023-03-08 12:04:58,547{GMT}	INFO	[jepsen worker 1] jepsen.util: 1	:invoke	:cbcast	31
2023-03-08 12:04:58,555{GMT}	INFO	[jepsen worker 1] jepsen.util: 1	:ok	:cbcast	[]
2023-03-08 12:04:58,625{GMT}	INFO	[jepsen worker 1] jepsen.util: 1	:invoke	:cbcast	32
2023-03-08 12:04:58,631{GMT}	INFO	[jepsen worker 1] jepsen.util: 1	:ok	:cbcast	[]
2023-03-08 12:04:58,645{GMT}	INFO	[jepsen worker 1] jepsen.util: 1	:invoke	:cbcast	33
2023-03-08 12:04:58,652{GMT}	INFO	[jepsen worker 1] jepsen.util: 1	:ok	:cbcast	[]
2023-03-08 12:04:58,916{GMT}	INFO	[jepsen worker 0] jepsen.util: 0	:info	:cbcast	2	:net-timeout
2023-03-08 12:04:59,025{GMT}	INFO	[jepsen worker 2] jepsen.util: 2	:info	:cbcast	3	:net-timeout
2023-03-08 12:04:59,036{GMT}	INFO	[jepsen node n2] maelstrom.db: Tearing down n2
2023-03-08 12:04:59,036{GMT}	INFO	[jepsen node n0] maelstrom.db: Tearing down n0
2023-03-08 12:04:59,036{GMT}	INFO	[jepsen node n1] maelstrom.db: Tearing down n1
2023-03-08 12:04:59,657{GMT}	INFO	[jepsen node n0] maelstrom.net: Shutting down Maelstrom network
2023-03-08 12:04:59,660{GMT}	WARN	[jepsen test runner] jepsen.core: Test crashed!
clojure.lang.ExceptionInfo: Node n2 crashed with exit status 1. Before crashing, it wrote to STDOUT:

{"dest": "c1", "src": "n2", "body": {"msg_id": 1, "in_reply_to": 1, "type": "init_ok"}}

And to STDERR:

DEBUG:root:received {"id":1,"src":"c1","dest":"n2","body":{"type":"init","node_id":"n2","node_ids":["n0","n1","n2"],"msg_id":1}}
INFO:root:node n2 initialized
DEBUG:root:sending {"dest": "c1", "src": "n2", "body": {"msg_id": 1, "in_reply_to": 1, "type": "init_ok"}}
DEBUG:root:received {"id":9,"src":"n1","dest":"n2","body":{"msg_id":4,"type":"fwd_msg","vv":{"n0":0,"n1":1,"n2":0},"message":1}}
Traceback (most recent call last):
  File "/home/miguel/uni/4ano/sd/sdge/guiao1/causal-broadcast.py", line 54, in <module>
    if verify_delevery(str(msg.src), msg.body.vv):
  File "/home/miguel/uni/4ano/sd/sdge/guiao1/causal-broadcast.py", line 23, in verify_delevery
    if vv[src] + 1 == vv_rec[src]:
TypeError: 'types.SimpleNamespace' object is not subscriptable

Full STDERR logs are available in /home/miguel/uni/4ano/sd/sdge/guiao1/store/cbcast/20230308T120453.000Z/node-logs/n2.log
	at slingshot.support$stack_trace.invoke(support.clj:201)
	at maelstrom.process$stop_node_BANG_.invokeStatic(process.clj:239)
	at maelstrom.process$stop_node_BANG_.invoke(process.clj:217)
	at maelstrom.db$db$reify__16817.teardown_BANG_(db.clj:75)
	at jepsen.db$fn__3462$G__3458__3466.invoke(db.clj:11)
	at jepsen.db$fn__3462$G__3457__3471.invoke(db.clj:11)
	at clojure.core$partial$fn__5824.invoke(core.clj:2625)
	at jepsen.control$on_nodes$fn__3339.invoke(control.clj:309)
	at clojure.lang.AFn.applyToHelper(AFn.java:154)
	at clojure.lang.AFn.applyTo(AFn.java:144)
	at clojure.core$apply.invokeStatic(core.clj:665)
	at clojure.core$with_bindings_STAR_.invokeStatic(core.clj:1973)
	at clojure.core$with_bindings_STAR_.doInvoke(core.clj:1973)
	at clojure.lang.RestFn.applyTo(RestFn.java:142)
	at clojure.core$apply.invokeStatic(core.clj:669)
	at clojure.core$bound_fn_STAR_$fn__5734.doInvoke(core.clj:2003)
	at clojure.lang.RestFn.invoke(RestFn.java:408)
	at dom_top.core$real_pmap_helper$build_thread__213$fn__214.invoke(core.clj:146)
	at clojure.lang.AFn.applyToHelper(AFn.java:152)
	at clojure.lang.AFn.applyTo(AFn.java:144)
	at clojure.core$apply.invokeStatic(core.clj:665)
	at clojure.core$with_bindings_STAR_.invokeStatic(core.clj:1973)
	at clojure.core$with_bindings_STAR_.doInvoke(core.clj:1973)
	at clojure.lang.RestFn.invoke(RestFn.java:425)
	at clojure.lang.AFn.applyToHelper(AFn.java:156)
	at clojure.lang.RestFn.applyTo(RestFn.java:132)
	at clojure.core$apply.invokeStatic(core.clj:669)
	at clojure.core$bound_fn_STAR_$fn__5734.doInvoke(core.clj:2003)
	at clojure.lang.RestFn.invoke(RestFn.java:397)
	at clojure.lang.AFn.run(AFn.java:22)
	at java.base/java.lang.Thread.run(Thread.java:833)
