2023-03-08 11:59:14,428{GMT}	INFO	[jepsen test runner] jepsen.core: Command line:
lein run test -w cbcast --bin causal-broadcast.py --time-limit 5 --node-count 3 --concurrency 1n
2023-03-08 11:59:14,493{GMT}	INFO	[jepsen test runner] jepsen.core: Running test:
{:args []
 :remote
 #jepsen.control.retry.Remote{:remote #jepsen.control.scp.Remote{:cmd-remote #jepsen.control.clj_ssh.Remote{:concurrency-limit 8,
                                                                                                            :conn-spec nil,
                                                                                                            :session nil,
                                                                                                            :semaphore nil},
                                                                 :conn-spec nil},
                              :conn nil}
 :log-net-send false
 :node-count 3
 :max-txn-length 4
 :concurrency 3
 :db
 #object[maelstrom.db$db$reify__16817
         "0x7ba5d307"
         "maelstrom.db$db$reify__16817@7ba5d307"]
 :max-writes-per-key 16
 :leave-db-running? false
 :name "cbcast"
 :logging-json? false
 :start-time
 #object[org.joda.time.DateTime "0x684001e6" "2023-03-08T11:59:14.000Z"]
 :nemesis-interval 10
 :net
 #object[maelstrom.net$jepsen_net$reify__15673
         "0x6bb2b8d4"
         "maelstrom.net$jepsen_net$reify__15673@6bb2b8d4"]
 :client
 #object[maelstrom.workload.cbcast$client$reify__18677
         "0x64230d44"
         "maelstrom.workload.cbcast$client$reify__18677@64230d44"]
 :barrier
 #object[java.util.concurrent.CyclicBarrier
         "0x1ff584d7"
         "java.util.concurrent.CyclicBarrier@1ff584d7"]
 :log-stderr false
 :pure-generators true
 :ssh {:dummy? true}
 :rate 5
 :checker
 #object[jepsen.checker$compose$reify__8787
         "0x7752f9fe"
         "jepsen.checker$compose$reify__8787@7752f9fe"]
 :argv
 ("test"
  "-w"
  "cbcast"
  "--bin"
  "causal-broadcast.py"
  "--time-limit"
  "5"
  "--node-count"
  "3"
  "--concurrency"
  "1n")
 :nemesis
 (jepsen.nemesis.ReflCompose
  {:fm {:start-partition 0,
        :stop-partition 0,
        :kill 1,
        :start 1,
        :pause 1,
        :resume 1},
   :nemeses [#unprintable "jepsen.nemesis.combined$partition_nemesis$reify__17089@9588bd8"
             #unprintable "jepsen.nemesis.combined$db_nemesis$reify__17070@75edfe9a"]})
 :nodes ["n0" "n1" "n2"]
 :test-count 1
 :latency {:mean 0, :dist :constant}
 :bin "causal-broadcast.py"
 :generator
 (jepsen.generator.TimeLimit
  {:limit 5000000000,
   :cutoff nil,
   :gen (jepsen.generator.Any
         {:gens [(jepsen.generator.OnThreads {:f #{:nemesis}, :gen nil})
                 (jepsen.generator.OnThreads
                  {:f #object[clojure.core$complement$fn__5654
                              "0x6351efa6"
                              "clojure.core$complement$fn__5654@6351efa6"],
                   :gen (jepsen.generator.Stagger
                         {:dt 400000000,
                          :next-time nil,
                          :gen ({:f :cbcast, :value 1}
                                {:f :cbcast, :value 2}
                                {:f :cbcast, :value 3}
                                {:f :cbcast, :value 4}
                                {:f :cbcast, :value 5}
                                {:f :cbcast, :value 6}
                                {:f :cbcast, :value 7}
                                {:f :cbcast, :value 8}
                                ...)})})]})})
 :log-net-recv false
 :os
 #object[maelstrom.net$jepsen_os$reify__15676
         "0x349e166"
         "maelstrom.net$jepsen_os$reify__15676@349e166"]
 :time-limit 5
 :workload :cbcast
 :consistency-models [:strict-serializable]
 :topology :grid}

2023-03-08 11:59:14,502{GMT}	INFO	[jepsen node n0] maelstrom.net: Starting Maelstrom network
2023-03-08 11:59:14,503{GMT}	INFO	[jepsen test runner] jepsen.db: Tearing down DB
2023-03-08 11:59:14,506{GMT}	INFO	[jepsen test runner] jepsen.db: Setting up DB
2023-03-08 11:59:14,509{GMT}	INFO	[jepsen node n1] maelstrom.db: Setting up n1
2023-03-08 11:59:14,509{GMT}	INFO	[jepsen node n2] maelstrom.db: Setting up n2
2023-03-08 11:59:14,510{GMT}	INFO	[jepsen node n2] maelstrom.process: launching causal-broadcast.py []
2023-03-08 11:59:14,510{GMT}	INFO	[jepsen node n1] maelstrom.process: launching causal-broadcast.py []
2023-03-08 11:59:14,511{GMT}	INFO	[jepsen node n0] maelstrom.service: Starting services: (lin-kv lin-tso lww-kv seq-kv)
2023-03-08 11:59:14,515{GMT}	INFO	[jepsen node n0] maelstrom.db: Setting up n0
2023-03-08 11:59:14,516{GMT}	INFO	[jepsen node n0] maelstrom.process: launching causal-broadcast.py []
2023-03-08 11:59:14,566{GMT}	INFO	[jepsen test runner] jepsen.core: Relative time begins now
2023-03-08 11:59:14,587{GMT}	INFO	[jepsen worker 1] jepsen.util: 1	:invoke	:cbcast	1
2023-03-08 11:59:14,593{GMT}	INFO	[jepsen worker 1] jepsen.util: 1	:ok	:cbcast	[]
2023-03-08 11:59:14,909{GMT}	INFO	[jepsen worker 1] jepsen.util: 1	:invoke	:cbcast	2
2023-03-08 11:59:14,911{GMT}	INFO	[jepsen worker 1] jepsen.util: 1	:ok	:cbcast	[]
2023-03-08 11:59:15,039{GMT}	INFO	[jepsen worker 1] jepsen.util: 1	:invoke	:cbcast	3
2023-03-08 11:59:15,042{GMT}	INFO	[jepsen worker 1] jepsen.util: 1	:ok	:cbcast	[]
2023-03-08 11:59:15,434{GMT}	INFO	[jepsen worker 0] jepsen.util: 0	:invoke	:cbcast	4
2023-03-08 11:59:15,441{GMT}	INFO	[jepsen worker 0] jepsen.util: 0	:ok	:cbcast	[{"id" 8, "src" "n1", "dest" "n0", "body" {"msg_id" 3, "type" "fwd_msg", "vv" {"n0" 0, "n1" 1, "n2" 0}, "message" 1}} 1 {"id" 12, "src" "n1", "dest" "n0", "body" {"msg_id" 6, "type" "fwd_msg", "vv" {"n0" 0, "n1" 2, "n2" 0}, "message" 2}} 2 {"id" 16, "src" "n1", "dest" "n0", "body" {"msg_id" 9, "type" "fwd_msg", "vv" {"n0" 0, "n1" 3, "n2" 0}, "message" 3}} 3]
2023-03-08 11:59:15,723{GMT}	INFO	[jepsen worker 2] jepsen.util: 2	:invoke	:cbcast	5
2023-03-08 11:59:15,727{GMT}	INFO	[jepsen worker 2] jepsen.util: 2	:ok	:cbcast	[{"id" 9, "src" "n1", "dest" "n2", "body" {"msg_id" 4, "type" "fwd_msg", "vv" {"n0" 0, "n1" 1, "n2" 0}, "message" 1}} 1 {"id" 13, "src" "n1", "dest" "n2", "body" {"msg_id" 7, "type" "fwd_msg", "vv" {"n0" 0, "n1" 2, "n2" 0}, "message" 2}} 2 {"id" 17, "src" "n1", "dest" "n2", "body" {"msg_id" 10, "type" "fwd_msg", "vv" {"n0" 0, "n1" 3, "n2" 0}, "message" 3}} 3 {"id" 21, "src" "n0", "dest" "n2", "body" {"msg_id" 4, "type" "fwd_msg", "vv" {"n0" 1, "n1" 3, "n2" 0}, "message" 4}} 4]
2023-03-08 11:59:15,749{GMT}	INFO	[jepsen worker 0] jepsen.util: 0	:invoke	:cbcast	6
2023-03-08 11:59:15,752{GMT}	INFO	[jepsen worker 0] jepsen.util: 0	:ok	:cbcast	[{"id" 24, "src" "n2", "dest" "n0", "body" {"msg_id" 3, "type" "fwd_msg", "vv" {"n0" 1, "n1" 3, "n2" 1}, "message" 5}} 5]
2023-03-08 11:59:15,773{GMT}	INFO	[jepsen worker 1] jepsen.util: 1	:invoke	:cbcast	7
2023-03-08 11:59:15,778{GMT}	INFO	[jepsen worker 1] jepsen.util: 1	:ok	:cbcast	[{"id" 20, "src" "n0", "dest" "n1", "body" {"msg_id" 3, "type" "fwd_msg", "vv" {"n0" 1, "n1" 3, "n2" 0}, "message" 4}} 4 {"id" 25, "src" "n2", "dest" "n1", "body" {"msg_id" 4, "type" "fwd_msg", "vv" {"n0" 1, "n1" 3, "n2" 1}, "message" 5}} 5 {"id" 28, "src" "n0", "dest" "n1", "body" {"msg_id" 6, "type" "fwd_msg", "vv" {"n0" 2, "n1" 3, "n2" 1}, "message" 6}} 6]
2023-03-08 11:59:15,891{GMT}	INFO	[jepsen worker 0] jepsen.util: 0	:invoke	:cbcast	8
2023-03-08 11:59:15,893{GMT}	INFO	[jepsen worker 0] jepsen.util: 0	:ok	:cbcast	[{"id" 32, "src" "n1", "dest" "n0", "body" {"msg_id" 12, "type" "fwd_msg", "vv" {"n0" 2, "n1" 4, "n2" 1}, "message" 7}} 7]
2023-03-08 11:59:16,204{GMT}	INFO	[jepsen worker 0] jepsen.util: 0	:invoke	:cbcast	9
2023-03-08 11:59:16,206{GMT}	INFO	[jepsen worker 0] jepsen.util: 0	:ok	:cbcast	[]
2023-03-08 11:59:16,295{GMT}	INFO	[jepsen worker 1] jepsen.util: 1	:invoke	:cbcast	10
2023-03-08 11:59:16,297{GMT}	INFO	[jepsen worker 1] jepsen.util: 1	:ok	:cbcast	[{"id" 36, "src" "n0", "dest" "n1", "body" {"msg_id" 9, "type" "fwd_msg", "vv" {"n0" 3, "n1" 4, "n2" 1}, "message" 8}} 8 {"id" 40, "src" "n0", "dest" "n1", "body" {"msg_id" 12, "type" "fwd_msg", "vv" {"n0" 4, "n1" 4, "n2" 1}, "message" 9}} 9]
2023-03-08 11:59:16,426{GMT}	INFO	[jepsen worker 0] jepsen.util: 0	:invoke	:cbcast	11
2023-03-08 11:59:16,429{GMT}	INFO	[jepsen worker 0] jepsen.util: 0	:ok	:cbcast	[{"id" 44, "src" "n1", "dest" "n0", "body" {"msg_id" 15, "type" "fwd_msg", "vv" {"n0" 4, "n1" 5, "n2" 1}, "message" 10}} 10]
2023-03-08 11:59:16,580{GMT}	INFO	[jepsen worker 0] jepsen.util: 0	:invoke	:cbcast	12
2023-03-08 11:59:16,581{GMT}	INFO	[jepsen worker 0] jepsen.util: 0	:ok	:cbcast	[]
2023-03-08 11:59:16,824{GMT}	INFO	[jepsen worker 1] jepsen.util: 1	:invoke	:cbcast	13
2023-03-08 11:59:16,826{GMT}	INFO	[jepsen worker 1] jepsen.util: 1	:ok	:cbcast	[{"id" 48, "src" "n0", "dest" "n1", "body" {"msg_id" 15, "type" "fwd_msg", "vv" {"n0" 5, "n1" 5, "n2" 1}, "message" 11}} 11 {"id" 52, "src" "n0", "dest" "n1", "body" {"msg_id" 18, "type" "fwd_msg", "vv" {"n0" 6, "n1" 5, "n2" 1}, "message" 12}} 12]
2023-03-08 11:59:16,844{GMT}	INFO	[jepsen worker 0] jepsen.util: 0	:invoke	:cbcast	14
2023-03-08 11:59:16,846{GMT}	INFO	[jepsen worker 0] jepsen.util: 0	:ok	:cbcast	[{"id" 56, "src" "n1", "dest" "n0", "body" {"msg_id" 18, "type" "fwd_msg", "vv" {"n0" 6, "n1" 6, "n2" 1}, "message" 13}} 13]
2023-03-08 11:59:17,116{GMT}	INFO	[jepsen worker 1] jepsen.util: 1	:invoke	:cbcast	15
2023-03-08 11:59:17,118{GMT}	INFO	[jepsen worker 1] jepsen.util: 1	:ok	:cbcast	[{"id" 60, "src" "n0", "dest" "n1", "body" {"msg_id" 21, "type" "fwd_msg", "vv" {"n0" 7, "n1" 6, "n2" 1}, "message" 14}} 14]
2023-03-08 11:59:17,239{GMT}	INFO	[jepsen worker 1] jepsen.util: 1	:invoke	:cbcast	16
2023-03-08 11:59:17,242{GMT}	INFO	[jepsen worker 1] jepsen.util: 1	:ok	:cbcast	[]
2023-03-08 11:59:17,454{GMT}	INFO	[jepsen worker 1] jepsen.util: 1	:invoke	:cbcast	17
2023-03-08 11:59:17,456{GMT}	INFO	[jepsen worker 1] jepsen.util: 1	:ok	:cbcast	[]
2023-03-08 11:59:17,673{GMT}	INFO	[jepsen worker 0] jepsen.util: 0	:invoke	:cbcast	18
2023-03-08 11:59:17,676{GMT}	INFO	[jepsen worker 0] jepsen.util: 0	:ok	:cbcast	[{"id" 64, "src" "n1", "dest" "n0", "body" {"msg_id" 21, "type" "fwd_msg", "vv" {"n0" 7, "n1" 7, "n2" 1}, "message" 15}} 15 {"id" 68, "src" "n1", "dest" "n0", "body" {"msg_id" 24, "type" "fwd_msg", "vv" {"n0" 7, "n1" 8, "n2" 1}, "message" 16}} 16 {"id" 72, "src" "n1", "dest" "n0", "body" {"msg_id" 27, "type" "fwd_msg", "vv" {"n0" 7, "n1" 9, "n2" 1}, "message" 17}} 17]
2023-03-08 11:59:17,761{GMT}	INFO	[jepsen worker 1] jepsen.util: 1	:invoke	:cbcast	19
2023-03-08 11:59:17,763{GMT}	INFO	[jepsen worker 1] jepsen.util: 1	:ok	:cbcast	[{"id" 76, "src" "n0", "dest" "n1", "body" {"msg_id" 24, "type" "fwd_msg", "vv" {"n0" 8, "n1" 9, "n2" 1}, "message" 18}} 18]
2023-03-08 11:59:18,135{GMT}	INFO	[jepsen worker 1] jepsen.util: 1	:invoke	:cbcast	20
2023-03-08 11:59:18,137{GMT}	INFO	[jepsen worker 1] jepsen.util: 1	:ok	:cbcast	[]
2023-03-08 11:59:18,382{GMT}	INFO	[jepsen worker 1] jepsen.util: 1	:invoke	:cbcast	21
2023-03-08 11:59:18,384{GMT}	INFO	[jepsen worker 1] jepsen.util: 1	:ok	:cbcast	[]
2023-03-08 11:59:18,498{GMT}	INFO	[jepsen worker 1] jepsen.util: 1	:invoke	:cbcast	22
2023-03-08 11:59:18,500{GMT}	INFO	[jepsen worker 1] jepsen.util: 1	:ok	:cbcast	[]
2023-03-08 11:59:18,673{GMT}	INFO	[jepsen worker 1] jepsen.util: 1	:invoke	:cbcast	23
2023-03-08 11:59:18,674{GMT}	INFO	[jepsen worker 1] jepsen.util: 1	:ok	:cbcast	[]
2023-03-08 11:59:18,977{GMT}	INFO	[jepsen worker 1] jepsen.util: 1	:invoke	:cbcast	24
2023-03-08 11:59:18,979{GMT}	INFO	[jepsen worker 1] jepsen.util: 1	:ok	:cbcast	[]
2023-03-08 11:59:19,362{GMT}	INFO	[jepsen worker 1] jepsen.util: 1	:invoke	:cbcast	25
2023-03-08 11:59:19,364{GMT}	INFO	[jepsen worker 1] jepsen.util: 1	:ok	:cbcast	[]
2023-03-08 11:59:19,570{GMT}	INFO	[jepsen worker 1] jepsen.util: 1	:invoke	:cbcast	26
2023-03-08 11:59:19,572{GMT}	INFO	[jepsen worker 1] jepsen.util: 1	:ok	:cbcast	[]
2023-03-08 11:59:19,576{GMT}	INFO	[jepsen node n0] maelstrom.db: Tearing down n0
2023-03-08 11:59:19,576{GMT}	INFO	[jepsen node n1] maelstrom.db: Tearing down n1
2023-03-08 11:59:19,576{GMT}	INFO	[jepsen node n2] maelstrom.db: Tearing down n2
2023-03-08 11:59:21,520{GMT}	INFO	[jepsen node n0] maelstrom.net: Shutting down Maelstrom network
2023-03-08 11:59:21,521{GMT}	INFO	[jepsen test runner] jepsen.core: Run complete, writing
2023-03-08 11:59:21,532{GMT}	INFO	[jepsen test runner] jepsen.core: Analyzing...
2023-03-08 11:59:21,665{GMT}	INFO	[jepsen test runner] jepsen.core: Analysis complete
2023-03-08 11:59:21,673{GMT}	INFO	[jepsen results] jepsen.store: Wrote /home/miguel/uni/4ano/sd/sdge/guiao1/store/cbcast/20230308T115914.000Z/results.edn
2023-03-08 11:59:21,683{GMT}	INFO	[jepsen test runner] jepsen.core: {:perf {:latency-graph {:valid? true},
        :rate-graph {:valid? true},
        :valid? true},
 :timeline {:valid? true},
 :exceptions {:valid? true},
 :stats {:valid? true,
         :count 26,
         :ok-count 26,
         :fail-count 0,
         :info-count 0,
         :by-f {:cbcast {:valid? true,
                         :count 26,
                         :ok-count 26,
                         :fail-count 0,
                         :info-count 0}}},
 :net {:all {:send-count 110,
             :recv-count 110,
             :msg-count 110,
             :msgs-per-op 4.230769},
       :clients {:send-count 58, :recv-count 58, :msg-count 58},
       :servers {:send-count 52,
                 :recv-count 52,
                 :msg-count 52,
                 :msgs-per-op 2.0},
       :valid? true},
 :workload {:valid? false,
            :errors ["missing dependencies [{\"id\" 8, \"src\" \"n1\", \"dest\" \"n0\", \"body\" {\"msg_id\" 3, \"type\" \"fwd_msg\", \"vv\" {\"n0\" 0, \"n1\" 1, \"n2\" 0}, \"message\" 1}} {\"id\" 12, \"src\" \"n1\", \"dest\" \"n0\", \"body\" {\"msg_id\" 6, \"type\" \"fwd_msg\", \"vv\" {\"n0\" 0, \"n1\" 2, \"n2\" 0}, \"message\" 2}} {\"id\" 16, \"src\" \"n1\", \"dest\" \"n0\", \"body\" {\"msg_id\" 9, \"type\" \"fwd_msg\", \"vv\" {\"n0\" 0, \"n1\" 3, \"n2\" 0}, \"message\" 3}}] when delivering message 4 to process 2"
                     "missing dependencies [{\"id\" 9, \"src\" \"n1\", \"dest\" \"n2\", \"body\" {\"msg_id\" 4, \"type\" \"fwd_msg\", \"vv\" {\"n0\" 0, \"n1\" 1, \"n2\" 0}, \"message\" 1}} {\"id\" 13, \"src\" \"n1\", \"dest\" \"n2\", \"body\" {\"msg_id\" 7, \"type\" \"fwd_msg\", \"vv\" {\"n0\" 0, \"n1\" 2, \"n2\" 0}, \"message\" 2}} {\"id\" 17, \"src\" \"n1\", \"dest\" \"n2\", \"body\" {\"msg_id\" 10, \"type\" \"fwd_msg\", \"vv\" {\"n0\" 0, \"n1\" 3, \"n2\" 0}, \"message\" 3}} {\"id\" 21, \"src\" \"n0\", \"dest\" \"n2\", \"body\" {\"msg_id\" 4, \"type\" \"fwd_msg\", \"vv\" {\"n0\" 1, \"n1\" 3, \"n2\" 0}, \"message\" 4}}] when delivering message 5 to process 0"
                     "missing dependencies [{\"id\" 8, \"src\" \"n1\", \"dest\" \"n0\", \"body\" {\"msg_id\" 3, \"type\" \"fwd_msg\", \"vv\" {\"n0\" 0, \"n1\" 1, \"n2\" 0}, \"message\" 1}} {\"id\" 12, \"src\" \"n1\", \"dest\" \"n0\", \"body\" {\"msg_id\" 6, \"type\" \"fwd_msg\", \"vv\" {\"n0\" 0, \"n1\" 2, \"n2\" 0}, \"message\" 2}} {\"id\" 16, \"src\" \"n1\", \"dest\" \"n0\", \"body\" {\"msg_id\" 9, \"type\" \"fwd_msg\", \"vv\" {\"n0\" 0, \"n1\" 3, \"n2\" 0}, \"message\" 3}}] when delivering message 4 to process 1"
                     "missing dependencies [{\"id\" 9, \"src\" \"n1\", \"dest\" \"n2\", \"body\" {\"msg_id\" 4, \"type\" \"fwd_msg\", \"vv\" {\"n0\" 0, \"n1\" 1, \"n2\" 0}, \"message\" 1}} {\"id\" 13, \"src\" \"n1\", \"dest\" \"n2\", \"body\" {\"msg_id\" 7, \"type\" \"fwd_msg\", \"vv\" {\"n0\" 0, \"n1\" 2, \"n2\" 0}, \"message\" 2}} {\"id\" 17, \"src\" \"n1\", \"dest\" \"n2\", \"body\" {\"msg_id\" 10, \"type\" \"fwd_msg\", \"vv\" {\"n0\" 0, \"n1\" 3, \"n2\" 0}, \"message\" 3}} {\"id\" 21, \"src\" \"n0\", \"dest\" \"n2\", \"body\" {\"msg_id\" 4, \"type\" \"fwd_msg\", \"vv\" {\"n0\" 1, \"n1\" 3, \"n2\" 0}, \"message\" 4}}] when delivering message 5 to process 1"
                     "missing dependencies [{\"id\" 24, \"src\" \"n2\", \"dest\" \"n0\", \"body\" {\"msg_id\" 3, \"type\" \"fwd_msg\", \"vv\" {\"n0\" 1, \"n1\" 3, \"n2\" 1}, \"message\" 5}}] when delivering message 6 to process 1"
                     "missing dependencies [{\"id\" 20, \"src\" \"n0\", \"dest\" \"n1\", \"body\" {\"msg_id\" 3, \"type\" \"fwd_msg\", \"vv\" {\"n0\" 1, \"n1\" 3, \"n2\" 0}, \"message\" 4}} {\"id\" 25, \"src\" \"n2\", \"dest\" \"n1\", \"body\" {\"msg_id\" 4, \"type\" \"fwd_msg\", \"vv\" {\"n0\" 1, \"n1\" 3, \"n2\" 1}, \"message\" 5}} {\"id\" 28, \"src\" \"n0\", \"dest\" \"n1\", \"body\" {\"msg_id\" 6, \"type\" \"fwd_msg\", \"vv\" {\"n0\" 2, \"n1\" 3, \"n2\" 1}, \"message\" 6}}] when delivering message 7 to process 0"
                     "missing dependencies [{\"id\" 32, \"src\" \"n1\", \"dest\" \"n0\", \"body\" {\"msg_id\" 12, \"type\" \"fwd_msg\", \"vv\" {\"n0\" 2, \"n1\" 4, \"n2\" 1}, \"message\" 7}}] when delivering message 8 to process 1"
                     "missing dependencies [{\"id\" 36, \"src\" \"n0\", \"dest\" \"n1\", \"body\" {\"msg_id\" 9, \"type\" \"fwd_msg\", \"vv\" {\"n0\" 3, \"n1\" 4, \"n2\" 1}, \"message\" 8}} {\"id\" 40, \"src\" \"n0\", \"dest\" \"n1\", \"body\" {\"msg_id\" 12, \"type\" \"fwd_msg\", \"vv\" {\"n0\" 4, \"n1\" 4, \"n2\" 1}, \"message\" 9}}] when delivering message 10 to process 0"
                     "missing dependencies [{\"id\" 44, \"src\" \"n1\", \"dest\" \"n0\", \"body\" {\"msg_id\" 15, \"type\" \"fwd_msg\", \"vv\" {\"n0\" 4, \"n1\" 5, \"n2\" 1}, \"message\" 10}}] when delivering message 11 to process 1"
                     "missing dependencies [{\"id\" 48, \"src\" \"n0\", \"dest\" \"n1\", \"body\" {\"msg_id\" 15, \"type\" \"fwd_msg\", \"vv\" {\"n0\" 5, \"n1\" 5, \"n2\" 1}, \"message\" 11}} {\"id\" 52, \"src\" \"n0\", \"dest\" \"n1\", \"body\" {\"msg_id\" 18, \"type\" \"fwd_msg\", \"vv\" {\"n0\" 6, \"n1\" 5, \"n2\" 1}, \"message\" 12}}] when delivering message 13 to process 0"
                     "missing dependencies [{\"id\" 56, \"src\" \"n1\", \"dest\" \"n0\", \"body\" {\"msg_id\" 18, \"type\" \"fwd_msg\", \"vv\" {\"n0\" 6, \"n1\" 6, \"n2\" 1}, \"message\" 13}}] when delivering message 14 to process 1"
                     "missing dependencies [{\"id\" 60, \"src\" \"n0\", \"dest\" \"n1\", \"body\" {\"msg_id\" 21, \"type\" \"fwd_msg\", \"vv\" {\"n0\" 7, \"n1\" 6, \"n2\" 1}, \"message\" 14}}] when delivering message 15 to process 0"
                     "missing dependencies [{\"id\" 64, \"src\" \"n1\", \"dest\" \"n0\", \"body\" {\"msg_id\" 21, \"type\" \"fwd_msg\", \"vv\" {\"n0\" 7, \"n1\" 7, \"n2\" 1}, \"message\" 15}} {\"id\" 68, \"src\" \"n1\", \"dest\" \"n0\", \"body\" {\"msg_id\" 24, \"type\" \"fwd_msg\", \"vv\" {\"n0\" 7, \"n1\" 8, \"n2\" 1}, \"message\" 16}} {\"id\" 72, \"src\" \"n1\", \"dest\" \"n0\", \"body\" {\"msg_id\" 27, \"type\" \"fwd_msg\", \"vv\" {\"n0\" 7, \"n1\" 9, \"n2\" 1}, \"message\" 17}}] when delivering message 18 to process 1"]},
 :valid? false}


Analysis invalid! (ﾉಥ益ಥ）ﾉ ┻━┻
