DEBUG:root:received {"id":1,"src":"c1","dest":"n2","body":{"type":"init","node_id":"n2","node_ids":["n0","n1","n2"],"msg_id":1}}
INFO:root:node n2 initialized
DEBUG:root:sending {"dest": "c1", "src": "n2", "body": {"msg_id": 1, "in_reply_to": 1, "type": "init_ok"}}
DEBUG:root:received {"id":6,"src":"c6","dest":"n2","body":{"type":"cbcast","message":1,"msg_id":1}}
DEBUG:root:sending {"dest": "c6", "src": "n2", "body": {"msg_id": 2, "in_reply_to": 1, "type": "cbcast_ok", "messages": []}}
DEBUG:root:sending {"dest": "n0", "src": "n2", "body": {"msg_id": 3, "type": "fwd_msg", "vv": {"n0": 0, "n1": 0, "n2": 1}, "message": 1}}
DEBUG:root:sending {"dest": "n1", "src": "n2", "body": {"msg_id": 4, "type": "fwd_msg", "vv": {"n0": 0, "n1": 0, "n2": 1}, "message": 1}}
DEBUG:root:received {"id":13,"src":"n0","dest":"n2","body":{"msg_id":4,"type":"fwd_msg","vv":{"n0":1,"n1":0,"n2":1},"message":2}}
DEBUG:root:received {"id":17,"src":"n0","dest":"n2","body":{"msg_id":7,"type":"fwd_msg","vv":{"n0":2,"n1":0,"n2":1},"message":3}}
DEBUG:root:received {"id":21,"src":"n0","dest":"n2","body":{"msg_id":10,"type":"fwd_msg","vv":{"n0":3,"n1":0,"n2":1},"message":4}}
DEBUG:root:received {"id":25,"src":"n1","dest":"n2","body":{"msg_id":4,"type":"fwd_msg","vv":{"n0":3,"n1":1,"n2":1},"message":5}}
DEBUG:root:received {"id":26,"src":"c6","dest":"n2","body":{"type":"cbcast","message":6,"msg_id":2}}
DEBUG:root:sending {"dest": "c6", "src": "n2", "body": {"msg_id": 5, "in_reply_to": 2, "type": "cbcast_ok", "messages": [{"id": 13, "src": "n0", "dest": "n2", "body": {"msg_id": 4, "type": "fwd_msg", "vv": {"n0": 1, "n1": 0, "n2": 1}, "message": 2}}, 2, {"id": 17, "src": "n0", "dest": "n2", "body": {"msg_id": 7, "type": "fwd_msg", "vv": {"n0": 2, "n1": 0, "n2": 1}, "message": 3}}, 3, {"id": 21, "src": "n0", "dest": "n2", "body": {"msg_id": 10, "type": "fwd_msg", "vv": {"n0": 3, "n1": 0, "n2": 1}, "message": 4}}, 4, {"id": 25, "src": "n1", "dest": "n2", "body": {"msg_id": 4, "type": "fwd_msg", "vv": {"n0": 3, "n1": 1, "n2": 1}, "message": 5}}, 5]}}
DEBUG:root:sending {"dest": "n0", "src": "n2", "body": {"msg_id": 6, "type": "fwd_msg", "vv": {"n0": 3, "n1": 1, "n2": 2}, "message": 6}}
DEBUG:root:sending {"dest": "n1", "src": "n2", "body": {"msg_id": 7, "type": "fwd_msg", "vv": {"n0": 3, "n1": 1, "n2": 2}, "message": 6}}
DEBUG:root:received {"id":33,"src":"n0","dest":"n2","body":{"msg_id":13,"type":"fwd_msg","vv":{"n0":4,"n1":1,"n2":2},"message":7}}
DEBUG:root:received {"id":34,"src":"c6","dest":"n2","body":{"type":"cbcast","message":8,"msg_id":3}}
DEBUG:root:sending {"dest": "c6", "src": "n2", "body": {"msg_id": 8, "in_reply_to": 3, "type": "cbcast_ok", "messages": [{"id": 33, "src": "n0", "dest": "n2", "body": {"msg_id": 13, "type": "fwd_msg", "vv": {"n0": 4, "n1": 1, "n2": 2}, "message": 7}}, 7]}}
DEBUG:root:sending {"dest": "n0", "src": "n2", "body": {"msg_id": 9, "type": "fwd_msg", "vv": {"n0": 4, "n1": 1, "n2": 3}, "message": 8}}
DEBUG:root:sending {"dest": "n1", "src": "n2", "body": {"msg_id": 10, "type": "fwd_msg", "vv": {"n0": 4, "n1": 1, "n2": 3}, "message": 8}}
DEBUG:root:received {"id":41,"src":"n0","dest":"n2","body":{"msg_id":16,"type":"fwd_msg","vv":{"n0":5,"n1":1,"n2":3},"message":9}}
DEBUG:root:received {"id":45,"src":"n1","dest":"n2","body":{"msg_id":7,"type":"fwd_msg","vv":{"n0":5,"n1":2,"n2":3},"message":10}}
DEBUG:root:received {"id":49,"src":"n0","dest":"n2","body":{"msg_id":19,"type":"fwd_msg","vv":{"n0":6,"n1":2,"n2":3},"message":11}}
DEBUG:root:received {"id":50,"src":"c6","dest":"n2","body":{"type":"cbcast","message":12,"msg_id":4}}
DEBUG:root:sending {"dest": "c6", "src": "n2", "body": {"msg_id": 11, "in_reply_to": 4, "type": "cbcast_ok", "messages": [{"id": 41, "src": "n0", "dest": "n2", "body": {"msg_id": 16, "type": "fwd_msg", "vv": {"n0": 5, "n1": 1, "n2": 3}, "message": 9}}, 9, {"id": 45, "src": "n1", "dest": "n2", "body": {"msg_id": 7, "type": "fwd_msg", "vv": {"n0": 5, "n1": 2, "n2": 3}, "message": 10}}, 10, {"id": 49, "src": "n0", "dest": "n2", "body": {"msg_id": 19, "type": "fwd_msg", "vv": {"n0": 6, "n1": 2, "n2": 3}, "message": 11}}, 11]}}
DEBUG:root:sending {"dest": "n0", "src": "n2", "body": {"msg_id": 12, "type": "fwd_msg", "vv": {"n0": 6, "n1": 2, "n2": 4}, "message": 12}}
DEBUG:root:sending {"dest": "n1", "src": "n2", "body": {"msg_id": 13, "type": "fwd_msg", "vv": {"n0": 6, "n1": 2, "n2": 4}, "message": 12}}
DEBUG:root:received {"id":57,"src":"n0","dest":"n2","body":{"msg_id":22,"type":"fwd_msg","vv":{"n0":7,"n1":2,"n2":4},"message":13}}
DEBUG:root:received {"id":61,"src":"n0","dest":"n2","body":{"msg_id":25,"type":"fwd_msg","vv":{"n0":8,"n1":2,"n2":4},"message":14}}
DEBUG:root:received {"id":65,"src":"n0","dest":"n2","body":{"msg_id":28,"type":"fwd_msg","vv":{"n0":9,"n1":2,"n2":4},"message":15}}
DEBUG:root:received {"id":69,"src":"n0","dest":"n2","body":{"msg_id":31,"type":"fwd_msg","vv":{"n0":10,"n1":2,"n2":4},"message":16}}
DEBUG:root:received {"id":70,"src":"c6","dest":"n2","body":{"type":"cbcast","message":17,"msg_id":5}}
DEBUG:root:sending {"dest": "c6", "src": "n2", "body": {"msg_id": 14, "in_reply_to": 5, "type": "cbcast_ok", "messages": [{"id": 57, "src": "n0", "dest": "n2", "body": {"msg_id": 22, "type": "fwd_msg", "vv": {"n0": 7, "n1": 2, "n2": 4}, "message": 13}}, 13, {"id": 61, "src": "n0", "dest": "n2", "body": {"msg_id": 25, "type": "fwd_msg", "vv": {"n0": 8, "n1": 2, "n2": 4}, "message": 14}}, 14, {"id": 65, "src": "n0", "dest": "n2", "body": {"msg_id": 28, "type": "fwd_msg", "vv": {"n0": 9, "n1": 2, "n2": 4}, "message": 15}}, 15, {"id": 69, "src": "n0", "dest": "n2", "body": {"msg_id": 31, "type": "fwd_msg", "vv": {"n0": 10, "n1": 2, "n2": 4}, "message": 16}}, 16]}}
DEBUG:root:sending {"dest": "n0", "src": "n2", "body": {"msg_id": 15, "type": "fwd_msg", "vv": {"n0": 10, "n1": 2, "n2": 5}, "message": 17}}
DEBUG:root:sending {"dest": "n1", "src": "n2", "body": {"msg_id": 16, "type": "fwd_msg", "vv": {"n0": 10, "n1": 2, "n2": 5}, "message": 17}}
DEBUG:root:received {"id":77,"src":"n1","dest":"n2","body":{"msg_id":10,"type":"fwd_msg","vv":{"n0":10,"n1":3,"n2":5},"message":18}}
DEBUG:root:received {"id":78,"src":"c6","dest":"n2","body":{"type":"cbcast","message":19,"msg_id":6}}
DEBUG:root:sending {"dest": "c6", "src": "n2", "body": {"msg_id": 17, "in_reply_to": 6, "type": "cbcast_ok", "messages": [{"id": 77, "src": "n1", "dest": "n2", "body": {"msg_id": 10, "type": "fwd_msg", "vv": {"n0": 10, "n1": 3, "n2": 5}, "message": 18}}, 18]}}
DEBUG:root:sending {"dest": "n0", "src": "n2", "body": {"msg_id": 18, "type": "fwd_msg", "vv": {"n0": 10, "n1": 3, "n2": 6}, "message": 19}}
DEBUG:root:sending {"dest": "n1", "src": "n2", "body": {"msg_id": 19, "type": "fwd_msg", "vv": {"n0": 10, "n1": 3, "n2": 6}, "message": 19}}
DEBUG:root:received {"id":85,"src":"n0","dest":"n2","body":{"msg_id":34,"type":"fwd_msg","vv":{"n0":11,"n1":3,"n2":6},"message":20}}
DEBUG:root:received {"id":86,"src":"c6","dest":"n2","body":{"type":"cbcast","message":21,"msg_id":7}}
DEBUG:root:sending {"dest": "c6", "src": "n2", "body": {"msg_id": 20, "in_reply_to": 7, "type": "cbcast_ok", "messages": [{"id": 85, "src": "n0", "dest": "n2", "body": {"msg_id": 34, "type": "fwd_msg", "vv": {"n0": 11, "n1": 3, "n2": 6}, "message": 20}}, 20]}}
DEBUG:root:sending {"dest": "n0", "src": "n2", "body": {"msg_id": 21, "type": "fwd_msg", "vv": {"n0": 11, "n1": 3, "n2": 7}, "message": 21}}
DEBUG:root:sending {"dest": "n1", "src": "n2", "body": {"msg_id": 22, "type": "fwd_msg", "vv": {"n0": 11, "n1": 3, "n2": 7}, "message": 21}}
DEBUG:root:received {"id":93,"src":"n1","dest":"n2","body":{"msg_id":13,"type":"fwd_msg","vv":{"n0":11,"n1":4,"n2":7},"message":22}}
DEBUG:root:received {"id":94,"src":"c6","dest":"n2","body":{"type":"cbcast","message":23,"msg_id":8}}
DEBUG:root:sending {"dest": "c6", "src": "n2", "body": {"msg_id": 23, "in_reply_to": 8, "type": "cbcast_ok", "messages": [{"id": 93, "src": "n1", "dest": "n2", "body": {"msg_id": 13, "type": "fwd_msg", "vv": {"n0": 11, "n1": 4, "n2": 7}, "message": 22}}, 22]}}
DEBUG:root:sending {"dest": "n0", "src": "n2", "body": {"msg_id": 24, "type": "fwd_msg", "vv": {"n0": 11, "n1": 4, "n2": 8}, "message": 23}}
DEBUG:root:sending {"dest": "n1", "src": "n2", "body": {"msg_id": 25, "type": "fwd_msg", "vv": {"n0": 11, "n1": 4, "n2": 8}, "message": 23}}
DEBUG:root:received {"id":101,"src":"n0","dest":"n2","body":{"msg_id":37,"type":"fwd_msg","vv":{"n0":12,"n1":4,"n2":7},"message":24}}
DEBUG:root:received {"id":105,"src":"n1","dest":"n2","body":{"msg_id":16,"type":"fwd_msg","vv":{"n0":11,"n1":5,"n2":8},"message":25}}
DEBUG:root:received {"id":109,"src":"n0","dest":"n2","body":{"msg_id":40,"type":"fwd_msg","vv":{"n0":13,"n1":5,"n2":8},"message":26}}
Traceback (most recent call last):
  File "/home/miguel/uni/4ano/sd/sdge/guiao1/causal-broadcast.py", line 58, in <module>
    retest_buffer()
  File "/home/miguel/uni/4ano/sd/sdge/guiao1/causal-broadcast.py", line 33, in retest_buffer
    if verify_delevery(i):
TypeError: verify_delevery() missing 1 required positional argument: 'vv_rec'
