DEBUG:root:received {"id":0,"src":"c0","dest":"n0","body":{"type":"init","node_id":"n0","node_ids":["n0","n1","n2"],"msg_id":1}}
INFO:root:node n0 initialized
DEBUG:root:sending {"dest": "c0", "src": "n0", "body": {"msg_id": 1, "in_reply_to": 1, "type": "init_ok"}}
DEBUG:root:received {"id":6,"src":"c6","dest":"n0","body":{"element":0,"type":"remove","msg_id":1}}
DEBUG:root:sending {"dest": "c6", "src": "n0", "body": {"msg_id": 2, "in_reply_to": 1, "type": "error", "code": 20, "message": "element not in set"}}
DEBUG:root:received {"id":10,"src":"c8","dest":"n0","body":{"element":1,"type":"remove","msg_id":1}}
DEBUG:root:sending {"dest": "c8", "src": "n0", "body": {"msg_id": 3, "in_reply_to": 1, "type": "error", "code": 20, "message": "element not in set"}}
DEBUG:root:received {"id":14,"src":"c10","dest":"n0","body":{"type":"read","msg_id":1}}
DEBUG:root:sending {"dest": "c10", "src": "n0", "body": {"msg_id": 4, "in_reply_to": 1, "type": "read_ok", "values": {}}}
DEBUG:root:received {"id":21,"src":"n2","dest":"n0","body":{"msg_id":2,"type":"fwd_add","element":0,"id":["n2",1],"r":[],"vv":{"n0":0,"n1":0,"n2":1}}}
DEBUG:root:received {"id":23,"src":"c14","dest":"n0","body":{"type":"read","msg_id":1}}
DEBUG:root:sending {"dest": "c14", "src": "n0", "body": {"msg_id": 5, "in_reply_to": 1, "type": "read_ok", "values": {"0": [["n2", 1]]}}}
DEBUG:root:received {"id":26,"src":"n1","dest":"n0","body":{"msg_id":6,"type":"fwd_add","element":1,"id":["n1",1],"r":[],"vv":{"n0":0,"n1":5,"n2":1}}}
DEBUG:root:received {"id":28,"src":"c16","dest":"n0","body":{"element":4,"type":"remove","msg_id":1}}
DEBUG:root:sending {"dest": "c16", "src": "n0", "body": {"msg_id": 6, "in_reply_to": 1, "type": "error", "code": 20, "message": "element not in set"}}
DEBUG:root:received {"id":30,"src":"c17","dest":"n0","body":{"type":"read","msg_id":1}}
DEBUG:root:sending {"dest": "c17", "src": "n0", "body": {"msg_id": 7, "in_reply_to": 1, "type": "read_ok", "values": {"0": [["n2", 1]]}}}
DEBUG:root:received {"id":32,"src":"c18","dest":"n0","body":{"type":"read","msg_id":1}}
DEBUG:root:sending {"dest": "c18", "src": "n0", "body": {"msg_id": 8, "in_reply_to": 1, "type": "read_ok", "values": {"0": [["n2", 1]]}}}
DEBUG:root:received {"id":34,"src":"c19","dest":"n0","body":{"element":5,"type":"remove","msg_id":1}}
DEBUG:root:sending {"dest": "c19", "src": "n0", "body": {"msg_id": 9, "in_reply_to": 1, "type": "error", "code": 20, "message": "element not in set"}}
DEBUG:root:received {"id":36,"src":"c20","dest":"n0","body":{"element":2,"type":"add","msg_id":1}}
DEBUG:root:sending {"dest": "n1", "src": "n0", "body": {"msg_id": 10, "type": "fwd_add", "element": 2, "id": ["n0", 1], "r": [], "vv": {"n0": 5, "n1": 0, "n2": 1}}}
DEBUG:root:sending {"dest": "n2", "src": "n0", "body": {"msg_id": 11, "type": "fwd_add", "element": 2, "id": ["n0", 1], "r": [], "vv": {"n0": 5, "n1": 0, "n2": 1}}}
DEBUG:root:received {"id":39,"src":"c21","dest":"n0","body":{"type":"read","msg_id":1}}
DEBUG:root:sending {"dest": "c21", "src": "n0", "body": {"msg_id": 12, "in_reply_to": 1, "type": "read_ok", "values": {"0": [["n2", 1]], "2": ["n0", 1]}}}
