2023-03-15 18:07:08,264{GMT}	INFO	[jepsen test runner] jepsen.core: Command line:
lein run test -w or-set --bin or-set.py --time-limit 5 --node-count 3
2023-03-15 18:07:08,381{GMT}	INFO	[jepsen test runner] jepsen.core: Running test:
{:args []
 :remote
 #jepsen.control.retry.Remote{:remote #jepsen.control.scp.Remote{:cmd-remote #jepsen.control.clj_ssh.Remote{:concurrency-limit 8,
                                                                                                            :conn-spec nil,
                                                                                                            :session nil,
                                                                                                            :semaphore nil},
                                                                 :conn-spec nil},
                              :conn nil}
 :log-net-send false
 :node-count 3
 :max-txn-length 4
 :concurrency 3
 :db
 #object[maelstrom.db$db$reify__16817
         "0x7334dcbe"
         "maelstrom.db$db$reify__16817@7334dcbe"]
 :max-writes-per-key 16
 :leave-db-running? false
 :name "or-set"
 :logging-json? false
 :start-time
 #object[org.joda.time.DateTime "0x1d1a706" "2023-03-15T18:07:08.000Z"]
 :nemesis-interval 10
 :net
 #object[maelstrom.net$jepsen_net$reify__15673
         "0x5e136445"
         "maelstrom.net$jepsen_net$reify__15673@5e136445"]
 :client
 #object[maelstrom.workload.or_set$client$reify__18760
         "0x3c9e82a6"
         "maelstrom.workload.or_set$client$reify__18760@3c9e82a6"]
 :final-generator
 (jepsen.generator.EachThread {:fresh-gen {:f :read}, :gens {}})
 :barrier
 #object[java.util.concurrent.CyclicBarrier
         "0x4235e01b"
         "java.util.concurrent.CyclicBarrier@4235e01b"]
 :log-stderr false
 :pure-generators true
 :ssh {:dummy? true}
 :rate 5
 :checker
 #object[jepsen.checker$compose$reify__8787
         "0x835718b"
         "jepsen.checker$compose$reify__8787@835718b"]
 :argv
 ("test"
  "-w"
  "or-set"
  "--bin"
  "or-set.py"
  "--time-limit"
  "5"
  "--node-count"
  "3")
 :nemesis
 (jepsen.nemesis.ReflCompose
  {:fm {:start-partition 0,
        :stop-partition 0,
        :kill 1,
        :start 1,
        :pause 1,
        :resume 1},
   :nemeses [#unprintable "jepsen.nemesis.combined$partition_nemesis$reify__17089@2e6dc94c"
             #unprintable "jepsen.nemesis.combined$db_nemesis$reify__17070@6c39ba30"]})
 :nodes ["n0" "n1" "n2"]
 :test-count 1
 :latency {:mean 0, :dist :constant}
 :bin "or-set.py"
 :generator
 ((jepsen.generator.Synchronize
   {:gen (jepsen.generator.TimeLimit
          {:limit 5000000000,
           :cutoff nil,
           :gen (jepsen.generator.Any
                 {:gens [(jepsen.generator.OnThreads {:f #{:nemesis}, :gen nil})
                         (jepsen.generator.OnThreads
                          {:f #object[clojure.core$complement$fn__5654
                                      "0x665fb1d8"
                                      "clojure.core$complement$fn__5654@665fb1d8"],
                           :gen (jepsen.generator.Stagger
                                 {:dt 400000000,
                                  :next-time nil,
                                  :gen (jepsen.generator.Mix
                                        {:i 0,
                                         :gens [({:f :add, :value 0}
                                                 {:f :add, :value 1}
                                                 {:f :add, :value 2}
                                                 {:f :add, :value 3}
                                                 {:f :add, :value 4}
                                                 {:f :add, :value 5}
                                                 {:f :add, :value 6}
                                                 {:f :add, :value 7}
                                                 ...)
                                                ({:f :remove, :value 0}
                                                 {:f :remove, :value 0}
                                                 {:f :remove, :value 1}
                                                 {:f :remove, :value 2}
                                                 {:f :remove, :value 3}
                                                 {:f :remove, :value 4}
                                                 {:f :remove, :value 4}
                                                 {:f :remove, :value 5}
                                                 ...)
                                                ({:f :read}
                                                 {:f :read}
                                                 {:f :read}
                                                 {:f :read}
                                                 {:f :read}
                                                 {:f :read}
                                                 {:f :read}
                                                 {:f :read}
                                                 ...)]})})})]})})})
  (jepsen.generator.Synchronize
   {:gen (jepsen.generator.OnThreads {:f #{:nemesis}, :gen ()})})
  (jepsen.generator.Synchronize
   {:gen {:type :log, :value "Waiting for recovery..."}})
  (jepsen.generator.Synchronize {:gen {:type :sleep, :value 10}})
  (jepsen.generator.Synchronize
   {:gen (jepsen.generator.OnThreads
          {:f #object[clojure.core$complement$fn__5654
                      "0x43376a03"
                      "clojure.core$complement$fn__5654@43376a03"],
           :gen (jepsen.generator.EachThread {:fresh-gen {:f :read}, :gens {}})})}))
 :log-net-recv false
 :os
 #object[maelstrom.net$jepsen_os$reify__15676
         "0x9b84747"
         "maelstrom.net$jepsen_os$reify__15676@9b84747"]
 :time-limit 5
 :workload :or-set
 :consistency-models [:strict-serializable]
 :topology :grid}

2023-03-15 18:07:08,390{GMT}	INFO	[jepsen node n0] maelstrom.net: Starting Maelstrom network
2023-03-15 18:07:08,391{GMT}	INFO	[jepsen test runner] jepsen.db: Tearing down DB
2023-03-15 18:07:08,395{GMT}	INFO	[jepsen test runner] jepsen.db: Setting up DB
2023-03-15 18:07:08,398{GMT}	INFO	[jepsen node n1] maelstrom.db: Setting up n1
2023-03-15 18:07:08,398{GMT}	INFO	[jepsen node n2] maelstrom.db: Setting up n2
2023-03-15 18:07:08,400{GMT}	INFO	[jepsen node n1] maelstrom.process: launching or-set.py []
2023-03-15 18:07:08,400{GMT}	INFO	[jepsen node n2] maelstrom.process: launching or-set.py []
2023-03-15 18:07:08,401{GMT}	INFO	[jepsen node n0] maelstrom.service: Starting services: (lin-kv lin-tso lww-kv seq-kv)
2023-03-15 18:07:08,411{GMT}	INFO	[jepsen node n0] maelstrom.db: Setting up n0
2023-03-15 18:07:08,415{GMT}	INFO	[jepsen node n0] maelstrom.process: launching or-set.py []
2023-03-15 18:07:08,475{GMT}	INFO	[jepsen test runner] jepsen.core: Relative time begins now
2023-03-15 18:07:08,489{GMT}	INFO	[jepsen worker 2] jepsen.util: 2	:invoke	:add	0
2023-03-15 18:07:08,836{GMT}	INFO	[jepsen worker 1] jepsen.util: 1	:invoke	:add	1
2023-03-15 18:07:09,204{GMT}	INFO	[jepsen worker 0] jepsen.util: 0	:invoke	:add	2
2023-03-15 18:07:13,495{GMT}	WARN	[jepsen worker 2] jepsen.generator.interpreter: Process 2 crashed
clojure.lang.ExceptionInfo: Client read timeout
	at slingshot.support$stack_trace.invoke(support.clj:201)
	at maelstrom.client$recv_BANG_.invokeStatic(client.clj:159)
	at maelstrom.client$recv_BANG_.invoke(client.clj:142)
	at maelstrom.client$send_PLUS_recv_BANG_.invokeStatic(client.clj:184)
	at maelstrom.client$send_PLUS_recv_BANG_.invoke(client.clj:180)
	at maelstrom.client$rpc_BANG_.invokeStatic(client.clj:210)
	at maelstrom.client$rpc_BANG_.invoke(client.clj:201)
	at maelstrom.workload.or_set$fn__18727$add_BANG___18728.invoke(or_set.clj:13)
	at maelstrom.workload.or_set$fn__18727$add_BANG___18728.invoke(or_set.clj:13)
	at maelstrom.workload.or_set$client$reify__18760.invoke_BANG_(or_set.clj:47)
	at jepsen.client.Validate.invoke_BANG_(client.clj:83)
	at jepsen.generator.interpreter.ClientWorker.invoke_BANG_(interpreter.clj:62)
	at jepsen.generator.interpreter$spawn_worker$fn__9720$fn__9721.invoke(interpreter.clj:137)
	at jepsen.generator.interpreter$spawn_worker$fn__9720.invoke(interpreter.clj:120)
	at clojure.core$binding_conveyor_fn$fn__5739.invoke(core.clj:2030)
	at clojure.lang.AFn.call(AFn.java:18)
	at java.base/java.util.concurrent.FutureTask.run(FutureTask.java:264)
	at java.base/java.util.concurrent.ThreadPoolExecutor.runWorker(ThreadPoolExecutor.java:1136)
	at java.base/java.util.concurrent.ThreadPoolExecutor$Worker.run(ThreadPoolExecutor.java:635)
	at java.base/java.lang.Thread.run(Thread.java:833)
2023-03-15 18:07:13,837{GMT}	WARN	[jepsen worker 1] jepsen.generator.interpreter: Process 1 crashed
clojure.lang.ExceptionInfo: Client read timeout
	at slingshot.support$stack_trace.invoke(support.clj:201)
	at maelstrom.client$recv_BANG_.invokeStatic(client.clj:159)
	at maelstrom.client$recv_BANG_.invoke(client.clj:142)
	at maelstrom.client$send_PLUS_recv_BANG_.invokeStatic(client.clj:184)
	at maelstrom.client$send_PLUS_recv_BANG_.invoke(client.clj:180)
	at maelstrom.client$rpc_BANG_.invokeStatic(client.clj:210)
	at maelstrom.client$rpc_BANG_.invoke(client.clj:201)
	at maelstrom.workload.or_set$fn__18727$add_BANG___18728.invoke(or_set.clj:13)
	at maelstrom.workload.or_set$fn__18727$add_BANG___18728.invoke(or_set.clj:13)
	at maelstrom.workload.or_set$client$reify__18760.invoke_BANG_(or_set.clj:47)
	at jepsen.client.Validate.invoke_BANG_(client.clj:83)
	at jepsen.generator.interpreter.ClientWorker.invoke_BANG_(interpreter.clj:62)
	at jepsen.generator.interpreter$spawn_worker$fn__9720$fn__9721.invoke(interpreter.clj:137)
	at jepsen.generator.interpreter$spawn_worker$fn__9720.invoke(interpreter.clj:120)
	at clojure.core$binding_conveyor_fn$fn__5739.invoke(core.clj:2030)
	at clojure.lang.AFn.call(AFn.java:18)
	at java.base/java.util.concurrent.FutureTask.run(FutureTask.java:264)
	at java.base/java.util.concurrent.ThreadPoolExecutor.runWorker(ThreadPoolExecutor.java:1136)
	at java.base/java.util.concurrent.ThreadPoolExecutor$Worker.run(ThreadPoolExecutor.java:635)
	at java.base/java.lang.Thread.run(Thread.java:833)
2023-03-15 18:07:14,204{GMT}	WARN	[jepsen worker 0] jepsen.generator.interpreter: Process 0 crashed
clojure.lang.ExceptionInfo: Client read timeout
	at slingshot.support$stack_trace.invoke(support.clj:201)
	at maelstrom.client$recv_BANG_.invokeStatic(client.clj:159)
	at maelstrom.client$recv_BANG_.invoke(client.clj:142)
	at maelstrom.client$send_PLUS_recv_BANG_.invokeStatic(client.clj:184)
	at maelstrom.client$send_PLUS_recv_BANG_.invoke(client.clj:180)
	at maelstrom.client$rpc_BANG_.invokeStatic(client.clj:210)
	at maelstrom.client$rpc_BANG_.invoke(client.clj:201)
	at maelstrom.workload.or_set$fn__18727$add_BANG___18728.invoke(or_set.clj:13)
	at maelstrom.workload.or_set$fn__18727$add_BANG___18728.invoke(or_set.clj:13)
	at maelstrom.workload.or_set$client$reify__18760.invoke_BANG_(or_set.clj:47)
	at jepsen.client.Validate.invoke_BANG_(client.clj:83)
	at jepsen.generator.interpreter.ClientWorker.invoke_BANG_(interpreter.clj:62)
	at jepsen.generator.interpreter$spawn_worker$fn__9720$fn__9721.invoke(interpreter.clj:137)
	at jepsen.generator.interpreter$spawn_worker$fn__9720.invoke(interpreter.clj:120)
	at clojure.core$binding_conveyor_fn$fn__5739.invoke(core.clj:2030)
	at clojure.lang.AFn.call(AFn.java:18)
	at java.base/java.util.concurrent.FutureTask.run(FutureTask.java:264)
	at java.base/java.util.concurrent.ThreadPoolExecutor.runWorker(ThreadPoolExecutor.java:1136)
	at java.base/java.util.concurrent.ThreadPoolExecutor$Worker.run(ThreadPoolExecutor.java:635)
	at java.base/java.lang.Thread.run(Thread.java:833)
2023-03-15 18:07:14,207{GMT}	INFO	[jepsen worker 1] jepsen.generator.interpreter: Waiting for recovery...
2023-03-15 18:07:24,209{GMT}	INFO	[jepsen worker 1] jepsen.util: 4	:invoke	:read	nil
2023-03-15 18:07:24,210{GMT}	INFO	[jepsen worker 2] jepsen.util: 5	:invoke	:read	nil
2023-03-15 18:07:24,210{GMT}	INFO	[jepsen worker 0] jepsen.util: 3	:invoke	:read	nil
2023-03-15 18:07:24,228{GMT}	WARN	[jepsen worker 2] jepsen.generator.interpreter: Process 5 crashed
clojure.lang.ExceptionInfo: Malformed RPC response. Maelstrom sent node n2 the following request:

{:type "read", :msg_id 1}

And expected a response of the form:

{:type (eq "read_ok"), :value [Any], {:k :msg_id} Int, :in_reply_to Int}

... but instead received

{:msg_id 4,
 :in_reply_to 1,
 :type "read_ok",
 :values {"0" [["n2" 1]], "1" [["n1" 1]], "2" [["n0" 1]]}}

This is malformed because:

{:value missing-required-key, :values disallowed-key}

See doc/protocol.md for more guidance.
	at slingshot.support$stack_trace.invoke(support.clj:201)
	at maelstrom.client$check_body.invokeStatic(client.clj:249)
	at maelstrom.client$check_body.invoke(client.clj:242)
	at maelstrom.workload.or_set$fn__18749$read__18750.invoke(or_set.clj:27)
	at maelstrom.workload.or_set$fn__18749$read__18750.invoke(or_set.clj:27)
	at maelstrom.workload.or_set$client$reify__18760.invoke_BANG_(or_set.clj:55)
	at jepsen.client.Validate.invoke_BANG_(client.clj:83)
	at jepsen.generator.interpreter.ClientWorker.invoke_BANG_(interpreter.clj:62)
	at jepsen.generator.interpreter$spawn_worker$fn__9720$fn__9721.invoke(interpreter.clj:137)
	at jepsen.generator.interpreter$spawn_worker$fn__9720.invoke(interpreter.clj:120)
	at clojure.core$binding_conveyor_fn$fn__5739.invoke(core.clj:2030)
	at clojure.lang.AFn.call(AFn.java:18)
	at java.base/java.util.concurrent.FutureTask.run(FutureTask.java:264)
	at java.base/java.util.concurrent.ThreadPoolExecutor.runWorker(ThreadPoolExecutor.java:1136)
	at java.base/java.util.concurrent.ThreadPoolExecutor$Worker.run(ThreadPoolExecutor.java:635)
	at java.base/java.lang.Thread.run(Thread.java:833)
2023-03-15 18:07:24,229{GMT}	WARN	[jepsen worker 0] jepsen.generator.interpreter: Process 3 crashed
clojure.lang.ExceptionInfo: Malformed RPC response. Maelstrom sent node n0 the following request:

{:type "read", :msg_id 1}

And expected a response of the form:

{:type (eq "read_ok"), :value [Any], {:k :msg_id} Int, :in_reply_to Int}

... but instead received

{:msg_id 4,
 :in_reply_to 1,
 :type "read_ok",
 :values {"0" [["n2" 1]], "1" [["n1" 1]], "2" [["n0" 1]]}}

This is malformed because:

{:value missing-required-key, :values disallowed-key}

See doc/protocol.md for more guidance.
	at slingshot.support$stack_trace.invoke(support.clj:201)
	at maelstrom.client$check_body.invokeStatic(client.clj:249)
	at maelstrom.client$check_body.invoke(client.clj:242)
	at maelstrom.workload.or_set$fn__18749$read__18750.invoke(or_set.clj:27)
	at maelstrom.workload.or_set$fn__18749$read__18750.invoke(or_set.clj:27)
	at maelstrom.workload.or_set$client$reify__18760.invoke_BANG_(or_set.clj:55)
	at jepsen.client.Validate.invoke_BANG_(client.clj:83)
	at jepsen.generator.interpreter.ClientWorker.invoke_BANG_(interpreter.clj:62)
	at jepsen.generator.interpreter$spawn_worker$fn__9720$fn__9721.invoke(interpreter.clj:137)
	at jepsen.generator.interpreter$spawn_worker$fn__9720.invoke(interpreter.clj:120)
	at clojure.core$binding_conveyor_fn$fn__5739.invoke(core.clj:2030)
	at clojure.lang.AFn.call(AFn.java:18)
	at java.base/java.util.concurrent.FutureTask.run(FutureTask.java:264)
	at java.base/java.util.concurrent.ThreadPoolExecutor.runWorker(ThreadPoolExecutor.java:1136)
	at java.base/java.util.concurrent.ThreadPoolExecutor$Worker.run(ThreadPoolExecutor.java:635)
	at java.base/java.lang.Thread.run(Thread.java:833)
2023-03-15 18:07:24,228{GMT}	WARN	[jepsen worker 1] jepsen.generator.interpreter: Process 4 crashed
clojure.lang.ExceptionInfo: Malformed RPC response. Maelstrom sent node n1 the following request:

{:type "read", :msg_id 1}

And expected a response of the form:

{:type (eq "read_ok"), :value [Any], {:k :msg_id} Int, :in_reply_to Int}

... but instead received

{:msg_id 4,
 :in_reply_to 1,
 :type "read_ok",
 :values {"0" [["n2" 1]], "1" [["n1" 1]], "2" [["n0" 1]]}}

This is malformed because:

{:value missing-required-key, :values disallowed-key}

See doc/protocol.md for more guidance.
	at slingshot.support$stack_trace.invoke(support.clj:201)
	at maelstrom.client$check_body.invokeStatic(client.clj:249)
	at maelstrom.client$check_body.invoke(client.clj:242)
	at maelstrom.workload.or_set$fn__18749$read__18750.invoke(or_set.clj:27)
	at maelstrom.workload.or_set$fn__18749$read__18750.invoke(or_set.clj:27)
	at maelstrom.workload.or_set$client$reify__18760.invoke_BANG_(or_set.clj:55)
	at jepsen.client.Validate.invoke_BANG_(client.clj:83)
	at jepsen.generator.interpreter.ClientWorker.invoke_BANG_(interpreter.clj:62)
	at jepsen.generator.interpreter$spawn_worker$fn__9720$fn__9721.invoke(interpreter.clj:137)
	at jepsen.generator.interpreter$spawn_worker$fn__9720.invoke(interpreter.clj:120)
	at clojure.core$binding_conveyor_fn$fn__5739.invoke(core.clj:2030)
	at clojure.lang.AFn.call(AFn.java:18)
	at java.base/java.util.concurrent.FutureTask.run(FutureTask.java:264)
	at java.base/java.util.concurrent.ThreadPoolExecutor.runWorker(ThreadPoolExecutor.java:1136)
	at java.base/java.util.concurrent.ThreadPoolExecutor$Worker.run(ThreadPoolExecutor.java:635)
	at java.base/java.lang.Thread.run(Thread.java:833)
2023-03-15 18:07:24,235{GMT}	INFO	[jepsen node n2] maelstrom.db: Tearing down n2
2023-03-15 18:07:24,235{GMT}	INFO	[jepsen node n0] maelstrom.db: Tearing down n0
2023-03-15 18:07:24,235{GMT}	INFO	[jepsen node n1] maelstrom.db: Tearing down n1
2023-03-15 18:07:25,416{GMT}	INFO	[jepsen node n0] maelstrom.net: Shutting down Maelstrom network
2023-03-15 18:07:25,417{GMT}	INFO	[jepsen test runner] jepsen.core: Run complete, writing
2023-03-15 18:07:25,426{GMT}	INFO	[jepsen test runner] jepsen.core: Analyzing...
2023-03-15 18:07:25,428{GMT}	WARN	[clojure-agent-send-off-pool-9] jepsen.checker: Error while checking history:
java.lang.IllegalArgumentException: No implementation of method: :check of protocol: #'jepsen.checker/Checker found for class: maelstrom.workload.or_set$checker
	at clojure.core$_cache_protocol_fn.invokeStatic(core_deftype.clj:583)
	at clojure.core$_cache_protocol_fn.invoke(core_deftype.clj:575)
	at jepsen.checker$fn__8761$G__8756__8772.invoke(checker.clj:52)
	at jepsen.checker$check_safe.invokeStatic(checker.clj:81)
	at jepsen.checker$check_safe.invoke(checker.clj:74)
	at jepsen.checker$compose$reify__8787$fn__8789.invoke(checker.clj:97)
	at clojure.core$pmap$fn__8447$fn__8448.invoke(core.clj:7022)
	at clojure.core$binding_conveyor_fn$fn__5739.invoke(core.clj:2030)
	at clojure.lang.AFn.call(AFn.java:18)
	at java.base/java.util.concurrent.FutureTask.run(FutureTask.java:264)
	at java.base/java.util.concurrent.ThreadPoolExecutor.runWorker(ThreadPoolExecutor.java:1136)
	at java.base/java.util.concurrent.ThreadPoolExecutor$Worker.run(ThreadPoolExecutor.java:635)
	at java.base/java.lang.Thread.run(Thread.java:833)
2023-03-15 18:07:25,551{GMT}	INFO	[jepsen test runner] jepsen.core: Analysis complete
2023-03-15 18:07:25,568{GMT}	INFO	[jepsen results] jepsen.store: Wrote /home/miguel/uni/4ano/sd/sdge/guiao2/store/or-set/20230315T180708.000Z/results.edn
2023-03-15 18:07:25,585{GMT}	INFO	[jepsen test runner] jepsen.core: {:perf {:latency-graph {:valid? true},
        :rate-graph {:valid? true},
        :valid? true},
 :timeline {:valid? true},
 :exceptions {:valid? true,
              :exceptions ({:count 6,
                            :class clojure.lang.ExceptionInfo,
                            :example {:f :add,
                                      :value 0,
                                      :time 5023996900,
                                      :process 2,
                                      :type :info,
                                      :exception {:via [{:type clojure.lang.ExceptionInfo,
                                                         :message "Client read timeout",
                                                         :data {:type :maelstrom.client/timeout,
                                                                :name :timeout,
                                                                :definite? false,
                                                                :code 0},
                                                         :at [slingshot.support$stack_trace
                                                              invoke
                                                              "support.clj"
                                                              201]}],
                                                  :trace [[slingshot.support$stack_trace
                                                           invoke
                                                           "support.clj"
                                                           201]
                                                          [maelstrom.client$recv_BANG_
                                                           invokeStatic
                                                           "client.clj"
                                                           159]
                                                          [maelstrom.client$recv_BANG_
                                                           invoke
                                                           "client.clj"
                                                           142]
                                                          [maelstrom.client$send_PLUS_recv_BANG_
                                                           invokeStatic
                                                           "client.clj"
                                                           184]
                                                          [maelstrom.client$send_PLUS_recv_BANG_
                                                           invoke
                                                           "client.clj"
                                                           180]
                                                          [maelstrom.client$rpc_BANG_
                                                           invokeStatic
                                                           "client.clj"
                                                           210]
                                                          [maelstrom.client$rpc_BANG_
                                                           invoke
                                                           "client.clj"
                                                           201]
                                                          [maelstrom.workload.or_set$fn__18727$add_BANG___18728
                                                           invoke
                                                           "or_set.clj"
                                                           13]
                                                          [maelstrom.workload.or_set$fn__18727$add_BANG___18728
                                                           invoke
                                                           "or_set.clj"
                                                           13]
                                                          [maelstrom.workload.or_set$client$reify__18760
                                                           invoke_BANG_
                                                           "or_set.clj"
                                                           47]
                                                          [jepsen.client.Validate
                                                           invoke_BANG_
                                                           "client.clj"
                                                           83]
                                                          [jepsen.generator.interpreter.ClientWorker
                                                           invoke_BANG_
                                                           "interpreter.clj"
                                                           62]
                                                          [jepsen.generator.interpreter$spawn_worker$fn__9720$fn__9721
                                                           invoke
                                                           "interpreter.clj"
                                                           137]
                                                          [jepsen.generator.interpreter$spawn_worker$fn__9720
                                                           invoke
                                                           "interpreter.clj"
                                                           120]
                                                          [clojure.core$binding_conveyor_fn$fn__5739
                                                           invoke
                                                           "core.clj"
                                                           2030]
                                                          [clojure.lang.AFn
                                                           call
                                                           "AFn.java"
                                                           18]
                                                          [java.util.concurrent.FutureTask
                                                           run
                                                           "FutureTask.java"
                                                           264]
                                                          [java.util.concurrent.ThreadPoolExecutor
                                                           runWorker
                                                           "ThreadPoolExecutor.java"
                                                           1136]
                                                          [java.util.concurrent.ThreadPoolExecutor$Worker
                                                           run
                                                           "ThreadPoolExecutor.java"
                                                           635]
                                                          [java.lang.Thread
                                                           run
                                                           "Thread.java"
                                                           833]],
                                                  :cause "Client read timeout",
                                                  :data {:type :maelstrom.client/timeout,
                                                         :name :timeout,
                                                         :definite? false,
                                                         :code 0}},
                                      :error "indeterminate: Client read timeout",
                                      :index 3}})},
 :stats {:valid? false,
         :count 6,
         :ok-count 0,
         :fail-count 0,
         :info-count 6,
         :by-f {:add {:valid? false,
                      :count 3,
                      :ok-count 0,
                      :fail-count 0,
                      :info-count 3},
                :read {:valid? false,
                       :count 3,
                       :ok-count 0,
                       :fail-count 0,
                       :info-count 3}}},
 :net {:all {:send-count 21,
             :recv-count 21,
             :msg-count 21,
             :msgs-per-op 3.5},
       :clients {:send-count 15, :recv-count 15, :msg-count 15},
       :servers {:send-count 6,
                 :recv-count 6,
                 :msg-count 6,
                 :msgs-per-op 1.0},
       :valid? true},
 :workload {:valid? :unknown,
            :error "java.lang.IllegalArgumentException: No implementation of method: :check of protocol: #'jepsen.checker/Checker found for class: maelstrom.workload.or_set$checker\n at clojure.core$_cache_protocol_fn.invokeStatic (core_deftype.clj:583)\n    clojure.core$_cache_protocol_fn.invoke (core_deftype.clj:575)\n    jepsen.checker$fn__8761$G__8756__8772.invoke (checker.clj:52)\n    jepsen.checker$check_safe.invokeStatic (checker.clj:81)\n    jepsen.checker$check_safe.invoke (checker.clj:74)\n    jepsen.checker$compose$reify__8787$fn__8789.invoke (checker.clj:97)\n    clojure.core$pmap$fn__8447$fn__8448.invoke (core.clj:7022)\n    clojure.core$binding_conveyor_fn$fn__5739.invoke (core.clj:2030)\n    clojure.lang.AFn.call (AFn.java:18)\n    java.util.concurrent.FutureTask.run (FutureTask.java:264)\n    java.util.concurrent.ThreadPoolExecutor.runWorker (ThreadPoolExecutor.java:1136)\n    java.util.concurrent.ThreadPoolExecutor$Worker.run (ThreadPoolExecutor.java:635)\n    java.lang.Thread.run (Thread.java:833)\n"},
 :valid? false}


Analysis invalid! (ﾉಥ益ಥ）ﾉ ┻━┻
