DEBUG:root:received {"id":0,"src":"c0","dest":"n1","body":{"type":"init","node_id":"n1","node_ids":["n0","n1","n2"],"msg_id":1}}
INFO:root:node n1 initialized
DEBUG:root:sending {"dest": "c0", "src": "n1", "body": {"msg_id": 1, "in_reply_to": 1, "type": "init_ok"}}
DEBUG:root:received {"id":8,"src":"n0","dest":"n1","body":{"msg_id":3,"type":"fwd_msg","vv":{"n0":1,"n1":0,"n2":0},"message":1}}
DEBUG:root:received {"id":13,"src":"n0","dest":"n1","body":{"msg_id":6,"type":"fwd_msg","vv":{"n0":2,"n1":0,"n2":0},"message":3}}
DEBUG:root:received {"id":27,"src":"c8","dest":"n1","body":{"type":"cbcast","message":7,"msg_id":1}}
DEBUG:root:sending {"dest": "c8", "src": "n1", "body": {"msg_id": 2, "in_reply_to": 1, "type": "cbcast_ok", "messages": [1, 3]}}
DEBUG:root:sending {"dest": "n0", "src": "n1", "body": {"msg_id": 3, "type": "fwd_msg", "vv": {"n0": 2, "n1": 1, "n2": 0}, "message": 7}}
DEBUG:root:sending {"dest": "n2", "src": "n1", "body": {"msg_id": 4, "type": "fwd_msg", "vv": {"n0": 2, "n1": 1, "n2": 0}, "message": 7}}
DEBUG:root:received {"id":21,"src":"n2","dest":"n1","body":{"msg_id":4,"type":"fwd_msg","vv":{"n0":1,"n1":0,"n2":1},"message":2}}
DEBUG:root:received {"id":34,"src":"n0","dest":"n1","body":{"msg_id":18,"type":"fwd_msg","vv":{"n0":6,"n1":0,"n2":1},"message":9}}
DEBUG:root:received {"id":17,"src":"n0","dest":"n1","body":{"msg_id":9,"type":"fwd_msg","vv":{"n0":3,"n1":0,"n2":0},"message":4}}
DEBUG:root:received {"id":24,"src":"n0","dest":"n1","body":{"msg_id":12,"type":"fwd_msg","vv":{"n0":4,"n1":0,"n2":1},"message":5}}
DEBUG:root:received {"id":30,"src":"n0","dest":"n1","body":{"msg_id":15,"type":"fwd_msg","vv":{"n0":5,"n1":0,"n2":1},"message":8}}
DEBUG:root:received {"id":47,"src":"c8","dest":"n1","body":{"type":"cbcast","message":12,"msg_id":2}}
DEBUG:root:sending {"dest": "c8", "src": "n1", "body": {"msg_id": 5, "in_reply_to": 2, "type": "cbcast_ok", "messages": [2, 9, 4, 5, 8]}}
DEBUG:root:sending {"dest": "n0", "src": "n1", "body": {"msg_id": 6, "type": "fwd_msg", "vv": {"n0": 6, "n1": 2, "n2": 1}, "message": 12}}
DEBUG:root:sending {"dest": "n2", "src": "n1", "body": {"msg_id": 7, "type": "fwd_msg", "vv": {"n0": 6, "n1": 2, "n2": 1}, "message": 12}}
DEBUG:root:received {"id":41,"src":"n0","dest":"n1","body":{"msg_id":21,"type":"fwd_msg","vv":{"n0":7,"n1":1,"n2":1},"message":10}}
DEBUG:root:received {"id":59,"src":"c8","dest":"n1","body":{"type":"cbcast","message":15,"msg_id":3}}
DEBUG:root:sending {"dest": "c8", "src": "n1", "body": {"msg_id": 8, "in_reply_to": 3, "type": "cbcast_ok", "messages": [10]}}
DEBUG:root:sending {"dest": "n0", "src": "n1", "body": {"msg_id": 9, "type": "fwd_msg", "vv": {"n0": 7, "n1": 3, "n2": 1}, "message": 15}}
DEBUG:root:sending {"dest": "n2", "src": "n1", "body": {"msg_id": 10, "type": "fwd_msg", "vv": {"n0": 7, "n1": 3, "n2": 1}, "message": 15}}
DEBUG:root:received {"id":45,"src":"n2","dest":"n1","body":{"msg_id":7,"type":"fwd_msg","vv":{"n0":3,"n1":0,"n2":2},"message":6}}
DEBUG:root:received {"id":50,"src":"n0","dest":"n1","body":{"msg_id":24,"type":"fwd_msg","vv":{"n0":8,"n1":1,"n2":2},"message":13}}
DEBUG:root:received {"id":72,"src":"c8","dest":"n1","body":{"type":"cbcast","message":19,"msg_id":4}}
DEBUG:root:sending {"dest": "c8", "src": "n1", "body": {"msg_id": 11, "in_reply_to": 4, "type": "cbcast_ok", "messages": [6, 13]}}
DEBUG:root:sending {"dest": "n0", "src": "n1", "body": {"msg_id": 12, "type": "fwd_msg", "vv": {"n0": 8, "n1": 4, "n2": 2}, "message": 19}}
DEBUG:root:sending {"dest": "n2", "src": "n1", "body": {"msg_id": 13, "type": "fwd_msg", "vv": {"n0": 8, "n1": 4, "n2": 2}, "message": 19}}
DEBUG:root:received {"id":57,"src":"n2","dest":"n1","body":{"msg_id":10,"type":"fwd_msg","vv":{"n0":6,"n1":1,"n2":3},"message":11}}
DEBUG:root:received {"id":62,"src":"n0","dest":"n1","body":{"msg_id":27,"type":"fwd_msg","vv":{"n0":9,"n1":2,"n2":2},"message":14}}
DEBUG:root:received {"id":70,"src":"n2","dest":"n1","body":{"msg_id":13,"type":"fwd_msg","vv":{"n0":7,"n1":1,"n2":4},"message":16}}
DEBUG:root:received {"id":85,"src":"n2","dest":"n1","body":{"msg_id":19,"type":"fwd_msg","vv":{"n0":8,"n1":3,"n2":6},"message":20}}
DEBUG:root:received {"id":80,"src":"n0","dest":"n1","body":{"msg_id":30,"type":"fwd_msg","vv":{"n0":10,"n1":3,"n2":3},"message":17}}
DEBUG:root:received {"id":75,"src":"n2","dest":"n1","body":{"msg_id":16,"type":"fwd_msg","vv":{"n0":7,"n1":2,"n2":5},"message":18}}
DEBUG:root:received {"id":87,"src":"c8","dest":"n1","body":{"type":"cbcast","message":22,"msg_id":5}}
DEBUG:root:sending {"dest": "c8", "src": "n1", "body": {"msg_id": 14, "in_reply_to": 5, "type": "cbcast_ok", "messages": [11, 14, 16, 20, 17, 18]}}
DEBUG:root:sending {"dest": "n0", "src": "n1", "body": {"msg_id": 15, "type": "fwd_msg", "vv": {"n0": 10, "n1": 5, "n2": 6}, "message": 22}}
DEBUG:root:sending {"dest": "n2", "src": "n1", "body": {"msg_id": 16, "type": "fwd_msg", "vv": {"n0": 10, "n1": 5, "n2": 6}, "message": 22}}
DEBUG:root:received {"id":92,"src":"n0","dest":"n1","body":{"msg_id":33,"type":"fwd_msg","vv":{"n0":11,"n1":4,"n2":6},"message":21}}
DEBUG:root:received {"id":94,"src":"c8","dest":"n1","body":{"type":"cbcast","message":23,"msg_id":6}}
DEBUG:root:sending {"dest": "c8", "src": "n1", "body": {"msg_id": 17, "in_reply_to": 6, "type": "cbcast_ok", "messages": [21]}}
DEBUG:root:sending {"dest": "n0", "src": "n1", "body": {"msg_id": 18, "type": "fwd_msg", "vv": {"n0": 11, "n1": 6, "n2": 6}, "message": 23}}
DEBUG:root:sending {"dest": "n2", "src": "n1", "body": {"msg_id": 19, "type": "fwd_msg", "vv": {"n0": 11, "n1": 6, "n2": 6}, "message": 23}}
DEBUG:root:received {"id":98,"src":"c8","dest":"n1","body":{"type":"cbcast","message":24,"msg_id":7}}
DEBUG:root:sending {"dest": "c8", "src": "n1", "body": {"msg_id": 20, "in_reply_to": 7, "type": "cbcast_ok", "messages": []}}
DEBUG:root:sending {"dest": "n0", "src": "n1", "body": {"msg_id": 21, "type": "fwd_msg", "vv": {"n0": 11, "n1": 7, "n2": 6}, "message": 24}}
DEBUG:root:sending {"dest": "n2", "src": "n1", "body": {"msg_id": 22, "type": "fwd_msg", "vv": {"n0": 11, "n1": 7, "n2": 6}, "message": 24}}
DEBUG:root:received {"id":102,"src":"c8","dest":"n1","body":{"type":"cbcast","message":25,"msg_id":8}}
DEBUG:root:sending {"dest": "c8", "src": "n1", "body": {"msg_id": 23, "in_reply_to": 8, "type": "cbcast_ok", "messages": []}}
DEBUG:root:sending {"dest": "n0", "src": "n1", "body": {"msg_id": 24, "type": "fwd_msg", "vv": {"n0": 11, "n1": 8, "n2": 6}, "message": 25}}
DEBUG:root:sending {"dest": "n2", "src": "n1", "body": {"msg_id": 25, "type": "fwd_msg", "vv": {"n0": 11, "n1": 8, "n2": 6}, "message": 25}}
DEBUG:root:received {"id":109,"src":"n2","dest":"n1","body":{"msg_id":22,"type":"fwd_msg","vv":{"n0":11,"n1":7,"n2":7},"message":26}}
DEBUG:root:received {"id":110,"src":"c8","dest":"n1","body":{"type":"cbcast","message":27,"msg_id":9}}
DEBUG:root:sending {"dest": "c8", "src": "n1", "body": {"msg_id": 26, "in_reply_to": 9, "type": "cbcast_ok", "messages": [26]}}
DEBUG:root:sending {"dest": "n0", "src": "n1", "body": {"msg_id": 27, "type": "fwd_msg", "vv": {"n0": 11, "n1": 9, "n2": 7}, "message": 27}}
DEBUG:root:sending {"dest": "n2", "src": "n1", "body": {"msg_id": 28, "type": "fwd_msg", "vv": {"n0": 11, "n1": 9, "n2": 7}, "message": 27}}
