DEBUG:root:received {"id":1,"src":"c1","dest":"n0","body":{"type":"init","node_id":"n0","node_ids":["n0","n1","n2"],"msg_id":1}}
INFO:root:node n0 initialized
DEBUG:root:sending {"dest": "c1", "src": "n0", "body": {"msg_id": 1, "in_reply_to": 1, "type": "init_ok"}}
DEBUG:root:received {"id":10,"src":"c8","dest":"n0","body":{"element":0,"type":"add","msg_id":1}}
DEBUG:root:sending {"dest": "n1", "src": "n0", "body": {"msg_id": 2, "type": "fwd_add", "element": 0, "id": ["n0", 1], "r": [], "vv": {"n0": 1, "n1": 0, "n2": 0}}}
DEBUG:root:sending {"dest": "n2", "src": "n0", "body": {"msg_id": 3, "type": "fwd_add", "element": 0, "id": ["n0", 1], "r": [], "vv": {"n0": 1, "n1": 0, "n2": 0}}}
DEBUG:root:received {"id":19,"src":"n2","dest":"n0","body":{"msg_id":4,"type":"fwd_add","element":2,"id":["n2",1],"r":[],"vv":{"n0":1,"n1":0,"n2":3}}}
DEBUG:root:received {"id":20,"src":"n1","dest":"n0","body":{"msg_id":4,"type":"fwd_add","element":1,"id":["n1",1],"r":[],"vv":{"n0":1,"n1":1,"n2":0}}}
DEBUG:root:received {"id":23,"src":"c13","dest":"n0","body":{"type":"read","msg_id":1}}
DEBUG:root:sending {"dest": "c13", "src": "n0", "body": {"msg_id": 4, "in_reply_to": 1, "type": "read_ok", "value": {"0": [["n0", 1]], "1": [["n1", 1]]}}}
DEBUG:root:received {"id":25,"src":"c14","dest":"n0","body":{"type":"read","msg_id":1}}
DEBUG:root:sending {"dest": "c14", "src": "n0", "body": {"msg_id": 5, "in_reply_to": 1, "type": "read_ok", "value": {"0": [["n0", 1]], "1": [["n1", 1]]}}}
DEBUG:root:received {"id":27,"src":"c15","dest":"n0","body":{"element":1,"type":"remove","msg_id":1}}
DEBUG:root:sending {"dest": ["n1", 1], "src": "n0", "body": {"msg_id": 6, "type": "fwd_remove", "element": 1, "r": [["n1", 1]], "vv": {"n0": 2, "n1": 1, "n2": 0}}}
DEBUG:root:received {"id":35,"src":"n1","dest":"n0","body":{"msg_id":8,"type":"fwd_add","element":3,"id":["n1",2],"r":[],"vv":{"n0":1,"n1":4,"n2":0}}}
DEBUG:root:received {"id":48,"src":"n2","dest":"n0","body":{"msg_id":12,"type":"fwd_add","element":4,"id":["n2",2],"r":[],"vv":{"n0":1,"n1":1,"n2":7}}}
DEBUG:root:received {"id":50,"src":"c26","dest":"n0","body":{"element":5,"type":"add","msg_id":1}}
DEBUG:root:sending {"dest": "n1", "src": "n0", "body": {"msg_id": 7, "type": "fwd_add", "element": 5, "id": ["n0", 2], "r": [], "vv": {"n0": 3, "n1": 1, "n2": 0}}}
DEBUG:root:sending {"dest": "n2", "src": "n0", "body": {"msg_id": 8, "type": "fwd_add", "element": 5, "id": ["n0", 2], "r": [], "vv": {"n0": 3, "n1": 1, "n2": 0}}}
DEBUG:root:received {"id":52,"src":"n1","dest":"n0","body":{"msg_id":10,"type":"fwd_add","element":6,"id":["n1",3],"r":[],"vv":{"n0":1,"n1":5,"n2":0}}}
DEBUG:root:received {"id":55,"src":"n2","dest":"n0","body":{"msg_id":14,"type":"fwd_add","element":7,"id":["n2",3],"r":[],"vv":{"n0":1,"n1":1,"n2":8}}}
DEBUG:root:received {"id":59,"src":"c31","dest":"n0","body":{"type":"read","msg_id":1}}
DEBUG:root:sending {"dest": "c31", "src": "n0", "body": {"msg_id": 9, "in_reply_to": 1, "type": "read_ok", "value": {"0": [["n0", 1]], "1": [["n1", 1]], "5": [["n0", 2]]}}}
