DEBUG:root:received {"id":0,"src":"c0","dest":"n1","body":{"type":"init","node_id":"n1","node_ids":["n0","n1","n2"],"msg_id":1}}
INFO:root:node n1 initialized
DEBUG:root:sending {"dest": "c0", "src": "n1", "body": {"msg_id": 1, "in_reply_to": 1, "type": "init_ok"}}
DEBUG:root:received {"id":11,"src":"n0","dest":"n1","body":{"msg_id":2,"type":"fwd_add","element":0,"id":["n0",1],"r":[],"vv":{"n0":1,"n1":0,"n2":0}}}
DEBUG:root:received {"id":13,"src":"c9","dest":"n1","body":{"type":"read","msg_id":1}}
DEBUG:root:sending {"dest": "c9", "src": "n1", "body": {"msg_id": 2, "in_reply_to": 1, "type": "read_ok", "value": {"0": [["n0", 1]]}}}
DEBUG:root:received {"id":15,"src":"c10","dest":"n1","body":{"type":"read","msg_id":1}}
DEBUG:root:sending {"dest": "c10", "src": "n1", "body": {"msg_id": 3, "in_reply_to": 1, "type": "read_ok", "value": {"0": [["n0", 1]]}}}
DEBUG:root:received {"id":17,"src":"c11","dest":"n1","body":{"element":1,"type":"add","msg_id":1}}
DEBUG:root:sending {"dest": "n0", "src": "n1", "body": {"msg_id": 4, "type": "fwd_add", "element": 1, "id": ["n1", 1], "r": [], "vv": {"n0": 1, "n1": 1, "n2": 0}}}
DEBUG:root:sending {"dest": "n2", "src": "n1", "body": {"msg_id": 5, "type": "fwd_add", "element": 1, "id": ["n1", 1], "r": [], "vv": {"n0": 1, "n1": 1, "n2": 0}}}
DEBUG:root:received {"id":21,"src":"n2","dest":"n1","body":{"msg_id":5,"type":"fwd_add","element":2,"id":["n2",1],"r":[],"vv":{"n0":1,"n1":0,"n2":3}}}
DEBUG:root:received {"id":29,"src":"c17","dest":"n1","body":{"element":2,"type":"remove","msg_id":1}}
DEBUG:root:sending {"dest": "c17", "src": "n1", "body": {"msg_id": 6, "in_reply_to": 1, "type": "error", "code": 20, "message": "element not in set"}}
DEBUG:root:received {"id":32,"src":"c18","dest":"n1","body":{"element":3,"type":"remove","msg_id":1}}
DEBUG:root:sending {"dest": "c18", "src": "n1", "body": {"msg_id": 7, "in_reply_to": 1, "type": "error", "code": 20, "message": "element not in set"}}
DEBUG:root:received {"id":34,"src":"c19","dest":"n1","body":{"element":3,"type":"add","msg_id":1}}
DEBUG:root:sending {"dest": "n0", "src": "n1", "body": {"msg_id": 8, "type": "fwd_add", "element": 3, "id": ["n1", 2], "r": [], "vv": {"n0": 1, "n1": 4, "n2": 0}}}
DEBUG:root:sending {"dest": "n2", "src": "n1", "body": {"msg_id": 9, "type": "fwd_add", "element": 3, "id": ["n1", 2], "r": [], "vv": {"n0": 1, "n1": 4, "n2": 0}}}
DEBUG:root:received {"id":49,"src":"n2","dest":"n1","body":{"msg_id":13,"type":"fwd_add","element":4,"id":["n2",2],"r":[],"vv":{"n0":1,"n1":1,"n2":7}}}
DEBUG:root:received {"id":51,"src":"c27","dest":"n1","body":{"element":6,"type":"add","msg_id":1}}
DEBUG:root:sending {"dest": "n0", "src": "n1", "body": {"msg_id": 10, "type": "fwd_add", "element": 6, "id": ["n1", 3], "r": [], "vv": {"n0": 1, "n1": 5, "n2": 0}}}
DEBUG:root:sending {"dest": "n2", "src": "n1", "body": {"msg_id": 11, "type": "fwd_add", "element": 6, "id": ["n1", 3], "r": [], "vv": {"n0": 1, "n1": 5, "n2": 0}}}
DEBUG:root:received {"id":56,"src":"n2","dest":"n1","body":{"msg_id":15,"type":"fwd_add","element":7,"id":["n2",3],"r":[],"vv":{"n0":1,"n1":1,"n2":8}}}
DEBUG:root:received {"id":57,"src":"c29","dest":"n1","body":{"type":"read","msg_id":1}}
DEBUG:root:sending {"dest": "c29", "src": "n1", "body": {"msg_id": 12, "in_reply_to": 1, "type": "read_ok", "value": {"0": [["n0", 1]], "1": [["n1", 1]], "3": [["n1", 2]], "6": [["n1", 3]]}}}
