DEBUG:root:received {"id":2,"src":"c2","dest":"n2","body":{"type":"init","node_id":"n2","node_ids":["n0","n1","n2"],"msg_id":1}}
INFO:root:node n2 initialized
DEBUG:root:sending {"dest": "c2", "src": "n2", "body": {"msg_id": 1, "in_reply_to": 1, "type": "init_ok"}}
DEBUG:root:received {"id":6,"src":"c6","dest":"n2","body":{"element":0,"type":"remove","msg_id":1}}
DEBUG:root:sending {"dest": "c6", "src": "n2", "body": {"msg_id": 2, "in_reply_to": 1, "type": "error", "code": 20, "message": "element not in set"}}
DEBUG:root:received {"id":8,"src":"c7","dest":"n2","body":{"element":0,"type":"remove","msg_id":1}}
DEBUG:root:sending {"dest": "c7", "src": "n2", "body": {"msg_id": 3, "in_reply_to": 1, "type": "error", "code": 20, "message": "element not in set"}}
DEBUG:root:received {"id":12,"src":"n0","dest":"n2","body":{"msg_id":3,"type":"fwd_add","element":0,"id":["n0",1],"r":[],"vv":{"n0":1,"n1":0,"n2":0}}}
DEBUG:root:received {"id":18,"src":"c12","dest":"n2","body":{"element":2,"type":"add","msg_id":1}}
DEBUG:root:sending {"dest": "n0", "src": "n2", "body": {"msg_id": 4, "type": "fwd_add", "element": 2, "id": ["n2", 1], "r": [], "vv": {"n0": 1, "n1": 0, "n2": 3}}}
DEBUG:root:sending {"dest": "n1", "src": "n2", "body": {"msg_id": 5, "type": "fwd_add", "element": 2, "id": ["n2", 1], "r": [], "vv": {"n0": 1, "n1": 0, "n2": 3}}}
DEBUG:root:received {"id":22,"src":"n1","dest":"n2","body":{"msg_id":5,"type":"fwd_add","element":1,"id":["n1",1],"r":[],"vv":{"n0":1,"n1":1,"n2":0}}}
DEBUG:root:received {"id":28,"src":"c16","dest":"n2","body":{"type":"read","msg_id":1}}
DEBUG:root:sending {"dest": "c16", "src": "n2", "body": {"msg_id": 6, "in_reply_to": 1, "type": "read_ok", "value": {"0": [["n0", 1]], "2": [["n2", 1]], "1": [["n1", 1]]}}}
DEBUG:root:received {"id":36,"src":"n1","dest":"n2","body":{"msg_id":9,"type":"fwd_add","element":3,"id":["n1",2],"r":[],"vv":{"n0":1,"n1":4,"n2":0}}}
DEBUG:root:received {"id":37,"src":"c20","dest":"n2","body":{"element":4,"type":"remove","msg_id":1}}
DEBUG:root:sending {"dest": "c20", "src": "n2", "body": {"msg_id": 7, "in_reply_to": 1, "type": "error", "code": 20, "message": "element not in set"}}
DEBUG:root:received {"id":39,"src":"c21","dest":"n2","body":{"type":"read","msg_id":1}}
DEBUG:root:sending {"dest": "c21", "src": "n2", "body": {"msg_id": 8, "in_reply_to": 1, "type": "read_ok", "value": {"0": [["n0", 1]], "2": [["n2", 1]], "1": [["n1", 1]]}}}
DEBUG:root:received {"id":41,"src":"c22","dest":"n2","body":{"element":4,"type":"remove","msg_id":1}}
DEBUG:root:sending {"dest": "c22", "src": "n2", "body": {"msg_id": 9, "in_reply_to": 1, "type": "error", "code": 20, "message": "element not in set"}}
DEBUG:root:received {"id":43,"src":"c23","dest":"n2","body":{"element":5,"type":"remove","msg_id":1}}
DEBUG:root:sending {"dest": "c23", "src": "n2", "body": {"msg_id": 10, "in_reply_to": 1, "type": "error", "code": 20, "message": "element not in set"}}
DEBUG:root:received {"id":45,"src":"c24","dest":"n2","body":{"type":"read","msg_id":1}}
DEBUG:root:sending {"dest": "c24", "src": "n2", "body": {"msg_id": 11, "in_reply_to": 1, "type": "read_ok", "value": {"0": [["n0", 1]], "2": [["n2", 1]], "1": [["n1", 1]]}}}
DEBUG:root:received {"id":47,"src":"c25","dest":"n2","body":{"element":4,"type":"add","msg_id":1}}
DEBUG:root:sending {"dest": "n0", "src": "n2", "body": {"msg_id": 12, "type": "fwd_add", "element": 4, "id": ["n2", 2], "r": [], "vv": {"n0": 1, "n1": 1, "n2": 7}}}
DEBUG:root:sending {"dest": "n1", "src": "n2", "body": {"msg_id": 13, "type": "fwd_add", "element": 4, "id": ["n2", 2], "r": [], "vv": {"n0": 1, "n1": 1, "n2": 7}}}
DEBUG:root:received {"id":53,"src":"n1","dest":"n2","body":{"msg_id":11,"type":"fwd_add","element":6,"id":["n1",3],"r":[],"vv":{"n0":1,"n1":5,"n2":0}}}
DEBUG:root:received {"id":54,"src":"c28","dest":"n2","body":{"element":7,"type":"add","msg_id":1}}
DEBUG:root:sending {"dest": "n0", "src": "n2", "body": {"msg_id": 14, "type": "fwd_add", "element": 7, "id": ["n2", 3], "r": [], "vv": {"n0": 1, "n1": 1, "n2": 8}}}
DEBUG:root:sending {"dest": "n1", "src": "n2", "body": {"msg_id": 15, "type": "fwd_add", "element": 7, "id": ["n2", 3], "r": [], "vv": {"n0": 1, "n1": 1, "n2": 8}}}
DEBUG:root:received {"id":58,"src":"c30","dest":"n2","body":{"type":"read","msg_id":1}}
DEBUG:root:sending {"dest": "c30", "src": "n2", "body": {"msg_id": 16, "in_reply_to": 1, "type": "read_ok", "value": {"0": [["n0", 1]], "2": [["n2", 1]], "1": [["n1", 1]], "4": [["n2", 2]], "7": [["n2", 3]]}}}
