2023-03-08 13:12:20,463{GMT}	INFO	[jepsen test runner] jepsen.core: Command line:
lein run test -w cbcast --bin causal-broadcast.py --time-limit 5 --node-count 3 --latency-dist uniform --latency 500
2023-03-08 13:12:20,514{GMT}	INFO	[jepsen test runner] jepsen.core: Running test:
{:args []
 :remote
 #jepsen.control.retry.Remote{:remote #jepsen.control.scp.Remote{:cmd-remote #jepsen.control.clj_ssh.Remote{:concurrency-limit 8,
                                                                                                            :conn-spec nil,
                                                                                                            :session nil,
                                                                                                            :semaphore nil},
                                                                 :conn-spec nil},
                              :conn nil}
 :log-net-send false
 :node-count 3
 :max-txn-length 4
 :concurrency 3
 :db
 #object[maelstrom.db$db$reify__16817
         "0x7ba5d307"
         "maelstrom.db$db$reify__16817@7ba5d307"]
 :max-writes-per-key 16
 :leave-db-running? false
 :name "cbcast"
 :logging-json? false
 :start-time
 #object[org.joda.time.DateTime "0x684001e6" "2023-03-08T13:12:20.000Z"]
 :nemesis-interval 10
 :net
 #object[maelstrom.net$jepsen_net$reify__15673
         "0x6bb2b8d4"
         "maelstrom.net$jepsen_net$reify__15673@6bb2b8d4"]
 :client
 #object[maelstrom.workload.cbcast$client$reify__18677
         "0x64230d44"
         "maelstrom.workload.cbcast$client$reify__18677@64230d44"]
 :barrier
 #object[java.util.concurrent.CyclicBarrier
         "0x1ff584d7"
         "java.util.concurrent.CyclicBarrier@1ff584d7"]
 :log-stderr false
 :pure-generators true
 :ssh {:dummy? true}
 :rate 5
 :checker
 #object[jepsen.checker$compose$reify__8787
         "0x7752f9fe"
         "jepsen.checker$compose$reify__8787@7752f9fe"]
 :argv
 ("test"
  "-w"
  "cbcast"
  "--bin"
  "causal-broadcast.py"
  "--time-limit"
  "5"
  "--node-count"
  "3"
  "--latency-dist"
  "uniform"
  "--latency"
  "500")
 :nemesis
 (jepsen.nemesis.ReflCompose
  {:fm {:start-partition 0,
        :stop-partition 0,
        :kill 1,
        :start 1,
        :pause 1,
        :resume 1},
   :nemeses [#unprintable "jepsen.nemesis.combined$partition_nemesis$reify__17089@9588bd8"
             #unprintable "jepsen.nemesis.combined$db_nemesis$reify__17070@75edfe9a"]})
 :nodes ["n0" "n1" "n2"]
 :test-count 1
 :latency {:mean 500, :dist :uniform}
 :bin "causal-broadcast.py"
 :generator
 (jepsen.generator.TimeLimit
  {:limit 5000000000,
   :cutoff nil,
   :gen (jepsen.generator.Any
         {:gens [(jepsen.generator.OnThreads {:f #{:nemesis}, :gen nil})
                 (jepsen.generator.OnThreads
                  {:f #object[clojure.core$complement$fn__5654
                              "0x6351efa6"
                              "clojure.core$complement$fn__5654@6351efa6"],
                   :gen (jepsen.generator.Stagger
                         {:dt 400000000,
                          :next-time nil,
                          :gen ({:f :cbcast, :value 1}
                                {:f :cbcast, :value 2}
                                {:f :cbcast, :value 3}
                                {:f :cbcast, :value 4}
                                {:f :cbcast, :value 5}
                                {:f :cbcast, :value 6}
                                {:f :cbcast, :value 7}
                                {:f :cbcast, :value 8}
                                ...)})})]})})
 :log-net-recv false
 :os
 #object[maelstrom.net$jepsen_os$reify__15676
         "0x349e166"
         "maelstrom.net$jepsen_os$reify__15676@349e166"]
 :time-limit 5
 :workload :cbcast
 :consistency-models [:strict-serializable]
 :topology :grid}

2023-03-08 13:12:20,520{GMT}	INFO	[jepsen node n0] maelstrom.net: Starting Maelstrom network
2023-03-08 13:12:20,521{GMT}	INFO	[jepsen test runner] jepsen.db: Tearing down DB
2023-03-08 13:12:20,523{GMT}	INFO	[jepsen test runner] jepsen.db: Setting up DB
2023-03-08 13:12:20,524{GMT}	INFO	[jepsen node n1] maelstrom.db: Setting up n1
2023-03-08 13:12:20,524{GMT}	INFO	[jepsen node n2] maelstrom.db: Setting up n2
2023-03-08 13:12:20,525{GMT}	INFO	[jepsen node n2] maelstrom.process: launching causal-broadcast.py []
2023-03-08 13:12:20,525{GMT}	INFO	[jepsen node n1] maelstrom.process: launching causal-broadcast.py []
2023-03-08 13:12:20,527{GMT}	INFO	[jepsen node n0] maelstrom.service: Starting services: (lin-kv lin-tso lww-kv seq-kv)
2023-03-08 13:12:20,531{GMT}	INFO	[jepsen node n0] maelstrom.db: Setting up n0
2023-03-08 13:12:20,532{GMT}	INFO	[jepsen node n0] maelstrom.process: launching causal-broadcast.py []
2023-03-08 13:12:20,579{GMT}	INFO	[jepsen test runner] jepsen.core: Relative time begins now
2023-03-08 13:12:20,590{GMT}	INFO	[jepsen worker 0] jepsen.util: 0	:invoke	:cbcast	1
2023-03-08 13:12:20,594{GMT}	INFO	[jepsen worker 0] jepsen.util: 0	:ok	:cbcast	[]
2023-03-08 13:12:20,982{GMT}	INFO	[jepsen worker 0] jepsen.util: 0	:invoke	:cbcast	2
2023-03-08 13:12:20,985{GMT}	INFO	[jepsen worker 0] jepsen.util: 0	:ok	:cbcast	[1]
2023-03-08 13:12:21,084{GMT}	INFO	[jepsen worker 1] jepsen.util: 1	:invoke	:cbcast	3
2023-03-08 13:12:21,108{GMT}	INFO	[jepsen worker 2] jepsen.util: 2	:invoke	:cbcast	4
2023-03-08 13:12:21,139{GMT}	INFO	[jepsen worker 0] jepsen.util: 0	:invoke	:cbcast	5
2023-03-08 13:12:21,148{GMT}	INFO	[jepsen worker 0] jepsen.util: 0	:ok	:cbcast	[2]
2023-03-08 13:12:21,164{GMT}	INFO	[jepsen worker 0] jepsen.util: 0	:invoke	:cbcast	6
2023-03-08 13:12:21,166{GMT}	INFO	[jepsen worker 0] jepsen.util: 0	:ok	:cbcast	[5]
2023-03-08 13:12:21,167{GMT}	INFO	[jepsen worker 0] jepsen.util: 0	:invoke	:cbcast	7
2023-03-08 13:12:21,169{GMT}	INFO	[jepsen worker 0] jepsen.util: 0	:ok	:cbcast	[6]
2023-03-08 13:12:21,329{GMT}	INFO	[jepsen worker 0] jepsen.util: 0	:invoke	:cbcast	8
2023-03-08 13:12:21,331{GMT}	INFO	[jepsen worker 0] jepsen.util: 0	:ok	:cbcast	[7]
2023-03-08 13:12:21,524{GMT}	INFO	[jepsen worker 0] jepsen.util: 0	:invoke	:cbcast	9
2023-03-08 13:12:21,526{GMT}	INFO	[jepsen worker 0] jepsen.util: 0	:ok	:cbcast	[8]
2023-03-08 13:12:21,593{GMT}	INFO	[jepsen worker 1] jepsen.util: 1	:ok	:cbcast	[1]
2023-03-08 13:12:21,800{GMT}	INFO	[jepsen worker 0] jepsen.util: 0	:invoke	:cbcast	10
2023-03-08 13:12:21,890{GMT}	INFO	[jepsen worker 1] jepsen.util: 1	:invoke	:cbcast	11
2023-03-08 13:12:21,968{GMT}	INFO	[jepsen worker 1] jepsen.util: 1	:ok	:cbcast	[3 2 5 7 8]
2023-03-08 13:12:21,975{GMT}	INFO	[jepsen worker 2] jepsen.util: 2	:ok	:cbcast	[1 2]
2023-03-08 13:12:22,269{GMT}	INFO	[jepsen worker 2] jepsen.util: 2	:invoke	:cbcast	12
2023-03-08 13:12:22,472{GMT}	INFO	[jepsen worker 0] jepsen.util: 0	:ok	:cbcast	[9 3]
2023-03-08 13:12:22,543{GMT}	INFO	[jepsen worker 1] jepsen.util: 1	:invoke	:cbcast	13
2023-03-08 13:12:22,617{GMT}	INFO	[jepsen worker 2] jepsen.util: 2	:ok	:cbcast	[4 7 8 5 9 6 11 3]
2023-03-08 13:12:22,619{GMT}	INFO	[jepsen worker 1] jepsen.util: 1	:ok	:cbcast	[11 6 9]
2023-03-08 13:12:22,820{GMT}	INFO	[jepsen worker 1] jepsen.util: 1	:invoke	:cbcast	14
2023-03-08 13:12:22,924{GMT}	INFO	[jepsen worker 1] jepsen.util: 1	:ok	:cbcast	[13 10]
2023-03-08 13:12:23,063{GMT}	INFO	[jepsen worker 1] jepsen.util: 1	:invoke	:cbcast	15
2023-03-08 13:12:23,357{GMT}	INFO	[jepsen worker 0] jepsen.util: 0	:invoke	:cbcast	16
2023-03-08 13:12:23,391{GMT}	INFO	[jepsen worker 1] jepsen.util: 1	:ok	:cbcast	[14 12 4]
2023-03-08 13:12:23,486{GMT}	INFO	[jepsen worker 1] jepsen.util: 1	:invoke	:cbcast	17
2023-03-08 13:12:23,488{GMT}	INFO	[jepsen worker 1] jepsen.util: 1	:ok	:cbcast	[15]
2023-03-08 13:12:23,495{GMT}	INFO	[jepsen worker 0] jepsen.util: 0	:ok	:cbcast	[10 11 13 14 12 4]
2023-03-08 13:12:23,765{GMT}	INFO	[jepsen worker 2] jepsen.util: 2	:invoke	:cbcast	18
2023-03-08 13:12:23,902{GMT}	INFO	[jepsen worker 2] jepsen.util: 2	:ok	:cbcast	[12 13 15 14 16 10]
2023-03-08 13:12:24,040{GMT}	INFO	[jepsen worker 2] jepsen.util: 2	:invoke	:cbcast	19
2023-03-08 13:12:24,210{GMT}	INFO	[jepsen worker 1] jepsen.util: 1	:invoke	:cbcast	20
2023-03-08 13:12:24,328{GMT}	INFO	[jepsen worker 1] jepsen.util: 1	:ok	:cbcast	[17 16 18]
2023-03-08 13:12:24,362{GMT}	INFO	[jepsen worker 2] jepsen.util: 2	:ok	:cbcast	[18]
2023-03-08 13:12:24,362{GMT}	INFO	[jepsen worker 1] jepsen.util: 1	:invoke	:cbcast	21
2023-03-08 13:12:24,655{GMT}	INFO	[jepsen worker 0] jepsen.util: 0	:invoke	:cbcast	22
2023-03-08 13:12:24,685{GMT}	INFO	[jepsen worker 1] jepsen.util: 1	:ok	:cbcast	[20 19]
2023-03-08 13:12:24,985{GMT}	INFO	[jepsen worker 2] jepsen.util: 2	:invoke	:cbcast	23
2023-03-08 13:12:25,200{GMT}	INFO	[jepsen worker 1] jepsen.util: 1	:invoke	:cbcast	24
2023-03-08 13:12:25,202{GMT}	INFO	[jepsen worker 1] jepsen.util: 1	:ok	:cbcast	[21]
2023-03-08 13:12:25,255{GMT}	INFO	[jepsen worker 0] jepsen.util: 0	:ok	:cbcast	[16 15 17 19 18]
2023-03-08 13:12:25,274{GMT}	INFO	[jepsen worker 2] jepsen.util: 2	:ok	:cbcast	[19 20 17 21]
2023-03-08 13:12:25,453{GMT}	INFO	[jepsen worker 2] jepsen.util: 2	:invoke	:cbcast	25
2023-03-08 13:12:25,458{GMT}	INFO	[jepsen worker 1] jepsen.util: 1	:invoke	:cbcast	26
2023-03-08 13:12:25,949{GMT}	INFO	[jepsen worker 2] jepsen.util: 2	:ok	:cbcast	[23 24]
2023-03-08 13:12:26,029{GMT}	INFO	[jepsen worker 1] jepsen.util: 1	:ok	:cbcast	[24 22]
2023-03-08 13:12:26,033{GMT}	INFO	[jepsen node n0] maelstrom.db: Tearing down n0
2023-03-08 13:12:26,033{GMT}	INFO	[jepsen node n1] maelstrom.db: Tearing down n1
2023-03-08 13:12:26,033{GMT}	INFO	[jepsen node n2] maelstrom.db: Tearing down n2
2023-03-08 13:12:26,536{GMT}	INFO	[jepsen node n0] maelstrom.net: Shutting down Maelstrom network
2023-03-08 13:12:26,537{GMT}	INFO	[jepsen test runner] jepsen.core: Run complete, writing
2023-03-08 13:12:26,543{GMT}	INFO	[jepsen test runner] jepsen.core: Analyzing...
2023-03-08 13:12:26,661{GMT}	INFO	[jepsen test runner] jepsen.core: Analysis complete
2023-03-08 13:12:26,672{GMT}	INFO	[jepsen results] jepsen.store: Wrote /home/miguel/uni/4ano/sd/sdge/guiao1/store/cbcast/20230308T131220.000Z/results.edn
2023-03-08 13:12:26,682{GMT}	INFO	[jepsen test runner] jepsen.core: {:perf {:latency-graph {:valid? true},
        :rate-graph {:valid? true},
        :valid? true},
 :timeline {:valid? true},
 :exceptions {:valid? true},
 :stats {:valid? true,
         :count 26,
         :ok-count 26,
         :fail-count 0,
         :info-count 0,
         :by-f {:cbcast {:valid? true,
                         :count 26,
                         :ok-count 26,
                         :fail-count 0,
                         :info-count 0}}},
 :net {:all {:send-count 110,
             :recv-count 108,
             :msg-count 110,
             :msgs-per-op 4.230769},
       :clients {:send-count 58, :recv-count 58, :msg-count 58},
       :servers {:send-count 52,
                 :recv-count 50,
                 :msg-count 52,
                 :msgs-per-op 2.0},
       :valid? true},
 :workload {:valid? false,
            :errors ["duplicate delivery of message 1 to process 0"
                     "duplicate delivery of message 2 to process 0"
                     "duplicate delivery of message 5 to process 0"
                     "duplicate delivery of message 6 to process 0"
                     "duplicate delivery of message 7 to process 0"
                     "duplicate delivery of message 8 to process 0"
                     "duplicate delivery of message 3 to process 1"
                     "missing dependencies [6 6] when delivering message 7 to process 1"
                     "duplicate delivery of message 9 to process 0"
                     "duplicate delivery of message 4 to process 2"
                     "missing dependencies [6 6] when delivering message 7 to process 2"
                     "missing dependencies [3 3] when delivering message 11 to process 2"
                     "duplicate delivery of message 11 to process 1"
                     "duplicate delivery of message 13 to process 1"
                     "duplicate delivery of message 14 to process 1"
                     "missing dependencies [4 4] when delivering message 12 to process 1"
                     "duplicate delivery of message 15 to process 1"
                     "duplicate delivery of message 10 to process 0"
                     "missing dependencies [4 4] when delivering message 12 to process 0"
                     "duplicate delivery of message 12 to process 2"
                     "missing dependencies [14 14] when delivering message 15 to process 2"
                     "missing dependencies [10] when delivering message 14 to process 2"
                     "missing dependencies [10 10] when delivering message 16 to process 2"
                     "duplicate delivery of message 17 to process 1"
                     "duplicate delivery of message 18 to process 2"
                     "duplicate delivery of message 20 to process 1"
                     "duplicate delivery of message 21 to process 1"
                     "duplicate delivery of message 16 to process 0"
                     "missing dependencies [18 18] when delivering message 19 to process 0"
                     "duplicate delivery of message 19 to process 2"
                     "missing dependencies [17 17] when delivering message 20 to process 2"
                     "duplicate delivery of message 23 to process 2"
                     "duplicate delivery of message 24 to process 1"]},
 :valid? false}


Analysis invalid! (ﾉಥ益ಥ）ﾉ ┻━┻
