2023-03-08 12:13:55,041{GMT}	INFO	[jepsen test runner] jepsen.core: Command line:
lein run test -w cbcast --bin causal-broadcast.py --time-limit 5 --node-count 3
2023-03-08 12:13:55,118{GMT}	INFO	[jepsen test runner] jepsen.core: Running test:
{:args []
 :remote
 #jepsen.control.retry.Remote{:remote #jepsen.control.scp.Remote{:cmd-remote #jepsen.control.clj_ssh.Remote{:concurrency-limit 8,
                                                                                                            :conn-spec nil,
                                                                                                            :session nil,
                                                                                                            :semaphore nil},
                                                                 :conn-spec nil},
                              :conn nil}
 :log-net-send false
 :node-count 3
 :max-txn-length 4
 :concurrency 3
 :db
 #object[maelstrom.db$db$reify__16817
         "0x7ba5d307"
         "maelstrom.db$db$reify__16817@7ba5d307"]
 :max-writes-per-key 16
 :leave-db-running? false
 :name "cbcast"
 :logging-json? false
 :start-time
 #object[org.joda.time.DateTime "0x684001e6" "2023-03-08T12:13:55.000Z"]
 :nemesis-interval 10
 :net
 #object[maelstrom.net$jepsen_net$reify__15673
         "0x6bb2b8d4"
         "maelstrom.net$jepsen_net$reify__15673@6bb2b8d4"]
 :client
 #object[maelstrom.workload.cbcast$client$reify__18677
         "0x64230d44"
         "maelstrom.workload.cbcast$client$reify__18677@64230d44"]
 :barrier
 #object[java.util.concurrent.CyclicBarrier
         "0x1ff584d7"
         "java.util.concurrent.CyclicBarrier@1ff584d7"]
 :log-stderr false
 :pure-generators true
 :ssh {:dummy? true}
 :rate 5
 :checker
 #object[jepsen.checker$compose$reify__8787
         "0x7752f9fe"
         "jepsen.checker$compose$reify__8787@7752f9fe"]
 :argv
 ("test"
  "-w"
  "cbcast"
  "--bin"
  "causal-broadcast.py"
  "--time-limit"
  "5"
  "--node-count"
  "3")
 :nemesis
 (jepsen.nemesis.ReflCompose
  {:fm {:start-partition 0,
        :stop-partition 0,
        :kill 1,
        :start 1,
        :pause 1,
        :resume 1},
   :nemeses [#unprintable "jepsen.nemesis.combined$partition_nemesis$reify__17089@9588bd8"
             #unprintable "jepsen.nemesis.combined$db_nemesis$reify__17070@75edfe9a"]})
 :nodes ["n0" "n1" "n2"]
 :test-count 1
 :latency {:mean 0, :dist :constant}
 :bin "causal-broadcast.py"
 :generator
 (jepsen.generator.TimeLimit
  {:limit 5000000000,
   :cutoff nil,
   :gen (jepsen.generator.Any
         {:gens [(jepsen.generator.OnThreads {:f #{:nemesis}, :gen nil})
                 (jepsen.generator.OnThreads
                  {:f #object[clojure.core$complement$fn__5654
                              "0x6351efa6"
                              "clojure.core$complement$fn__5654@6351efa6"],
                   :gen (jepsen.generator.Stagger
                         {:dt 400000000,
                          :next-time nil,
                          :gen ({:f :cbcast, :value 1}
                                {:f :cbcast, :value 2}
                                {:f :cbcast, :value 3}
                                {:f :cbcast, :value 4}
                                {:f :cbcast, :value 5}
                                {:f :cbcast, :value 6}
                                {:f :cbcast, :value 7}
                                {:f :cbcast, :value 8}
                                ...)})})]})})
 :log-net-recv false
 :os
 #object[maelstrom.net$jepsen_os$reify__15676
         "0x349e166"
         "maelstrom.net$jepsen_os$reify__15676@349e166"]
 :time-limit 5
 :workload :cbcast
 :consistency-models [:strict-serializable]
 :topology :grid}

2023-03-08 12:13:55,125{GMT}	INFO	[jepsen node n0] maelstrom.net: Starting Maelstrom network
2023-03-08 12:13:55,126{GMT}	INFO	[jepsen test runner] jepsen.db: Tearing down DB
2023-03-08 12:13:55,128{GMT}	INFO	[jepsen test runner] jepsen.db: Setting up DB
2023-03-08 12:13:55,128{GMT}	INFO	[jepsen node n1] maelstrom.db: Setting up n1
2023-03-08 12:13:55,128{GMT}	INFO	[jepsen node n2] maelstrom.db: Setting up n2
2023-03-08 12:13:55,129{GMT}	INFO	[jepsen node n1] maelstrom.process: launching causal-broadcast.py []
2023-03-08 12:13:55,129{GMT}	INFO	[jepsen node n2] maelstrom.process: launching causal-broadcast.py []
2023-03-08 12:13:55,131{GMT}	INFO	[jepsen node n0] maelstrom.service: Starting services: (lin-kv lin-tso lww-kv seq-kv)
2023-03-08 12:13:55,133{GMT}	INFO	[jepsen node n0] maelstrom.db: Setting up n0
2023-03-08 12:13:55,134{GMT}	INFO	[jepsen node n0] maelstrom.process: launching causal-broadcast.py []
2023-03-08 12:13:55,196{GMT}	INFO	[jepsen test runner] jepsen.core: Relative time begins now
2023-03-08 12:13:55,209{GMT}	INFO	[jepsen worker 0] jepsen.util: 0	:invoke	:cbcast	1
2023-03-08 12:13:55,214{GMT}	INFO	[jepsen worker 0] jepsen.util: 0	:ok	:cbcast	[]
2023-03-08 12:13:55,224{GMT}	INFO	[jepsen worker 2] jepsen.util: 2	:invoke	:cbcast	2
2023-03-08 12:13:55,231{GMT}	INFO	[jepsen worker 2] jepsen.util: 2	:ok	:cbcast	[{"id" 9, "src" "n0", "dest" "n2", "body" {"msg_id" 4, "type" "fwd_msg", "vv" {"n0" 1, "n1" 0, "n2" 0}, "message" 1}} 1]
2023-03-08 12:13:55,591{GMT}	INFO	[jepsen worker 0] jepsen.util: 0	:invoke	:cbcast	3
2023-03-08 12:13:55,594{GMT}	INFO	[jepsen worker 0] jepsen.util: 0	:ok	:cbcast	[{"id" 12, "src" "n2", "dest" "n0", "body" {"msg_id" 3, "type" "fwd_msg", "vv" {"n0" 1, "n1" 0, "n2" 1}, "message" 2}} 2]
2023-03-08 12:13:55,962{GMT}	INFO	[jepsen worker 1] jepsen.util: 1	:invoke	:cbcast	4
2023-03-08 12:13:55,966{GMT}	INFO	[jepsen worker 1] jepsen.util: 1	:ok	:cbcast	[{"id" 8, "src" "n0", "dest" "n1", "body" {"msg_id" 3, "type" "fwd_msg", "vv" {"n0" 1, "n1" 0, "n2" 0}, "message" 1}} 1 {"id" 13, "src" "n2", "dest" "n1", "body" {"msg_id" 4, "type" "fwd_msg", "vv" {"n0" 1, "n1" 0, "n2" 1}, "message" 2}} 2 {"id" 16, "src" "n0", "dest" "n1", "body" {"msg_id" 6, "type" "fwd_msg", "vv" {"n0" 2, "n1" 0, "n2" 1}, "message" 3}} 3]
2023-03-08 12:13:56,205{GMT}	INFO	[jepsen worker 2] jepsen.util: 2	:invoke	:cbcast	5
2023-03-08 12:13:56,208{GMT}	INFO	[jepsen worker 2] jepsen.util: 2	:ok	:cbcast	[{"id" 17, "src" "n0", "dest" "n2", "body" {"msg_id" 7, "type" "fwd_msg", "vv" {"n0" 2, "n1" 0, "n2" 1}, "message" 3}} 3 {"id" 21, "src" "n1", "dest" "n2", "body" {"msg_id" 4, "type" "fwd_msg", "vv" {"n0" 2, "n1" 1, "n2" 1}, "message" 4}} 4]
2023-03-08 12:13:56,467{GMT}	INFO	[jepsen worker 1] jepsen.util: 1	:invoke	:cbcast	6
2023-03-08 12:13:56,470{GMT}	INFO	[jepsen worker 1] jepsen.util: 1	:ok	:cbcast	[{"id" 25, "src" "n2", "dest" "n1", "body" {"msg_id" 7, "type" "fwd_msg", "vv" {"n0" 2, "n1" 1, "n2" 2}, "message" 5}} 5]
2023-03-08 12:13:56,566{GMT}	INFO	[jepsen worker 2] jepsen.util: 2	:invoke	:cbcast	7
2023-03-08 12:13:56,569{GMT}	INFO	[jepsen worker 2] jepsen.util: 2	:ok	:cbcast	[{"id" 29, "src" "n1", "dest" "n2", "body" {"msg_id" 7, "type" "fwd_msg", "vv" {"n0" 2, "n1" 2, "n2" 2}, "message" 6}} 6]
2023-03-08 12:13:56,847{GMT}	INFO	[jepsen worker 0] jepsen.util: 0	:invoke	:cbcast	8
2023-03-08 12:13:56,851{GMT}	INFO	[jepsen worker 0] jepsen.util: 0	:ok	:cbcast	[{"id" 20, "src" "n1", "dest" "n0", "body" {"msg_id" 3, "type" "fwd_msg", "vv" {"n0" 2, "n1" 1, "n2" 1}, "message" 4}} 4 {"id" 24, "src" "n2", "dest" "n0", "body" {"msg_id" 6, "type" "fwd_msg", "vv" {"n0" 2, "n1" 1, "n2" 2}, "message" 5}} 5 {"id" 28, "src" "n1", "dest" "n0", "body" {"msg_id" 6, "type" "fwd_msg", "vv" {"n0" 2, "n1" 2, "n2" 2}, "message" 6}} 6 {"id" 32, "src" "n2", "dest" "n0", "body" {"msg_id" 9, "type" "fwd_msg", "vv" {"n0" 2, "n1" 2, "n2" 3}, "message" 7}} 7]
2023-03-08 12:13:57,188{GMT}	INFO	[jepsen worker 2] jepsen.util: 2	:invoke	:cbcast	9
2023-03-08 12:13:57,191{GMT}	INFO	[jepsen worker 2] jepsen.util: 2	:ok	:cbcast	[{"id" 37, "src" "n0", "dest" "n2", "body" {"msg_id" 10, "type" "fwd_msg", "vv" {"n0" 3, "n1" 2, "n2" 3}, "message" 8}} 8]
2023-03-08 12:13:57,369{GMT}	INFO	[jepsen worker 2] jepsen.util: 2	:invoke	:cbcast	10
2023-03-08 12:13:57,371{GMT}	INFO	[jepsen worker 2] jepsen.util: 2	:ok	:cbcast	[]
2023-03-08 12:13:57,398{GMT}	INFO	[jepsen worker 1] jepsen.util: 1	:invoke	:cbcast	11
2023-03-08 12:13:57,401{GMT}	INFO	[jepsen worker 1] jepsen.util: 1	:ok	:cbcast	[{"id" 33, "src" "n2", "dest" "n1", "body" {"msg_id" 10, "type" "fwd_msg", "vv" {"n0" 2, "n1" 2, "n2" 3}, "message" 7}} 7 {"id" 36, "src" "n0", "dest" "n1", "body" {"msg_id" 9, "type" "fwd_msg", "vv" {"n0" 3, "n1" 2, "n2" 3}, "message" 8}} 8 {"id" 41, "src" "n2", "dest" "n1", "body" {"msg_id" 13, "type" "fwd_msg", "vv" {"n0" 3, "n1" 2, "n2" 4}, "message" 9}} 9 {"id" 45, "src" "n2", "dest" "n1", "body" {"msg_id" 16, "type" "fwd_msg", "vv" {"n0" 3, "n1" 2, "n2" 5}, "message" 10}} 10]
2023-03-08 12:13:57,598{GMT}	INFO	[jepsen worker 0] jepsen.util: 0	:invoke	:cbcast	12
2023-03-08 12:13:57,601{GMT}	INFO	[jepsen worker 0] jepsen.util: 0	:ok	:cbcast	[{"id" 40, "src" "n2", "dest" "n0", "body" {"msg_id" 12, "type" "fwd_msg", "vv" {"n0" 3, "n1" 2, "n2" 4}, "message" 9}} 9 {"id" 44, "src" "n2", "dest" "n0", "body" {"msg_id" 15, "type" "fwd_msg", "vv" {"n0" 3, "n1" 2, "n2" 5}, "message" 10}} 10 {"id" 48, "src" "n1", "dest" "n0", "body" {"msg_id" 9, "type" "fwd_msg", "vv" {"n0" 3, "n1" 3, "n2" 5}, "message" 11}} 11]
2023-03-08 12:13:57,622{GMT}	INFO	[jepsen worker 1] jepsen.util: 1	:invoke	:cbcast	13
2023-03-08 12:13:57,624{GMT}	INFO	[jepsen worker 1] jepsen.util: 1	:ok	:cbcast	[{"id" 52, "src" "n0", "dest" "n1", "body" {"msg_id" 12, "type" "fwd_msg", "vv" {"n0" 4, "n1" 3, "n2" 5}, "message" 12}} 12]
2023-03-08 12:13:57,626{GMT}	INFO	[jepsen worker 2] jepsen.util: 2	:invoke	:cbcast	14
2023-03-08 12:13:57,631{GMT}	INFO	[jepsen worker 2] jepsen.util: 2	:ok	:cbcast	[{"id" 49, "src" "n1", "dest" "n2", "body" {"msg_id" 10, "type" "fwd_msg", "vv" {"n0" 3, "n1" 3, "n2" 5}, "message" 11}} 11 {"id" 53, "src" "n0", "dest" "n2", "body" {"msg_id" 13, "type" "fwd_msg", "vv" {"n0" 4, "n1" 3, "n2" 5}, "message" 12}} 12 {"id" 57, "src" "n1", "dest" "n2", "body" {"msg_id" 13, "type" "fwd_msg", "vv" {"n0" 4, "n1" 4, "n2" 5}, "message" 13}} 13]
2023-03-08 12:13:57,993{GMT}	INFO	[jepsen worker 1] jepsen.util: 1	:invoke	:cbcast	15
2023-03-08 12:13:57,995{GMT}	INFO	[jepsen worker 1] jepsen.util: 1	:ok	:cbcast	[{"id" 61, "src" "n2", "dest" "n1", "body" {"msg_id" 19, "type" "fwd_msg", "vv" {"n0" 4, "n1" 4, "n2" 6}, "message" 14}} 14]
2023-03-08 12:13:58,282{GMT}	INFO	[jepsen worker 0] jepsen.util: 0	:invoke	:cbcast	16
2023-03-08 12:13:58,285{GMT}	INFO	[jepsen worker 0] jepsen.util: 0	:ok	:cbcast	[{"id" 56, "src" "n1", "dest" "n0", "body" {"msg_id" 12, "type" "fwd_msg", "vv" {"n0" 4, "n1" 4, "n2" 5}, "message" 13}} 13 {"id" 60, "src" "n2", "dest" "n0", "body" {"msg_id" 18, "type" "fwd_msg", "vv" {"n0" 4, "n1" 4, "n2" 6}, "message" 14}} 14 {"id" 64, "src" "n1", "dest" "n0", "body" {"msg_id" 15, "type" "fwd_msg", "vv" {"n0" 4, "n1" 5, "n2" 6}, "message" 15}} 15]
2023-03-08 12:13:58,334{GMT}	INFO	[jepsen worker 0] jepsen.util: 0	:invoke	:cbcast	17
2023-03-08 12:13:58,337{GMT}	INFO	[jepsen worker 0] jepsen.util: 0	:ok	:cbcast	[]
2023-03-08 12:13:58,562{GMT}	INFO	[jepsen worker 0] jepsen.util: 0	:invoke	:cbcast	18
2023-03-08 12:13:58,564{GMT}	INFO	[jepsen worker 0] jepsen.util: 0	:ok	:cbcast	[]
2023-03-08 12:13:58,637{GMT}	INFO	[jepsen worker 2] jepsen.util: 2	:invoke	:cbcast	19
2023-03-08 12:13:58,639{GMT}	INFO	[jepsen worker 2] jepsen.util: 2	:ok	:cbcast	[{"id" 65, "src" "n1", "dest" "n2", "body" {"msg_id" 16, "type" "fwd_msg", "vv" {"n0" 4, "n1" 5, "n2" 6}, "message" 15}} 15 {"id" 69, "src" "n0", "dest" "n2", "body" {"msg_id" 16, "type" "fwd_msg", "vv" {"n0" 5, "n1" 5, "n2" 6}, "message" 16}} 16 {"id" 73, "src" "n0", "dest" "n2", "body" {"msg_id" 19, "type" "fwd_msg", "vv" {"n0" 6, "n1" 5, "n2" 6}, "message" 17}} 17 {"id" 77, "src" "n0", "dest" "n2", "body" {"msg_id" 22, "type" "fwd_msg", "vv" {"n0" 7, "n1" 5, "n2" 6}, "message" 18}} 18]
2023-03-08 12:13:58,774{GMT}	INFO	[jepsen worker 1] jepsen.util: 1	:invoke	:cbcast	20
2023-03-08 12:13:58,776{GMT}	INFO	[jepsen worker 1] jepsen.util: 1	:ok	:cbcast	[{"id" 68, "src" "n0", "dest" "n1", "body" {"msg_id" 15, "type" "fwd_msg", "vv" {"n0" 5, "n1" 5, "n2" 6}, "message" 16}} 16 {"id" 72, "src" "n0", "dest" "n1", "body" {"msg_id" 18, "type" "fwd_msg", "vv" {"n0" 6, "n1" 5, "n2" 6}, "message" 17}} 17 {"id" 76, "src" "n0", "dest" "n1", "body" {"msg_id" 21, "type" "fwd_msg", "vv" {"n0" 7, "n1" 5, "n2" 6}, "message" 18}} 18 {"id" 81, "src" "n2", "dest" "n1", "body" {"msg_id" 22, "type" "fwd_msg", "vv" {"n0" 7, "n1" 5, "n2" 7}, "message" 19}} 19]
2023-03-08 12:13:58,883{GMT}	INFO	[jepsen worker 2] jepsen.util: 2	:invoke	:cbcast	21
2023-03-08 12:13:58,885{GMT}	INFO	[jepsen worker 2] jepsen.util: 2	:ok	:cbcast	[{"id" 85, "src" "n1", "dest" "n2", "body" {"msg_id" 19, "type" "fwd_msg", "vv" {"n0" 7, "n1" 6, "n2" 7}, "message" 20}} 20]
2023-03-08 12:13:59,275{GMT}	INFO	[jepsen worker 1] jepsen.util: 1	:invoke	:cbcast	22
2023-03-08 12:13:59,277{GMT}	INFO	[jepsen worker 1] jepsen.util: 1	:ok	:cbcast	[{"id" 89, "src" "n2", "dest" "n1", "body" {"msg_id" 25, "type" "fwd_msg", "vv" {"n0" 7, "n1" 6, "n2" 8}, "message" 21}} 21]
2023-03-08 12:13:59,478{GMT}	INFO	[jepsen worker 1] jepsen.util: 1	:invoke	:cbcast	23
2023-03-08 12:13:59,480{GMT}	INFO	[jepsen worker 1] jepsen.util: 1	:ok	:cbcast	[]
2023-03-08 12:13:59,621{GMT}	INFO	[jepsen worker 0] jepsen.util: 0	:invoke	:cbcast	24
2023-03-08 12:13:59,624{GMT}	INFO	[jepsen worker 0] jepsen.util: 0	:ok	:cbcast	[{"id" 80, "src" "n2", "dest" "n0", "body" {"msg_id" 21, "type" "fwd_msg", "vv" {"n0" 7, "n1" 5, "n2" 7}, "message" 19}} 19 {"id" 84, "src" "n1", "dest" "n0", "body" {"msg_id" 18, "type" "fwd_msg", "vv" {"n0" 7, "n1" 6, "n2" 7}, "message" 20}} 20 {"id" 88, "src" "n2", "dest" "n0", "body" {"msg_id" 24, "type" "fwd_msg", "vv" {"n0" 7, "n1" 6, "n2" 8}, "message" 21}} 21 {"id" 92, "src" "n1", "dest" "n0", "body" {"msg_id" 21, "type" "fwd_msg", "vv" {"n0" 7, "n1" 7, "n2" 8}, "message" 22}} 22 {"id" 96, "src" "n1", "dest" "n0", "body" {"msg_id" 24, "type" "fwd_msg", "vv" {"n0" 7, "n1" 8, "n2" 8}, "message" 23}} 23]
2023-03-08 12:13:59,934{GMT}	INFO	[jepsen worker 1] jepsen.util: 1	:invoke	:cbcast	25
2023-03-08 12:13:59,936{GMT}	INFO	[jepsen worker 1] jepsen.util: 1	:ok	:cbcast	[{"id" 100, "src" "n0", "dest" "n1", "body" {"msg_id" 24, "type" "fwd_msg", "vv" {"n0" 8, "n1" 8, "n2" 8}, "message" 24}} 24]
2023-03-08 12:14:00,069{GMT}	INFO	[jepsen worker 2] jepsen.util: 2	:invoke	:cbcast	26
2023-03-08 12:14:00,071{GMT}	INFO	[jepsen worker 2] jepsen.util: 2	:ok	:cbcast	[{"id" 93, "src" "n1", "dest" "n2", "body" {"msg_id" 22, "type" "fwd_msg", "vv" {"n0" 7, "n1" 7, "n2" 8}, "message" 22}} 22 {"id" 97, "src" "n1", "dest" "n2", "body" {"msg_id" 25, "type" "fwd_msg", "vv" {"n0" 7, "n1" 8, "n2" 8}, "message" 23}} 23 {"id" 101, "src" "n0", "dest" "n2", "body" {"msg_id" 25, "type" "fwd_msg", "vv" {"n0" 8, "n1" 8, "n2" 8}, "message" 24}} 24 {"id" 105, "src" "n1", "dest" "n2", "body" {"msg_id" 28, "type" "fwd_msg", "vv" {"n0" 8, "n1" 9, "n2" 8}, "message" 25}} 25]
2023-03-08 12:14:00,074{GMT}	INFO	[jepsen node n0] maelstrom.db: Tearing down n0
2023-03-08 12:14:00,074{GMT}	INFO	[jepsen node n1] maelstrom.db: Tearing down n1
2023-03-08 12:14:00,075{GMT}	INFO	[jepsen node n2] maelstrom.db: Tearing down n2
2023-03-08 12:14:01,139{GMT}	INFO	[jepsen node n0] maelstrom.net: Shutting down Maelstrom network
2023-03-08 12:14:01,140{GMT}	INFO	[jepsen test runner] jepsen.core: Run complete, writing
2023-03-08 12:14:01,153{GMT}	INFO	[jepsen test runner] jepsen.core: Analyzing...
2023-03-08 12:14:01,272{GMT}	INFO	[jepsen test runner] jepsen.core: Analysis complete
2023-03-08 12:14:01,282{GMT}	INFO	[jepsen results] jepsen.store: Wrote /home/miguel/uni/4ano/sd/sdge/guiao1/store/cbcast/20230308T121355.000Z/results.edn
2023-03-08 12:14:01,293{GMT}	INFO	[jepsen test runner] jepsen.core: {:perf {:latency-graph {:valid? true},
        :rate-graph {:valid? true},
        :valid? true},
 :timeline {:valid? true},
 :exceptions {:valid? true},
 :stats {:valid? true,
         :count 26,
         :ok-count 26,
         :fail-count 0,
         :info-count 0,
         :by-f {:cbcast {:valid? true,
                         :count 26,
                         :ok-count 26,
                         :fail-count 0,
                         :info-count 0}}},
 :net {:all {:send-count 110,
             :recv-count 110,
             :msg-count 110,
             :msgs-per-op 4.230769},
       :clients {:send-count 58, :recv-count 58, :msg-count 58},
       :servers {:send-count 52,
                 :recv-count 52,
                 :msg-count 52,
                 :msgs-per-op 2.0},
       :valid? true},
 :workload {:valid? false,
            :errors ["missing dependencies [{\"id\" 9, \"src\" \"n0\", \"dest\" \"n2\", \"body\" {\"msg_id\" 4, \"type\" \"fwd_msg\", \"vv\" {\"n0\" 1, \"n1\" 0, \"n2\" 0}, \"message\" 1}}] when delivering message 2 to process 0"
                     "missing dependencies [{\"id\" 9, \"src\" \"n0\", \"dest\" \"n2\", \"body\" {\"msg_id\" 4, \"type\" \"fwd_msg\", \"vv\" {\"n0\" 1, \"n1\" 0, \"n2\" 0}, \"message\" 1}}] when delivering message 2 to process 1"
                     "missing dependencies [{\"id\" 12, \"src\" \"n2\", \"dest\" \"n0\", \"body\" {\"msg_id\" 3, \"type\" \"fwd_msg\", \"vv\" {\"n0\" 1, \"n1\" 0, \"n2\" 1}, \"message\" 2}}] when delivering message 3 to process 1"
                     "missing dependencies [{\"id\" 12, \"src\" \"n2\", \"dest\" \"n0\", \"body\" {\"msg_id\" 3, \"type\" \"fwd_msg\", \"vv\" {\"n0\" 1, \"n1\" 0, \"n2\" 1}, \"message\" 2}}] when delivering message 3 to process 2"
                     "missing dependencies [{\"id\" 8, \"src\" \"n0\", \"dest\" \"n1\", \"body\" {\"msg_id\" 3, \"type\" \"fwd_msg\", \"vv\" {\"n0\" 1, \"n1\" 0, \"n2\" 0}, \"message\" 1}} {\"id\" 13, \"src\" \"n2\", \"dest\" \"n1\", \"body\" {\"msg_id\" 4, \"type\" \"fwd_msg\", \"vv\" {\"n0\" 1, \"n1\" 0, \"n2\" 1}, \"message\" 2}} {\"id\" 16, \"src\" \"n0\", \"dest\" \"n1\", \"body\" {\"msg_id\" 6, \"type\" \"fwd_msg\", \"vv\" {\"n0\" 2, \"n1\" 0, \"n2\" 1}, \"message\" 3}}] when delivering message 4 to process 2"
                     "missing dependencies [{\"id\" 17, \"src\" \"n0\", \"dest\" \"n2\", \"body\" {\"msg_id\" 7, \"type\" \"fwd_msg\", \"vv\" {\"n0\" 2, \"n1\" 0, \"n2\" 1}, \"message\" 3}} {\"id\" 21, \"src\" \"n1\", \"dest\" \"n2\", \"body\" {\"msg_id\" 4, \"type\" \"fwd_msg\", \"vv\" {\"n0\" 2, \"n1\" 1, \"n2\" 1}, \"message\" 4}}] when delivering message 5 to process 1"
                     "missing dependencies [{\"id\" 25, \"src\" \"n2\", \"dest\" \"n1\", \"body\" {\"msg_id\" 7, \"type\" \"fwd_msg\", \"vv\" {\"n0\" 2, \"n1\" 1, \"n2\" 2}, \"message\" 5}}] when delivering message 6 to process 2"
                     "missing dependencies [{\"id\" 8, \"src\" \"n0\", \"dest\" \"n1\", \"body\" {\"msg_id\" 3, \"type\" \"fwd_msg\", \"vv\" {\"n0\" 1, \"n1\" 0, \"n2\" 0}, \"message\" 1}} {\"id\" 13, \"src\" \"n2\", \"dest\" \"n1\", \"body\" {\"msg_id\" 4, \"type\" \"fwd_msg\", \"vv\" {\"n0\" 1, \"n1\" 0, \"n2\" 1}, \"message\" 2}} {\"id\" 16, \"src\" \"n0\", \"dest\" \"n1\", \"body\" {\"msg_id\" 6, \"type\" \"fwd_msg\", \"vv\" {\"n0\" 2, \"n1\" 0, \"n2\" 1}, \"message\" 3}}] when delivering message 4 to process 0"
                     "missing dependencies [{\"id\" 17, \"src\" \"n0\", \"dest\" \"n2\", \"body\" {\"msg_id\" 7, \"type\" \"fwd_msg\", \"vv\" {\"n0\" 2, \"n1\" 0, \"n2\" 1}, \"message\" 3}} {\"id\" 21, \"src\" \"n1\", \"dest\" \"n2\", \"body\" {\"msg_id\" 4, \"type\" \"fwd_msg\", \"vv\" {\"n0\" 2, \"n1\" 1, \"n2\" 1}, \"message\" 4}}] when delivering message 5 to process 0"
                     "missing dependencies [{\"id\" 25, \"src\" \"n2\", \"dest\" \"n1\", \"body\" {\"msg_id\" 7, \"type\" \"fwd_msg\", \"vv\" {\"n0\" 2, \"n1\" 1, \"n2\" 2}, \"message\" 5}}] when delivering message 6 to process 0"
                     "missing dependencies [{\"id\" 29, \"src\" \"n1\", \"dest\" \"n2\", \"body\" {\"msg_id\" 7, \"type\" \"fwd_msg\", \"vv\" {\"n0\" 2, \"n1\" 2, \"n2\" 2}, \"message\" 6}}] when delivering message 7 to process 0"
                     "missing dependencies [{\"id\" 20, \"src\" \"n1\", \"dest\" \"n0\", \"body\" {\"msg_id\" 3, \"type\" \"fwd_msg\", \"vv\" {\"n0\" 2, \"n1\" 1, \"n2\" 1}, \"message\" 4}} {\"id\" 24, \"src\" \"n2\", \"dest\" \"n0\", \"body\" {\"msg_id\" 6, \"type\" \"fwd_msg\", \"vv\" {\"n0\" 2, \"n1\" 1, \"n2\" 2}, \"message\" 5}} {\"id\" 28, \"src\" \"n1\", \"dest\" \"n0\", \"body\" {\"msg_id\" 6, \"type\" \"fwd_msg\", \"vv\" {\"n0\" 2, \"n1\" 2, \"n2\" 2}, \"message\" 6}} {\"id\" 32, \"src\" \"n2\", \"dest\" \"n0\", \"body\" {\"msg_id\" 9, \"type\" \"fwd_msg\", \"vv\" {\"n0\" 2, \"n1\" 2, \"n2\" 3}, \"message\" 7}}] when delivering message 8 to process 2"
                     "missing dependencies [{\"id\" 29, \"src\" \"n1\", \"dest\" \"n2\", \"body\" {\"msg_id\" 7, \"type\" \"fwd_msg\", \"vv\" {\"n0\" 2, \"n1\" 2, \"n2\" 2}, \"message\" 6}}] when delivering message 7 to process 1"
                     "missing dependencies [{\"id\" 20, \"src\" \"n1\", \"dest\" \"n0\", \"body\" {\"msg_id\" 3, \"type\" \"fwd_msg\", \"vv\" {\"n0\" 2, \"n1\" 1, \"n2\" 1}, \"message\" 4}} {\"id\" 24, \"src\" \"n2\", \"dest\" \"n0\", \"body\" {\"msg_id\" 6, \"type\" \"fwd_msg\", \"vv\" {\"n0\" 2, \"n1\" 1, \"n2\" 2}, \"message\" 5}} {\"id\" 28, \"src\" \"n1\", \"dest\" \"n0\", \"body\" {\"msg_id\" 6, \"type\" \"fwd_msg\", \"vv\" {\"n0\" 2, \"n1\" 2, \"n2\" 2}, \"message\" 6}} {\"id\" 32, \"src\" \"n2\", \"dest\" \"n0\", \"body\" {\"msg_id\" 9, \"type\" \"fwd_msg\", \"vv\" {\"n0\" 2, \"n1\" 2, \"n2\" 3}, \"message\" 7}}] when delivering message 8 to process 1"
                     "missing dependencies [{\"id\" 37, \"src\" \"n0\", \"dest\" \"n2\", \"body\" {\"msg_id\" 10, \"type\" \"fwd_msg\", \"vv\" {\"n0\" 3, \"n1\" 2, \"n2\" 3}, \"message\" 8}}] when delivering message 9 to process 1"
                     "missing dependencies [{\"id\" 37, \"src\" \"n0\", \"dest\" \"n2\", \"body\" {\"msg_id\" 10, \"type\" \"fwd_msg\", \"vv\" {\"n0\" 3, \"n1\" 2, \"n2\" 3}, \"message\" 8}}] when delivering message 9 to process 0"
                     "missing dependencies [{\"id\" 33, \"src\" \"n2\", \"dest\" \"n1\", \"body\" {\"msg_id\" 10, \"type\" \"fwd_msg\", \"vv\" {\"n0\" 2, \"n1\" 2, \"n2\" 3}, \"message\" 7}} {\"id\" 36, \"src\" \"n0\", \"dest\" \"n1\", \"body\" {\"msg_id\" 9, \"type\" \"fwd_msg\", \"vv\" {\"n0\" 3, \"n1\" 2, \"n2\" 3}, \"message\" 8}} {\"id\" 41, \"src\" \"n2\", \"dest\" \"n1\", \"body\" {\"msg_id\" 13, \"type\" \"fwd_msg\", \"vv\" {\"n0\" 3, \"n1\" 2, \"n2\" 4}, \"message\" 9}} {\"id\" 45, \"src\" \"n2\", \"dest\" \"n1\", \"body\" {\"msg_id\" 16, \"type\" \"fwd_msg\", \"vv\" {\"n0\" 3, \"n1\" 2, \"n2\" 5}, \"message\" 10}}] when delivering message 11 to process 0"
                     "missing dependencies [{\"id\" 40, \"src\" \"n2\", \"dest\" \"n0\", \"body\" {\"msg_id\" 12, \"type\" \"fwd_msg\", \"vv\" {\"n0\" 3, \"n1\" 2, \"n2\" 4}, \"message\" 9}} {\"id\" 44, \"src\" \"n2\", \"dest\" \"n0\", \"body\" {\"msg_id\" 15, \"type\" \"fwd_msg\", \"vv\" {\"n0\" 3, \"n1\" 2, \"n2\" 5}, \"message\" 10}} {\"id\" 48, \"src\" \"n1\", \"dest\" \"n0\", \"body\" {\"msg_id\" 9, \"type\" \"fwd_msg\", \"vv\" {\"n0\" 3, \"n1\" 3, \"n2\" 5}, \"message\" 11}}] when delivering message 12 to process 1"
                     "missing dependencies [{\"id\" 33, \"src\" \"n2\", \"dest\" \"n1\", \"body\" {\"msg_id\" 10, \"type\" \"fwd_msg\", \"vv\" {\"n0\" 2, \"n1\" 2, \"n2\" 3}, \"message\" 7}} {\"id\" 36, \"src\" \"n0\", \"dest\" \"n1\", \"body\" {\"msg_id\" 9, \"type\" \"fwd_msg\", \"vv\" {\"n0\" 3, \"n1\" 2, \"n2\" 3}, \"message\" 8}} {\"id\" 41, \"src\" \"n2\", \"dest\" \"n1\", \"body\" {\"msg_id\" 13, \"type\" \"fwd_msg\", \"vv\" {\"n0\" 3, \"n1\" 2, \"n2\" 4}, \"message\" 9}} {\"id\" 45, \"src\" \"n2\", \"dest\" \"n1\", \"body\" {\"msg_id\" 16, \"type\" \"fwd_msg\", \"vv\" {\"n0\" 3, \"n1\" 2, \"n2\" 5}, \"message\" 10}}] when delivering message 11 to process 2"
                     "missing dependencies [{\"id\" 40, \"src\" \"n2\", \"dest\" \"n0\", \"body\" {\"msg_id\" 12, \"type\" \"fwd_msg\", \"vv\" {\"n0\" 3, \"n1\" 2, \"n2\" 4}, \"message\" 9}} {\"id\" 44, \"src\" \"n2\", \"dest\" \"n0\", \"body\" {\"msg_id\" 15, \"type\" \"fwd_msg\", \"vv\" {\"n0\" 3, \"n1\" 2, \"n2\" 5}, \"message\" 10}} {\"id\" 48, \"src\" \"n1\", \"dest\" \"n0\", \"body\" {\"msg_id\" 9, \"type\" \"fwd_msg\", \"vv\" {\"n0\" 3, \"n1\" 3, \"n2\" 5}, \"message\" 11}}] when delivering message 12 to process 2"
                     "missing dependencies [{\"id\" 52, \"src\" \"n0\", \"dest\" \"n1\", \"body\" {\"msg_id\" 12, \"type\" \"fwd_msg\", \"vv\" {\"n0\" 4, \"n1\" 3, \"n2\" 5}, \"message\" 12}}] when delivering message 13 to process 2"
                     "missing dependencies [{\"id\" 49, \"src\" \"n1\", \"dest\" \"n2\", \"body\" {\"msg_id\" 10, \"type\" \"fwd_msg\", \"vv\" {\"n0\" 3, \"n1\" 3, \"n2\" 5}, \"message\" 11}} {\"id\" 53, \"src\" \"n0\", \"dest\" \"n2\", \"body\" {\"msg_id\" 13, \"type\" \"fwd_msg\", \"vv\" {\"n0\" 4, \"n1\" 3, \"n2\" 5}, \"message\" 12}} {\"id\" 57, \"src\" \"n1\", \"dest\" \"n2\", \"body\" {\"msg_id\" 13, \"type\" \"fwd_msg\", \"vv\" {\"n0\" 4, \"n1\" 4, \"n2\" 5}, \"message\" 13}}] when delivering message 14 to process 1"
                     "missing dependencies [{\"id\" 52, \"src\" \"n0\", \"dest\" \"n1\", \"body\" {\"msg_id\" 12, \"type\" \"fwd_msg\", \"vv\" {\"n0\" 4, \"n1\" 3, \"n2\" 5}, \"message\" 12}}] when delivering message 13 to process 0"
                     "missing dependencies [{\"id\" 49, \"src\" \"n1\", \"dest\" \"n2\", \"body\" {\"msg_id\" 10, \"type\" \"fwd_msg\", \"vv\" {\"n0\" 3, \"n1\" 3, \"n2\" 5}, \"message\" 11}} {\"id\" 53, \"src\" \"n0\", \"dest\" \"n2\", \"body\" {\"msg_id\" 13, \"type\" \"fwd_msg\", \"vv\" {\"n0\" 4, \"n1\" 3, \"n2\" 5}, \"message\" 12}} {\"id\" 57, \"src\" \"n1\", \"dest\" \"n2\", \"body\" {\"msg_id\" 13, \"type\" \"fwd_msg\", \"vv\" {\"n0\" 4, \"n1\" 4, \"n2\" 5}, \"message\" 13}}] when delivering message 14 to process 0"
                     "missing dependencies [{\"id\" 61, \"src\" \"n2\", \"dest\" \"n1\", \"body\" {\"msg_id\" 19, \"type\" \"fwd_msg\", \"vv\" {\"n0\" 4, \"n1\" 4, \"n2\" 6}, \"message\" 14}}] when delivering message 15 to process 0"
                     "missing dependencies [{\"id\" 61, \"src\" \"n2\", \"dest\" \"n1\", \"body\" {\"msg_id\" 19, \"type\" \"fwd_msg\", \"vv\" {\"n0\" 4, \"n1\" 4, \"n2\" 6}, \"message\" 14}}] when delivering message 15 to process 2"
                     "missing dependencies [{\"id\" 56, \"src\" \"n1\", \"dest\" \"n0\", \"body\" {\"msg_id\" 12, \"type\" \"fwd_msg\", \"vv\" {\"n0\" 4, \"n1\" 4, \"n2\" 5}, \"message\" 13}} {\"id\" 60, \"src\" \"n2\", \"dest\" \"n0\", \"body\" {\"msg_id\" 18, \"type\" \"fwd_msg\", \"vv\" {\"n0\" 4, \"n1\" 4, \"n2\" 6}, \"message\" 14}} {\"id\" 64, \"src\" \"n1\", \"dest\" \"n0\", \"body\" {\"msg_id\" 15, \"type\" \"fwd_msg\", \"vv\" {\"n0\" 4, \"n1\" 5, \"n2\" 6}, \"message\" 15}}] when delivering message 16 to process 2"
                     "missing dependencies [{\"id\" 56, \"src\" \"n1\", \"dest\" \"n0\", \"body\" {\"msg_id\" 12, \"type\" \"fwd_msg\", \"vv\" {\"n0\" 4, \"n1\" 4, \"n2\" 5}, \"message\" 13}} {\"id\" 60, \"src\" \"n2\", \"dest\" \"n0\", \"body\" {\"msg_id\" 18, \"type\" \"fwd_msg\", \"vv\" {\"n0\" 4, \"n1\" 4, \"n2\" 6}, \"message\" 14}} {\"id\" 64, \"src\" \"n1\", \"dest\" \"n0\", \"body\" {\"msg_id\" 15, \"type\" \"fwd_msg\", \"vv\" {\"n0\" 4, \"n1\" 5, \"n2\" 6}, \"message\" 15}}] when delivering message 16 to process 1"
                     "missing dependencies [{\"id\" 65, \"src\" \"n1\", \"dest\" \"n2\", \"body\" {\"msg_id\" 16, \"type\" \"fwd_msg\", \"vv\" {\"n0\" 4, \"n1\" 5, \"n2\" 6}, \"message\" 15}} {\"id\" 69, \"src\" \"n0\", \"dest\" \"n2\", \"body\" {\"msg_id\" 16, \"type\" \"fwd_msg\", \"vv\" {\"n0\" 5, \"n1\" 5, \"n2\" 6}, \"message\" 16}} {\"id\" 73, \"src\" \"n0\", \"dest\" \"n2\", \"body\" {\"msg_id\" 19, \"type\" \"fwd_msg\", \"vv\" {\"n0\" 6, \"n1\" 5, \"n2\" 6}, \"message\" 17}} {\"id\" 77, \"src\" \"n0\", \"dest\" \"n2\", \"body\" {\"msg_id\" 22, \"type\" \"fwd_msg\", \"vv\" {\"n0\" 7, \"n1\" 5, \"n2\" 6}, \"message\" 18}}] when delivering message 19 to process 1"
                     "missing dependencies [{\"id\" 68, \"src\" \"n0\", \"dest\" \"n1\", \"body\" {\"msg_id\" 15, \"type\" \"fwd_msg\", \"vv\" {\"n0\" 5, \"n1\" 5, \"n2\" 6}, \"message\" 16}} {\"id\" 72, \"src\" \"n0\", \"dest\" \"n1\", \"body\" {\"msg_id\" 18, \"type\" \"fwd_msg\", \"vv\" {\"n0\" 6, \"n1\" 5, \"n2\" 6}, \"message\" 17}} {\"id\" 76, \"src\" \"n0\", \"dest\" \"n1\", \"body\" {\"msg_id\" 21, \"type\" \"fwd_msg\", \"vv\" {\"n0\" 7, \"n1\" 5, \"n2\" 6}, \"message\" 18}} {\"id\" 81, \"src\" \"n2\", \"dest\" \"n1\", \"body\" {\"msg_id\" 22, \"type\" \"fwd_msg\", \"vv\" {\"n0\" 7, \"n1\" 5, \"n2\" 7}, \"message\" 19}}] when delivering message 20 to process 2"
                     "missing dependencies [{\"id\" 85, \"src\" \"n1\", \"dest\" \"n2\", \"body\" {\"msg_id\" 19, \"type\" \"fwd_msg\", \"vv\" {\"n0\" 7, \"n1\" 6, \"n2\" 7}, \"message\" 20}}] when delivering message 21 to process 1"
                     "missing dependencies [{\"id\" 65, \"src\" \"n1\", \"dest\" \"n2\", \"body\" {\"msg_id\" 16, \"type\" \"fwd_msg\", \"vv\" {\"n0\" 4, \"n1\" 5, \"n2\" 6}, \"message\" 15}} {\"id\" 69, \"src\" \"n0\", \"dest\" \"n2\", \"body\" {\"msg_id\" 16, \"type\" \"fwd_msg\", \"vv\" {\"n0\" 5, \"n1\" 5, \"n2\" 6}, \"message\" 16}} {\"id\" 73, \"src\" \"n0\", \"dest\" \"n2\", \"body\" {\"msg_id\" 19, \"type\" \"fwd_msg\", \"vv\" {\"n0\" 6, \"n1\" 5, \"n2\" 6}, \"message\" 17}} {\"id\" 77, \"src\" \"n0\", \"dest\" \"n2\", \"body\" {\"msg_id\" 22, \"type\" \"fwd_msg\", \"vv\" {\"n0\" 7, \"n1\" 5, \"n2\" 6}, \"message\" 18}}] when delivering message 19 to process 0"
                     "missing dependencies [{\"id\" 68, \"src\" \"n0\", \"dest\" \"n1\", \"body\" {\"msg_id\" 15, \"type\" \"fwd_msg\", \"vv\" {\"n0\" 5, \"n1\" 5, \"n2\" 6}, \"message\" 16}} {\"id\" 72, \"src\" \"n0\", \"dest\" \"n1\", \"body\" {\"msg_id\" 18, \"type\" \"fwd_msg\", \"vv\" {\"n0\" 6, \"n1\" 5, \"n2\" 6}, \"message\" 17}} {\"id\" 76, \"src\" \"n0\", \"dest\" \"n1\", \"body\" {\"msg_id\" 21, \"type\" \"fwd_msg\", \"vv\" {\"n0\" 7, \"n1\" 5, \"n2\" 6}, \"message\" 18}} {\"id\" 81, \"src\" \"n2\", \"dest\" \"n1\", \"body\" {\"msg_id\" 22, \"type\" \"fwd_msg\", \"vv\" {\"n0\" 7, \"n1\" 5, \"n2\" 7}, \"message\" 19}}] when delivering message 20 to process 0"
                     "missing dependencies [{\"id\" 85, \"src\" \"n1\", \"dest\" \"n2\", \"body\" {\"msg_id\" 19, \"type\" \"fwd_msg\", \"vv\" {\"n0\" 7, \"n1\" 6, \"n2\" 7}, \"message\" 20}}] when delivering message 21 to process 0"
                     "missing dependencies [{\"id\" 89, \"src\" \"n2\", \"dest\" \"n1\", \"body\" {\"msg_id\" 25, \"type\" \"fwd_msg\", \"vv\" {\"n0\" 7, \"n1\" 6, \"n2\" 8}, \"message\" 21}}] when delivering message 22 to process 0"
                     "missing dependencies [{\"id\" 80, \"src\" \"n2\", \"dest\" \"n0\", \"body\" {\"msg_id\" 21, \"type\" \"fwd_msg\", \"vv\" {\"n0\" 7, \"n1\" 5, \"n2\" 7}, \"message\" 19}} {\"id\" 84, \"src\" \"n1\", \"dest\" \"n0\", \"body\" {\"msg_id\" 18, \"type\" \"fwd_msg\", \"vv\" {\"n0\" 7, \"n1\" 6, \"n2\" 7}, \"message\" 20}} {\"id\" 88, \"src\" \"n2\", \"dest\" \"n0\", \"body\" {\"msg_id\" 24, \"type\" \"fwd_msg\", \"vv\" {\"n0\" 7, \"n1\" 6, \"n2\" 8}, \"message\" 21}} {\"id\" 92, \"src\" \"n1\", \"dest\" \"n0\", \"body\" {\"msg_id\" 21, \"type\" \"fwd_msg\", \"vv\" {\"n0\" 7, \"n1\" 7, \"n2\" 8}, \"message\" 22}} {\"id\" 96, \"src\" \"n1\", \"dest\" \"n0\", \"body\" {\"msg_id\" 24, \"type\" \"fwd_msg\", \"vv\" {\"n0\" 7, \"n1\" 8, \"n2\" 8}, \"message\" 23}}] when delivering message 24 to process 1"
                     "missing dependencies [{\"id\" 89, \"src\" \"n2\", \"dest\" \"n1\", \"body\" {\"msg_id\" 25, \"type\" \"fwd_msg\", \"vv\" {\"n0\" 7, \"n1\" 6, \"n2\" 8}, \"message\" 21}}] when delivering message 22 to process 2"
                     "missing dependencies [{\"id\" 80, \"src\" \"n2\", \"dest\" \"n0\", \"body\" {\"msg_id\" 21, \"type\" \"fwd_msg\", \"vv\" {\"n0\" 7, \"n1\" 5, \"n2\" 7}, \"message\" 19}} {\"id\" 84, \"src\" \"n1\", \"dest\" \"n0\", \"body\" {\"msg_id\" 18, \"type\" \"fwd_msg\", \"vv\" {\"n0\" 7, \"n1\" 6, \"n2\" 7}, \"message\" 20}} {\"id\" 88, \"src\" \"n2\", \"dest\" \"n0\", \"body\" {\"msg_id\" 24, \"type\" \"fwd_msg\", \"vv\" {\"n0\" 7, \"n1\" 6, \"n2\" 8}, \"message\" 21}} {\"id\" 92, \"src\" \"n1\", \"dest\" \"n0\", \"body\" {\"msg_id\" 21, \"type\" \"fwd_msg\", \"vv\" {\"n0\" 7, \"n1\" 7, \"n2\" 8}, \"message\" 22}} {\"id\" 96, \"src\" \"n1\", \"dest\" \"n0\", \"body\" {\"msg_id\" 24, \"type\" \"fwd_msg\", \"vv\" {\"n0\" 7, \"n1\" 8, \"n2\" 8}, \"message\" 23}}] when delivering message 24 to process 2"
                     "missing dependencies [{\"id\" 100, \"src\" \"n0\", \"dest\" \"n1\", \"body\" {\"msg_id\" 24, \"type\" \"fwd_msg\", \"vv\" {\"n0\" 8, \"n1\" 8, \"n2\" 8}, \"message\" 24}}] when delivering message 25 to process 2"]},
 :valid? false}


Analysis invalid! (ﾉಥ益ಥ）ﾉ ┻━┻
