2023-03-07 11:03:06,704{GMT}	INFO	[jepsen test runner] jepsen.core: Command line:
lein run test -w cbcast --bin wrong-causal-broadcast.py --time-limit 5 --node-count 3 --concurrency 1n --latency-dist uniform --latency 500
2023-03-07 11:03:06,976{GMT}	INFO	[jepsen test runner] jepsen.core: Running test:
{:args []
 :remote
 #jepsen.control.retry.Remote{:remote #jepsen.control.scp.Remote{:cmd-remote #jepsen.control.clj_ssh.Remote{:concurrency-limit 8,
                                                                                                            :conn-spec nil,
                                                                                                            :session nil,
                                                                                                            :semaphore nil},
                                                                 :conn-spec nil},
                              :conn nil}
 :log-net-send false
 :node-count 3
 :max-txn-length 4
 :concurrency 3
 :db
 #object[maelstrom.db$db$reify__16817
         "0x7ba5d307"
         "maelstrom.db$db$reify__16817@7ba5d307"]
 :max-writes-per-key 16
 :leave-db-running? false
 :name "cbcast"
 :logging-json? false
 :start-time
 #object[org.joda.time.DateTime "0x684001e6" "2023-03-07T11:03:06.000Z"]
 :nemesis-interval 10
 :net
 #object[maelstrom.net$jepsen_net$reify__15673
         "0x6bb2b8d4"
         "maelstrom.net$jepsen_net$reify__15673@6bb2b8d4"]
 :client
 #object[maelstrom.workload.cbcast$client$reify__18677
         "0x64230d44"
         "maelstrom.workload.cbcast$client$reify__18677@64230d44"]
 :barrier
 #object[java.util.concurrent.CyclicBarrier
         "0x1ff584d7"
         "java.util.concurrent.CyclicBarrier@1ff584d7"]
 :log-stderr false
 :pure-generators true
 :ssh {:dummy? true}
 :rate 5
 :checker
 #object[jepsen.checker$compose$reify__8787
         "0x7752f9fe"
         "jepsen.checker$compose$reify__8787@7752f9fe"]
 :argv
 ("test"
  "-w"
  "cbcast"
  "--bin"
  "wrong-causal-broadcast.py"
  "--time-limit"
  "5"
  "--node-count"
  "3"
  "--concurrency"
  "1n"
  "--latency-dist"
  "uniform"
  "--latency"
  "500")
 :nemesis
 (jepsen.nemesis.ReflCompose
  {:fm {:start-partition 0,
        :stop-partition 0,
        :kill 1,
        :start 1,
        :pause 1,
        :resume 1},
   :nemeses [#unprintable "jepsen.nemesis.combined$partition_nemesis$reify__17089@9588bd8"
             #unprintable "jepsen.nemesis.combined$db_nemesis$reify__17070@75edfe9a"]})
 :nodes ["n0" "n1" "n2"]
 :test-count 1
 :latency {:mean 500, :dist :uniform}
 :bin "wrong-causal-broadcast.py"
 :generator
 (jepsen.generator.TimeLimit
  {:limit 5000000000,
   :cutoff nil,
   :gen (jepsen.generator.Any
         {:gens [(jepsen.generator.OnThreads {:f #{:nemesis}, :gen nil})
                 (jepsen.generator.OnThreads
                  {:f #object[clojure.core$complement$fn__5654
                              "0x6351efa6"
                              "clojure.core$complement$fn__5654@6351efa6"],
                   :gen (jepsen.generator.Stagger
                         {:dt 400000000,
                          :next-time nil,
                          :gen ({:f :cbcast, :value 1}
                                {:f :cbcast, :value 2}
                                {:f :cbcast, :value 3}
                                {:f :cbcast, :value 4}
                                {:f :cbcast, :value 5}
                                {:f :cbcast, :value 6}
                                {:f :cbcast, :value 7}
                                {:f :cbcast, :value 8}
                                ...)})})]})})
 :log-net-recv false
 :os
 #object[maelstrom.net$jepsen_os$reify__15676
         "0x349e166"
         "maelstrom.net$jepsen_os$reify__15676@349e166"]
 :time-limit 5
 :workload :cbcast
 :consistency-models [:strict-serializable]
 :topology :grid}

2023-03-07 11:03:07,007{GMT}	INFO	[jepsen node n0] maelstrom.net: Starting Maelstrom network
2023-03-07 11:03:07,012{GMT}	INFO	[jepsen test runner] jepsen.db: Tearing down DB
2023-03-07 11:03:07,023{GMT}	INFO	[jepsen test runner] jepsen.db: Setting up DB
2023-03-07 11:03:07,033{GMT}	INFO	[jepsen node n1] maelstrom.db: Setting up n1
2023-03-07 11:03:07,033{GMT}	INFO	[jepsen node n2] maelstrom.db: Setting up n2
2023-03-07 11:03:07,037{GMT}	INFO	[jepsen node n2] maelstrom.process: launching wrong-causal-broadcast.py []
2023-03-07 11:03:07,038{GMT}	INFO	[jepsen node n1] maelstrom.process: launching wrong-causal-broadcast.py []
2023-03-07 11:03:07,058{GMT}	INFO	[jepsen node n0] maelstrom.service: Starting services: (lin-kv lin-tso lww-kv seq-kv)
2023-03-07 11:03:07,073{GMT}	INFO	[jepsen node n0] maelstrom.db: Setting up n0
2023-03-07 11:03:07,075{GMT}	INFO	[jepsen node n0] maelstrom.process: launching wrong-causal-broadcast.py []
2023-03-07 11:03:07,219{GMT}	INFO	[jepsen test runner] jepsen.core: Relative time begins now
2023-03-07 11:03:07,309{GMT}	INFO	[jepsen worker 2] jepsen.util: 2	:invoke	:cbcast	1
2023-03-07 11:03:07,325{GMT}	INFO	[jepsen worker 2] jepsen.util: 2	:ok	:cbcast	[]
2023-03-07 11:03:07,499{GMT}	INFO	[jepsen worker 2] jepsen.util: 2	:invoke	:cbcast	2
2023-03-07 11:03:07,510{GMT}	INFO	[jepsen worker 2] jepsen.util: 2	:ok	:cbcast	[]
2023-03-07 11:03:07,885{GMT}	INFO	[jepsen worker 0] jepsen.util: 0	:invoke	:cbcast	3
2023-03-07 11:03:07,949{GMT}	INFO	[jepsen worker 1] jepsen.util: 1	:invoke	:cbcast	4
2023-03-07 11:03:07,979{GMT}	INFO	[jepsen worker 1] jepsen.util: 1	:ok	:cbcast	[1]
2023-03-07 11:03:08,002{GMT}	INFO	[jepsen worker 0] jepsen.util: 0	:ok	:cbcast	[1]
2023-03-07 11:03:08,188{GMT}	INFO	[jepsen worker 2] jepsen.util: 2	:invoke	:cbcast	5
2023-03-07 11:03:08,343{GMT}	INFO	[jepsen worker 0] jepsen.util: 0	:invoke	:cbcast	6
2023-03-07 11:03:08,412{GMT}	INFO	[jepsen worker 1] jepsen.util: 1	:invoke	:cbcast	7
2023-03-07 11:03:08,430{GMT}	INFO	[jepsen worker 1] jepsen.util: 1	:ok	:cbcast	[2 3]
2023-03-07 11:03:08,490{GMT}	INFO	[jepsen worker 0] jepsen.util: 0	:ok	:cbcast	[2 4]
2023-03-07 11:03:08,653{GMT}	INFO	[jepsen worker 1] jepsen.util: 1	:invoke	:cbcast	8
2023-03-07 11:03:08,958{GMT}	INFO	[jepsen worker 0] jepsen.util: 0	:invoke	:cbcast	9
2023-03-07 11:03:08,966{GMT}	INFO	[jepsen worker 0] jepsen.util: 0	:ok	:cbcast	[7]
2023-03-07 11:03:09,006{GMT}	INFO	[jepsen worker 2] jepsen.util: 2	:ok	:cbcast	[4 3]
2023-03-07 11:03:09,303{GMT}	INFO	[jepsen worker 1] jepsen.util: 1	:ok	:cbcast	[6]
2023-03-07 11:03:09,330{GMT}	INFO	[jepsen worker 1] jepsen.util: 1	:invoke	:cbcast	10
2023-03-07 11:03:09,337{GMT}	INFO	[jepsen worker 1] jepsen.util: 1	:ok	:cbcast	[9 5]
2023-03-07 11:03:09,552{GMT}	INFO	[jepsen worker 2] jepsen.util: 2	:invoke	:cbcast	11
2023-03-07 11:03:09,643{GMT}	INFO	[jepsen worker 2] jepsen.util: 2	:ok	:cbcast	[7 6 9 10]
2023-03-07 11:03:09,888{GMT}	INFO	[jepsen worker 2] jepsen.util: 2	:invoke	:cbcast	12
2023-03-07 11:03:09,894{GMT}	INFO	[jepsen worker 2] jepsen.util: 2	:ok	:cbcast	[8]
2023-03-07 11:03:10,266{GMT}	INFO	[jepsen worker 0] jepsen.util: 0	:invoke	:cbcast	13
2023-03-07 11:03:10,373{GMT}	INFO	[jepsen worker 1] jepsen.util: 1	:invoke	:cbcast	14
2023-03-07 11:03:10,379{GMT}	INFO	[jepsen worker 1] jepsen.util: 1	:ok	:cbcast	[11 12]
2023-03-07 11:03:10,470{GMT}	INFO	[jepsen worker 0] jepsen.util: 0	:ok	:cbcast	[5 8 10 11 12]
2023-03-07 11:03:10,573{GMT}	INFO	[jepsen worker 0] jepsen.util: 0	:invoke	:cbcast	15
2023-03-07 11:03:10,842{GMT}	INFO	[jepsen worker 0] jepsen.util: 0	:ok	:cbcast	[14]
2023-03-07 11:03:10,963{GMT}	INFO	[jepsen worker 1] jepsen.util: 1	:invoke	:cbcast	16
2023-03-07 11:03:11,251{GMT}	INFO	[jepsen worker 2] jepsen.util: 2	:invoke	:cbcast	17
2023-03-07 11:03:11,257{GMT}	INFO	[jepsen worker 2] jepsen.util: 2	:ok	:cbcast	[14 15 13]
2023-03-07 11:03:11,260{GMT}	INFO	[jepsen worker 2] jepsen.util: 2	:invoke	:cbcast	18
2023-03-07 11:03:11,266{GMT}	INFO	[jepsen worker 2] jepsen.util: 2	:ok	:cbcast	[]
2023-03-07 11:03:11,395{GMT}	INFO	[jepsen worker 1] jepsen.util: 1	:ok	:cbcast	[13]
2023-03-07 11:03:11,526{GMT}	INFO	[jepsen worker 0] jepsen.util: 0	:invoke	:cbcast	19
2023-03-07 11:03:11,741{GMT}	INFO	[jepsen worker 2] jepsen.util: 2	:invoke	:cbcast	20
2023-03-07 11:03:11,746{GMT}	INFO	[jepsen worker 2] jepsen.util: 2	:ok	:cbcast	[16]
2023-03-07 11:03:11,823{GMT}	INFO	[jepsen worker 0] jepsen.util: 0	:ok	:cbcast	[17 18]
2023-03-07 11:03:11,912{GMT}	INFO	[jepsen worker 2] jepsen.util: 2	:invoke	:cbcast	21
2023-03-07 11:03:12,119{GMT}	INFO	[jepsen worker 2] jepsen.util: 2	:ok	:cbcast	[19]
2023-03-07 11:03:12,124{GMT}	INFO	[jepsen worker 2] jepsen.util: 2	:invoke	:cbcast	22
2023-03-07 11:03:12,130{GMT}	INFO	[jepsen worker 2] jepsen.util: 2	:ok	:cbcast	[]
2023-03-07 11:03:12,146{GMT}	INFO	[jepsen node n0] maelstrom.db: Tearing down n0
2023-03-07 11:03:12,146{GMT}	INFO	[jepsen node n1] maelstrom.db: Tearing down n1
2023-03-07 11:03:12,147{GMT}	INFO	[jepsen node n2] maelstrom.db: Tearing down n2
2023-03-07 11:03:13,129{GMT}	INFO	[jepsen node n0] maelstrom.net: Shutting down Maelstrom network
2023-03-07 11:03:13,130{GMT}	INFO	[jepsen test runner] jepsen.core: Run complete, writing
2023-03-07 11:03:13,142{GMT}	INFO	[jepsen test runner] jepsen.core: Analyzing...
2023-03-07 11:03:13,293{GMT}	INFO	[jepsen test runner] jepsen.core: Analysis complete
2023-03-07 11:03:13,302{GMT}	INFO	[jepsen results] jepsen.store: Wrote /home/miguel/uni/4ano/sd/sdge/guiao1/store/cbcast/20230307T110306.000Z/results.edn
2023-03-07 11:03:13,311{GMT}	INFO	[jepsen test runner] jepsen.core: {:perf {:latency-graph {:valid? true},
        :rate-graph {:valid? true},
        :valid? true},
 :timeline {:valid? true},
 :exceptions {:valid? true},
 :stats {:valid? true,
         :count 22,
         :ok-count 22,
         :fail-count 0,
         :info-count 0,
         :by-f {:cbcast {:valid? true,
                         :count 22,
                         :ok-count 22,
                         :fail-count 0,
                         :info-count 0}}},
 :net {:all {:send-count 94,
             :recv-count 89,
             :msg-count 94,
             :msgs-per-op 4.2727275},
       :clients {:send-count 50, :recv-count 50, :msg-count 50},
       :servers {:send-count 44,
                 :recv-count 39,
                 :msg-count 44,
                 :msgs-per-op 2.0},
       :valid? true},
 :workload {:valid? false,
            :errors ["missing dependencies [8] when delivering message 10 to process 2"
                     "missing dependencies [13] when delivering message 15 to process 2"]},
 :valid? false}


Analysis invalid! (ﾉಥ益ಥ）ﾉ ┻━┻
