2023-03-15 16:10:24,889{GMT}	INFO	[jepsen test runner] jepsen.core: Command line:
lein run test -w cbcast --bin causal-broadcast.py --time-limit 5 --node-count 4 --latency-dist uniform --latency 500
2023-03-15 16:10:24,950{GMT}	INFO	[jepsen test runner] jepsen.core: Running test:
{:args []
 :remote
 #jepsen.control.retry.Remote{:remote #jepsen.control.scp.Remote{:cmd-remote #jepsen.control.clj_ssh.Remote{:concurrency-limit 8,
                                                                                                            :conn-spec nil,
                                                                                                            :session nil,
                                                                                                            :semaphore nil},
                                                                 :conn-spec nil},
                              :conn nil}
 :log-net-send false
 :node-count 4
 :max-txn-length 4
 :concurrency 4
 :db
 #object[maelstrom.db$db$reify__16817
         "0x7ba5d307"
         "maelstrom.db$db$reify__16817@7ba5d307"]
 :max-writes-per-key 16
 :leave-db-running? false
 :name "cbcast"
 :logging-json? false
 :start-time
 #object[org.joda.time.DateTime "0x684001e6" "2023-03-15T16:10:24.000Z"]
 :nemesis-interval 10
 :net
 #object[maelstrom.net$jepsen_net$reify__15673
         "0x6bb2b8d4"
         "maelstrom.net$jepsen_net$reify__15673@6bb2b8d4"]
 :client
 #object[maelstrom.workload.cbcast$client$reify__18677
         "0x64230d44"
         "maelstrom.workload.cbcast$client$reify__18677@64230d44"]
 :barrier
 #object[java.util.concurrent.CyclicBarrier
         "0x1ff584d7"
         "java.util.concurrent.CyclicBarrier@1ff584d7"]
 :log-stderr false
 :pure-generators true
 :ssh {:dummy? true}
 :rate 5
 :checker
 #object[jepsen.checker$compose$reify__8787
         "0x7752f9fe"
         "jepsen.checker$compose$reify__8787@7752f9fe"]
 :argv
 ("test"
  "-w"
  "cbcast"
  "--bin"
  "causal-broadcast.py"
  "--time-limit"
  "5"
  "--node-count"
  "4"
  "--latency-dist"
  "uniform"
  "--latency"
  "500")
 :nemesis
 (jepsen.nemesis.ReflCompose
  {:fm {:start-partition 0,
        :stop-partition 0,
        :kill 1,
        :start 1,
        :pause 1,
        :resume 1},
   :nemeses [#unprintable "jepsen.nemesis.combined$partition_nemesis$reify__17089@9588bd8"
             #unprintable "jepsen.nemesis.combined$db_nemesis$reify__17070@75edfe9a"]})
 :nodes ["n0" "n1" "n2" "n3"]
 :test-count 1
 :latency {:mean 500, :dist :uniform}
 :bin "causal-broadcast.py"
 :generator
 (jepsen.generator.TimeLimit
  {:limit 5000000000,
   :cutoff nil,
   :gen (jepsen.generator.Any
         {:gens [(jepsen.generator.OnThreads {:f #{:nemesis}, :gen nil})
                 (jepsen.generator.OnThreads
                  {:f #object[clojure.core$complement$fn__5654
                              "0x6351efa6"
                              "clojure.core$complement$fn__5654@6351efa6"],
                   :gen (jepsen.generator.Stagger
                         {:dt 400000000,
                          :next-time nil,
                          :gen ({:f :cbcast, :value 1}
                                {:f :cbcast, :value 2}
                                {:f :cbcast, :value 3}
                                {:f :cbcast, :value 4}
                                {:f :cbcast, :value 5}
                                {:f :cbcast, :value 6}
                                {:f :cbcast, :value 7}
                                {:f :cbcast, :value 8}
                                ...)})})]})})
 :log-net-recv false
 :os
 #object[maelstrom.net$jepsen_os$reify__15676
         "0x349e166"
         "maelstrom.net$jepsen_os$reify__15676@349e166"]
 :time-limit 5
 :workload :cbcast
 :consistency-models [:strict-serializable]
 :topology :grid}

2023-03-15 16:10:24,961{GMT}	INFO	[jepsen node n0] maelstrom.net: Starting Maelstrom network
2023-03-15 16:10:24,964{GMT}	INFO	[jepsen test runner] jepsen.db: Tearing down DB
2023-03-15 16:10:24,967{GMT}	INFO	[jepsen test runner] jepsen.db: Setting up DB
2023-03-15 16:10:24,970{GMT}	INFO	[jepsen node n1] maelstrom.db: Setting up n1
2023-03-15 16:10:24,970{GMT}	INFO	[jepsen node n3] maelstrom.db: Setting up n3
2023-03-15 16:10:24,970{GMT}	INFO	[jepsen node n2] maelstrom.db: Setting up n2
2023-03-15 16:10:24,971{GMT}	INFO	[jepsen node n1] maelstrom.process: launching causal-broadcast.py []
2023-03-15 16:10:24,971{GMT}	INFO	[jepsen node n2] maelstrom.process: launching causal-broadcast.py []
2023-03-15 16:10:24,971{GMT}	INFO	[jepsen node n3] maelstrom.process: launching causal-broadcast.py []
2023-03-15 16:10:24,981{GMT}	INFO	[jepsen node n0] maelstrom.service: Starting services: (lin-kv lin-tso lww-kv seq-kv)
2023-03-15 16:10:24,993{GMT}	INFO	[jepsen node n0] maelstrom.db: Setting up n0
2023-03-15 16:10:24,995{GMT}	INFO	[jepsen node n0] maelstrom.process: launching causal-broadcast.py []
2023-03-15 16:10:25,054{GMT}	INFO	[jepsen test runner] jepsen.core: Relative time begins now
2023-03-15 16:10:25,082{GMT}	INFO	[jepsen worker 3] jepsen.util: 3	:invoke	:cbcast	1
2023-03-15 16:10:25,086{GMT}	INFO	[jepsen worker 3] jepsen.util: 3	:ok	:cbcast	[]
2023-03-15 16:10:25,380{GMT}	INFO	[jepsen worker 3] jepsen.util: 3	:invoke	:cbcast	2
2023-03-15 16:10:25,382{GMT}	INFO	[jepsen worker 3] jepsen.util: 3	:ok	:cbcast	[]
2023-03-15 16:10:25,394{GMT}	INFO	[jepsen worker 1] jepsen.util: 1	:invoke	:cbcast	3
2023-03-15 16:10:25,558{GMT}	INFO	[jepsen worker 2] jepsen.util: 2	:invoke	:cbcast	4
2023-03-15 16:10:25,718{GMT}	INFO	[jepsen worker 2] jepsen.util: 2	:ok	:cbcast	[1]
2023-03-15 16:10:25,897{GMT}	INFO	[jepsen worker 0] jepsen.util: 0	:invoke	:cbcast	5
2023-03-15 16:10:26,190{GMT}	INFO	[jepsen worker 1] jepsen.util: 1	:ok	:cbcast	[1 2]
2023-03-15 16:10:26,203{GMT}	INFO	[jepsen worker 0] jepsen.util: 0	:ok	:cbcast	[1 2 4]
2023-03-15 16:10:26,212{GMT}	INFO	[jepsen worker 1] jepsen.util: 1	:invoke	:cbcast	6
2023-03-15 16:10:26,372{GMT}	INFO	[jepsen worker 0] jepsen.util: 0	:invoke	:cbcast	7
2023-03-15 16:10:26,374{GMT}	INFO	[jepsen worker 0] jepsen.util: 0	:ok	:cbcast	[3]
2023-03-15 16:10:26,445{GMT}	INFO	[jepsen worker 1] jepsen.util: 1	:ok	:cbcast	[4]
2023-03-15 16:10:26,575{GMT}	INFO	[jepsen worker 2] jepsen.util: 2	:invoke	:cbcast	8
2023-03-15 16:10:26,594{GMT}	INFO	[jepsen worker 0] jepsen.util: 0	:invoke	:cbcast	9
2023-03-15 16:10:26,879{GMT}	INFO	[jepsen worker 3] jepsen.util: 3	:invoke	:cbcast	10
2023-03-15 16:10:27,006{GMT}	INFO	[jepsen worker 2] jepsen.util: 2	:ok	:cbcast	[2 3]
2023-03-15 16:10:27,015{GMT}	INFO	[jepsen worker 2] jepsen.util: 2	:invoke	:cbcast	11
2023-03-15 16:10:27,136{GMT}	INFO	[jepsen worker 3] jepsen.util: 3	:ok	:cbcast	[4 3 6 5 7]
2023-03-15 16:10:27,179{GMT}	INFO	[jepsen worker 0] jepsen.util: 0	:ok	:cbcast	[6]
2023-03-15 16:10:27,205{GMT}	INFO	[jepsen worker 1] jepsen.util: 1	:invoke	:cbcast	12
2023-03-15 16:10:27,333{GMT}	INFO	[jepsen worker 2] jepsen.util: 2	:ok	:cbcast	[5 6 7]
2023-03-15 16:10:27,441{GMT}	INFO	[jepsen worker 2] jepsen.util: 2	:invoke	:cbcast	13
2023-03-15 16:10:27,670{GMT}	INFO	[jepsen worker 0] jepsen.util: 0	:invoke	:cbcast	14
2023-03-15 16:10:27,692{GMT}	INFO	[jepsen worker 3] jepsen.util: 3	:invoke	:cbcast	15
2023-03-15 16:10:27,875{GMT}	INFO	[jepsen worker 3] jepsen.util: 3	:ok	:cbcast	[8]
2023-03-15 16:10:27,881{GMT}	INFO	[jepsen worker 2] jepsen.util: 2	:ok	:cbcast	[9 10]
2023-03-15 16:10:27,991{GMT}	INFO	[jepsen worker 1] jepsen.util: 1	:ok	:cbcast	[5 7 8 10]
2023-03-15 16:10:28,040{GMT}	INFO	[jepsen worker 3] jepsen.util: 3	:invoke	:cbcast	16
2023-03-15 16:10:28,115{GMT}	INFO	[jepsen worker 0] jepsen.util: 0	:ok	:cbcast	[8 11 10]
2023-03-15 16:10:28,196{GMT}	INFO	[jepsen worker 1] jepsen.util: 1	:invoke	:cbcast	17
2023-03-15 16:10:28,205{GMT}	INFO	[jepsen worker 2] jepsen.util: 2	:invoke	:cbcast	18
2023-03-15 16:10:28,326{GMT}	INFO	[jepsen worker 2] jepsen.util: 2	:ok	:cbcast	[15]
2023-03-15 16:10:28,474{GMT}	INFO	[jepsen worker 3] jepsen.util: 3	:ok	:cbcast	[11 9 13]
2023-03-15 16:10:28,538{GMT}	INFO	[jepsen worker 2] jepsen.util: 2	:invoke	:cbcast	19
2023-03-15 16:10:28,857{GMT}	INFO	[jepsen worker 3] jepsen.util: 3	:invoke	:cbcast	20
2023-03-15 16:10:28,858{GMT}	INFO	[jepsen worker 3] jepsen.util: 3	:ok	:cbcast	[14 12 18]
2023-03-15 16:10:28,877{GMT}	INFO	[jepsen worker 1] jepsen.util: 1	:ok	:cbcast	[9 11 13 15 14]
2023-03-15 16:10:29,098{GMT}	INFO	[jepsen worker 2] jepsen.util: 2	:ok	:cbcast	[12 14]
2023-03-15 16:10:29,221{GMT}	INFO	[jepsen worker 1] jepsen.util: 1	:invoke	:cbcast	21
2023-03-15 16:10:29,254{GMT}	INFO	[jepsen worker 1] jepsen.util: 1	:ok	:cbcast	[18 16 20 19]
2023-03-15 16:10:29,362{GMT}	INFO	[jepsen worker 1] jepsen.util: 1	:invoke	:cbcast	22
2023-03-15 16:10:29,364{GMT}	INFO	[jepsen worker 1] jepsen.util: 1	:ok	:cbcast	[]
2023-03-15 16:10:29,510{GMT}	INFO	[jepsen worker 1] jepsen.util: 1	:invoke	:cbcast	23
2023-03-15 16:10:29,512{GMT}	INFO	[jepsen worker 1] jepsen.util: 1	:ok	:cbcast	[]
2023-03-15 16:10:29,879{GMT}	INFO	[jepsen worker 1] jepsen.util: 1	:invoke	:cbcast	24
2023-03-15 16:10:29,882{GMT}	INFO	[jepsen worker 1] jepsen.util: 1	:ok	:cbcast	[]
2023-03-15 16:10:29,887{GMT}	INFO	[jepsen node n1] maelstrom.db: Tearing down n1
2023-03-15 16:10:29,886{GMT}	INFO	[jepsen node n0] maelstrom.db: Tearing down n0
2023-03-15 16:10:29,887{GMT}	INFO	[jepsen node n2] maelstrom.db: Tearing down n2
2023-03-15 16:10:29,887{GMT}	INFO	[jepsen node n3] maelstrom.db: Tearing down n3
2023-03-15 16:10:30,997{GMT}	INFO	[jepsen node n0] maelstrom.net: Shutting down Maelstrom network
2023-03-15 16:10:30,999{GMT}	INFO	[jepsen test runner] jepsen.core: Run complete, writing
2023-03-15 16:10:31,006{GMT}	INFO	[jepsen test runner] jepsen.core: Analyzing...
2023-03-15 16:10:31,152{GMT}	INFO	[jepsen test runner] jepsen.core: Analysis complete
2023-03-15 16:10:31,160{GMT}	INFO	[jepsen results] jepsen.store: Wrote /home/miguel/uni/4ano/sd/sdge/guiao1/store/cbcast/20230315T161024.000Z/results.edn
2023-03-15 16:10:31,170{GMT}	INFO	[jepsen test runner] jepsen.core: {:perf {:latency-graph {:valid? true},
        :rate-graph {:valid? true},
        :valid? true},
 :timeline {:valid? true},
 :exceptions {:valid? true},
 :stats {:valid? true,
         :count 24,
         :ok-count 24,
         :fail-count 0,
         :info-count 0,
         :by-f {:cbcast {:valid? true,
                         :count 24,
                         :ok-count 24,
                         :fail-count 0,
                         :info-count 0}}},
 :net {:all {:send-count 128,
             :recv-count 124,
             :msg-count 128,
             :msgs-per-op 5.3333335},
       :clients {:send-count 56, :recv-count 56, :msg-count 56},
       :servers {:send-count 72,
                 :recv-count 68,
                 :msg-count 72,
                 :msgs-per-op 3.0},
       :valid? true},
 :workload {:valid? true, :errors []},
 :valid? true}


Everything looks good! ヽ(‘ー`)ノ
