2023-03-10 15:50:44,606{GMT}	INFO	[jepsen test runner] jepsen.core: Command line:
lein run test -w cbcast --bin causal-broadcast.py --time-limit 5 --node-count 3 --latency-dist uniform --latency 500
2023-03-10 15:50:44,691{GMT}	INFO	[jepsen test runner] jepsen.core: Running test:
{:args []
 :remote
 #jepsen.control.retry.Remote{:remote #jepsen.control.scp.Remote{:cmd-remote #jepsen.control.clj_ssh.Remote{:concurrency-limit 8,
                                                                                                            :conn-spec nil,
                                                                                                            :session nil,
                                                                                                            :semaphore nil},
                                                                 :conn-spec nil},
                              :conn nil}
 :log-net-send false
 :node-count 3
 :max-txn-length 4
 :concurrency 3
 :db
 #object[maelstrom.db$db$reify__16817
         "0x7ba5d307"
         "maelstrom.db$db$reify__16817@7ba5d307"]
 :max-writes-per-key 16
 :leave-db-running? false
 :name "cbcast"
 :logging-json? false
 :start-time
 #object[org.joda.time.DateTime "0x684001e6" "2023-03-10T15:50:44.000Z"]
 :nemesis-interval 10
 :net
 #object[maelstrom.net$jepsen_net$reify__15673
         "0x6bb2b8d4"
         "maelstrom.net$jepsen_net$reify__15673@6bb2b8d4"]
 :client
 #object[maelstrom.workload.cbcast$client$reify__18677
         "0x64230d44"
         "maelstrom.workload.cbcast$client$reify__18677@64230d44"]
 :barrier
 #object[java.util.concurrent.CyclicBarrier
         "0x1ff584d7"
         "java.util.concurrent.CyclicBarrier@1ff584d7"]
 :log-stderr false
 :pure-generators true
 :ssh {:dummy? true}
 :rate 5
 :checker
 #object[jepsen.checker$compose$reify__8787
         "0x7752f9fe"
         "jepsen.checker$compose$reify__8787@7752f9fe"]
 :argv
 ("test"
  "-w"
  "cbcast"
  "--bin"
  "causal-broadcast.py"
  "--time-limit"
  "5"
  "--node-count"
  "3"
  "--latency-dist"
  "uniform"
  "--latency"
  "500")
 :nemesis
 (jepsen.nemesis.ReflCompose
  {:fm {:start-partition 0,
        :stop-partition 0,
        :kill 1,
        :start 1,
        :pause 1,
        :resume 1},
   :nemeses [#unprintable "jepsen.nemesis.combined$partition_nemesis$reify__17089@9588bd8"
             #unprintable "jepsen.nemesis.combined$db_nemesis$reify__17070@75edfe9a"]})
 :nodes ["n0" "n1" "n2"]
 :test-count 1
 :latency {:mean 500, :dist :uniform}
 :bin "causal-broadcast.py"
 :generator
 (jepsen.generator.TimeLimit
  {:limit 5000000000,
   :cutoff nil,
   :gen (jepsen.generator.Any
         {:gens [(jepsen.generator.OnThreads {:f #{:nemesis}, :gen nil})
                 (jepsen.generator.OnThreads
                  {:f #object[clojure.core$complement$fn__5654
                              "0x6351efa6"
                              "clojure.core$complement$fn__5654@6351efa6"],
                   :gen (jepsen.generator.Stagger
                         {:dt 400000000,
                          :next-time nil,
                          :gen ({:f :cbcast, :value 1}
                                {:f :cbcast, :value 2}
                                {:f :cbcast, :value 3}
                                {:f :cbcast, :value 4}
                                {:f :cbcast, :value 5}
                                {:f :cbcast, :value 6}
                                {:f :cbcast, :value 7}
                                {:f :cbcast, :value 8}
                                ...)})})]})})
 :log-net-recv false
 :os
 #object[maelstrom.net$jepsen_os$reify__15676
         "0x349e166"
         "maelstrom.net$jepsen_os$reify__15676@349e166"]
 :time-limit 5
 :workload :cbcast
 :consistency-models [:strict-serializable]
 :topology :grid}

2023-03-10 15:50:44,701{GMT}	INFO	[jepsen node n0] maelstrom.net: Starting Maelstrom network
2023-03-10 15:50:44,703{GMT}	INFO	[jepsen test runner] jepsen.db: Tearing down DB
2023-03-10 15:50:44,718{GMT}	INFO	[jepsen test runner] jepsen.db: Setting up DB
2023-03-10 15:50:44,719{GMT}	INFO	[jepsen node n2] maelstrom.db: Setting up n2
2023-03-10 15:50:44,719{GMT}	INFO	[jepsen node n1] maelstrom.db: Setting up n1
2023-03-10 15:50:44,721{GMT}	INFO	[jepsen node n1] maelstrom.process: launching causal-broadcast.py []
2023-03-10 15:50:44,721{GMT}	INFO	[jepsen node n2] maelstrom.process: launching causal-broadcast.py []
2023-03-10 15:50:44,724{GMT}	INFO	[jepsen node n0] maelstrom.service: Starting services: (lin-kv lin-tso lww-kv seq-kv)
2023-03-10 15:50:44,729{GMT}	INFO	[jepsen node n0] maelstrom.db: Setting up n0
2023-03-10 15:50:44,730{GMT}	INFO	[jepsen node n0] maelstrom.process: launching causal-broadcast.py []
2023-03-10 15:50:44,804{GMT}	INFO	[jepsen test runner] jepsen.core: Relative time begins now
2023-03-10 15:50:44,817{GMT}	INFO	[jepsen worker 1] jepsen.util: 1	:invoke	:cbcast	1
2023-03-10 15:50:44,822{GMT}	INFO	[jepsen worker 1] jepsen.util: 1	:ok	:cbcast	[]
2023-03-10 15:50:45,139{GMT}	INFO	[jepsen worker 0] jepsen.util: 0	:invoke	:cbcast	2
2023-03-10 15:50:45,142{GMT}	INFO	[jepsen worker 0] jepsen.util: 0	:ok	:cbcast	[1]
2023-03-10 15:50:45,301{GMT}	INFO	[jepsen worker 0] jepsen.util: 0	:invoke	:cbcast	3
2023-03-10 15:50:45,303{GMT}	INFO	[jepsen worker 0] jepsen.util: 0	:ok	:cbcast	[]
2023-03-10 15:50:45,589{GMT}	INFO	[jepsen worker 1] jepsen.util: 1	:invoke	:cbcast	4
2023-03-10 15:50:45,592{GMT}	INFO	[jepsen worker 1] jepsen.util: 1	:ok	:cbcast	[2 3]
2023-03-10 15:50:45,652{GMT}	INFO	[jepsen worker 2] jepsen.util: 2	:invoke	:cbcast	5
2023-03-10 15:50:45,744{GMT}	INFO	[jepsen worker 2] jepsen.util: 2	:ok	:cbcast	[1 2 3 4]
2023-03-10 15:50:45,848{GMT}	INFO	[jepsen worker 2] jepsen.util: 2	:invoke	:cbcast	6
2023-03-10 15:50:45,851{GMT}	INFO	[jepsen worker 2] jepsen.util: 2	:ok	:cbcast	[]
2023-03-10 15:50:45,976{GMT}	INFO	[jepsen worker 0] jepsen.util: 0	:invoke	:cbcast	7
2023-03-10 15:50:46,162{GMT}	INFO	[jepsen worker 0] jepsen.util: 0	:ok	:cbcast	[4 6]
2023-03-10 15:50:46,175{GMT}	INFO	[jepsen worker 2] jepsen.util: 2	:invoke	:cbcast	8
2023-03-10 15:50:46,490{GMT}	INFO	[jepsen worker 0] jepsen.util: 0	:invoke	:cbcast	9
2023-03-10 15:50:46,604{GMT}	INFO	[jepsen worker 0] jepsen.util: 0	:ok	:cbcast	[5]
2023-03-10 15:50:46,818{GMT}	INFO	[jepsen worker 0] jepsen.util: 0	:invoke	:cbcast	10
2023-03-10 15:50:46,820{GMT}	INFO	[jepsen worker 0] jepsen.util: 0	:ok	:cbcast	[]
2023-03-10 15:50:46,980{GMT}	INFO	[jepsen worker 1] jepsen.util: 1	:invoke	:cbcast	11
2023-03-10 15:50:46,982{GMT}	INFO	[jepsen worker 1] jepsen.util: 1	:ok	:cbcast	[5 6 7 9 10]
2023-03-10 15:50:46,996{GMT}	INFO	[jepsen worker 0] jepsen.util: 0	:invoke	:cbcast	12
2023-03-10 15:50:47,052{GMT}	INFO	[jepsen worker 1] jepsen.util: 1	:invoke	:cbcast	13
2023-03-10 15:50:47,054{GMT}	INFO	[jepsen worker 1] jepsen.util: 1	:ok	:cbcast	[]
2023-03-10 15:50:47,130{GMT}	INFO	[jepsen worker 2] jepsen.util: 2	:ok	:cbcast	[7]
2023-03-10 15:50:47,278{GMT}	INFO	[jepsen worker 0] jepsen.util: 0	:ok	:cbcast	[11]
2023-03-10 15:50:47,351{GMT}	INFO	[jepsen worker 2] jepsen.util: 2	:invoke	:cbcast	14
2023-03-10 15:50:47,480{GMT}	INFO	[jepsen worker 1] jepsen.util: 1	:invoke	:cbcast	15
2023-03-10 15:50:47,503{GMT}	INFO	[jepsen worker 0] jepsen.util: 0	:invoke	:cbcast	16
2023-03-10 15:50:47,551{GMT}	INFO	[jepsen worker 0] jepsen.util: 0	:ok	:cbcast	[13]
2023-03-10 15:50:47,864{GMT}	INFO	[jepsen worker 2] jepsen.util: 2	:ok	:cbcast	[10 13 9 11]
2023-03-10 15:50:47,893{GMT}	INFO	[jepsen worker 0] jepsen.util: 0	:invoke	:cbcast	17
2023-03-10 15:50:47,919{GMT}	INFO	[jepsen worker 1] jepsen.util: 1	:ok	:cbcast	[8 12]
2023-03-10 15:50:48,084{GMT}	INFO	[jepsen worker 1] jepsen.util: 1	:invoke	:cbcast	18
2023-03-10 15:50:48,289{GMT}	INFO	[jepsen worker 2] jepsen.util: 2	:invoke	:cbcast	19
2023-03-10 15:50:48,409{GMT}	INFO	[jepsen worker 0] jepsen.util: 0	:ok	:cbcast	[8 14]
2023-03-10 15:50:48,410{GMT}	INFO	[jepsen worker 0] jepsen.util: 0	:invoke	:cbcast	20
2023-03-10 15:50:48,458{GMT}	INFO	[jepsen worker 1] jepsen.util: 1	:ok	:cbcast	[16 14]
2023-03-10 15:50:48,635{GMT}	INFO	[jepsen worker 1] jepsen.util: 1	:invoke	:cbcast	21
2023-03-10 15:50:48,637{GMT}	INFO	[jepsen worker 1] jepsen.util: 1	:ok	:cbcast	[17]
2023-03-10 15:50:48,666{GMT}	INFO	[jepsen worker 1] jepsen.util: 1	:invoke	:cbcast	22
2023-03-10 15:50:48,668{GMT}	INFO	[jepsen worker 1] jepsen.util: 1	:ok	:cbcast	[]
2023-03-10 15:50:48,708{GMT}	INFO	[jepsen worker 2] jepsen.util: 2	:ok	:cbcast	[16 12 15]
2023-03-10 15:50:48,747{GMT}	INFO	[jepsen worker 2] jepsen.util: 2	:invoke	:cbcast	23
2023-03-10 15:50:48,800{GMT}	INFO	[jepsen worker 1] jepsen.util: 1	:invoke	:cbcast	24
2023-03-10 15:50:48,829{GMT}	INFO	[jepsen worker 1] jepsen.util: 1	:ok	:cbcast	[19]
2023-03-10 15:50:48,832{GMT}	INFO	[jepsen worker 1] jepsen.util: 1	:invoke	:cbcast	25
2023-03-10 15:50:48,834{GMT}	INFO	[jepsen worker 1] jepsen.util: 1	:ok	:cbcast	[]
2023-03-10 15:50:48,845{GMT}	INFO	[jepsen worker 0] jepsen.util: 0	:ok	:cbcast	[15]
2023-03-10 15:50:48,975{GMT}	INFO	[jepsen worker 2] jepsen.util: 2	:ok	:cbcast	[22 17]
2023-03-10 15:50:49,182{GMT}	INFO	[jepsen worker 2] jepsen.util: 2	:invoke	:cbcast	26
2023-03-10 15:50:49,188{GMT}	INFO	[jepsen worker 2] jepsen.util: 2	:ok	:cbcast	[20 24]
2023-03-10 15:50:49,506{GMT}	INFO	[jepsen worker 0] jepsen.util: 0	:invoke	:cbcast	27
2023-03-10 15:50:49,508{GMT}	INFO	[jepsen worker 2] jepsen.util: 2	:invoke	:cbcast	28
2023-03-10 15:50:49,654{GMT}	INFO	[jepsen worker 0] jepsen.util: 0	:ok	:cbcast	[21 25 22 26 18 19]
2023-03-10 15:50:49,749{GMT}	INFO	[jepsen worker 2] jepsen.util: 2	:ok	:cbcast	[21 18 25]
2023-03-10 15:50:49,762{GMT}	INFO	[jepsen worker 1] jepsen.util: 1	:invoke	:cbcast	29
2023-03-10 15:50:49,771{GMT}	INFO	[jepsen worker 1] jepsen.util: 1	:ok	:cbcast	[20 23]
2023-03-10 15:50:49,775{GMT}	INFO	[jepsen node n1] maelstrom.db: Tearing down n1
2023-03-10 15:50:49,775{GMT}	INFO	[jepsen node n0] maelstrom.db: Tearing down n0
2023-03-10 15:50:49,775{GMT}	INFO	[jepsen node n2] maelstrom.db: Tearing down n2
2023-03-10 15:50:50,733{GMT}	INFO	[jepsen node n0] maelstrom.net: Shutting down Maelstrom network
2023-03-10 15:50:50,733{GMT}	INFO	[jepsen test runner] jepsen.core: Run complete, writing
2023-03-10 15:50:50,739{GMT}	INFO	[jepsen test runner] jepsen.core: Analyzing...
2023-03-10 15:50:50,863{GMT}	INFO	[jepsen test runner] jepsen.core: Analysis complete
2023-03-10 15:50:50,872{GMT}	INFO	[jepsen results] jepsen.store: Wrote /home/miguel/uni/4ano/sd/sdge/guiao1/store/cbcast/20230310T155044.000Z/results.edn
2023-03-10 15:50:50,879{GMT}	INFO	[jepsen test runner] jepsen.core: {:perf {:latency-graph {:valid? true},
        :rate-graph {:valid? true},
        :valid? true},
 :timeline {:valid? true},
 :exceptions {:valid? true},
 :stats {:valid? true,
         :count 29,
         :ok-count 29,
         :fail-count 0,
         :info-count 0,
         :by-f {:cbcast {:valid? true,
                         :count 29,
                         :ok-count 29,
                         :fail-count 0,
                         :info-count 0}}},
 :net {:all {:send-count 122,
             :recv-count 117,
             :msg-count 122,
             :msgs-per-op 4.206897},
       :clients {:send-count 64, :recv-count 64, :msg-count 64},
       :servers {:send-count 58,
                 :recv-count 53,
                 :msg-count 58,
                 :msgs-per-op 2.0},
       :valid? true},
 :workload {:valid? false,
            :errors ["missing dependencies [5] when delivering message 6 to process 0"
                     "missing dependencies [9] when delivering message 10 to process 2"
                     "missing dependencies [11] when delivering message 13 to process 2"
                     "missing dependencies [12] when delivering message 16 to process 2"
                     "missing dependencies [21] when delivering message 22 to process 2"
                     "missing dependencies [18] when delivering message 21 to process 0"
                     "missing dependencies [24] when delivering message 25 to process 0"
                     "missing dependencies [23 24] when delivering message 26 to process 0"
                     "missing dependencies [18] when delivering message 21 to process 2"]},
 :valid? false}


Analysis invalid! (ﾉಥ益ಥ）ﾉ ┻━┻
