2023-03-08 13:13:12,742{GMT}	INFO	[jepsen test runner] jepsen.core: Command line:
lein run test -w cbcast --bin causal-broadcast.py --time-limit 5 --node-count 3 --latency-dist uniform --latency 500
2023-03-08 13:13:12,796{GMT}	INFO	[jepsen test runner] jepsen.core: Running test:
{:args []
 :remote
 #jepsen.control.retry.Remote{:remote #jepsen.control.scp.Remote{:cmd-remote #jepsen.control.clj_ssh.Remote{:concurrency-limit 8,
                                                                                                            :conn-spec nil,
                                                                                                            :session nil,
                                                                                                            :semaphore nil},
                                                                 :conn-spec nil},
                              :conn nil}
 :log-net-send false
 :node-count 3
 :max-txn-length 4
 :concurrency 3
 :db
 #object[maelstrom.db$db$reify__16817
         "0x7ba5d307"
         "maelstrom.db$db$reify__16817@7ba5d307"]
 :max-writes-per-key 16
 :leave-db-running? false
 :name "cbcast"
 :logging-json? false
 :start-time
 #object[org.joda.time.DateTime "0x684001e6" "2023-03-08T13:13:12.000Z"]
 :nemesis-interval 10
 :net
 #object[maelstrom.net$jepsen_net$reify__15673
         "0x6bb2b8d4"
         "maelstrom.net$jepsen_net$reify__15673@6bb2b8d4"]
 :client
 #object[maelstrom.workload.cbcast$client$reify__18677
         "0x64230d44"
         "maelstrom.workload.cbcast$client$reify__18677@64230d44"]
 :barrier
 #object[java.util.concurrent.CyclicBarrier
         "0x1ff584d7"
         "java.util.concurrent.CyclicBarrier@1ff584d7"]
 :log-stderr false
 :pure-generators true
 :ssh {:dummy? true}
 :rate 5
 :checker
 #object[jepsen.checker$compose$reify__8787
         "0x7752f9fe"
         "jepsen.checker$compose$reify__8787@7752f9fe"]
 :argv
 ("test"
  "-w"
  "cbcast"
  "--bin"
  "causal-broadcast.py"
  "--time-limit"
  "5"
  "--node-count"
  "3"
  "--latency-dist"
  "uniform"
  "--latency"
  "500")
 :nemesis
 (jepsen.nemesis.ReflCompose
  {:fm {:start-partition 0,
        :stop-partition 0,
        :kill 1,
        :start 1,
        :pause 1,
        :resume 1},
   :nemeses [#unprintable "jepsen.nemesis.combined$partition_nemesis$reify__17089@9588bd8"
             #unprintable "jepsen.nemesis.combined$db_nemesis$reify__17070@75edfe9a"]})
 :nodes ["n0" "n1" "n2"]
 :test-count 1
 :latency {:mean 500, :dist :uniform}
 :bin "causal-broadcast.py"
 :generator
 (jepsen.generator.TimeLimit
  {:limit 5000000000,
   :cutoff nil,
   :gen (jepsen.generator.Any
         {:gens [(jepsen.generator.OnThreads {:f #{:nemesis}, :gen nil})
                 (jepsen.generator.OnThreads
                  {:f #object[clojure.core$complement$fn__5654
                              "0x6351efa6"
                              "clojure.core$complement$fn__5654@6351efa6"],
                   :gen (jepsen.generator.Stagger
                         {:dt 400000000,
                          :next-time nil,
                          :gen ({:f :cbcast, :value 1}
                                {:f :cbcast, :value 2}
                                {:f :cbcast, :value 3}
                                {:f :cbcast, :value 4}
                                {:f :cbcast, :value 5}
                                {:f :cbcast, :value 6}
                                {:f :cbcast, :value 7}
                                {:f :cbcast, :value 8}
                                ...)})})]})})
 :log-net-recv false
 :os
 #object[maelstrom.net$jepsen_os$reify__15676
         "0x349e166"
         "maelstrom.net$jepsen_os$reify__15676@349e166"]
 :time-limit 5
 :workload :cbcast
 :consistency-models [:strict-serializable]
 :topology :grid}

2023-03-08 13:13:12,803{GMT}	INFO	[jepsen node n0] maelstrom.net: Starting Maelstrom network
2023-03-08 13:13:12,804{GMT}	INFO	[jepsen test runner] jepsen.db: Tearing down DB
2023-03-08 13:13:12,807{GMT}	INFO	[jepsen test runner] jepsen.db: Setting up DB
2023-03-08 13:13:12,808{GMT}	INFO	[jepsen node n1] maelstrom.db: Setting up n1
2023-03-08 13:13:12,808{GMT}	INFO	[jepsen node n2] maelstrom.db: Setting up n2
2023-03-08 13:13:12,809{GMT}	INFO	[jepsen node n1] maelstrom.process: launching causal-broadcast.py []
2023-03-08 13:13:12,809{GMT}	INFO	[jepsen node n2] maelstrom.process: launching causal-broadcast.py []
2023-03-08 13:13:12,810{GMT}	INFO	[jepsen node n0] maelstrom.service: Starting services: (lin-kv lin-tso lww-kv seq-kv)
2023-03-08 13:13:12,812{GMT}	INFO	[jepsen node n0] maelstrom.db: Setting up n0
2023-03-08 13:13:12,813{GMT}	INFO	[jepsen node n0] maelstrom.process: launching causal-broadcast.py []
2023-03-08 13:13:12,855{GMT}	INFO	[jepsen test runner] jepsen.core: Relative time begins now
2023-03-08 13:13:12,874{GMT}	INFO	[jepsen worker 2] jepsen.util: 2	:invoke	:cbcast	1
2023-03-08 13:13:12,882{GMT}	INFO	[jepsen worker 2] jepsen.util: 2	:ok	:cbcast	[]
2023-03-08 13:13:13,148{GMT}	INFO	[jepsen worker 0] jepsen.util: 0	:invoke	:cbcast	2
2023-03-08 13:13:13,334{GMT}	INFO	[jepsen worker 0] jepsen.util: 0	:ok	:cbcast	[1]
2023-03-08 13:13:13,366{GMT}	INFO	[jepsen worker 1] jepsen.util: 1	:invoke	:cbcast	3
2023-03-08 13:13:13,599{GMT}	INFO	[jepsen worker 1] jepsen.util: 1	:ok	:cbcast	[1 2]
2023-03-08 13:13:13,647{GMT}	INFO	[jepsen worker 1] jepsen.util: 1	:invoke	:cbcast	4
2023-03-08 13:13:13,649{GMT}	INFO	[jepsen worker 1] jepsen.util: 1	:ok	:cbcast	[]
2023-03-08 13:13:13,768{GMT}	INFO	[jepsen worker 0] jepsen.util: 0	:invoke	:cbcast	5
2023-03-08 13:13:13,955{GMT}	INFO	[jepsen worker 2] jepsen.util: 2	:invoke	:cbcast	6
2023-03-08 13:13:13,967{GMT}	INFO	[jepsen worker 2] jepsen.util: 2	:ok	:cbcast	[2 3]
2023-03-08 13:13:14,181{GMT}	INFO	[jepsen worker 1] jepsen.util: 1	:invoke	:cbcast	7
2023-03-08 13:13:14,258{GMT}	INFO	[jepsen worker 0] jepsen.util: 0	:ok	:cbcast	[3]
2023-03-08 13:13:14,417{GMT}	INFO	[jepsen worker 1] jepsen.util: 1	:ok	:cbcast	[6]
2023-03-08 13:13:14,566{GMT}	INFO	[jepsen worker 0] jepsen.util: 0	:invoke	:cbcast	8
2023-03-08 13:13:14,610{GMT}	INFO	[jepsen worker 0] jepsen.util: 0	:ok	:cbcast	[6 7 4]
2023-03-08 13:13:14,734{GMT}	INFO	[jepsen worker 0] jepsen.util: 0	:invoke	:cbcast	9
2023-03-08 13:13:14,737{GMT}	INFO	[jepsen worker 0] jepsen.util: 0	:ok	:cbcast	[]
2023-03-08 13:13:14,908{GMT}	INFO	[jepsen worker 2] jepsen.util: 2	:invoke	:cbcast	10
2023-03-08 13:13:14,956{GMT}	INFO	[jepsen worker 2] jepsen.util: 2	:ok	:cbcast	[4 7]
2023-03-08 13:13:15,263{GMT}	INFO	[jepsen worker 1] jepsen.util: 1	:invoke	:cbcast	11
2023-03-08 13:13:15,265{GMT}	INFO	[jepsen worker 1] jepsen.util: 1	:ok	:cbcast	[8 5 9]
2023-03-08 13:13:15,304{GMT}	INFO	[jepsen worker 0] jepsen.util: 0	:invoke	:cbcast	12
2023-03-08 13:13:15,540{GMT}	INFO	[jepsen worker 2] jepsen.util: 2	:invoke	:cbcast	13
2023-03-08 13:13:15,594{GMT}	INFO	[jepsen worker 0] jepsen.util: 0	:ok	:cbcast	[10]
2023-03-08 13:13:15,692{GMT}	INFO	[jepsen worker 1] jepsen.util: 1	:invoke	:cbcast	14
2023-03-08 13:13:15,709{GMT}	INFO	[jepsen worker 1] jepsen.util: 1	:ok	:cbcast	[12]
2023-03-08 13:13:15,799{GMT}	INFO	[jepsen worker 2] jepsen.util: 2	:ok	:cbcast	[8 5 9 11]
2023-03-08 13:13:16,067{GMT}	INFO	[jepsen worker 1] jepsen.util: 1	:invoke	:cbcast	15
2023-03-08 13:13:16,069{GMT}	INFO	[jepsen worker 1] jepsen.util: 1	:ok	:cbcast	[13 10]
2023-03-08 13:13:16,436{GMT}	INFO	[jepsen worker 2] jepsen.util: 2	:invoke	:cbcast	16
2023-03-08 13:13:16,438{GMT}	INFO	[jepsen worker 2] jepsen.util: 2	:ok	:cbcast	[14 15]
2023-03-08 13:13:16,636{GMT}	INFO	[jepsen worker 0] jepsen.util: 0	:invoke	:cbcast	17
2023-03-08 13:13:16,638{GMT}	INFO	[jepsen worker 0] jepsen.util: 0	:ok	:cbcast	[13 14 11 15 16]
2023-03-08 13:13:16,837{GMT}	INFO	[jepsen worker 2] jepsen.util: 2	:invoke	:cbcast	18
2023-03-08 13:13:16,839{GMT}	INFO	[jepsen worker 2] jepsen.util: 2	:ok	:cbcast	[17 12]
2023-03-08 13:13:17,235{GMT}	INFO	[jepsen worker 0] jepsen.util: 0	:invoke	:cbcast	19
2023-03-08 13:13:17,237{GMT}	INFO	[jepsen worker 0] jepsen.util: 0	:ok	:cbcast	[18]
2023-03-08 13:13:17,534{GMT}	INFO	[jepsen worker 2] jepsen.util: 2	:invoke	:cbcast	20
2023-03-08 13:13:17,536{GMT}	INFO	[jepsen worker 2] jepsen.util: 2	:ok	:cbcast	[19]
2023-03-08 13:13:17,539{GMT}	INFO	[jepsen node n0] maelstrom.db: Tearing down n0
2023-03-08 13:13:17,539{GMT}	INFO	[jepsen node n1] maelstrom.db: Tearing down n1
2023-03-08 13:13:17,540{GMT}	INFO	[jepsen node n2] maelstrom.db: Tearing down n2
2023-03-08 13:13:18,536{GMT}	INFO	[jepsen node n0] maelstrom.net: Shutting down Maelstrom network
2023-03-08 13:13:18,537{GMT}	INFO	[jepsen test runner] jepsen.core: Run complete, writing
2023-03-08 13:13:18,543{GMT}	INFO	[jepsen test runner] jepsen.core: Analyzing...
2023-03-08 13:13:18,652{GMT}	INFO	[jepsen test runner] jepsen.core: Analysis complete
2023-03-08 13:13:18,660{GMT}	INFO	[jepsen results] jepsen.store: Wrote /home/miguel/uni/4ano/sd/sdge/guiao1/store/cbcast/20230308T131312.000Z/results.edn
2023-03-08 13:13:18,668{GMT}	INFO	[jepsen test runner] jepsen.core: {:perf {:latency-graph {:valid? true},
        :rate-graph {:valid? true},
        :valid? true},
 :timeline {:valid? true},
 :exceptions {:valid? true},
 :stats {:valid? true,
         :count 20,
         :ok-count 20,
         :fail-count 0,
         :info-count 0,
         :by-f {:cbcast {:valid? true,
                         :count 20,
                         :ok-count 20,
                         :fail-count 0,
                         :info-count 0}}},
 :net {:all {:send-count 86,
             :recv-count 84,
             :msg-count 86,
             :msgs-per-op 4.3},
       :clients {:send-count 46, :recv-count 46, :msg-count 46},
       :servers {:send-count 40,
                 :recv-count 38,
                 :msg-count 40,
                 :msgs-per-op 2.0},
       :valid? true},
 :workload {:valid? false,
            :errors ["missing dependencies [4] when delivering message 7 to process 0"
                     "missing dependencies [5] when delivering message 8 to process 1"
                     "missing dependencies [10] when delivering message 12 to process 1"
                     "missing dependencies [5] when delivering message 8 to process 2"
                     "missing dependencies [10] when delivering message 13 to process 1"
                     "missing dependencies [12] when delivering message 14 to process 2"
                     "missing dependencies [11] when delivering message 13 to process 0"
                     "missing dependencies [11] when delivering message 14 to process 0"
                     "missing dependencies [12] when delivering message 17 to process 2"]},
 :valid? false}


Analysis invalid! (ﾉಥ益ಥ）ﾉ ┻━┻
