2023-03-15 18:14:20,064{GMT}	INFO	[jepsen test runner] jepsen.core: Command line:
lein run test -w or-set --bin or-set.py --time-limit 15 --node-count 3
2023-03-15 18:14:20,151{GMT}	INFO	[jepsen test runner] jepsen.core: Running test:
{:args []
 :remote
 #jepsen.control.retry.Remote{:remote #jepsen.control.scp.Remote{:cmd-remote #jepsen.control.clj_ssh.Remote{:concurrency-limit 8,
                                                                                                            :conn-spec nil,
                                                                                                            :session nil,
                                                                                                            :semaphore nil},
                                                                 :conn-spec nil},
                              :conn nil}
 :log-net-send false
 :node-count 3
 :max-txn-length 4
 :concurrency 3
 :db
 #object[maelstrom.db$db$reify__16817
         "0x7334dcbe"
         "maelstrom.db$db$reify__16817@7334dcbe"]
 :max-writes-per-key 16
 :leave-db-running? false
 :name "or-set"
 :logging-json? false
 :start-time
 #object[org.joda.time.DateTime "0x1d1a706" "2023-03-15T18:14:20.000Z"]
 :nemesis-interval 10
 :net
 #object[maelstrom.net$jepsen_net$reify__15673
         "0x5e136445"
         "maelstrom.net$jepsen_net$reify__15673@5e136445"]
 :client
 #object[maelstrom.workload.or_set$client$reify__18760
         "0x3c9e82a6"
         "maelstrom.workload.or_set$client$reify__18760@3c9e82a6"]
 :final-generator
 (jepsen.generator.EachThread {:fresh-gen {:f :read}, :gens {}})
 :barrier
 #object[java.util.concurrent.CyclicBarrier
         "0x4235e01b"
         "java.util.concurrent.CyclicBarrier@4235e01b"]
 :log-stderr false
 :pure-generators true
 :ssh {:dummy? true}
 :rate 5
 :checker
 #object[jepsen.checker$compose$reify__8787
         "0x835718b"
         "jepsen.checker$compose$reify__8787@835718b"]
 :argv
 ("test"
  "-w"
  "or-set"
  "--bin"
  "or-set.py"
  "--time-limit"
  "15"
  "--node-count"
  "3")
 :nemesis
 (jepsen.nemesis.ReflCompose
  {:fm {:start-partition 0,
        :stop-partition 0,
        :kill 1,
        :start 1,
        :pause 1,
        :resume 1},
   :nemeses [#unprintable "jepsen.nemesis.combined$partition_nemesis$reify__17089@2e6dc94c"
             #unprintable "jepsen.nemesis.combined$db_nemesis$reify__17070@6c39ba30"]})
 :nodes ["n0" "n1" "n2"]
 :test-count 1
 :latency {:mean 0, :dist :constant}
 :bin "or-set.py"
 :generator
 ((jepsen.generator.Synchronize
   {:gen (jepsen.generator.TimeLimit
          {:limit 15000000000,
           :cutoff nil,
           :gen (jepsen.generator.Any
                 {:gens [(jepsen.generator.OnThreads {:f #{:nemesis}, :gen nil})
                         (jepsen.generator.OnThreads
                          {:f #object[clojure.core$complement$fn__5654
                                      "0x665fb1d8"
                                      "clojure.core$complement$fn__5654@665fb1d8"],
                           :gen (jepsen.generator.Stagger
                                 {:dt 400000000,
                                  :next-time nil,
                                  :gen (jepsen.generator.Mix
                                        {:i 1,
                                         :gens [({:f :add, :value 0}
                                                 {:f :add, :value 1}
                                                 {:f :add, :value 2}
                                                 {:f :add, :value 3}
                                                 {:f :add, :value 4}
                                                 {:f :add, :value 5}
                                                 {:f :add, :value 6}
                                                 {:f :add, :value 7}
                                                 ...)
                                                ({:f :remove, :value 0}
                                                 {:f :remove, :value 0}
                                                 {:f :remove, :value 1}
                                                 {:f :remove, :value 2}
                                                 {:f :remove, :value 3}
                                                 {:f :remove, :value 4}
                                                 {:f :remove, :value 4}
                                                 {:f :remove, :value 5}
                                                 ...)
                                                ({:f :read}
                                                 {:f :read}
                                                 {:f :read}
                                                 {:f :read}
                                                 {:f :read}
                                                 {:f :read}
                                                 {:f :read}
                                                 {:f :read}
                                                 ...)]})})})]})})})
  (jepsen.generator.Synchronize
   {:gen (jepsen.generator.OnThreads {:f #{:nemesis}, :gen ()})})
  (jepsen.generator.Synchronize
   {:gen {:type :log, :value "Waiting for recovery..."}})
  (jepsen.generator.Synchronize {:gen {:type :sleep, :value 10}})
  (jepsen.generator.Synchronize
   {:gen (jepsen.generator.OnThreads
          {:f #object[clojure.core$complement$fn__5654
                      "0x43376a03"
                      "clojure.core$complement$fn__5654@43376a03"],
           :gen (jepsen.generator.EachThread {:fresh-gen {:f :read}, :gens {}})})}))
 :log-net-recv false
 :os
 #object[maelstrom.net$jepsen_os$reify__15676
         "0x9b84747"
         "maelstrom.net$jepsen_os$reify__15676@9b84747"]
 :time-limit 15
 :workload :or-set
 :consistency-models [:strict-serializable]
 :topology :grid}

2023-03-15 18:14:20,159{GMT}	INFO	[jepsen node n0] maelstrom.net: Starting Maelstrom network
2023-03-15 18:14:20,160{GMT}	INFO	[jepsen test runner] jepsen.db: Tearing down DB
2023-03-15 18:14:20,162{GMT}	INFO	[jepsen test runner] jepsen.db: Setting up DB
2023-03-15 18:14:20,163{GMT}	INFO	[jepsen node n1] maelstrom.db: Setting up n1
2023-03-15 18:14:20,163{GMT}	INFO	[jepsen node n2] maelstrom.db: Setting up n2
2023-03-15 18:14:20,164{GMT}	INFO	[jepsen node n2] maelstrom.process: launching or-set.py []
2023-03-15 18:14:20,164{GMT}	INFO	[jepsen node n1] maelstrom.process: launching or-set.py []
2023-03-15 18:14:20,165{GMT}	INFO	[jepsen node n0] maelstrom.service: Starting services: (lin-kv lin-tso lww-kv seq-kv)
2023-03-15 18:14:20,168{GMT}	INFO	[jepsen node n0] maelstrom.db: Setting up n0
2023-03-15 18:14:20,170{GMT}	INFO	[jepsen node n0] maelstrom.process: launching or-set.py []
2023-03-15 18:14:20,225{GMT}	INFO	[jepsen test runner] jepsen.core: Relative time begins now
2023-03-15 18:14:20,237{GMT}	INFO	[jepsen worker 2] jepsen.util: 2	:invoke	:remove	0
2023-03-15 18:14:20,243{GMT}	WARN	[jepsen worker 2] jepsen.generator.interpreter: Process 2 crashed
clojure.lang.ExceptionInfo: throw+: {:type :rpc-error, :code 20, :name :unknown, :definite? false, :body {:msg_id 2, :in_reply_to 1, :type "error", :code 20, :message "element not in set"}}
	at slingshot.support$stack_trace.invoke(support.clj:201)
	at maelstrom.client$throw_errors_BANG_.invokeStatic(client.clj:194)
	at maelstrom.client$throw_errors_BANG_.invoke(client.clj:186)
	at maelstrom.client$rpc_BANG_.invokeStatic(client.clj:211)
	at maelstrom.client$rpc_BANG_.invoke(client.clj:201)
	at maelstrom.workload.or_set$fn__18738$remove_BANG___18739.invoke(or_set.clj:20)
	at maelstrom.workload.or_set$fn__18738$remove_BANG___18739.invoke(or_set.clj:20)
	at maelstrom.workload.or_set$client$reify__18760.invoke_BANG_(or_set.clj:50)
	at jepsen.client.Validate.invoke_BANG_(client.clj:83)
	at jepsen.generator.interpreter.ClientWorker.invoke_BANG_(interpreter.clj:62)
	at jepsen.generator.interpreter$spawn_worker$fn__9720$fn__9721.invoke(interpreter.clj:137)
	at jepsen.generator.interpreter$spawn_worker$fn__9720.invoke(interpreter.clj:120)
	at clojure.core$binding_conveyor_fn$fn__5739.invoke(core.clj:2030)
	at clojure.lang.AFn.call(AFn.java:18)
	at java.base/java.util.concurrent.FutureTask.run(FutureTask.java:264)
	at java.base/java.util.concurrent.ThreadPoolExecutor.runWorker(ThreadPoolExecutor.java:1136)
	at java.base/java.util.concurrent.ThreadPoolExecutor$Worker.run(ThreadPoolExecutor.java:635)
	at java.base/java.lang.Thread.run(Thread.java:833)
2023-03-15 18:14:20,418{GMT}	INFO	[jepsen worker 1] jepsen.util: 1	:invoke	:add	0
2023-03-15 18:14:20,527{GMT}	INFO	[jepsen worker 0] jepsen.util: 0	:invoke	:add	1
2023-03-15 18:14:20,578{GMT}	INFO	[jepsen worker 2] jepsen.util: 5	:invoke	:read	nil
2023-03-15 18:14:20,581{GMT}	INFO	[jepsen worker 2] jepsen.util: 5	:ok	:read	[0 1]
2023-03-15 18:14:20,619{GMT}	INFO	[jepsen worker 2] jepsen.util: 5	:invoke	:read	nil
2023-03-15 18:14:20,621{GMT}	INFO	[jepsen worker 2] jepsen.util: 5	:ok	:read	[0 1]
2023-03-15 18:14:20,926{GMT}	INFO	[jepsen worker 2] jepsen.util: 5	:invoke	:remove	0
2023-03-15 18:14:20,942{GMT}	WARN	[n2 stdout] maelstrom.process: Error!
clojure.lang.ExceptionInfo: Malformed network message. Node n2 tried to send the following message via STDOUT:

{:dest ["n1" 1],
 :src "n2",
 :body
 {:msg_id 5,
  :type "fwd_remove",
  :element 0,
  :r [["n1" 1]],
  :vv {"n0" 1, "n1" 1, "n2" 2}}}

This is malformed because:

{:dest (not (instance? java.lang.String ["n1" 1]))}

See doc/protocol.md for more guidance.
	at slingshot.support$stack_trace.invoke(support.clj:201)
	at maelstrom.process$parse_msg.invokeStatic(process.clj:57)
	at maelstrom.process$parse_msg.invoke(process.clj:35)
	at maelstrom.process$stdout_thread$fn__16553$fn__16554$fn__16556.invoke(process.clj:146)
	at maelstrom.process$stdout_thread$fn__16553$fn__16554.invoke(process.clj:146)
	at maelstrom.process$stdout_thread$fn__16553.invoke(process.clj:140)
	at clojure.core$binding_conveyor_fn$fn__5739.invoke(core.clj:2030)
	at clojure.lang.AFn.call(AFn.java:18)
	at java.base/java.util.concurrent.FutureTask.run(FutureTask.java:264)
	at java.base/java.util.concurrent.ThreadPoolExecutor.runWorker(ThreadPoolExecutor.java:1136)
	at java.base/java.util.concurrent.ThreadPoolExecutor$Worker.run(ThreadPoolExecutor.java:635)
	at java.base/java.lang.Thread.run(Thread.java:833)
2023-03-15 18:14:25,419{GMT}	WARN	[jepsen worker 1] jepsen.generator.interpreter: Process 1 crashed
clojure.lang.ExceptionInfo: Client read timeout
	at slingshot.support$stack_trace.invoke(support.clj:201)
	at maelstrom.client$recv_BANG_.invokeStatic(client.clj:159)
	at maelstrom.client$recv_BANG_.invoke(client.clj:142)
	at maelstrom.client$send_PLUS_recv_BANG_.invokeStatic(client.clj:184)
	at maelstrom.client$send_PLUS_recv_BANG_.invoke(client.clj:180)
	at maelstrom.client$rpc_BANG_.invokeStatic(client.clj:210)
	at maelstrom.client$rpc_BANG_.invoke(client.clj:201)
	at maelstrom.workload.or_set$fn__18727$add_BANG___18728.invoke(or_set.clj:13)
	at maelstrom.workload.or_set$fn__18727$add_BANG___18728.invoke(or_set.clj:13)
	at maelstrom.workload.or_set$client$reify__18760.invoke_BANG_(or_set.clj:47)
	at jepsen.client.Validate.invoke_BANG_(client.clj:83)
	at jepsen.generator.interpreter.ClientWorker.invoke_BANG_(interpreter.clj:62)
	at jepsen.generator.interpreter$spawn_worker$fn__9720$fn__9721.invoke(interpreter.clj:137)
	at jepsen.generator.interpreter$spawn_worker$fn__9720.invoke(interpreter.clj:120)
	at clojure.core$binding_conveyor_fn$fn__5739.invoke(core.clj:2030)
	at clojure.lang.AFn.call(AFn.java:18)
	at java.base/java.util.concurrent.FutureTask.run(FutureTask.java:264)
	at java.base/java.util.concurrent.ThreadPoolExecutor.runWorker(ThreadPoolExecutor.java:1136)
	at java.base/java.util.concurrent.ThreadPoolExecutor$Worker.run(ThreadPoolExecutor.java:635)
	at java.base/java.lang.Thread.run(Thread.java:833)
2023-03-15 18:14:25,420{GMT}	INFO	[jepsen worker 1] jepsen.util: 4	:invoke	:add	2
2023-03-15 18:14:25,528{GMT}	WARN	[jepsen worker 0] jepsen.generator.interpreter: Process 0 crashed
clojure.lang.ExceptionInfo: Client read timeout
	at slingshot.support$stack_trace.invoke(support.clj:201)
	at maelstrom.client$recv_BANG_.invokeStatic(client.clj:159)
	at maelstrom.client$recv_BANG_.invoke(client.clj:142)
	at maelstrom.client$send_PLUS_recv_BANG_.invokeStatic(client.clj:184)
	at maelstrom.client$send_PLUS_recv_BANG_.invoke(client.clj:180)
	at maelstrom.client$rpc_BANG_.invokeStatic(client.clj:210)
	at maelstrom.client$rpc_BANG_.invoke(client.clj:201)
	at maelstrom.workload.or_set$fn__18727$add_BANG___18728.invoke(or_set.clj:13)
	at maelstrom.workload.or_set$fn__18727$add_BANG___18728.invoke(or_set.clj:13)
	at maelstrom.workload.or_set$client$reify__18760.invoke_BANG_(or_set.clj:47)
	at jepsen.client.Validate.invoke_BANG_(client.clj:83)
	at jepsen.generator.interpreter.ClientWorker.invoke_BANG_(interpreter.clj:62)
	at jepsen.generator.interpreter$spawn_worker$fn__9720$fn__9721.invoke(interpreter.clj:137)
	at jepsen.generator.interpreter$spawn_worker$fn__9720.invoke(interpreter.clj:120)
	at clojure.core$binding_conveyor_fn$fn__5739.invoke(core.clj:2030)
	at clojure.lang.AFn.call(AFn.java:18)
	at java.base/java.util.concurrent.FutureTask.run(FutureTask.java:264)
	at java.base/java.util.concurrent.ThreadPoolExecutor.runWorker(ThreadPoolExecutor.java:1136)
	at java.base/java.util.concurrent.ThreadPoolExecutor$Worker.run(ThreadPoolExecutor.java:635)
	at java.base/java.lang.Thread.run(Thread.java:833)
2023-03-15 18:14:25,529{GMT}	INFO	[jepsen worker 0] jepsen.util: 3	:invoke	:read	nil
2023-03-15 18:14:25,531{GMT}	INFO	[jepsen worker 0] jepsen.util: 3	:ok	:read	[0 1 2]
2023-03-15 18:14:25,531{GMT}	INFO	[jepsen worker 0] jepsen.util: 3	:invoke	:read	nil
2023-03-15 18:14:25,533{GMT}	INFO	[jepsen worker 0] jepsen.util: 3	:ok	:read	[0 1 2]
2023-03-15 18:14:25,533{GMT}	INFO	[jepsen worker 0] jepsen.util: 3	:invoke	:add	3
2023-03-15 18:14:25,926{GMT}	WARN	[jepsen worker 2] jepsen.generator.interpreter: Process 5 crashed
clojure.lang.ExceptionInfo: Client read timeout
	at slingshot.support$stack_trace.invoke(support.clj:201)
	at maelstrom.client$recv_BANG_.invokeStatic(client.clj:159)
	at maelstrom.client$recv_BANG_.invoke(client.clj:142)
	at maelstrom.client$send_PLUS_recv_BANG_.invokeStatic(client.clj:184)
	at maelstrom.client$send_PLUS_recv_BANG_.invoke(client.clj:180)
	at maelstrom.client$rpc_BANG_.invokeStatic(client.clj:210)
	at maelstrom.client$rpc_BANG_.invoke(client.clj:201)
	at maelstrom.workload.or_set$fn__18738$remove_BANG___18739.invoke(or_set.clj:20)
	at maelstrom.workload.or_set$fn__18738$remove_BANG___18739.invoke(or_set.clj:20)
	at maelstrom.workload.or_set$client$reify__18760.invoke_BANG_(or_set.clj:50)
	at jepsen.client.Validate.invoke_BANG_(client.clj:83)
	at jepsen.generator.interpreter.ClientWorker.invoke_BANG_(interpreter.clj:62)
	at jepsen.generator.interpreter$spawn_worker$fn__9720$fn__9721.invoke(interpreter.clj:137)
	at jepsen.generator.interpreter$spawn_worker$fn__9720.invoke(interpreter.clj:120)
	at clojure.core$binding_conveyor_fn$fn__5739.invoke(core.clj:2030)
	at clojure.lang.AFn.call(AFn.java:18)
	at java.base/java.util.concurrent.FutureTask.run(FutureTask.java:264)
	at java.base/java.util.concurrent.ThreadPoolExecutor.runWorker(ThreadPoolExecutor.java:1136)
	at java.base/java.util.concurrent.ThreadPoolExecutor$Worker.run(ThreadPoolExecutor.java:635)
	at java.base/java.lang.Thread.run(Thread.java:833)
2023-03-15 18:14:25,928{GMT}	INFO	[jepsen worker 2] jepsen.util: 8	:invoke	:add	4
2023-03-15 18:14:30,420{GMT}	WARN	[jepsen worker 1] jepsen.generator.interpreter: Process 4 crashed
clojure.lang.ExceptionInfo: Client read timeout
	at slingshot.support$stack_trace.invoke(support.clj:201)
	at maelstrom.client$recv_BANG_.invokeStatic(client.clj:159)
	at maelstrom.client$recv_BANG_.invoke(client.clj:142)
	at maelstrom.client$send_PLUS_recv_BANG_.invokeStatic(client.clj:184)
	at maelstrom.client$send_PLUS_recv_BANG_.invoke(client.clj:180)
	at maelstrom.client$rpc_BANG_.invokeStatic(client.clj:210)
	at maelstrom.client$rpc_BANG_.invoke(client.clj:201)
	at maelstrom.workload.or_set$fn__18727$add_BANG___18728.invoke(or_set.clj:13)
	at maelstrom.workload.or_set$fn__18727$add_BANG___18728.invoke(or_set.clj:13)
	at maelstrom.workload.or_set$client$reify__18760.invoke_BANG_(or_set.clj:47)
	at jepsen.client.Validate.invoke_BANG_(client.clj:83)
	at jepsen.generator.interpreter.ClientWorker.invoke_BANG_(interpreter.clj:62)
	at jepsen.generator.interpreter$spawn_worker$fn__9720$fn__9721.invoke(interpreter.clj:137)
	at jepsen.generator.interpreter$spawn_worker$fn__9720.invoke(interpreter.clj:120)
	at clojure.core$binding_conveyor_fn$fn__5739.invoke(core.clj:2030)
	at clojure.lang.AFn.call(AFn.java:18)
	at java.base/java.util.concurrent.FutureTask.run(FutureTask.java:264)
	at java.base/java.util.concurrent.ThreadPoolExecutor.runWorker(ThreadPoolExecutor.java:1136)
	at java.base/java.util.concurrent.ThreadPoolExecutor$Worker.run(ThreadPoolExecutor.java:635)
	at java.base/java.lang.Thread.run(Thread.java:833)
2023-03-15 18:14:30,421{GMT}	INFO	[jepsen worker 1] jepsen.util: 7	:invoke	:remove	1
2023-03-15 18:14:30,431{GMT}	WARN	[n1 stdout] maelstrom.process: Error!
clojure.lang.ExceptionInfo: Malformed network message. Node n1 tried to send the following message via STDOUT:

{:dest ["n0" 1],
 :src "n1",
 :body
 {:msg_id 6,
  :type "fwd_remove",
  :element 1,
  :r [["n0" 1]],
  :vv {"n0" 2, "n1" 3, "n2" 0}}}

This is malformed because:

{:dest (not (instance? java.lang.String ["n0" 1]))}

See doc/protocol.md for more guidance.
	at slingshot.support$stack_trace.invoke(support.clj:201)
	at maelstrom.process$parse_msg.invokeStatic(process.clj:57)
	at maelstrom.process$parse_msg.invoke(process.clj:35)
	at maelstrom.process$stdout_thread$fn__16553$fn__16554$fn__16556.invoke(process.clj:146)
	at maelstrom.process$stdout_thread$fn__16553$fn__16554.invoke(process.clj:146)
	at maelstrom.process$stdout_thread$fn__16553.invoke(process.clj:140)
	at clojure.core$binding_conveyor_fn$fn__5739.invoke(core.clj:2030)
	at clojure.lang.AFn.call(AFn.java:18)
	at java.base/java.util.concurrent.FutureTask.run(FutureTask.java:264)
	at java.base/java.util.concurrent.ThreadPoolExecutor.runWorker(ThreadPoolExecutor.java:1136)
	at java.base/java.util.concurrent.ThreadPoolExecutor$Worker.run(ThreadPoolExecutor.java:635)
	at java.base/java.lang.Thread.run(Thread.java:833)
2023-03-15 18:14:30,534{GMT}	WARN	[jepsen worker 0] jepsen.generator.interpreter: Process 3 crashed
clojure.lang.ExceptionInfo: Client read timeout
	at slingshot.support$stack_trace.invoke(support.clj:201)
	at maelstrom.client$recv_BANG_.invokeStatic(client.clj:159)
	at maelstrom.client$recv_BANG_.invoke(client.clj:142)
	at maelstrom.client$send_PLUS_recv_BANG_.invokeStatic(client.clj:184)
	at maelstrom.client$send_PLUS_recv_BANG_.invoke(client.clj:180)
	at maelstrom.client$rpc_BANG_.invokeStatic(client.clj:210)
	at maelstrom.client$rpc_BANG_.invoke(client.clj:201)
	at maelstrom.workload.or_set$fn__18727$add_BANG___18728.invoke(or_set.clj:13)
	at maelstrom.workload.or_set$fn__18727$add_BANG___18728.invoke(or_set.clj:13)
	at maelstrom.workload.or_set$client$reify__18760.invoke_BANG_(or_set.clj:47)
	at jepsen.client.Validate.invoke_BANG_(client.clj:83)
	at jepsen.generator.interpreter.ClientWorker.invoke_BANG_(interpreter.clj:62)
	at jepsen.generator.interpreter$spawn_worker$fn__9720$fn__9721.invoke(interpreter.clj:137)
	at jepsen.generator.interpreter$spawn_worker$fn__9720.invoke(interpreter.clj:120)
	at clojure.core$binding_conveyor_fn$fn__5739.invoke(core.clj:2030)
	at clojure.lang.AFn.call(AFn.java:18)
	at java.base/java.util.concurrent.FutureTask.run(FutureTask.java:264)
	at java.base/java.util.concurrent.ThreadPoolExecutor.runWorker(ThreadPoolExecutor.java:1136)
	at java.base/java.util.concurrent.ThreadPoolExecutor$Worker.run(ThreadPoolExecutor.java:635)
	at java.base/java.lang.Thread.run(Thread.java:833)
2023-03-15 18:14:30,535{GMT}	INFO	[jepsen worker 0] jepsen.util: 6	:invoke	:read	nil
2023-03-15 18:14:30,539{GMT}	INFO	[jepsen worker 0] jepsen.util: 6	:ok	:read	[0 1 2 3]
2023-03-15 18:14:30,539{GMT}	INFO	[jepsen worker 0] jepsen.util: 6	:invoke	:remove	2
2023-03-15 18:14:30,549{GMT}	WARN	[n0 stdout] maelstrom.process: Error!
clojure.lang.ExceptionInfo: Malformed network message. Node n0 tried to send the following message via STDOUT:

{:dest ["n1" 2],
 :src "n0",
 :body
 {:msg_id 9,
  :type "fwd_remove",
  :element 2,
  :r [["n1" 2]],
  :vv {"n0" 3, "n1" 2, "n2" 0}}}

This is malformed because:

{:dest (not (instance? java.lang.String ["n1" 2]))}

See doc/protocol.md for more guidance.
	at slingshot.support$stack_trace.invoke(support.clj:201)
	at maelstrom.process$parse_msg.invokeStatic(process.clj:57)
	at maelstrom.process$parse_msg.invoke(process.clj:35)
	at maelstrom.process$stdout_thread$fn__16553$fn__16554$fn__16556.invoke(process.clj:146)
	at maelstrom.process$stdout_thread$fn__16553$fn__16554.invoke(process.clj:146)
	at maelstrom.process$stdout_thread$fn__16553.invoke(process.clj:140)
	at clojure.core$binding_conveyor_fn$fn__5739.invoke(core.clj:2030)
	at clojure.lang.AFn.call(AFn.java:18)
	at java.base/java.util.concurrent.FutureTask.run(FutureTask.java:264)
	at java.base/java.util.concurrent.ThreadPoolExecutor.runWorker(ThreadPoolExecutor.java:1136)
	at java.base/java.util.concurrent.ThreadPoolExecutor$Worker.run(ThreadPoolExecutor.java:635)
	at java.base/java.lang.Thread.run(Thread.java:833)
2023-03-15 18:14:30,929{GMT}	WARN	[jepsen worker 2] jepsen.generator.interpreter: Process 8 crashed
clojure.lang.ExceptionInfo: Client read timeout
	at slingshot.support$stack_trace.invoke(support.clj:201)
	at maelstrom.client$recv_BANG_.invokeStatic(client.clj:159)
	at maelstrom.client$recv_BANG_.invoke(client.clj:142)
	at maelstrom.client$send_PLUS_recv_BANG_.invokeStatic(client.clj:184)
	at maelstrom.client$send_PLUS_recv_BANG_.invoke(client.clj:180)
	at maelstrom.client$rpc_BANG_.invokeStatic(client.clj:210)
	at maelstrom.client$rpc_BANG_.invoke(client.clj:201)
	at maelstrom.workload.or_set$fn__18727$add_BANG___18728.invoke(or_set.clj:13)
	at maelstrom.workload.or_set$fn__18727$add_BANG___18728.invoke(or_set.clj:13)
	at maelstrom.workload.or_set$client$reify__18760.invoke_BANG_(or_set.clj:47)
	at jepsen.client.Validate.invoke_BANG_(client.clj:83)
	at jepsen.generator.interpreter.ClientWorker.invoke_BANG_(interpreter.clj:62)
	at jepsen.generator.interpreter$spawn_worker$fn__9720$fn__9721.invoke(interpreter.clj:137)
	at jepsen.generator.interpreter$spawn_worker$fn__9720.invoke(interpreter.clj:120)
	at clojure.core$binding_conveyor_fn$fn__5739.invoke(core.clj:2030)
	at clojure.lang.AFn.call(AFn.java:18)
	at java.base/java.util.concurrent.FutureTask.run(FutureTask.java:264)
	at java.base/java.util.concurrent.ThreadPoolExecutor.runWorker(ThreadPoolExecutor.java:1136)
	at java.base/java.util.concurrent.ThreadPoolExecutor$Worker.run(ThreadPoolExecutor.java:635)
	at java.base/java.lang.Thread.run(Thread.java:833)
2023-03-15 18:14:30,934{GMT}	INFO	[jepsen worker 2] jepsen.util: 11	:invoke	:add	5
2023-03-15 18:14:35,423{GMT}	WARN	[jepsen worker 1] jepsen.generator.interpreter: Process 7 crashed
clojure.lang.ExceptionInfo: Client read timeout
	at slingshot.support$stack_trace.invoke(support.clj:201)
	at maelstrom.client$recv_BANG_.invokeStatic(client.clj:159)
	at maelstrom.client$recv_BANG_.invoke(client.clj:142)
	at maelstrom.client$send_PLUS_recv_BANG_.invokeStatic(client.clj:184)
	at maelstrom.client$send_PLUS_recv_BANG_.invoke(client.clj:180)
	at maelstrom.client$rpc_BANG_.invokeStatic(client.clj:210)
	at maelstrom.client$rpc_BANG_.invoke(client.clj:201)
	at maelstrom.workload.or_set$fn__18738$remove_BANG___18739.invoke(or_set.clj:20)
	at maelstrom.workload.or_set$fn__18738$remove_BANG___18739.invoke(or_set.clj:20)
	at maelstrom.workload.or_set$client$reify__18760.invoke_BANG_(or_set.clj:50)
	at jepsen.client.Validate.invoke_BANG_(client.clj:83)
	at jepsen.generator.interpreter.ClientWorker.invoke_BANG_(interpreter.clj:62)
	at jepsen.generator.interpreter$spawn_worker$fn__9720$fn__9721.invoke(interpreter.clj:137)
	at jepsen.generator.interpreter$spawn_worker$fn__9720.invoke(interpreter.clj:120)
	at clojure.core$binding_conveyor_fn$fn__5739.invoke(core.clj:2030)
	at clojure.lang.AFn.call(AFn.java:18)
	at java.base/java.util.concurrent.FutureTask.run(FutureTask.java:264)
	at java.base/java.util.concurrent.ThreadPoolExecutor.runWorker(ThreadPoolExecutor.java:1136)
	at java.base/java.util.concurrent.ThreadPoolExecutor$Worker.run(ThreadPoolExecutor.java:635)
	at java.base/java.lang.Thread.run(Thread.java:833)
2023-03-15 18:14:35,541{GMT}	WARN	[jepsen worker 0] jepsen.generator.interpreter: Process 6 crashed
clojure.lang.ExceptionInfo: Client read timeout
	at slingshot.support$stack_trace.invoke(support.clj:201)
	at maelstrom.client$recv_BANG_.invokeStatic(client.clj:159)
	at maelstrom.client$recv_BANG_.invoke(client.clj:142)
	at maelstrom.client$send_PLUS_recv_BANG_.invokeStatic(client.clj:184)
	at maelstrom.client$send_PLUS_recv_BANG_.invoke(client.clj:180)
	at maelstrom.client$rpc_BANG_.invokeStatic(client.clj:210)
	at maelstrom.client$rpc_BANG_.invoke(client.clj:201)
	at maelstrom.workload.or_set$fn__18738$remove_BANG___18739.invoke(or_set.clj:20)
	at maelstrom.workload.or_set$fn__18738$remove_BANG___18739.invoke(or_set.clj:20)
	at maelstrom.workload.or_set$client$reify__18760.invoke_BANG_(or_set.clj:50)
	at jepsen.client.Validate.invoke_BANG_(client.clj:83)
	at jepsen.generator.interpreter.ClientWorker.invoke_BANG_(interpreter.clj:62)
	at jepsen.generator.interpreter$spawn_worker$fn__9720$fn__9721.invoke(interpreter.clj:137)
	at jepsen.generator.interpreter$spawn_worker$fn__9720.invoke(interpreter.clj:120)
	at clojure.core$binding_conveyor_fn$fn__5739.invoke(core.clj:2030)
	at clojure.lang.AFn.call(AFn.java:18)
	at java.base/java.util.concurrent.FutureTask.run(FutureTask.java:264)
	at java.base/java.util.concurrent.ThreadPoolExecutor.runWorker(ThreadPoolExecutor.java:1136)
	at java.base/java.util.concurrent.ThreadPoolExecutor$Worker.run(ThreadPoolExecutor.java:635)
	at java.base/java.lang.Thread.run(Thread.java:833)
2023-03-15 18:14:35,936{GMT}	WARN	[jepsen worker 2] jepsen.generator.interpreter: Process 11 crashed
clojure.lang.ExceptionInfo: Client read timeout
	at slingshot.support$stack_trace.invoke(support.clj:201)
	at maelstrom.client$recv_BANG_.invokeStatic(client.clj:159)
	at maelstrom.client$recv_BANG_.invoke(client.clj:142)
	at maelstrom.client$send_PLUS_recv_BANG_.invokeStatic(client.clj:184)
	at maelstrom.client$send_PLUS_recv_BANG_.invoke(client.clj:180)
	at maelstrom.client$rpc_BANG_.invokeStatic(client.clj:210)
	at maelstrom.client$rpc_BANG_.invoke(client.clj:201)
	at maelstrom.workload.or_set$fn__18727$add_BANG___18728.invoke(or_set.clj:13)
	at maelstrom.workload.or_set$fn__18727$add_BANG___18728.invoke(or_set.clj:13)
	at maelstrom.workload.or_set$client$reify__18760.invoke_BANG_(or_set.clj:47)
	at jepsen.client.Validate.invoke_BANG_(client.clj:83)
	at jepsen.generator.interpreter.ClientWorker.invoke_BANG_(interpreter.clj:62)
	at jepsen.generator.interpreter$spawn_worker$fn__9720$fn__9721.invoke(interpreter.clj:137)
	at jepsen.generator.interpreter$spawn_worker$fn__9720.invoke(interpreter.clj:120)
	at clojure.core$binding_conveyor_fn$fn__5739.invoke(core.clj:2030)
	at clojure.lang.AFn.call(AFn.java:18)
	at java.base/java.util.concurrent.FutureTask.run(FutureTask.java:264)
	at java.base/java.util.concurrent.ThreadPoolExecutor.runWorker(ThreadPoolExecutor.java:1136)
	at java.base/java.util.concurrent.ThreadPoolExecutor$Worker.run(ThreadPoolExecutor.java:635)
	at java.base/java.lang.Thread.run(Thread.java:833)
2023-03-15 18:14:35,938{GMT}	INFO	[jepsen worker 2] jepsen.generator.interpreter: Waiting for recovery...
2023-03-15 18:14:45,943{GMT}	INFO	[jepsen worker 2] jepsen.util: 14	:invoke	:read	nil
2023-03-15 18:14:45,943{GMT}	INFO	[jepsen worker 0] jepsen.util: 9	:invoke	:read	nil
2023-03-15 18:14:45,943{GMT}	INFO	[jepsen worker 1] jepsen.util: 10	:invoke	:read	nil
2023-03-15 18:14:50,945{GMT}	WARN	[jepsen worker 2] jepsen.generator.interpreter: Process 14 crashed
clojure.lang.ExceptionInfo: Client read timeout
	at slingshot.support$stack_trace.invoke(support.clj:201)
	at maelstrom.client$recv_BANG_.invokeStatic(client.clj:159)
	at maelstrom.client$recv_BANG_.invoke(client.clj:142)
	at maelstrom.client$send_PLUS_recv_BANG_.invokeStatic(client.clj:184)
	at maelstrom.client$send_PLUS_recv_BANG_.invoke(client.clj:180)
	at maelstrom.client$rpc_BANG_.invokeStatic(client.clj:210)
	at maelstrom.client$rpc_BANG_.invoke(client.clj:201)
	at maelstrom.workload.or_set$fn__18749$read__18750.invoke(or_set.clj:27)
	at maelstrom.workload.or_set$fn__18749$read__18750.invoke(or_set.clj:27)
	at maelstrom.workload.or_set$client$reify__18760.invoke_BANG_(or_set.clj:55)
	at jepsen.client.Validate.invoke_BANG_(client.clj:83)
	at jepsen.generator.interpreter.ClientWorker.invoke_BANG_(interpreter.clj:62)
	at jepsen.generator.interpreter$spawn_worker$fn__9720$fn__9721.invoke(interpreter.clj:137)
	at jepsen.generator.interpreter$spawn_worker$fn__9720.invoke(interpreter.clj:120)
	at clojure.core$binding_conveyor_fn$fn__5739.invoke(core.clj:2030)
	at clojure.lang.AFn.call(AFn.java:18)
	at java.base/java.util.concurrent.FutureTask.run(FutureTask.java:264)
	at java.base/java.util.concurrent.ThreadPoolExecutor.runWorker(ThreadPoolExecutor.java:1136)
	at java.base/java.util.concurrent.ThreadPoolExecutor$Worker.run(ThreadPoolExecutor.java:635)
	at java.base/java.lang.Thread.run(Thread.java:833)
2023-03-15 18:14:50,945{GMT}	WARN	[jepsen worker 1] jepsen.generator.interpreter: Process 10 crashed
clojure.lang.ExceptionInfo: Client read timeout
	at slingshot.support$stack_trace.invoke(support.clj:201)
	at maelstrom.client$recv_BANG_.invokeStatic(client.clj:159)
	at maelstrom.client$recv_BANG_.invoke(client.clj:142)
	at maelstrom.client$send_PLUS_recv_BANG_.invokeStatic(client.clj:184)
	at maelstrom.client$send_PLUS_recv_BANG_.invoke(client.clj:180)
	at maelstrom.client$rpc_BANG_.invokeStatic(client.clj:210)
	at maelstrom.client$rpc_BANG_.invoke(client.clj:201)
	at maelstrom.workload.or_set$fn__18749$read__18750.invoke(or_set.clj:27)
	at maelstrom.workload.or_set$fn__18749$read__18750.invoke(or_set.clj:27)
	at maelstrom.workload.or_set$client$reify__18760.invoke_BANG_(or_set.clj:55)
	at jepsen.client.Validate.invoke_BANG_(client.clj:83)
	at jepsen.generator.interpreter.ClientWorker.invoke_BANG_(interpreter.clj:62)
	at jepsen.generator.interpreter$spawn_worker$fn__9720$fn__9721.invoke(interpreter.clj:137)
	at jepsen.generator.interpreter$spawn_worker$fn__9720.invoke(interpreter.clj:120)
	at clojure.core$binding_conveyor_fn$fn__5739.invoke(core.clj:2030)
	at clojure.lang.AFn.call(AFn.java:18)
	at java.base/java.util.concurrent.FutureTask.run(FutureTask.java:264)
	at java.base/java.util.concurrent.ThreadPoolExecutor.runWorker(ThreadPoolExecutor.java:1136)
	at java.base/java.util.concurrent.ThreadPoolExecutor$Worker.run(ThreadPoolExecutor.java:635)
	at java.base/java.lang.Thread.run(Thread.java:833)
2023-03-15 18:14:50,946{GMT}	WARN	[jepsen worker 0] jepsen.generator.interpreter: Process 9 crashed
clojure.lang.ExceptionInfo: Client read timeout
	at slingshot.support$stack_trace.invoke(support.clj:201)
	at maelstrom.client$recv_BANG_.invokeStatic(client.clj:159)
	at maelstrom.client$recv_BANG_.invoke(client.clj:142)
	at maelstrom.client$send_PLUS_recv_BANG_.invokeStatic(client.clj:184)
	at maelstrom.client$send_PLUS_recv_BANG_.invoke(client.clj:180)
	at maelstrom.client$rpc_BANG_.invokeStatic(client.clj:210)
	at maelstrom.client$rpc_BANG_.invoke(client.clj:201)
	at maelstrom.workload.or_set$fn__18749$read__18750.invoke(or_set.clj:27)
	at maelstrom.workload.or_set$fn__18749$read__18750.invoke(or_set.clj:27)
	at maelstrom.workload.or_set$client$reify__18760.invoke_BANG_(or_set.clj:55)
	at jepsen.client.Validate.invoke_BANG_(client.clj:83)
	at jepsen.generator.interpreter.ClientWorker.invoke_BANG_(interpreter.clj:62)
	at jepsen.generator.interpreter$spawn_worker$fn__9720$fn__9721.invoke(interpreter.clj:137)
	at jepsen.generator.interpreter$spawn_worker$fn__9720.invoke(interpreter.clj:120)
	at clojure.core$binding_conveyor_fn$fn__5739.invoke(core.clj:2030)
	at clojure.lang.AFn.call(AFn.java:18)
	at java.base/java.util.concurrent.FutureTask.run(FutureTask.java:264)
	at java.base/java.util.concurrent.ThreadPoolExecutor.runWorker(ThreadPoolExecutor.java:1136)
	at java.base/java.util.concurrent.ThreadPoolExecutor$Worker.run(ThreadPoolExecutor.java:635)
	at java.base/java.lang.Thread.run(Thread.java:833)
2023-03-15 18:14:50,958{GMT}	INFO	[jepsen node n2] maelstrom.db: Tearing down n2
2023-03-15 18:14:50,958{GMT}	INFO	[jepsen node n1] maelstrom.db: Tearing down n1
2023-03-15 18:14:50,958{GMT}	INFO	[jepsen node n0] maelstrom.db: Tearing down n0
2023-03-15 18:14:52,180{GMT}	INFO	[jepsen node n0] maelstrom.net: Shutting down Maelstrom network
2023-03-15 18:14:52,181{GMT}	INFO	[jepsen test runner] jepsen.core: Run complete, writing
2023-03-15 18:14:52,193{GMT}	INFO	[jepsen test runner] jepsen.core: Analyzing...
2023-03-15 18:14:52,196{GMT}	WARN	[clojure-agent-send-off-pool-9] jepsen.checker: Error while checking history:
java.lang.IllegalArgumentException: No implementation of method: :check of protocol: #'jepsen.checker/Checker found for class: maelstrom.workload.or_set$checker
	at clojure.core$_cache_protocol_fn.invokeStatic(core_deftype.clj:583)
	at clojure.core$_cache_protocol_fn.invoke(core_deftype.clj:575)
	at jepsen.checker$fn__8761$G__8756__8772.invoke(checker.clj:52)
	at jepsen.checker$check_safe.invokeStatic(checker.clj:81)
	at jepsen.checker$check_safe.invoke(checker.clj:74)
	at jepsen.checker$compose$reify__8787$fn__8789.invoke(checker.clj:97)
	at clojure.core$pmap$fn__8447$fn__8448.invoke(core.clj:7022)
	at clojure.core$binding_conveyor_fn$fn__5739.invoke(core.clj:2030)
	at clojure.lang.AFn.call(AFn.java:18)
	at java.base/java.util.concurrent.FutureTask.run(FutureTask.java:264)
	at java.base/java.util.concurrent.ThreadPoolExecutor.runWorker(ThreadPoolExecutor.java:1136)
	at java.base/java.util.concurrent.ThreadPoolExecutor$Worker.run(ThreadPoolExecutor.java:635)
	at java.base/java.lang.Thread.run(Thread.java:833)
2023-03-15 18:14:52,331{GMT}	INFO	[jepsen test runner] jepsen.core: Analysis complete
2023-03-15 18:14:52,356{GMT}	INFO	[jepsen results] jepsen.store: Wrote /home/miguel/uni/4ano/sd/sdge/guiao2/store/or-set/20230315T181420.000Z/results.edn
2023-03-15 18:14:52,387{GMT}	INFO	[jepsen test runner] jepsen.core: {:perf {:latency-graph {:valid? true},
        :rate-graph {:valid? true},
        :valid? true},
 :timeline {:valid? true},
 :exceptions {:valid? true,
              :exceptions ({:count 13,
                            :class clojure.lang.ExceptionInfo,
                            :example {:f :remove,
                                      :value 0,
                                      :time 19809000,
                                      :process 2,
                                      :type :info,
                                      :exception {:via [{:type clojure.lang.ExceptionInfo,
                                                         :message "throw+: {:type :rpc-error, :code 20, :name :unknown, :definite? false, :body {:msg_id 2, :in_reply_to 1, :type \"error\", :code 20, :message \"element not in set\"}}",
                                                         :data {:type :rpc-error,
                                                                :code 20,
                                                                :name :unknown,
                                                                :definite? false,
                                                                :body {:msg_id 2,
                                                                       :in_reply_to 1,
                                                                       :type "error",
                                                                       :code 20,
                                                                       :message "element not in set"}},
                                                         :at [slingshot.support$stack_trace
                                                              invoke
                                                              "support.clj"
                                                              201]}],
                                                  :trace [[slingshot.support$stack_trace
                                                           invoke
                                                           "support.clj"
                                                           201]
                                                          [maelstrom.client$throw_errors_BANG_
                                                           invokeStatic
                                                           "client.clj"
                                                           194]
                                                          [maelstrom.client$throw_errors_BANG_
                                                           invoke
                                                           "client.clj"
                                                           186]
                                                          [maelstrom.client$rpc_BANG_
                                                           invokeStatic
                                                           "client.clj"
                                                           211]
                                                          [maelstrom.client$rpc_BANG_
                                                           invoke
                                                           "client.clj"
                                                           201]
                                                          [maelstrom.workload.or_set$fn__18738$remove_BANG___18739
                                                           invoke
                                                           "or_set.clj"
                                                           20]
                                                          [maelstrom.workload.or_set$fn__18738$remove_BANG___18739
                                                           invoke
                                                           "or_set.clj"
                                                           20]
                                                          [maelstrom.workload.or_set$client$reify__18760
                                                           invoke_BANG_
                                                           "or_set.clj"
                                                           50]
                                                          [jepsen.client.Validate
                                                           invoke_BANG_
                                                           "client.clj"
                                                           83]
                                                          [jepsen.generator.interpreter.ClientWorker
                                                           invoke_BANG_
                                                           "interpreter.clj"
                                                           62]
                                                          [jepsen.generator.interpreter$spawn_worker$fn__9720$fn__9721
                                                           invoke
                                                           "interpreter.clj"
                                                           137]
                                                          [jepsen.generator.interpreter$spawn_worker$fn__9720
                                                           invoke
                                                           "interpreter.clj"
                                                           120]
                                                          [clojure.core$binding_conveyor_fn$fn__5739
                                                           invoke
                                                           "core.clj"
                                                           2030]
                                                          [clojure.lang.AFn
                                                           call
                                                           "AFn.java"
                                                           18]
                                                          [java.util.concurrent.FutureTask
                                                           run
                                                           "FutureTask.java"
                                                           264]
                                                          [java.util.concurrent.ThreadPoolExecutor
                                                           runWorker
                                                           "ThreadPoolExecutor.java"
                                                           1136]
                                                          [java.util.concurrent.ThreadPoolExecutor$Worker
                                                           run
                                                           "ThreadPoolExecutor.java"
                                                           635]
                                                          [java.lang.Thread
                                                           run
                                                           "Thread.java"
                                                           833]],
                                                  :cause "throw+: {:type :rpc-error, :code 20, :name :unknown, :definite? false, :body {:msg_id 2, :in_reply_to 1, :type \"error\", :code 20, :message \"element not in set\"}}",
                                                  :data {:type :rpc-error,
                                                         :code 20,
                                                         :name :unknown,
                                                         :definite? false,
                                                         :body {:msg_id 2,
                                                                :in_reply_to 1,
                                                                :type "error",
                                                                :code 20,
                                                                :message "element not in set"}}},
                                      :error "indeterminate: throw+: {:type :rpc-error, :code 20, :name :unknown, :definite? false, :body {:msg_id 2, :in_reply_to 1, :type \"error\", :code 20, :message \"element not in set\"}}",
                                      :index 1}})},
 :stats {:valid? false,
         :count 18,
         :ok-count 5,
         :fail-count 0,
         :info-count 13,
         :by-f {:add {:valid? false,
                      :count 6,
                      :ok-count 0,
                      :fail-count 0,
                      :info-count 6},
                :read {:valid? true,
                       :count 8,
                       :ok-count 5,
                       :fail-count 0,
                       :info-count 3},
                :remove {:valid? false,
                         :count 4,
                         :ok-count 0,
                         :fail-count 0,
                         :info-count 4}}},
 :net {:all {:send-count 38,
             :recv-count 38,
             :msg-count 38,
             :msgs-per-op 2.1111112},
       :clients {:send-count 30, :recv-count 30, :msg-count 30},
       :servers {:send-count 8,
                 :recv-count 8,
                 :msg-count 8,
                 :msgs-per-op 0.44444445},
       :valid? true},
 :workload {:valid? :unknown,
            :error "java.lang.IllegalArgumentException: No implementation of method: :check of protocol: #'jepsen.checker/Checker found for class: maelstrom.workload.or_set$checker\n at clojure.core$_cache_protocol_fn.invokeStatic (core_deftype.clj:583)\n    clojure.core$_cache_protocol_fn.invoke (core_deftype.clj:575)\n    jepsen.checker$fn__8761$G__8756__8772.invoke (checker.clj:52)\n    jepsen.checker$check_safe.invokeStatic (checker.clj:81)\n    jepsen.checker$check_safe.invoke (checker.clj:74)\n    jepsen.checker$compose$reify__8787$fn__8789.invoke (checker.clj:97)\n    clojure.core$pmap$fn__8447$fn__8448.invoke (core.clj:7022)\n    clojure.core$binding_conveyor_fn$fn__5739.invoke (core.clj:2030)\n    clojure.lang.AFn.call (AFn.java:18)\n    java.util.concurrent.FutureTask.run (FutureTask.java:264)\n    java.util.concurrent.ThreadPoolExecutor.runWorker (ThreadPoolExecutor.java:1136)\n    java.util.concurrent.ThreadPoolExecutor$Worker.run (ThreadPoolExecutor.java:635)\n    java.lang.Thread.run (Thread.java:833)\n"},
 :valid? false}


Analysis invalid! (ﾉಥ益ಥ）ﾉ ┻━┻
