2023-03-01 12:31:40,496{GMT}	INFO	[jepsen test runner] jepsen.core: Command line:
lein run test --bin guiao0/lock-lamport.py --time-limit 5 --node-count 2 -w lock --concurrency 2n
2023-03-01 12:31:40,548{GMT}	INFO	[jepsen test runner] jepsen.core: Running test:
{:args []
 :remote
 #jepsen.control.retry.Remote{:remote #jepsen.control.scp.Remote{:cmd-remote #jepsen.control.sshj.SSHJRemote{:concurrency-limit 6,
                                                                                                             :conn-spec nil,
                                                                                                             :client nil,
                                                                                                             :semaphore nil},
                                                                 :conn-spec nil},
                              :conn nil}
 :log-net-send false
 :node-count 2
 :availability nil
 :max-txn-length 4
 :concurrency 4
 :db
 #object[maelstrom.db$db$reify__16144
         "0x10fef6da"
         "maelstrom.db$db$reify__16144@10fef6da"]
 :max-writes-per-key 16
 :leave-db-running? false
 :name "lock"
 :logging-json? false
 :start-time
 #object[org.joda.time.DateTime "0x74bca236" "2023-03-01T12:31:40.480Z"]
 :nemesis-interval 10
 :net
 #object[maelstrom.net$jepsen_net$reify__15253
         "0x526fbb80"
         "maelstrom.net$jepsen_net$reify__15253@526fbb80"]
 :client
 #object[maelstrom.workload.lock$client$reify__19507
         "0x33dcbdc2"
         "maelstrom.workload.lock$client$reify__19507@33dcbdc2"]
 :barrier
 #object[java.util.concurrent.CyclicBarrier
         "0x3e37c38f"
         "java.util.concurrent.CyclicBarrier@3e37c38f"]
 :log-stderr false
 :pure-generators true
 :ssh {:dummy? true}
 :rate 5
 :checker
 #object[jepsen.checker$compose$reify__11881
         "0x2f0b7b6d"
         "jepsen.checker$compose$reify__11881@2f0b7b6d"]
 :argv
 ("test"
  "--bin"
  "guiao0/lock-lamport.py"
  "--time-limit"
  "5"
  "--node-count"
  "2"
  "-w"
  "lock"
  "--concurrency"
  "2n")
 :nemesis
 (jepsen.nemesis.ReflCompose
  {:fm {:start-partition 0,
        :stop-partition 0,
        :kill 1,
        :start 1,
        :pause 1,
        :resume 1},
   :nemeses [#unprintable "jepsen.nemesis.combined$partition_nemesis$reify__16418@1766b7"
             #unprintable "jepsen.nemesis.combined$db_nemesis$reify__16399@56f3f9da"]})
 :nodes ["n0" "n1"]
 :test-count 1
 :latency {:mean 0, :dist :constant}
 :bin "guiao0/lock-lamport.py"
 :generator
 (jepsen.generator.TimeLimit
  {:limit 5000000000,
   :cutoff nil,
   :gen (jepsen.generator.Any
         {:gens [(jepsen.generator.OnThreads
                  {:f #{:nemesis},
                   :context-filter #object[jepsen.generator.context$make_thread_filter$lazy_filter__9167
                                           "0x2ff30a75"
                                           "jepsen.generator.context$make_thread_filter$lazy_filter__9167@2ff30a75"],
                   :gen nil})
                 (jepsen.generator.OnThreads
                  {:f #jepsen.generator.context.AllBut{:element :nemesis},
                   :context-filter #object[jepsen.generator.context$make_thread_filter$lazy_filter__9167
                                           "0xb38dc7d"
                                           "jepsen.generator.context$make_thread_filter$lazy_filter__9167@b38dc7d"],
                   :gen (jepsen.generator.Stagger
                         {:dt 400000000,
                          :next-time nil,
                          :gen (jepsen.generator.EachThread
                                {:fresh-gen ({:f :lock}
                                             {:f :unlock}
                                             {:f :lock}
                                             {:f :unlock}
                                             {:f :lock}
                                             {:f :unlock}
                                             {:f :lock}
                                             {:f :unlock}
                                             ...),
                                 :context-filters #object[clojure.core$promise$reify__8591
                                                          "0x746cb25d"
                                                          {:status :pending,
                                                           :val nil}],
                                 :gens {}})})})]})})
 :log-net-recv false
 :os
 #object[maelstrom.net$jepsen_os$reify__15256
         "0x7c068c7b"
         "maelstrom.net$jepsen_os$reify__15256@7c068c7b"]
 :time-limit 5
 :workload :lock
 :consistency-models [:strict-serializable]
 :topology :grid}

2023-03-01 12:31:42,262{GMT}	INFO	[jepsen node n0] maelstrom.net: Starting Maelstrom network
2023-03-01 12:31:42,263{GMT}	INFO	[jepsen test runner] jepsen.db: Tearing down DB
2023-03-01 12:31:42,265{GMT}	INFO	[jepsen test runner] jepsen.db: Setting up DB
2023-03-01 12:31:42,266{GMT}	INFO	[jepsen node n1] maelstrom.db: Setting up n1
2023-03-01 12:31:42,266{GMT}	INFO	[jepsen node n1] maelstrom.process: launching guiao0/lock-lamport.py []
2023-03-01 12:31:42,268{GMT}	INFO	[jepsen node n0] maelstrom.service: Starting services: (lin-kv lin-tso lww-kv seq-kv)
2023-03-01 12:31:42,269{GMT}	INFO	[jepsen node n0] maelstrom.db: Setting up n0
2023-03-01 12:31:42,270{GMT}	INFO	[jepsen node n0] maelstrom.process: launching guiao0/lock-lamport.py []
2023-03-01 12:31:42,303{GMT}	INFO	[jepsen test runner] jepsen.core: Relative time begins now
2023-03-01 12:31:42,318{GMT}	INFO	[jepsen worker 0] jepsen.util: 0	:invoke	:lock	nil
2023-03-01 12:31:42,323{GMT}	INFO	[jepsen worker 0] jepsen.util: 0	:ok	:lock	nil
2023-03-01 12:31:42,688{GMT}	INFO	[jepsen worker 2] jepsen.util: 2	:invoke	:lock	nil
2023-03-01 12:31:42,849{GMT}	INFO	[jepsen worker 0] jepsen.util: 0	:invoke	:unlock	nil
2023-03-01 12:31:42,851{GMT}	INFO	[jepsen worker 0] jepsen.util: 0	:ok	:unlock	nil
2023-03-01 12:31:43,185{GMT}	INFO	[jepsen worker 3] jepsen.util: 3	:invoke	:lock	nil
2023-03-01 12:31:43,189{GMT}	INFO	[jepsen worker 3] jepsen.util: 3	:ok	:lock	nil
2023-03-01 12:31:43,230{GMT}	INFO	[jepsen worker 3] jepsen.util: 3	:invoke	:unlock	nil
2023-03-01 12:31:43,233{GMT}	INFO	[jepsen worker 3] jepsen.util: 3	:ok	:unlock	nil
2023-03-01 12:31:43,244{GMT}	INFO	[jepsen worker 0] jepsen.util: 0	:invoke	:lock	nil
2023-03-01 12:31:43,248{GMT}	INFO	[jepsen worker 2] jepsen.util: 2	:ok	:lock	nil
2023-03-01 12:31:43,497{GMT}	INFO	[jepsen worker 1] jepsen.util: 1	:invoke	:lock	nil
2023-03-01 12:31:43,664{GMT}	INFO	[jepsen worker 3] jepsen.util: 3	:invoke	:lock	nil
2023-03-01 12:31:43,803{GMT}	INFO	[jepsen worker 2] jepsen.util: 2	:invoke	:unlock	nil
2023-03-01 12:31:43,805{GMT}	INFO	[jepsen worker 2] jepsen.util: 2	:ok	:unlock	nil
2023-03-01 12:31:44,162{GMT}	INFO	[jepsen worker 2] jepsen.util: 2	:invoke	:lock	nil
2023-03-01 12:31:44,165{GMT}	INFO	[jepsen worker 0] jepsen.util: 0	:ok	:lock	nil
2023-03-01 12:31:44,500{GMT}	INFO	[jepsen worker 0] jepsen.util: 0	:invoke	:unlock	nil
2023-03-01 12:31:44,502{GMT}	INFO	[jepsen worker 0] jepsen.util: 0	:ok	:unlock	nil
2023-03-01 12:31:44,711{GMT}	INFO	[jepsen worker 0] jepsen.util: 0	:invoke	:lock	nil
2023-03-01 12:31:44,714{GMT}	INFO	[jepsen worker 2] jepsen.util: 2	:ok	:lock	nil
2023-03-01 12:31:44,783{GMT}	INFO	[jepsen worker 2] jepsen.util: 2	:invoke	:unlock	nil
2023-03-01 12:31:44,784{GMT}	INFO	[jepsen worker 2] jepsen.util: 2	:ok	:unlock	nil
2023-03-01 12:31:44,924{GMT}	INFO	[jepsen worker 2] jepsen.util: 2	:invoke	:lock	nil
2023-03-01 12:31:44,927{GMT}	INFO	[jepsen worker 0] jepsen.util: 0	:ok	:lock	nil
2023-03-01 12:31:45,199{GMT}	INFO	[jepsen worker 0] jepsen.util: 0	:invoke	:unlock	nil
2023-03-01 12:31:45,201{GMT}	INFO	[jepsen worker 0] jepsen.util: 0	:ok	:unlock	nil
2023-03-01 12:31:45,429{GMT}	INFO	[jepsen worker 0] jepsen.util: 0	:invoke	:lock	nil
2023-03-01 12:31:45,432{GMT}	INFO	[jepsen worker 2] jepsen.util: 2	:ok	:lock	nil
2023-03-01 12:31:45,657{GMT}	INFO	[jepsen worker 2] jepsen.util: 2	:invoke	:unlock	nil
2023-03-01 12:31:45,659{GMT}	INFO	[jepsen worker 2] jepsen.util: 2	:ok	:unlock	nil
2023-03-01 12:31:45,879{GMT}	INFO	[jepsen worker 2] jepsen.util: 2	:invoke	:lock	nil
2023-03-01 12:31:48,499{GMT}	INFO	[jepsen worker 1] jepsen.util: 1	:info	:lock	nil	:net-timeout
2023-03-01 12:31:48,665{GMT}	INFO	[jepsen worker 3] jepsen.util: 3	:info	:lock	nil	:net-timeout
2023-03-01 12:31:50,429{GMT}	INFO	[jepsen worker 0] jepsen.util: 0	:info	:lock	nil	:net-timeout
2023-03-01 12:31:50,880{GMT}	INFO	[jepsen worker 2] jepsen.util: 2	:info	:lock	nil	:net-timeout
2023-03-01 12:31:50,899{GMT}	INFO	[jepsen test runner] jepsen.core: Run complete, writing
2023-03-01 12:31:50,936{GMT}	INFO	[jepsen node n0] maelstrom.db: Tearing down n0
2023-03-01 12:31:50,937{GMT}	INFO	[jepsen node n1] maelstrom.db: Tearing down n1
2023-03-01 12:31:52,277{GMT}	INFO	[jepsen node n0] maelstrom.net: Shutting down Maelstrom network
2023-03-01 12:31:52,278{GMT}	INFO	[jepsen test runner] jepsen.core: Analyzing...
2023-03-01 12:31:52,425{GMT}	INFO	[jepsen test runner] jepsen.core: Analysis complete
2023-03-01 12:31:52,436{GMT}	INFO	[jepsen results] jepsen.store: Wrote /home/miguel/uni/4ano/sd/sdge/store/lock/20230301T123140.480Z/results.edn
2023-03-01 12:31:52,458{GMT}	INFO	[jepsen test runner] jepsen.core: {:perf {:latency-graph {:valid? true},
        :rate-graph {:valid? true},
        :valid? true},
 :timeline {:valid? true},
 :exceptions {:valid? true},
 :stats {:valid? true,
         :count 18,
         :ok-count 14,
         :fail-count 0,
         :info-count 4,
         :by-f {:lock {:valid? true,
                       :count 11,
                       :ok-count 7,
                       :fail-count 0,
                       :info-count 4},
                :unlock {:valid? true,
                         :count 7,
                         :ok-count 7,
                         :fail-count 0,
                         :info-count 0}}},
 :availability {:valid? true, :ok-fraction 0.7777778},
 :net {:all {:send-count 59,
             :recv-count 59,
             :msg-count 59,
             :msgs-per-op 3.2777777},
       :clients {:send-count 36, :recv-count 36, :msg-count 36},
       :servers {:send-count 23,
                 :recv-count 23,
                 :msg-count 23,
                 :msgs-per-op 1.2777778},
       :valid? true},
 :workload {:valid? true, :errors []},
 :valid? true}


Everything looks good! ヽ(‘ー`)ノ
