DEBUG:root:received {"id":1,"src":"c1","dest":"n0","body":{"type":"init","node_id":"n0","node_ids":["n0","n1","n2"],"msg_id":1}}
INFO:root:node n0 initialized
DEBUG:root:sending {"dest": "c1", "src": "n0", "body": {"msg_id": 1, "in_reply_to": 1, "type": "init_ok"}}
DEBUG:root:received {"id":9,"src":"n1","dest":"n0","body":{"msg_id":2,"type":"fwd_add","element":0,"id":["n1",1],"r":[],"vv":{"n0":0,"n1":1,"n2":0}}}
DEBUG:root:received {"id":11,"src":"c8","dest":"n0","body":{"element":1,"type":"add","msg_id":1}}
DEBUG:root:sending {"dest": "n1", "src": "n0", "body": {"msg_id": 2, "type": "fwd_add", "element": 1, "id": ["n0", 1], "r": [], "vv": {"n0": 1, "n1": 1, "n2": 0}}}
DEBUG:root:sending {"dest": "n2", "src": "n0", "body": {"msg_id": 3, "type": "fwd_add", "element": 1, "id": ["n0", 1], "r": [], "vv": {"n0": 1, "n1": 1, "n2": 0}}}
DEBUG:root:received {"id":20,"src":"n1","dest":"n0","body":{"msg_id":4,"type":"fwd_add","element":2,"id":["n1",2],"r":[],"vv":{"n0":1,"n1":2,"n2":0}}}
DEBUG:root:received {"id":22,"src":"c11","dest":"n0","body":{"type":"read","msg_id":1}}
DEBUG:root:sending {"dest": "c11", "src": "n0", "body": {"msg_id": 4, "in_reply_to": 1, "type": "read_ok", "value": [0, 1, 2]}}
DEBUG:root:received {"id":24,"src":"c11","dest":"n0","body":{"type":"read","msg_id":2}}
DEBUG:root:sending {"dest": "c11", "src": "n0", "body": {"msg_id": 5, "in_reply_to": 2, "type": "read_ok", "value": [0, 1, 2]}}
DEBUG:root:received {"id":26,"src":"c11","dest":"n0","body":{"element":3,"type":"add","msg_id":3}}
DEBUG:root:sending {"dest": "n1", "src": "n0", "body": {"msg_id": 6, "type": "fwd_add", "element": 3, "id": ["n0", 2], "r": [], "vv": {"n0": 2, "n1": 2, "n2": 0}}}
DEBUG:root:sending {"dest": "n2", "src": "n0", "body": {"msg_id": 7, "type": "fwd_add", "element": 3, "id": ["n0", 2], "r": [], "vv": {"n0": 2, "n1": 2, "n2": 0}}}
DEBUG:root:received {"id":31,"src":"c14","dest":"n0","body":{"type":"read","msg_id":1}}
DEBUG:root:sending {"dest": "c14", "src": "n0", "body": {"msg_id": 8, "in_reply_to": 1, "type": "read_ok", "value": [0, 1, 2, 3]}}
DEBUG:root:received {"id":33,"src":"c14","dest":"n0","body":{"element":2,"type":"remove","msg_id":2}}
DEBUG:root:sending {"dest": ["n1", 2], "src": "n0", "body": {"msg_id": 9, "type": "fwd_remove", "element": 2, "r": [["n1", 2]], "vv": {"n0": 3, "n1": 2, "n2": 0}}}
DEBUG:root:received {"id":36,"src":"c17","dest":"n0","body":{"type":"read","msg_id":1}}
DEBUG:root:sending {"dest": "c17", "src": "n0", "body": {"msg_id": 10, "in_reply_to": 1, "type": "read_ok", "value": [0, 1, 2, 3]}}
