DEBUG:root:received {"id":0,"src":"c0","dest":"n2","body":{"type":"init","node_id":"n2","node_ids":["n0","n1","n2"],"msg_id":1}}
INFO:root:node n2 initialized
DEBUG:root:sending {"dest": "c0", "src": "n2", "body": {"msg_id": 1, "in_reply_to": 1, "type": "init_ok"}}
DEBUG:root:received {"id":6,"src":"c6","dest":"n2","body":{"element":0,"type":"remove","msg_id":1}}
DEBUG:root:sending {"dest": "c6", "src": "n2", "body": {"msg_id": 2, "in_reply_to": 1, "type": "error", "code": 20, "message": "element not in set"}}
DEBUG:root:received {"id":10,"src":"n1","dest":"n2","body":{"msg_id":3,"type":"fwd_add","element":0,"id":["n1",1],"r":[],"vv":{"n0":0,"n1":1,"n2":0}}}
DEBUG:root:received {"id":13,"src":"n0","dest":"n2","body":{"msg_id":3,"type":"fwd_add","element":1,"id":["n0",1],"r":[],"vv":{"n0":1,"n1":1,"n2":0}}}
DEBUG:root:received {"id":14,"src":"c9","dest":"n2","body":{"type":"read","msg_id":1}}
DEBUG:root:sending {"dest": "c9", "src": "n2", "body": {"msg_id": 3, "in_reply_to": 1, "type": "read_ok", "value": [0, 1]}}
DEBUG:root:received {"id":16,"src":"c9","dest":"n2","body":{"type":"read","msg_id":2}}
DEBUG:root:sending {"dest": "c9", "src": "n2", "body": {"msg_id": 4, "in_reply_to": 2, "type": "read_ok", "value": [0, 1]}}
DEBUG:root:received {"id":18,"src":"c9","dest":"n2","body":{"element":0,"type":"remove","msg_id":3}}
DEBUG:root:sending {"dest": ["n1", 1], "src": "n2", "body": {"msg_id": 5, "type": "fwd_remove", "element": 0, "r": [["n1", 1]], "vv": {"n0": 1, "n1": 1, "n2": 2}}}
DEBUG:root:received {"id":21,"src":"n1","dest":"n2","body":{"msg_id":5,"type":"fwd_add","element":2,"id":["n1",2],"r":[],"vv":{"n0":1,"n1":2,"n2":0}}}
DEBUG:root:received {"id":28,"src":"n0","dest":"n2","body":{"msg_id":7,"type":"fwd_add","element":3,"id":["n0",2],"r":[],"vv":{"n0":2,"n1":2,"n2":0}}}
DEBUG:root:received {"id":29,"src":"c12","dest":"n2","body":{"element":4,"type":"add","msg_id":1}}
DEBUG:root:sending {"dest": "n0", "src": "n2", "body": {"msg_id": 6, "type": "fwd_add", "element": 4, "id": ["n2", 1], "r": [], "vv": {"n0": 2, "n1": 2, "n2": 3}}}
DEBUG:root:sending {"dest": "n1", "src": "n2", "body": {"msg_id": 7, "type": "fwd_add", "element": 4, "id": ["n2", 1], "r": [], "vv": {"n0": 2, "n1": 2, "n2": 3}}}
DEBUG:root:received {"id":34,"src":"c15","dest":"n2","body":{"element":5,"type":"add","msg_id":1}}
DEBUG:root:sending {"dest": "n0", "src": "n2", "body": {"msg_id": 8, "type": "fwd_add", "element": 5, "id": ["n2", 2], "r": [], "vv": {"n0": 2, "n1": 2, "n2": 4}}}
DEBUG:root:sending {"dest": "n1", "src": "n2", "body": {"msg_id": 9, "type": "fwd_add", "element": 5, "id": ["n2", 2], "r": [], "vv": {"n0": 2, "n1": 2, "n2": 4}}}
DEBUG:root:received {"id":35,"src":"c18","dest":"n2","body":{"type":"read","msg_id":1}}
DEBUG:root:sending {"dest": "c18", "src": "n2", "body": {"msg_id": 10, "in_reply_to": 1, "type": "read_ok", "value": [0, 1, 2, 3, 4, 5]}}
