2023-03-10 15:16:57,978{GMT}	INFO	[jepsen test runner] jepsen.core: Command line:
lein run test -w cbcast --bin causal-broadcast.py --time-limit 5 --node-count 3 --latency-dist uniform --latency 500
2023-03-10 15:16:58,052{GMT}	INFO	[jepsen test runner] jepsen.core: Running test:
{:args []
 :remote
 #jepsen.control.retry.Remote{:remote #jepsen.control.scp.Remote{:cmd-remote #jepsen.control.clj_ssh.Remote{:concurrency-limit 8,
                                                                                                            :conn-spec nil,
                                                                                                            :session nil,
                                                                                                            :semaphore nil},
                                                                 :conn-spec nil},
                              :conn nil}
 :log-net-send false
 :node-count 3
 :max-txn-length 4
 :concurrency 3
 :db
 #object[maelstrom.db$db$reify__16817
         "0x7ba5d307"
         "maelstrom.db$db$reify__16817@7ba5d307"]
 :max-writes-per-key 16
 :leave-db-running? false
 :name "cbcast"
 :logging-json? false
 :start-time
 #object[org.joda.time.DateTime "0x684001e6" "2023-03-10T15:16:57.000Z"]
 :nemesis-interval 10
 :net
 #object[maelstrom.net$jepsen_net$reify__15673
         "0x6bb2b8d4"
         "maelstrom.net$jepsen_net$reify__15673@6bb2b8d4"]
 :client
 #object[maelstrom.workload.cbcast$client$reify__18677
         "0x64230d44"
         "maelstrom.workload.cbcast$client$reify__18677@64230d44"]
 :barrier
 #object[java.util.concurrent.CyclicBarrier
         "0x1ff584d7"
         "java.util.concurrent.CyclicBarrier@1ff584d7"]
 :log-stderr false
 :pure-generators true
 :ssh {:dummy? true}
 :rate 5
 :checker
 #object[jepsen.checker$compose$reify__8787
         "0x7752f9fe"
         "jepsen.checker$compose$reify__8787@7752f9fe"]
 :argv
 ("test"
  "-w"
  "cbcast"
  "--bin"
  "causal-broadcast.py"
  "--time-limit"
  "5"
  "--node-count"
  "3"
  "--latency-dist"
  "uniform"
  "--latency"
  "500")
 :nemesis
 (jepsen.nemesis.ReflCompose
  {:fm {:start-partition 0,
        :stop-partition 0,
        :kill 1,
        :start 1,
        :pause 1,
        :resume 1},
   :nemeses [#unprintable "jepsen.nemesis.combined$partition_nemesis$reify__17089@9588bd8"
             #unprintable "jepsen.nemesis.combined$db_nemesis$reify__17070@75edfe9a"]})
 :nodes ["n0" "n1" "n2"]
 :test-count 1
 :latency {:mean 500, :dist :uniform}
 :bin "causal-broadcast.py"
 :generator
 (jepsen.generator.TimeLimit
  {:limit 5000000000,
   :cutoff nil,
   :gen (jepsen.generator.Any
         {:gens [(jepsen.generator.OnThreads {:f #{:nemesis}, :gen nil})
                 (jepsen.generator.OnThreads
                  {:f #object[clojure.core$complement$fn__5654
                              "0x6351efa6"
                              "clojure.core$complement$fn__5654@6351efa6"],
                   :gen (jepsen.generator.Stagger
                         {:dt 400000000,
                          :next-time nil,
                          :gen ({:f :cbcast, :value 1}
                                {:f :cbcast, :value 2}
                                {:f :cbcast, :value 3}
                                {:f :cbcast, :value 4}
                                {:f :cbcast, :value 5}
                                {:f :cbcast, :value 6}
                                {:f :cbcast, :value 7}
                                {:f :cbcast, :value 8}
                                ...)})})]})})
 :log-net-recv false
 :os
 #object[maelstrom.net$jepsen_os$reify__15676
         "0x349e166"
         "maelstrom.net$jepsen_os$reify__15676@349e166"]
 :time-limit 5
 :workload :cbcast
 :consistency-models [:strict-serializable]
 :topology :grid}

2023-03-10 15:16:58,059{GMT}	INFO	[jepsen node n0] maelstrom.net: Starting Maelstrom network
2023-03-10 15:16:58,060{GMT}	INFO	[jepsen test runner] jepsen.db: Tearing down DB
2023-03-10 15:16:58,062{GMT}	INFO	[jepsen test runner] jepsen.db: Setting up DB
2023-03-10 15:16:58,063{GMT}	INFO	[jepsen node n1] maelstrom.db: Setting up n1
2023-03-10 15:16:58,063{GMT}	INFO	[jepsen node n2] maelstrom.db: Setting up n2
2023-03-10 15:16:58,064{GMT}	INFO	[jepsen node n2] maelstrom.process: launching causal-broadcast.py []
2023-03-10 15:16:58,064{GMT}	INFO	[jepsen node n1] maelstrom.process: launching causal-broadcast.py []
2023-03-10 15:16:58,065{GMT}	INFO	[jepsen node n0] maelstrom.service: Starting services: (lin-kv lin-tso lww-kv seq-kv)
2023-03-10 15:16:58,067{GMT}	INFO	[jepsen node n0] maelstrom.db: Setting up n0
2023-03-10 15:16:58,068{GMT}	INFO	[jepsen node n0] maelstrom.process: launching causal-broadcast.py []
2023-03-10 15:16:58,135{GMT}	INFO	[jepsen test runner] jepsen.core: Relative time begins now
2023-03-10 15:16:58,153{GMT}	INFO	[jepsen worker 0] jepsen.util: 0	:invoke	:cbcast	1
2023-03-10 15:16:58,157{GMT}	INFO	[jepsen worker 0] jepsen.util: 0	:ok	:cbcast	[]
2023-03-10 15:16:58,469{GMT}	INFO	[jepsen worker 0] jepsen.util: 0	:invoke	:cbcast	2
2023-03-10 15:16:58,471{GMT}	INFO	[jepsen worker 0] jepsen.util: 0	:ok	:cbcast	[]
2023-03-10 15:16:58,575{GMT}	INFO	[jepsen worker 2] jepsen.util: 2	:invoke	:cbcast	3
2023-03-10 15:16:58,602{GMT}	INFO	[jepsen worker 2] jepsen.util: 2	:ok	:cbcast	[1]
2023-03-10 15:16:58,631{GMT}	INFO	[jepsen worker 1] jepsen.util: 1	:invoke	:cbcast	4
2023-03-10 15:16:58,715{GMT}	INFO	[jepsen worker 2] jepsen.util: 2	:invoke	:cbcast	5
2023-03-10 15:16:58,793{GMT}	INFO	[jepsen worker 1] jepsen.util: 1	:ok	:cbcast	[1 2]
2023-03-10 15:16:58,927{GMT}	INFO	[jepsen worker 2] jepsen.util: 2	:ok	:cbcast	[2]
2023-03-10 15:16:59,059{GMT}	INFO	[jepsen worker 0] jepsen.util: 0	:invoke	:cbcast	6
2023-03-10 15:16:59,377{GMT}	INFO	[jepsen worker 1] jepsen.util: 1	:invoke	:cbcast	7
2023-03-10 15:16:59,378{GMT}	INFO	[jepsen worker 1] jepsen.util: 1	:ok	:cbcast	[3 5]
2023-03-10 15:16:59,446{GMT}	INFO	[jepsen worker 0] jepsen.util: 0	:ok	:cbcast	[3 4]
2023-03-10 15:16:59,533{GMT}	INFO	[jepsen worker 1] jepsen.util: 1	:invoke	:cbcast	8
2023-03-10 15:16:59,675{GMT}	INFO	[jepsen worker 2] jepsen.util: 2	:invoke	:cbcast	9
2023-03-10 15:16:59,829{GMT}	INFO	[jepsen worker 2] jepsen.util: 2	:ok	:cbcast	[4 7 6]
2023-03-10 15:16:59,910{GMT}	INFO	[jepsen worker 0] jepsen.util: 0	:invoke	:cbcast	10
2023-03-10 15:16:59,922{GMT}	INFO	[jepsen worker 2] jepsen.util: 2	:invoke	:cbcast	11
2023-03-10 15:16:59,924{GMT}	INFO	[jepsen worker 2] jepsen.util: 2	:ok	:cbcast	[]
2023-03-10 15:17:00,127{GMT}	INFO	[jepsen worker 2] jepsen.util: 2	:invoke	:cbcast	12
2023-03-10 15:17:00,129{GMT}	INFO	[jepsen worker 2] jepsen.util: 2	:ok	:cbcast	[]
2023-03-10 15:17:00,194{GMT}	INFO	[jepsen worker 0] jepsen.util: 0	:ok	:cbcast	[5 7]
2023-03-10 15:17:00,222{GMT}	INFO	[jepsen worker 0] jepsen.util: 0	:invoke	:cbcast	13
2023-03-10 15:17:00,232{GMT}	INFO	[jepsen worker 2] jepsen.util: 2	:invoke	:cbcast	14
2023-03-10 15:17:00,357{GMT}	INFO	[jepsen worker 1] jepsen.util: 1	:ok	:cbcast	[6]
2023-03-10 15:17:00,396{GMT}	INFO	[jepsen worker 0] jepsen.util: 0	:ok	:cbcast	[9 11]
2023-03-10 15:17:00,478{GMT}	INFO	[jepsen worker 1] jepsen.util: 1	:invoke	:cbcast	15
2023-03-10 15:17:00,728{GMT}	INFO	[jepsen worker 1] jepsen.util: 1	:ok	:cbcast	[9 10 11 12]
2023-03-10 15:17:00,728{GMT}	INFO	[jepsen worker 2] jepsen.util: 2	:ok	:cbcast	[10]
2023-03-10 15:17:00,828{GMT}	INFO	[jepsen worker 2] jepsen.util: 2	:invoke	:cbcast	16
2023-03-10 15:17:00,927{GMT}	INFO	[jepsen worker 0] jepsen.util: 0	:invoke	:cbcast	17
2023-03-10 15:17:01,226{GMT}	INFO	[jepsen worker 2] jepsen.util: 2	:ok	:cbcast	[8]
2023-03-10 15:17:01,286{GMT}	INFO	[jepsen worker 2] jepsen.util: 2	:invoke	:cbcast	18
2023-03-10 15:17:01,288{GMT}	INFO	[jepsen worker 2] jepsen.util: 2	:ok	:cbcast	[13 15]
2023-03-10 15:17:01,396{GMT}	INFO	[jepsen worker 0] jepsen.util: 0	:ok	:cbcast	[12 8 14]
2023-03-10 15:17:01,504{GMT}	INFO	[jepsen worker 0] jepsen.util: 0	:invoke	:cbcast	19
2023-03-10 15:17:01,639{GMT}	INFO	[jepsen worker 2] jepsen.util: 2	:invoke	:cbcast	20
2023-03-10 15:17:01,874{GMT}	INFO	[jepsen worker 1] jepsen.util: 1	:invoke	:cbcast	21
2023-03-10 15:17:01,925{GMT}	INFO	[jepsen worker 1] jepsen.util: 1	:ok	:cbcast	[14 16]
2023-03-10 15:17:02,200{GMT}	INFO	[jepsen worker 1] jepsen.util: 1	:invoke	:cbcast	22
2023-03-10 15:17:02,202{GMT}	INFO	[jepsen worker 1] jepsen.util: 1	:ok	:cbcast	[]
2023-03-10 15:17:02,231{GMT}	INFO	[jepsen worker 0] jepsen.util: 0	:ok	:cbcast	[16 15 18]
2023-03-10 15:17:02,310{GMT}	INFO	[jepsen worker 0] jepsen.util: 0	:invoke	:cbcast	23
2023-03-10 15:17:02,341{GMT}	INFO	[jepsen worker 2] jepsen.util: 2	:ok	:cbcast	[17]
2023-03-10 15:17:02,608{GMT}	INFO	[jepsen worker 2] jepsen.util: 2	:invoke	:cbcast	24
2023-03-10 15:17:02,838{GMT}	INFO	[jepsen worker 0] jepsen.util: 0	:ok	:cbcast	[21 22]
2023-03-10 15:17:02,890{GMT}	INFO	[jepsen worker 1] jepsen.util: 1	:invoke	:cbcast	25
2023-03-10 15:17:02,927{GMT}	INFO	[jepsen worker 1] jepsen.util: 1	:ok	:cbcast	[]
2023-03-10 15:17:03,019{GMT}	INFO	[jepsen worker 0] jepsen.util: 0	:invoke	:cbcast	26
2023-03-10 15:17:03,034{GMT}	INFO	[jepsen worker 1] jepsen.util: 1	:invoke	:cbcast	27
2023-03-10 15:17:03,036{GMT}	INFO	[jepsen worker 1] jepsen.util: 1	:ok	:cbcast	[]
2023-03-10 15:17:03,133{GMT}	INFO	[jepsen worker 1] jepsen.util: 1	:invoke	:cbcast	28
2023-03-10 15:17:03,135{GMT}	INFO	[jepsen worker 1] jepsen.util: 1	:ok	:cbcast	[]
2023-03-10 15:17:03,187{GMT}	INFO	[jepsen worker 2] jepsen.util: 2	:ok	:cbcast	[21 22 19]
2023-03-10 15:17:03,209{GMT}	INFO	[jepsen worker 0] jepsen.util: 0	:ok	:cbcast	[20]
2023-03-10 15:17:03,214{GMT}	INFO	[jepsen node n1] maelstrom.db: Tearing down n1
2023-03-10 15:17:03,214{GMT}	INFO	[jepsen node n0] maelstrom.db: Tearing down n0
2023-03-10 15:17:03,214{GMT}	INFO	[jepsen node n2] maelstrom.db: Tearing down n2
2023-03-10 15:17:04,072{GMT}	INFO	[jepsen node n0] maelstrom.net: Shutting down Maelstrom network
2023-03-10 15:17:04,073{GMT}	INFO	[jepsen test runner] jepsen.core: Run complete, writing
2023-03-10 15:17:04,079{GMT}	INFO	[jepsen test runner] jepsen.core: Analyzing...
2023-03-10 15:17:04,189{GMT}	INFO	[jepsen test runner] jepsen.core: Analysis complete
2023-03-10 15:17:04,198{GMT}	INFO	[jepsen results] jepsen.store: Wrote /home/miguel/uni/4ano/sd/sdge/guiao1/store/cbcast/20230310T151657.000Z/results.edn
2023-03-10 15:17:04,209{GMT}	INFO	[jepsen test runner] jepsen.core: {:perf {:latency-graph {:valid? true},
        :rate-graph {:valid? true},
        :valid? true},
 :timeline {:valid? true},
 :exceptions {:valid? true},
 :stats {:valid? true,
         :count 28,
         :ok-count 28,
         :fail-count 0,
         :info-count 0,
         :by-f {:cbcast {:valid? true,
                         :count 28,
                         :ok-count 28,
                         :fail-count 0,
                         :info-count 0}}},
 :net {:all {:send-count 118,
             :recv-count 112,
             :msg-count 118,
             :msgs-per-op 4.214286},
       :clients {:send-count 62, :recv-count 62, :msg-count 62},
       :servers {:send-count 56,
                 :recv-count 50,
                 :msg-count 56,
                 :msgs-per-op 2.0},
       :valid? true},
 :workload {:valid? true, :errors []},
 :valid? true}


Everything looks good! ヽ(‘ー`)ノ
