2023-03-10 15:19:45,300{GMT}	INFO	[jepsen test runner] jepsen.core: Command line:
lein run test -w cbcast --bin causal-broadcast.py --time-limit 5 --node-count 3 --latency-dist uniform --latency 500
2023-03-10 15:19:45,368{GMT}	INFO	[jepsen test runner] jepsen.core: Running test:
{:args []
 :remote
 #jepsen.control.retry.Remote{:remote #jepsen.control.scp.Remote{:cmd-remote #jepsen.control.clj_ssh.Remote{:concurrency-limit 8,
                                                                                                            :conn-spec nil,
                                                                                                            :session nil,
                                                                                                            :semaphore nil},
                                                                 :conn-spec nil},
                              :conn nil}
 :log-net-send false
 :node-count 3
 :max-txn-length 4
 :concurrency 3
 :db
 #object[maelstrom.db$db$reify__16817
         "0x7ba5d307"
         "maelstrom.db$db$reify__16817@7ba5d307"]
 :max-writes-per-key 16
 :leave-db-running? false
 :name "cbcast"
 :logging-json? false
 :start-time
 #object[org.joda.time.DateTime "0x684001e6" "2023-03-10T15:19:45.000Z"]
 :nemesis-interval 10
 :net
 #object[maelstrom.net$jepsen_net$reify__15673
         "0x6bb2b8d4"
         "maelstrom.net$jepsen_net$reify__15673@6bb2b8d4"]
 :client
 #object[maelstrom.workload.cbcast$client$reify__18677
         "0x64230d44"
         "maelstrom.workload.cbcast$client$reify__18677@64230d44"]
 :barrier
 #object[java.util.concurrent.CyclicBarrier
         "0x1ff584d7"
         "java.util.concurrent.CyclicBarrier@1ff584d7"]
 :log-stderr false
 :pure-generators true
 :ssh {:dummy? true}
 :rate 5
 :checker
 #object[jepsen.checker$compose$reify__8787
         "0x7752f9fe"
         "jepsen.checker$compose$reify__8787@7752f9fe"]
 :argv
 ("test"
  "-w"
  "cbcast"
  "--bin"
  "causal-broadcast.py"
  "--time-limit"
  "5"
  "--node-count"
  "3"
  "--latency-dist"
  "uniform"
  "--latency"
  "500")
 :nemesis
 (jepsen.nemesis.ReflCompose
  {:fm {:start-partition 0,
        :stop-partition 0,
        :kill 1,
        :start 1,
        :pause 1,
        :resume 1},
   :nemeses [#unprintable "jepsen.nemesis.combined$partition_nemesis$reify__17089@9588bd8"
             #unprintable "jepsen.nemesis.combined$db_nemesis$reify__17070@75edfe9a"]})
 :nodes ["n0" "n1" "n2"]
 :test-count 1
 :latency {:mean 500, :dist :uniform}
 :bin "causal-broadcast.py"
 :generator
 (jepsen.generator.TimeLimit
  {:limit 5000000000,
   :cutoff nil,
   :gen (jepsen.generator.Any
         {:gens [(jepsen.generator.OnThreads {:f #{:nemesis}, :gen nil})
                 (jepsen.generator.OnThreads
                  {:f #object[clojure.core$complement$fn__5654
                              "0x6351efa6"
                              "clojure.core$complement$fn__5654@6351efa6"],
                   :gen (jepsen.generator.Stagger
                         {:dt 400000000,
                          :next-time nil,
                          :gen ({:f :cbcast, :value 1}
                                {:f :cbcast, :value 2}
                                {:f :cbcast, :value 3}
                                {:f :cbcast, :value 4}
                                {:f :cbcast, :value 5}
                                {:f :cbcast, :value 6}
                                {:f :cbcast, :value 7}
                                {:f :cbcast, :value 8}
                                ...)})})]})})
 :log-net-recv false
 :os
 #object[maelstrom.net$jepsen_os$reify__15676
         "0x349e166"
         "maelstrom.net$jepsen_os$reify__15676@349e166"]
 :time-limit 5
 :workload :cbcast
 :consistency-models [:strict-serializable]
 :topology :grid}

2023-03-10 15:19:45,377{GMT}	INFO	[jepsen node n0] maelstrom.net: Starting Maelstrom network
2023-03-10 15:19:45,378{GMT}	INFO	[jepsen test runner] jepsen.db: Tearing down DB
2023-03-10 15:19:45,381{GMT}	INFO	[jepsen test runner] jepsen.db: Setting up DB
2023-03-10 15:19:45,382{GMT}	INFO	[jepsen node n1] maelstrom.db: Setting up n1
2023-03-10 15:19:45,382{GMT}	INFO	[jepsen node n2] maelstrom.db: Setting up n2
2023-03-10 15:19:45,383{GMT}	INFO	[jepsen node n2] maelstrom.process: launching causal-broadcast.py []
2023-03-10 15:19:45,383{GMT}	INFO	[jepsen node n1] maelstrom.process: launching causal-broadcast.py []
2023-03-10 15:19:45,384{GMT}	INFO	[jepsen node n0] maelstrom.service: Starting services: (lin-kv lin-tso lww-kv seq-kv)
2023-03-10 15:19:45,386{GMT}	INFO	[jepsen node n0] maelstrom.db: Setting up n0
2023-03-10 15:19:45,387{GMT}	INFO	[jepsen node n0] maelstrom.process: launching causal-broadcast.py []
2023-03-10 15:19:45,451{GMT}	INFO	[jepsen test runner] jepsen.core: Relative time begins now
2023-03-10 15:19:45,466{GMT}	INFO	[jepsen worker 0] jepsen.util: 0	:invoke	:cbcast	1
2023-03-10 15:19:45,470{GMT}	INFO	[jepsen worker 0] jepsen.util: 0	:ok	:cbcast	[]
2023-03-10 15:19:45,569{GMT}	INFO	[jepsen worker 0] jepsen.util: 0	:invoke	:cbcast	2
2023-03-10 15:19:45,572{GMT}	INFO	[jepsen worker 0] jepsen.util: 0	:ok	:cbcast	[]
2023-03-10 15:19:45,636{GMT}	INFO	[jepsen worker 1] jepsen.util: 1	:invoke	:cbcast	3
2023-03-10 15:19:45,680{GMT}	INFO	[jepsen worker 0] jepsen.util: 0	:invoke	:cbcast	4
2023-03-10 15:19:45,682{GMT}	INFO	[jepsen worker 0] jepsen.util: 0	:ok	:cbcast	[]
2023-03-10 15:19:46,068{GMT}	INFO	[jepsen worker 1] jepsen.util: 1	:ok	:cbcast	[2 1]
2023-03-10 15:19:46,074{GMT}	INFO	[jepsen worker 0] jepsen.util: 0	:invoke	:cbcast	5
2023-03-10 15:19:46,466{GMT}	INFO	[jepsen worker 1] jepsen.util: 1	:invoke	:cbcast	6
2023-03-10 15:19:46,654{GMT}	INFO	[jepsen worker 1] jepsen.util: 1	:ok	:cbcast	[]
2023-03-10 15:19:46,754{GMT}	INFO	[jepsen worker 2] jepsen.util: 2	:invoke	:cbcast	7
2023-03-10 15:19:46,865{GMT}	INFO	[jepsen worker 0] jepsen.util: 0	:ok	:cbcast	[]
2023-03-10 15:19:47,017{GMT}	INFO	[jepsen worker 2] jepsen.util: 2	:ok	:cbcast	[2 1]
2023-03-10 15:19:47,120{GMT}	INFO	[jepsen worker 1] jepsen.util: 1	:invoke	:cbcast	8
2023-03-10 15:19:47,299{GMT}	INFO	[jepsen worker 1] jepsen.util: 1	:ok	:cbcast	[5 4]
2023-03-10 15:19:47,459{GMT}	INFO	[jepsen worker 1] jepsen.util: 1	:invoke	:cbcast	9
2023-03-10 15:19:47,568{GMT}	INFO	[jepsen worker 1] jepsen.util: 1	:ok	:cbcast	[]
2023-03-10 15:19:47,589{GMT}	INFO	[jepsen worker 2] jepsen.util: 2	:invoke	:cbcast	10
2023-03-10 15:19:47,825{GMT}	INFO	[jepsen worker 2] jepsen.util: 2	:ok	:cbcast	[6 3 5 4 9 8]
2023-03-10 15:19:47,954{GMT}	INFO	[jepsen worker 2] jepsen.util: 2	:invoke	:cbcast	11
2023-03-10 15:19:47,956{GMT}	INFO	[jepsen worker 2] jepsen.util: 2	:ok	:cbcast	[]
2023-03-10 15:19:48,026{GMT}	INFO	[jepsen worker 2] jepsen.util: 2	:invoke	:cbcast	12
2023-03-10 15:19:48,029{GMT}	INFO	[jepsen worker 2] jepsen.util: 2	:ok	:cbcast	[]
2023-03-10 15:19:48,155{GMT}	INFO	[jepsen worker 1] jepsen.util: 1	:invoke	:cbcast	13
2023-03-10 15:19:48,371{GMT}	INFO	[jepsen worker 0] jepsen.util: 0	:invoke	:cbcast	14
2023-03-10 15:19:48,411{GMT}	INFO	[jepsen worker 0] jepsen.util: 0	:ok	:cbcast	[6 3 9 8 10 7 12]
2023-03-10 15:19:48,519{GMT}	INFO	[jepsen worker 1] jepsen.util: 1	:ok	:cbcast	[10 7]
2023-03-10 15:19:48,745{GMT}	INFO	[jepsen worker 1] jepsen.util: 1	:invoke	:cbcast	15
2023-03-10 15:19:49,073{GMT}	INFO	[jepsen worker 0] jepsen.util: 0	:invoke	:cbcast	16
2023-03-10 15:19:49,103{GMT}	INFO	[jepsen worker 2] jepsen.util: 2	:invoke	:cbcast	17
2023-03-10 15:19:49,105{GMT}	INFO	[jepsen worker 2] jepsen.util: 2	:ok	:cbcast	[]
2023-03-10 15:19:49,111{GMT}	INFO	[jepsen worker 2] jepsen.util: 2	:invoke	:cbcast	18
2023-03-10 15:19:49,113{GMT}	INFO	[jepsen worker 2] jepsen.util: 2	:ok	:cbcast	[]
2023-03-10 15:19:49,284{GMT}	INFO	[jepsen worker 1] jepsen.util: 1	:ok	:cbcast	[12 11]
2023-03-10 15:19:49,382{GMT}	INFO	[jepsen worker 1] jepsen.util: 1	:invoke	:cbcast	19
2023-03-10 15:19:49,437{GMT}	INFO	[jepsen worker 0] jepsen.util: 0	:ok	:cbcast	[11]
2023-03-10 15:19:49,670{GMT}	INFO	[jepsen worker 1] jepsen.util: 1	:ok	:cbcast	[]
2023-03-10 15:19:49,701{GMT}	INFO	[jepsen worker 1] jepsen.util: 1	:invoke	:cbcast	20
2023-03-10 15:19:49,834{GMT}	INFO	[jepsen worker 2] jepsen.util: 2	:invoke	:cbcast	21
2023-03-10 15:19:49,838{GMT}	INFO	[jepsen worker 1] jepsen.util: 1	:ok	:cbcast	[16 14 18 17]
2023-03-10 15:19:50,054{GMT}	INFO	[jepsen worker 2] jepsen.util: 2	:ok	:cbcast	[15 13 16 14]
2023-03-10 15:19:50,106{GMT}	INFO	[jepsen worker 1] jepsen.util: 1	:invoke	:cbcast	22
2023-03-10 15:19:50,250{GMT}	INFO	[jepsen worker 2] jepsen.util: 2	:invoke	:cbcast	23
2023-03-10 15:19:50,372{GMT}	INFO	[jepsen worker 2] jepsen.util: 2	:ok	:cbcast	[20 19]
2023-03-10 15:19:50,401{GMT}	INFO	[jepsen worker 2] jepsen.util: 2	:invoke	:cbcast	24
2023-03-10 15:19:50,403{GMT}	INFO	[jepsen worker 2] jepsen.util: 2	:ok	:cbcast	[]
2023-03-10 15:19:50,490{GMT}	INFO	[jepsen worker 1] jepsen.util: 1	:ok	:cbcast	[]
2023-03-10 15:19:50,494{GMT}	INFO	[jepsen node n0] maelstrom.db: Tearing down n0
2023-03-10 15:19:50,494{GMT}	INFO	[jepsen node n1] maelstrom.db: Tearing down n1
2023-03-10 15:19:50,494{GMT}	INFO	[jepsen node n2] maelstrom.db: Tearing down n2
2023-03-10 15:19:51,392{GMT}	INFO	[jepsen node n0] maelstrom.net: Shutting down Maelstrom network
2023-03-10 15:19:51,392{GMT}	INFO	[jepsen test runner] jepsen.core: Run complete, writing
2023-03-10 15:19:51,400{GMT}	INFO	[jepsen test runner] jepsen.core: Analyzing...
2023-03-10 15:19:51,530{GMT}	INFO	[jepsen test runner] jepsen.core: Analysis complete
2023-03-10 15:19:51,539{GMT}	INFO	[jepsen results] jepsen.store: Wrote /home/miguel/uni/4ano/sd/sdge/guiao1/store/cbcast/20230310T151945.000Z/results.edn
2023-03-10 15:19:51,551{GMT}	INFO	[jepsen test runner] jepsen.core: {:perf {:latency-graph {:valid? true},
        :rate-graph {:valid? true},
        :valid? true},
 :timeline {:valid? true},
 :exceptions {:valid? true},
 :stats {:valid? true,
         :count 24,
         :ok-count 24,
         :fail-count 0,
         :info-count 0,
         :by-f {:cbcast {:valid? true,
                         :count 24,
                         :ok-count 24,
                         :fail-count 0,
                         :info-count 0}}},
 :net {:all {:send-count 102,
             :recv-count 97,
             :msg-count 102,
             :msgs-per-op 4.25},
       :clients {:send-count 54, :recv-count 54, :msg-count 54},
       :servers {:send-count 48,
                 :recv-count 43,
                 :msg-count 48,
                 :msgs-per-op 2.0},
       :valid? true},
 :workload {:valid? false,
            :errors ["missing dependencies [1] when delivering message 2 to process 1"
                     "missing dependencies [1] when delivering message 2 to process 2"
                     "missing dependencies [4] when delivering message 5 to process 1"
                     "missing dependencies [3] when delivering message 6 to process 2"
                     "missing dependencies [4] when delivering message 5 to process 2"
                     "missing dependencies [8] when delivering message 9 to process 2"
                     "missing dependencies [3] when delivering message 6 to process 0"
                     "missing dependencies [8] when delivering message 9 to process 0"
                     "missing dependencies [7] when delivering message 10 to process 0"
                     "missing dependencies [11] when delivering message 12 to process 0"
                     "missing dependencies [7] when delivering message 10 to process 1"
                     "missing dependencies [11] when delivering message 12 to process 1"
                     "missing dependencies [14] when delivering message 16 to process 1"
                     "missing dependencies [17] when delivering message 18 to process 1"
                     "missing dependencies [13] when delivering message 15 to process 2"
                     "missing dependencies [14] when delivering message 16 to process 2"
                     "missing dependencies [19] when delivering message 20 to process 2"]},
 :valid? false}


Analysis invalid! (ﾉಥ益ಥ）ﾉ ┻━┻
