2023-03-10 15:14:23,305{GMT}	INFO	[jepsen test runner] jepsen.core: Command line:
lein run test -w cbcast --bin causal-broadcast.py --time-limit 5 --node-count 3 --latency-dist uniform --latency 500
2023-03-10 15:14:23,368{GMT}	INFO	[jepsen test runner] jepsen.core: Running test:
{:args []
 :remote
 #jepsen.control.retry.Remote{:remote #jepsen.control.scp.Remote{:cmd-remote #jepsen.control.clj_ssh.Remote{:concurrency-limit 8,
                                                                                                            :conn-spec nil,
                                                                                                            :session nil,
                                                                                                            :semaphore nil},
                                                                 :conn-spec nil},
                              :conn nil}
 :log-net-send false
 :node-count 3
 :max-txn-length 4
 :concurrency 3
 :db
 #object[maelstrom.db$db$reify__16817
         "0x7ba5d307"
         "maelstrom.db$db$reify__16817@7ba5d307"]
 :max-writes-per-key 16
 :leave-db-running? false
 :name "cbcast"
 :logging-json? false
 :start-time
 #object[org.joda.time.DateTime "0x684001e6" "2023-03-10T15:14:23.000Z"]
 :nemesis-interval 10
 :net
 #object[maelstrom.net$jepsen_net$reify__15673
         "0x6bb2b8d4"
         "maelstrom.net$jepsen_net$reify__15673@6bb2b8d4"]
 :client
 #object[maelstrom.workload.cbcast$client$reify__18677
         "0x64230d44"
         "maelstrom.workload.cbcast$client$reify__18677@64230d44"]
 :barrier
 #object[java.util.concurrent.CyclicBarrier
         "0x1ff584d7"
         "java.util.concurrent.CyclicBarrier@1ff584d7"]
 :log-stderr false
 :pure-generators true
 :ssh {:dummy? true}
 :rate 5
 :checker
 #object[jepsen.checker$compose$reify__8787
         "0x7752f9fe"
         "jepsen.checker$compose$reify__8787@7752f9fe"]
 :argv
 ("test"
  "-w"
  "cbcast"
  "--bin"
  "causal-broadcast.py"
  "--time-limit"
  "5"
  "--node-count"
  "3"
  "--latency-dist"
  "uniform"
  "--latency"
  "500")
 :nemesis
 (jepsen.nemesis.ReflCompose
  {:fm {:start-partition 0,
        :stop-partition 0,
        :kill 1,
        :start 1,
        :pause 1,
        :resume 1},
   :nemeses [#unprintable "jepsen.nemesis.combined$partition_nemesis$reify__17089@9588bd8"
             #unprintable "jepsen.nemesis.combined$db_nemesis$reify__17070@75edfe9a"]})
 :nodes ["n0" "n1" "n2"]
 :test-count 1
 :latency {:mean 500, :dist :uniform}
 :bin "causal-broadcast.py"
 :generator
 (jepsen.generator.TimeLimit
  {:limit 5000000000,
   :cutoff nil,
   :gen (jepsen.generator.Any
         {:gens [(jepsen.generator.OnThreads {:f #{:nemesis}, :gen nil})
                 (jepsen.generator.OnThreads
                  {:f #object[clojure.core$complement$fn__5654
                              "0x6351efa6"
                              "clojure.core$complement$fn__5654@6351efa6"],
                   :gen (jepsen.generator.Stagger
                         {:dt 400000000,
                          :next-time nil,
                          :gen ({:f :cbcast, :value 1}
                                {:f :cbcast, :value 2}
                                {:f :cbcast, :value 3}
                                {:f :cbcast, :value 4}
                                {:f :cbcast, :value 5}
                                {:f :cbcast, :value 6}
                                {:f :cbcast, :value 7}
                                {:f :cbcast, :value 8}
                                ...)})})]})})
 :log-net-recv false
 :os
 #object[maelstrom.net$jepsen_os$reify__15676
         "0x349e166"
         "maelstrom.net$jepsen_os$reify__15676@349e166"]
 :time-limit 5
 :workload :cbcast
 :consistency-models [:strict-serializable]
 :topology :grid}

2023-03-10 15:14:23,378{GMT}	INFO	[jepsen node n0] maelstrom.net: Starting Maelstrom network
2023-03-10 15:14:23,380{GMT}	INFO	[jepsen test runner] jepsen.db: Tearing down DB
2023-03-10 15:14:23,382{GMT}	INFO	[jepsen test runner] jepsen.db: Setting up DB
2023-03-10 15:14:23,384{GMT}	INFO	[jepsen node n2] maelstrom.db: Setting up n2
2023-03-10 15:14:23,384{GMT}	INFO	[jepsen node n1] maelstrom.db: Setting up n1
2023-03-10 15:14:23,384{GMT}	INFO	[jepsen node n2] maelstrom.process: launching causal-broadcast.py []
2023-03-10 15:14:23,384{GMT}	INFO	[jepsen node n1] maelstrom.process: launching causal-broadcast.py []
2023-03-10 15:14:23,387{GMT}	INFO	[jepsen node n0] maelstrom.service: Starting services: (lin-kv lin-tso lww-kv seq-kv)
2023-03-10 15:14:23,393{GMT}	INFO	[jepsen node n0] maelstrom.db: Setting up n0
2023-03-10 15:14:23,394{GMT}	INFO	[jepsen node n0] maelstrom.process: launching causal-broadcast.py []
2023-03-10 15:14:23,441{GMT}	INFO	[jepsen test runner] jepsen.core: Relative time begins now
2023-03-10 15:14:23,469{GMT}	INFO	[jepsen worker 0] jepsen.util: 0	:invoke	:cbcast	1
2023-03-10 15:14:23,480{GMT}	INFO	[jepsen worker 0] jepsen.util: 0	:ok	:cbcast	[]
2023-03-10 15:14:23,530{GMT}	INFO	[jepsen worker 1] jepsen.util: 1	:invoke	:cbcast	2
2023-03-10 15:14:23,887{GMT}	INFO	[jepsen worker 0] jepsen.util: 0	:invoke	:cbcast	3
2023-03-10 15:14:23,889{GMT}	INFO	[jepsen worker 0] jepsen.util: 0	:ok	:cbcast	[]
2023-03-10 15:14:23,975{GMT}	INFO	[jepsen worker 2] jepsen.util: 2	:invoke	:cbcast	4
2023-03-10 15:14:24,242{GMT}	INFO	[jepsen worker 2] jepsen.util: 2	:ok	:cbcast	[]
2023-03-10 15:14:24,274{GMT}	INFO	[jepsen worker 1] jepsen.util: 1	:ok	:cbcast	[]
2023-03-10 15:14:24,315{GMT}	INFO	[jepsen worker 0] jepsen.util: 0	:invoke	:cbcast	5
2023-03-10 15:14:24,434{GMT}	INFO	[jepsen worker 1] jepsen.util: 1	:invoke	:cbcast	6
2023-03-10 15:14:24,435{GMT}	INFO	[jepsen worker 2] jepsen.util: 2	:invoke	:cbcast	7
2023-03-10 15:14:24,438{GMT}	INFO	[jepsen worker 2] jepsen.util: 2	:ok	:cbcast	[3 1]
2023-03-10 15:14:24,710{GMT}	INFO	[jepsen worker 2] jepsen.util: 2	:invoke	:cbcast	8
2023-03-10 15:14:24,712{GMT}	INFO	[jepsen worker 2] jepsen.util: 2	:ok	:cbcast	[]
2023-03-10 15:14:24,995{GMT}	INFO	[jepsen worker 1] jepsen.util: 1	:ok	:cbcast	[3 1]
2023-03-10 15:14:25,089{GMT}	INFO	[jepsen worker 1] jepsen.util: 1	:invoke	:cbcast	9
2023-03-10 15:14:25,127{GMT}	INFO	[jepsen worker 0] jepsen.util: 0	:ok	:cbcast	[]
2023-03-10 15:14:25,187{GMT}	INFO	[jepsen worker 1] jepsen.util: 1	:ok	:cbcast	[7 4]
2023-03-10 15:14:25,197{GMT}	INFO	[jepsen worker 2] jepsen.util: 2	:invoke	:cbcast	10
2023-03-10 15:14:25,484{GMT}	INFO	[jepsen worker 1] jepsen.util: 1	:invoke	:cbcast	11
2023-03-10 15:14:25,486{GMT}	INFO	[jepsen worker 1] jepsen.util: 1	:ok	:cbcast	[]
2023-03-10 15:14:25,525{GMT}	INFO	[jepsen worker 0] jepsen.util: 0	:invoke	:cbcast	12
2023-03-10 15:14:25,557{GMT}	INFO	[jepsen worker 0] jepsen.util: 0	:ok	:cbcast	[8 4 7 6 2]
2023-03-10 15:14:25,695{GMT}	INFO	[jepsen worker 2] jepsen.util: 2	:ok	:cbcast	[6 2]
2023-03-10 15:14:25,824{GMT}	INFO	[jepsen worker 1] jepsen.util: 1	:invoke	:cbcast	13
2023-03-10 15:14:25,908{GMT}	INFO	[jepsen worker 0] jepsen.util: 0	:invoke	:cbcast	14
2023-03-10 15:14:25,949{GMT}	INFO	[jepsen worker 0] jepsen.util: 0	:ok	:cbcast	[]
2023-03-10 15:14:26,114{GMT}	INFO	[jepsen worker 2] jepsen.util: 2	:invoke	:cbcast	15
2023-03-10 15:14:26,357{GMT}	INFO	[jepsen worker 1] jepsen.util: 1	:ok	:cbcast	[12 5]
2023-03-10 15:14:26,409{GMT}	INFO	[jepsen worker 1] jepsen.util: 1	:invoke	:cbcast	16
2023-03-10 15:14:26,411{GMT}	INFO	[jepsen worker 1] jepsen.util: 1	:ok	:cbcast	[10 8]
2023-03-10 15:14:26,513{GMT}	INFO	[jepsen worker 0] jepsen.util: 0	:invoke	:cbcast	17
2023-03-10 15:14:26,803{GMT}	INFO	[jepsen worker 1] jepsen.util: 1	:invoke	:cbcast	18
2023-03-10 15:14:26,804{GMT}	INFO	[jepsen worker 1] jepsen.util: 1	:ok	:cbcast	[]
2023-03-10 15:14:26,811{GMT}	INFO	[jepsen worker 2] jepsen.util: 2	:ok	:cbcast	[11 9 12 5]
2023-03-10 15:14:27,005{GMT}	INFO	[jepsen worker 1] jepsen.util: 1	:invoke	:cbcast	19
2023-03-10 15:14:27,017{GMT}	INFO	[jepsen worker 0] jepsen.util: 0	:ok	:cbcast	[11 9]
2023-03-10 15:14:27,096{GMT}	INFO	[jepsen worker 0] jepsen.util: 0	:invoke	:cbcast	20
2023-03-10 15:14:27,221{GMT}	INFO	[jepsen worker 0] jepsen.util: 0	:ok	:cbcast	[16 13 15 10]
2023-03-10 15:14:27,316{GMT}	INFO	[jepsen worker 2] jepsen.util: 2	:invoke	:cbcast	21
2023-03-10 15:14:27,408{GMT}	INFO	[jepsen worker 0] jepsen.util: 0	:invoke	:cbcast	22
2023-03-10 15:14:27,411{GMT}	INFO	[jepsen worker 0] jepsen.util: 0	:ok	:cbcast	[]
2023-03-10 15:14:27,668{GMT}	INFO	[jepsen worker 2] jepsen.util: 2	:ok	:cbcast	[16 13 17 14]
2023-03-10 15:14:27,700{GMT}	INFO	[jepsen worker 1] jepsen.util: 1	:ok	:cbcast	[]
2023-03-10 15:14:27,760{GMT}	INFO	[jepsen worker 0] jepsen.util: 0	:invoke	:cbcast	23
2023-03-10 15:14:27,812{GMT}	INFO	[jepsen worker 2] jepsen.util: 2	:invoke	:cbcast	24
2023-03-10 15:14:27,822{GMT}	INFO	[jepsen worker 1] jepsen.util: 1	:invoke	:cbcast	25
2023-03-10 15:14:28,157{GMT}	INFO	[jepsen worker 1] jepsen.util: 1	:ok	:cbcast	[17 14 22 20 21 15]
2023-03-10 15:14:28,200{GMT}	INFO	[jepsen worker 1] jepsen.util: 1	:invoke	:cbcast	26
2023-03-10 15:14:28,202{GMT}	INFO	[jepsen worker 1] jepsen.util: 1	:ok	:cbcast	[]
2023-03-10 15:14:28,281{GMT}	INFO	[jepsen worker 0] jepsen.util: 0	:ok	:cbcast	[]
2023-03-10 15:14:28,315{GMT}	INFO	[jepsen worker 2] jepsen.util: 2	:ok	:cbcast	[22 20 19 18]
2023-03-10 15:14:28,318{GMT}	INFO	[jepsen node n0] maelstrom.db: Tearing down n0
2023-03-10 15:14:28,318{GMT}	INFO	[jepsen node n1] maelstrom.db: Tearing down n1
2023-03-10 15:14:28,319{GMT}	INFO	[jepsen node n2] maelstrom.db: Tearing down n2
2023-03-10 15:14:29,395{GMT}	INFO	[jepsen node n0] maelstrom.net: Shutting down Maelstrom network
2023-03-10 15:14:29,395{GMT}	INFO	[jepsen test runner] jepsen.core: Run complete, writing
2023-03-10 15:14:29,401{GMT}	INFO	[jepsen test runner] jepsen.core: Analyzing...
2023-03-10 15:14:29,551{GMT}	INFO	[jepsen test runner] jepsen.core: Analysis complete
2023-03-10 15:14:29,569{GMT}	INFO	[jepsen results] jepsen.store: Wrote /home/miguel/uni/4ano/sd/sdge/guiao1/store/cbcast/20230310T151423.000Z/results.edn
2023-03-10 15:14:29,588{GMT}	INFO	[jepsen test runner] jepsen.core: {:perf {:latency-graph {:valid? true},
        :rate-graph {:valid? true},
        :valid? true},
 :timeline {:valid? true},
 :exceptions {:valid? true},
 :stats {:valid? true,
         :count 26,
         :ok-count 26,
         :fail-count 0,
         :info-count 0,
         :by-f {:cbcast {:valid? true,
                         :count 26,
                         :ok-count 26,
                         :fail-count 0,
                         :info-count 0}}},
 :net {:all {:send-count 110,
             :recv-count 106,
             :msg-count 110,
             :msgs-per-op 4.230769},
       :clients {:send-count 58, :recv-count 58, :msg-count 58},
       :servers {:send-count 52,
                 :recv-count 48,
                 :msg-count 52,
                 :msgs-per-op 2.0},
       :valid? true},
 :workload {:valid? false,
            :errors ["missing dependencies [1] when delivering message 3 to process 2"
                     "missing dependencies [1] when delivering message 3 to process 1"
                     "missing dependencies [4] when delivering message 7 to process 1"
                     "missing dependencies [7] when delivering message 8 to process 0"
                     "missing dependencies [2] when delivering message 6 to process 0"
                     "missing dependencies [2] when delivering message 6 to process 2"
                     "missing dependencies [5 8] when delivering message 12 to process 1"
                     "missing dependencies [8] when delivering message 10 to process 1"
                     "missing dependencies [9] when delivering message 11 to process 2"
                     "missing dependencies [5] when delivering message 12 to process 2"
                     "missing dependencies [9] when delivering message 11 to process 0"
                     "missing dependencies [13 10] when delivering message 16 to process 0"
                     "missing dependencies [10] when delivering message 15 to process 0"
                     "missing dependencies [13] when delivering message 16 to process 2"
                     "missing dependencies [14] when delivering message 17 to process 2"
                     "missing dependencies [14] when delivering message 17 to process 1"
                     "missing dependencies [20] when delivering message 22 to process 1"
                     "missing dependencies [15] when delivering message 20 to process 1"
                     "missing dependencies [15] when delivering message 21 to process 1"
                     "missing dependencies [20] when delivering message 22 to process 2"
                     "missing dependencies [18] when delivering message 19 to process 2"]},
 :valid? false}


Analysis invalid! (ﾉಥ益ಥ）ﾉ ┻━┻
