DEBUG:root:received {"id":1,"src":"c1","dest":"n2","body":{"type":"init","node_id":"n2","node_ids":["n0","n1","n2"],"msg_id":1}}
INFO:root:node n2 initialized
DEBUG:root:sending {"dest": "c1", "src": "n2", "body": {"msg_id": 1, "in_reply_to": 1, "type": "init_ok"}}
DEBUG:root:received {"id":9,"src":"n1","dest":"n2","body":{"msg_id":4,"type":"fwd_msg","vv":{"n0":0,"n1":1,"n2":0},"message":1}}
DEBUG:root:received {"id":17,"src":"n1","dest":"n2","body":{"msg_id":10,"type":"fwd_msg","vv":{"n0":0,"n1":3,"n2":0},"message":3}}
DEBUG:root:received {"id":13,"src":"n1","dest":"n2","body":{"msg_id":7,"type":"fwd_msg","vv":{"n0":0,"n1":2,"n2":0},"message":2}}
DEBUG:root:received {"id":18,"src":"c7","dest":"n2","body":{"type":"cbcast","message":4,"msg_id":1}}
DEBUG:root:sending {"dest": "c7", "src": "n2", "body": {"msg_id": 2, "in_reply_to": 1, "type": "cbcast_ok", "messages": [1, 3, 2]}}
DEBUG:root:sending {"dest": "n0", "src": "n2", "body": {"msg_id": 3, "type": "fwd_msg", "vv": {"n0": 0, "n1": 3, "n2": 1}, "message": 4}}
DEBUG:root:sending {"dest": "n1", "src": "n2", "body": {"msg_id": 4, "type": "fwd_msg", "vv": {"n0": 0, "n1": 3, "n2": 1}, "message": 4}}
DEBUG:root:received {"id":22,"src":"n1","dest":"n2","body":{"msg_id":13,"type":"fwd_msg","vv":{"n0":0,"n1":4,"n2":0},"message":5}}
DEBUG:root:received {"id":26,"src":"n1","dest":"n2","body":{"msg_id":16,"type":"fwd_msg","vv":{"n0":0,"n1":5,"n2":0},"message":6}}
DEBUG:root:received {"id":33,"src":"n1","dest":"n2","body":{"msg_id":19,"type":"fwd_msg","vv":{"n0":0,"n1":6,"n2":1},"message":7}}
DEBUG:root:received {"id":34,"src":"c7","dest":"n2","body":{"type":"cbcast","message":8,"msg_id":2}}
DEBUG:root:sending {"dest": "c7", "src": "n2", "body": {"msg_id": 5, "in_reply_to": 2, "type": "cbcast_ok", "messages": [5, 6, 7]}}
DEBUG:root:sending {"dest": "n0", "src": "n2", "body": {"msg_id": 6, "type": "fwd_msg", "vv": {"n0": 0, "n1": 6, "n2": 2}, "message": 8}}
DEBUG:root:sending {"dest": "n1", "src": "n2", "body": {"msg_id": 7, "type": "fwd_msg", "vv": {"n0": 0, "n1": 6, "n2": 2}, "message": 8}}
DEBUG:root:received {"id":42,"src":"n0","dest":"n2","body":{"msg_id":7,"type":"fwd_msg","vv":{"n0":2,"n1":6,"n2":0},"message":10}}
DEBUG:root:received {"id":50,"src":"n1","dest":"n2","body":{"msg_id":22,"type":"fwd_msg","vv":{"n0":0,"n1":7,"n2":1},"message":11}}
DEBUG:root:received {"id":38,"src":"n0","dest":"n2","body":{"msg_id":4,"type":"fwd_msg","vv":{"n0":1,"n1":5,"n2":0},"message":9}}
DEBUG:root:received {"id":51,"src":"c7","dest":"n2","body":{"type":"cbcast","message":13,"msg_id":3}}
DEBUG:root:sending {"dest": "c7", "src": "n2", "body": {"msg_id": 8, "in_reply_to": 3, "type": "cbcast_ok", "messages": [10, 9]}}
DEBUG:root:sending {"dest": "n0", "src": "n2", "body": {"msg_id": 9, "type": "fwd_msg", "vv": {"n0": 2, "n1": 6, "n2": 3}, "message": 13}}
DEBUG:root:sending {"dest": "n1", "src": "n2", "body": {"msg_id": 10, "type": "fwd_msg", "vv": {"n0": 2, "n1": 6, "n2": 3}, "message": 13}}
DEBUG:root:received {"id":58,"src":"n0","dest":"n2","body":{"msg_id":10,"type":"fwd_msg","vv":{"n0":3,"n1":6,"n2":2},"message":12}}
DEBUG:root:received {"id":66,"src":"n0","dest":"n2","body":{"msg_id":16,"type":"fwd_msg","vv":{"n0":5,"n1":6,"n2":3},"message":16}}
DEBUG:root:received {"id":62,"src":"n0","dest":"n2","body":{"msg_id":13,"type":"fwd_msg","vv":{"n0":4,"n1":6,"n2":3},"message":15}}
DEBUG:root:received {"id":70,"src":"n0","dest":"n2","body":{"msg_id":19,"type":"fwd_msg","vv":{"n0":6,"n1":6,"n2":3},"message":17}}
DEBUG:root:received {"id":81,"src":"n1","dest":"n2","body":{"msg_id":31,"type":"fwd_msg","vv":{"n0":4,"n1":10,"n2":3},"message":19}}
DEBUG:root:received {"id":73,"src":"n1","dest":"n2","body":{"msg_id":25,"type":"fwd_msg","vv":{"n0":2,"n1":8,"n2":3},"message":14}}
DEBUG:root:received {"id":89,"src":"n0","dest":"n2","body":{"msg_id":22,"type":"fwd_msg","vv":{"n0":7,"n1":11,"n2":3},"message":21}}
DEBUG:root:received {"id":77,"src":"n1","dest":"n2","body":{"msg_id":28,"type":"fwd_msg","vv":{"n0":3,"n1":9,"n2":3},"message":18}}
DEBUG:root:received {"id":85,"src":"n1","dest":"n2","body":{"msg_id":34,"type":"fwd_msg","vv":{"n0":6,"n1":11,"n2":3},"message":20}}
DEBUG:root:received {"id":94,"src":"c7","dest":"n2","body":{"type":"cbcast","message":23,"msg_id":4}}
DEBUG:root:sending {"dest": "c7", "src": "n2", "body": {"msg_id": 11, "in_reply_to": 4, "type": "cbcast_ok", "messages": [12, 16, 15, 17, 19, 11, 14, 21, 18]}}
DEBUG:root:sending {"dest": "n0", "src": "n2", "body": {"msg_id": 12, "type": "fwd_msg", "vv": {"n0": 7, "n1": 10, "n2": 4}, "message": 23}}
DEBUG:root:sending {"dest": "n1", "src": "n2", "body": {"msg_id": 13, "type": "fwd_msg", "vv": {"n0": 7, "n1": 10, "n2": 4}, "message": 23}}
