DEBUG:root:received {"id":0,"src":"c0","dest":"n0","body":{"type":"init","node_id":"n0","node_ids":["n0"],"msg_id":1}}
INFO:root:node n0 initialized
DEBUG:root:sending {"dest": "c0", "src": "n0", "body": {"msg_id": 1, "in_reply_to": 1, "type": "init_ok"}}
DEBUG:root:received {"id":2,"src":"c2","dest":"n0","body":{"type":"lock","msg_id":1}}
DEBUG:root:sending {"dest": "c2", "src": "n0", "body": {"msg_id": 2, "in_reply_to": 1, "type": "lock_ok"}}
DEBUG:root:received {"id":4,"src":"c3","dest":"n0","body":{"type":"lock","msg_id":1}}
DEBUG:root:sending {"dest": "c3", "src": "n0", "body": {"msg_id": 3, "in_reply_to": 1, "type": "lock_ok"}}
DEBUG:root:received {"id":6,"src":"c3","dest":"n0","body":{"type":"unlock","msg_id":2}}
DEBUG:root:sending {"dest": "c3", "src": "n0", "body": {"msg_id": 4, "in_reply_to": 2, "type": "unlock_ok"}}
DEBUG:root:received {"id":8,"src":"c4","dest":"n0","body":{"type":"lock","msg_id":1}}
DEBUG:root:sending {"dest": "c4", "src": "n0", "body": {"msg_id": 5, "in_reply_to": 1, "type": "lock_ok"}}
DEBUG:root:received {"id":10,"src":"c3","dest":"n0","body":{"type":"lock","msg_id":3}}
DEBUG:root:sending {"dest": "c3", "src": "n0", "body": {"msg_id": 6, "in_reply_to": 3, "type": "lock_ok"}}
DEBUG:root:received {"id":12,"src":"c3","dest":"n0","body":{"type":"unlock","msg_id":4}}
DEBUG:root:sending {"dest": "c3", "src": "n0", "body": {"msg_id": 7, "in_reply_to": 4, "type": "unlock_ok"}}
DEBUG:root:received {"id":14,"src":"c3","dest":"n0","body":{"type":"lock","msg_id":5}}
DEBUG:root:sending {"dest": "c3", "src": "n0", "body": {"msg_id": 8, "in_reply_to": 5, "type": "lock_ok"}}
DEBUG:root:received {"id":16,"src":"c4","dest":"n0","body":{"type":"unlock","msg_id":2}}
DEBUG:root:sending {"dest": "c4", "src": "n0", "body": {"msg_id": 9, "in_reply_to": 2, "type": "unlock_ok"}}
DEBUG:root:received {"id":18,"src":"c4","dest":"n0","body":{"type":"lock","msg_id":3}}
DEBUG:root:sending {"dest": "c4", "src": "n0", "body": {"msg_id": 10, "in_reply_to": 3, "type": "lock_ok"}}
DEBUG:root:received {"id":20,"src":"c4","dest":"n0","body":{"type":"unlock","msg_id":4}}
DEBUG:root:sending {"dest": "c4", "src": "n0", "body": {"msg_id": 11, "in_reply_to": 4, "type": "unlock_ok"}}
DEBUG:root:received {"id":22,"src":"c3","dest":"n0","body":{"type":"unlock","msg_id":6}}
DEBUG:root:sending {"dest": "c3", "src": "n0", "body": {"msg_id": 12, "in_reply_to": 6, "type": "unlock_ok"}}
DEBUG:root:received {"id":24,"src":"c4","dest":"n0","body":{"type":"lock","msg_id":5}}
DEBUG:root:sending {"dest": "c4", "src": "n0", "body": {"msg_id": 13, "in_reply_to": 5, "type": "lock_ok"}}
DEBUG:root:received {"id":26,"src":"c2","dest":"n0","body":{"type":"unlock","msg_id":2}}
DEBUG:root:sending {"dest": "c2", "src": "n0", "body": {"msg_id": 14, "in_reply_to": 2, "type": "unlock_ok"}}
DEBUG:root:received {"id":28,"src":"c3","dest":"n0","body":{"type":"lock","msg_id":7}}
DEBUG:root:sending {"dest": "c3", "src": "n0", "body": {"msg_id": 15, "in_reply_to": 7, "type": "lock_ok"}}
DEBUG:root:received {"id":30,"src":"c2","dest":"n0","body":{"type":"lock","msg_id":3}}
DEBUG:root:sending {"dest": "c2", "src": "n0", "body": {"msg_id": 16, "in_reply_to": 3, "type": "lock_ok"}}
DEBUG:root:received {"id":32,"src":"c4","dest":"n0","body":{"type":"unlock","msg_id":6}}
DEBUG:root:sending {"dest": "c4", "src": "n0", "body": {"msg_id": 17, "in_reply_to": 6, "type": "unlock_ok"}}
DEBUG:root:received {"id":34,"src":"c2","dest":"n0","body":{"type":"unlock","msg_id":4}}
DEBUG:root:sending {"dest": "c2", "src": "n0", "body": {"msg_id": 18, "in_reply_to": 4, "type": "unlock_ok"}}
DEBUG:root:received {"id":36,"src":"c2","dest":"n0","body":{"type":"lock","msg_id":5}}
DEBUG:root:sending {"dest": "c2", "src": "n0", "body": {"msg_id": 19, "in_reply_to": 5, "type": "lock_ok"}}
DEBUG:root:received {"id":38,"src":"c3","dest":"n0","body":{"type":"unlock","msg_id":8}}
DEBUG:root:sending {"dest": "c3", "src": "n0", "body": {"msg_id": 20, "in_reply_to": 8, "type": "unlock_ok"}}
DEBUG:root:received {"id":40,"src":"c2","dest":"n0","body":{"type":"unlock","msg_id":6}}
DEBUG:root:sending {"dest": "c2", "src": "n0", "body": {"msg_id": 21, "in_reply_to": 6, "type": "unlock_ok"}}
DEBUG:root:received {"id":42,"src":"c2","dest":"n0","body":{"type":"lock","msg_id":7}}
DEBUG:root:sending {"dest": "c2", "src": "n0", "body": {"msg_id": 22, "in_reply_to": 7, "type": "lock_ok"}}
DEBUG:root:received {"id":44,"src":"c4","dest":"n0","body":{"type":"lock","msg_id":7}}
DEBUG:root:sending {"dest": "c4", "src": "n0", "body": {"msg_id": 23, "in_reply_to": 7, "type": "lock_ok"}}
DEBUG:root:received {"id":46,"src":"c3","dest":"n0","body":{"type":"lock","msg_id":9}}
DEBUG:root:sending {"dest": "c3", "src": "n0", "body": {"msg_id": 24, "in_reply_to": 9, "type": "lock_ok"}}
DEBUG:root:received {"id":48,"src":"c4","dest":"n0","body":{"type":"unlock","msg_id":8}}
DEBUG:root:sending {"dest": "c4", "src": "n0", "body": {"msg_id": 25, "in_reply_to": 8, "type": "unlock_ok"}}
DEBUG:root:received {"id":50,"src":"c3","dest":"n0","body":{"type":"unlock","msg_id":10}}
DEBUG:root:sending {"dest": "c3", "src": "n0", "body": {"msg_id": 26, "in_reply_to": 10, "type": "unlock_ok"}}
DEBUG:root:received {"id":52,"src":"c3","dest":"n0","body":{"type":"lock","msg_id":11}}
DEBUG:root:sending {"dest": "c3", "src": "n0", "body": {"msg_id": 27, "in_reply_to": 11, "type": "lock_ok"}}
DEBUG:root:received {"id":54,"src":"c2","dest":"n0","body":{"type":"unlock","msg_id":8}}
DEBUG:root:sending {"dest": "c2", "src": "n0", "body": {"msg_id": 28, "in_reply_to": 8, "type": "unlock_ok"}}
DEBUG:root:received {"id":56,"src":"c3","dest":"n0","body":{"type":"unlock","msg_id":12}}
DEBUG:root:sending {"dest": "c3", "src": "n0", "body": {"msg_id": 29, "in_reply_to": 12, "type": "unlock_ok"}}
DEBUG:root:received {"id":58,"src":"c3","dest":"n0","body":{"type":"lock","msg_id":13}}
DEBUG:root:sending {"dest": "c3", "src": "n0", "body": {"msg_id": 30, "in_reply_to": 13, "type": "lock_ok"}}
DEBUG:root:received {"id":60,"src":"c3","dest":"n0","body":{"type":"unlock","msg_id":14}}
DEBUG:root:sending {"dest": "c3", "src": "n0", "body": {"msg_id": 31, "in_reply_to": 14, "type": "unlock_ok"}}
DEBUG:root:received {"id":62,"src":"c3","dest":"n0","body":{"type":"lock","msg_id":15}}
DEBUG:root:sending {"dest": "c3", "src": "n0", "body": {"msg_id": 32, "in_reply_to": 15, "type": "lock_ok"}}
DEBUG:root:received {"id":64,"src":"c4","dest":"n0","body":{"type":"lock","msg_id":9}}
DEBUG:root:sending {"dest": "c4", "src": "n0", "body": {"msg_id": 33, "in_reply_to": 9, "type": "lock_ok"}}
DEBUG:root:received {"id":66,"src":"c2","dest":"n0","body":{"type":"lock","msg_id":9}}
DEBUG:root:sending {"dest": "c2", "src": "n0", "body": {"msg_id": 34, "in_reply_to": 9, "type": "lock_ok"}}
DEBUG:root:received {"id":68,"src":"c3","dest":"n0","body":{"type":"unlock","msg_id":16}}
DEBUG:root:sending {"dest": "c3", "src": "n0", "body": {"msg_id": 35, "in_reply_to": 16, "type": "unlock_ok"}}
DEBUG:root:received {"id":70,"src":"c2","dest":"n0","body":{"type":"unlock","msg_id":10}}
DEBUG:root:sending {"dest": "c2", "src": "n0", "body": {"msg_id": 36, "in_reply_to": 10, "type": "unlock_ok"}}
DEBUG:root:received {"id":72,"src":"c3","dest":"n0","body":{"type":"lock","msg_id":17}}
DEBUG:root:sending {"dest": "c3", "src": "n0", "body": {"msg_id": 37, "in_reply_to": 17, "type": "lock_ok"}}
DEBUG:root:received {"id":74,"src":"c4","dest":"n0","body":{"type":"unlock","msg_id":10}}
DEBUG:root:sending {"dest": "c4", "src": "n0", "body": {"msg_id": 38, "in_reply_to": 10, "type": "unlock_ok"}}
DEBUG:root:received {"id":76,"src":"c3","dest":"n0","body":{"type":"unlock","msg_id":18}}
DEBUG:root:sending {"dest": "c3", "src": "n0", "body": {"msg_id": 39, "in_reply_to": 18, "type": "unlock_ok"}}
DEBUG:root:received {"id":78,"src":"c3","dest":"n0","body":{"type":"lock","msg_id":19}}
DEBUG:root:sending {"dest": "c3", "src": "n0", "body": {"msg_id": 40, "in_reply_to": 19, "type": "lock_ok"}}
DEBUG:root:received {"id":80,"src":"c2","dest":"n0","body":{"type":"lock","msg_id":11}}
DEBUG:root:sending {"dest": "c2", "src": "n0", "body": {"msg_id": 41, "in_reply_to": 11, "type": "lock_ok"}}
DEBUG:root:received {"id":82,"src":"c4","dest":"n0","body":{"type":"lock","msg_id":11}}
DEBUG:root:sending {"dest": "c4", "src": "n0", "body": {"msg_id": 42, "in_reply_to": 11, "type": "lock_ok"}}
DEBUG:root:received {"id":84,"src":"c4","dest":"n0","body":{"type":"unlock","msg_id":12}}
DEBUG:root:sending {"dest": "c4", "src": "n0", "body": {"msg_id": 43, "in_reply_to": 12, "type": "unlock_ok"}}
DEBUG:root:received {"id":86,"src":"c4","dest":"n0","body":{"type":"lock","msg_id":13}}
DEBUG:root:sending {"dest": "c4", "src": "n0", "body": {"msg_id": 44, "in_reply_to": 13, "type": "lock_ok"}}
DEBUG:root:received {"id":88,"src":"c2","dest":"n0","body":{"type":"unlock","msg_id":12}}
DEBUG:root:sending {"dest": "c2", "src": "n0", "body": {"msg_id": 45, "in_reply_to": 12, "type": "unlock_ok"}}
DEBUG:root:received {"id":90,"src":"c2","dest":"n0","body":{"type":"lock","msg_id":13}}
DEBUG:root:sending {"dest": "c2", "src": "n0", "body": {"msg_id": 46, "in_reply_to": 13, "type": "lock_ok"}}
DEBUG:root:received {"id":92,"src":"c3","dest":"n0","body":{"type":"unlock","msg_id":20}}
DEBUG:root:sending {"dest": "c3", "src": "n0", "body": {"msg_id": 47, "in_reply_to": 20, "type": "unlock_ok"}}
DEBUG:root:received {"id":94,"src":"c4","dest":"n0","body":{"type":"unlock","msg_id":14}}
DEBUG:root:sending {"dest": "c4", "src": "n0", "body": {"msg_id": 48, "in_reply_to": 14, "type": "unlock_ok"}}
DEBUG:root:received {"id":96,"src":"c4","dest":"n0","body":{"type":"lock","msg_id":15}}
DEBUG:root:sending {"dest": "c4", "src": "n0", "body": {"msg_id": 49, "in_reply_to": 15, "type": "lock_ok"}}
DEBUG:root:received {"id":98,"src":"c2","dest":"n0","body":{"type":"unlock","msg_id":14}}
DEBUG:root:sending {"dest": "c2", "src": "n0", "body": {"msg_id": 50, "in_reply_to": 14, "type": "unlock_ok"}}
DEBUG:root:received {"id":100,"src":"c2","dest":"n0","body":{"type":"lock","msg_id":15}}
DEBUG:root:sending {"dest": "c2", "src": "n0", "body": {"msg_id": 51, "in_reply_to": 15, "type": "lock_ok"}}
DEBUG:root:received {"id":102,"src":"c3","dest":"n0","body":{"type":"lock","msg_id":21}}
DEBUG:root:sending {"dest": "c3", "src": "n0", "body": {"msg_id": 52, "in_reply_to": 21, "type": "lock_ok"}}
DEBUG:root:received {"id":104,"src":"c4","dest":"n0","body":{"type":"unlock","msg_id":16}}
DEBUG:root:sending {"dest": "c4", "src": "n0", "body": {"msg_id": 53, "in_reply_to": 16, "type": "unlock_ok"}}
DEBUG:root:received {"id":106,"src":"c4","dest":"n0","body":{"type":"lock","msg_id":17}}
DEBUG:root:sending {"dest": "c4", "src": "n0", "body": {"msg_id": 54, "in_reply_to": 17, "type": "lock_ok"}}
