DEBUG:root:received {"id":0,"src":"c1","dest":"n1","body":{"type":"init","node_id":"n1","node_ids":["n0","n1","n2"],"msg_id":1}}
INFO:root:node n1 initialized
DEBUG:root:sending {"dest": "c1", "src": "n1", "body": {"msg_id": 1, "in_reply_to": 1, "type": "init_ok"}}
DEBUG:root:received {"id":9,"src":"n2","dest":"n1","body":{"msg_id":4,"type":"fwd_msg","vv":{"n0":0,"n1":0,"n2":1},"message":1}}
DEBUG:root:received {"id":13,"src":"n2","dest":"n1","body":{"msg_id":7,"type":"fwd_msg","vv":{"n0":0,"n1":0,"n2":2},"message":2}}
DEBUG:root:received {"id":14,"src":"c7","dest":"n1","body":{"type":"cbcast","message":3,"msg_id":1}}
DEBUG:root:sending {"dest": "c7", "src": "n1", "body": {"msg_id": 2, "in_reply_to": 1, "type": "cbcast_ok", "messages": [1, 2]}}
DEBUG:root:sending {"dest": "n0", "src": "n1", "body": {"msg_id": 3, "type": "fwd_msg", "vv": {"n0": 0, "n1": 1, "n2": 2}, "message": 3}}
DEBUG:root:sending {"dest": "n2", "src": "n1", "body": {"msg_id": 4, "type": "fwd_msg", "vv": {"n0": 0, "n1": 1, "n2": 2}, "message": 3}}
DEBUG:root:received {"id":19,"src":"n2","dest":"n1","body":{"msg_id":10,"type":"fwd_msg","vv":{"n0":0,"n1":0,"n2":3},"message":5}}
DEBUG:root:received {"id":23,"src":"c7","dest":"n1","body":{"type":"cbcast","message":6,"msg_id":2}}
DEBUG:root:sending {"dest": "c7", "src": "n1", "body": {"msg_id": 5, "in_reply_to": 2, "type": "cbcast_ok", "messages": [5]}}
DEBUG:root:sending {"dest": "n0", "src": "n1", "body": {"msg_id": 6, "type": "fwd_msg", "vv": {"n0": 0, "n1": 2, "n2": 3}, "message": 6}}
DEBUG:root:sending {"dest": "n2", "src": "n1", "body": {"msg_id": 7, "type": "fwd_msg", "vv": {"n0": 0, "n1": 2, "n2": 3}, "message": 6}}
DEBUG:root:received {"id":39,"src":"n2","dest":"n1","body":{"msg_id":19,"type":"fwd_msg","vv":{"n0":1,"n1":1,"n2":6},"message":10}}
DEBUG:root:received {"id":35,"src":"n2","dest":"n1","body":{"msg_id":16,"type":"fwd_msg","vv":{"n0":1,"n1":1,"n2":5},"message":9}}
DEBUG:root:received {"id":44,"src":"n0","dest":"n1","body":{"msg_id":6,"type":"fwd_msg","vv":{"n0":2,"n1":1,"n2":3},"message":7}}
DEBUG:root:received {"id":25,"src":"n0","dest":"n1","body":{"msg_id":3,"type":"fwd_msg","vv":{"n0":1,"n1":0,"n2":1},"message":4}}
DEBUG:root:received {"id":31,"src":"n2","dest":"n1","body":{"msg_id":13,"type":"fwd_msg","vv":{"n0":1,"n1":1,"n2":4},"message":8}}
DEBUG:root:received {"id":48,"src":"n0","dest":"n1","body":{"msg_id":9,"type":"fwd_msg","vv":{"n0":3,"n1":2,"n2":5},"message":11}}
DEBUG:root:received {"id":54,"src":"c7","dest":"n1","body":{"type":"cbcast","message":13,"msg_id":3}}
DEBUG:root:sending {"dest": "c7", "src": "n1", "body": {"msg_id": 8, "in_reply_to": 3, "type": "cbcast_ok", "messages": [4, 7, 8, 9, 10, 11]}}
DEBUG:root:sending {"dest": "n0", "src": "n1", "body": {"msg_id": 9, "type": "fwd_msg", "vv": {"n0": 3, "n1": 3, "n2": 6}, "message": 13}}
DEBUG:root:sending {"dest": "n2", "src": "n1", "body": {"msg_id": 10, "type": "fwd_msg", "vv": {"n0": 3, "n1": 3, "n2": 6}, "message": 13}}
DEBUG:root:received {"id":52,"src":"n0","dest":"n1","body":{"msg_id":12,"type":"fwd_msg","vv":{"n0":4,"n1":2,"n2":6},"message":12}}
DEBUG:root:received {"id":57,"src":"n0","dest":"n1","body":{"msg_id":15,"type":"fwd_msg","vv":{"n0":5,"n1":2,"n2":6},"message":14}}
DEBUG:root:received {"id":63,"src":"c7","dest":"n1","body":{"type":"cbcast","message":16,"msg_id":4}}
DEBUG:root:sending {"dest": "c7", "src": "n1", "body": {"msg_id": 11, "in_reply_to": 4, "type": "cbcast_ok", "messages": [12, 14]}}
DEBUG:root:sending {"dest": "n0", "src": "n1", "body": {"msg_id": 12, "type": "fwd_msg", "vv": {"n0": 5, "n1": 4, "n2": 6}, "message": 16}}
DEBUG:root:sending {"dest": "n2", "src": "n1", "body": {"msg_id": 13, "type": "fwd_msg", "vv": {"n0": 5, "n1": 4, "n2": 6}, "message": 16}}
DEBUG:root:received {"id":66,"src":"n2","dest":"n1","body":{"msg_id":22,"type":"fwd_msg","vv":{"n0":5,"n1":2,"n2":7},"message":15}}
DEBUG:root:received {"id":73,"src":"n2","dest":"n1","body":{"msg_id":25,"type":"fwd_msg","vv":{"n0":5,"n1":4,"n2":8},"message":17}}
DEBUG:root:received {"id":77,"src":"n2","dest":"n1","body":{"msg_id":28,"type":"fwd_msg","vv":{"n0":5,"n1":4,"n2":9},"message":18}}
DEBUG:root:received {"id":78,"src":"c7","dest":"n1","body":{"type":"cbcast","message":19,"msg_id":5}}
DEBUG:root:sending {"dest": "c7", "src": "n1", "body": {"msg_id": 14, "in_reply_to": 5, "type": "cbcast_ok", "messages": [15, 17, 18]}}
DEBUG:root:sending {"dest": "n0", "src": "n1", "body": {"msg_id": 15, "type": "fwd_msg", "vv": {"n0": 5, "n1": 5, "n2": 9}, "message": 19}}
DEBUG:root:sending {"dest": "n2", "src": "n1", "body": {"msg_id": 16, "type": "fwd_msg", "vv": {"n0": 5, "n1": 5, "n2": 9}, "message": 19}}
DEBUG:root:received {"id":84,"src":"n0","dest":"n1","body":{"msg_id":18,"type":"fwd_msg","vv":{"n0":6,"n1":4,"n2":9},"message":20}}
DEBUG:root:received {"id":87,"src":"c7","dest":"n1","body":{"type":"cbcast","message":22,"msg_id":6}}
DEBUG:root:sending {"dest": "c7", "src": "n1", "body": {"msg_id": 17, "in_reply_to": 6, "type": "cbcast_ok", "messages": [20]}}
DEBUG:root:sending {"dest": "n0", "src": "n1", "body": {"msg_id": 18, "type": "fwd_msg", "vv": {"n0": 6, "n1": 6, "n2": 9}, "message": 22}}
DEBUG:root:sending {"dest": "n2", "src": "n1", "body": {"msg_id": 19, "type": "fwd_msg", "vv": {"n0": 6, "n1": 6, "n2": 9}, "message": 22}}
