DEBUG:root:received {"id":0,"src":"c0","dest":"n2","body":{"type":"init","node_id":"n2","node_ids":["n0","n1","n2"],"msg_id":1}}
INFO:root:node n2 initialized
DEBUG:root:sending {"dest": "c0", "src": "n2", "body": {"msg_id": 1, "in_reply_to": 1, "type": "init_ok"}}
DEBUG:root:received {"id":6,"src":"c6","dest":"n2","body":{"type":"cbcast","message":1,"msg_id":1}}
DEBUG:root:sending {"dest": "c6", "src": "n2", "body": {"msg_id": 2, "in_reply_to": 1, "type": "cbcast_ok", "messages": []}}
DEBUG:root:sending {"dest": "n0", "src": "n2", "body": {"msg_id": 3, "type": "fwd_msg", "vv": {"n0": 0, "n1": 0, "n2": 1}, "message": 1}}
DEBUG:root:sending {"dest": "n1", "src": "n2", "body": {"msg_id": 4, "type": "fwd_msg", "vv": {"n0": 0, "n1": 0, "n2": 1}, "message": 1}}
DEBUG:root:received {"id":13,"src":"n1","dest":"n2","body":{"msg_id":4,"type":"fwd_msg","vv":{"n0":0,"n1":1,"n2":1},"message":2}}
DEBUG:root:received {"id":15,"src":"c6","dest":"n2","body":{"type":"cbcast","message":4,"msg_id":2}}
DEBUG:root:sending {"dest": "c6", "src": "n2", "body": {"msg_id": 5, "in_reply_to": 2, "type": "cbcast_ok", "messages": [2]}}
DEBUG:root:sending {"dest": "n0", "src": "n2", "body": {"msg_id": 6, "type": "fwd_msg", "vv": {"n0": 0, "n1": 1, "n2": 2}, "message": 4}}
DEBUG:root:sending {"dest": "n1", "src": "n2", "body": {"msg_id": 7, "type": "fwd_msg", "vv": {"n0": 0, "n1": 1, "n2": 2}, "message": 4}}
DEBUG:root:received {"id":19,"src":"n1","dest":"n2","body":{"msg_id":7,"type":"fwd_msg","vv":{"n0":0,"n1":2,"n2":1},"message":5}}
DEBUG:root:received {"id":23,"src":"c6","dest":"n2","body":{"type":"cbcast","message":6,"msg_id":3}}
DEBUG:root:sending {"dest": "c6", "src": "n2", "body": {"msg_id": 8, "in_reply_to": 3, "type": "cbcast_ok", "messages": [5]}}
DEBUG:root:sending {"dest": "n0", "src": "n2", "body": {"msg_id": 9, "type": "fwd_msg", "vv": {"n0": 0, "n1": 2, "n2": 3}, "message": 6}}
DEBUG:root:sending {"dest": "n1", "src": "n2", "body": {"msg_id": 10, "type": "fwd_msg", "vv": {"n0": 0, "n1": 2, "n2": 3}, "message": 6}}
DEBUG:root:received {"id":26,"src":"n0","dest":"n2","body":{"msg_id":4,"type":"fwd_msg","vv":{"n0":1,"n1":0,"n2":1},"message":3}}
DEBUG:root:received {"id":34,"src":"n1","dest":"n2","body":{"msg_id":10,"type":"fwd_msg","vv":{"n0":0,"n1":3,"n2":2},"message":7}}
DEBUG:root:received {"id":35,"src":"c6","dest":"n2","body":{"type":"cbcast","message":9,"msg_id":4}}
DEBUG:root:sending {"dest": "c6", "src": "n2", "body": {"msg_id": 11, "in_reply_to": 4, "type": "cbcast_ok", "messages": [3, 7]}}
DEBUG:root:sending {"dest": "n0", "src": "n2", "body": {"msg_id": 12, "type": "fwd_msg", "vv": {"n0": 1, "n1": 3, "n2": 4}, "message": 9}}
DEBUG:root:sending {"dest": "n1", "src": "n2", "body": {"msg_id": 13, "type": "fwd_msg", "vv": {"n0": 1, "n1": 3, "n2": 4}, "message": 9}}
DEBUG:root:received {"id":43,"src":"n0","dest":"n2","body":{"msg_id":10,"type":"fwd_msg","vv":{"n0":3,"n1":2,"n2":3},"message":11}}
DEBUG:root:received {"id":47,"src":"n1","dest":"n2","body":{"msg_id":13,"type":"fwd_msg","vv":{"n0":0,"n1":4,"n2":3},"message":10}}
DEBUG:root:received {"id":54,"src":"n1","dest":"n2","body":{"msg_id":16,"type":"fwd_msg","vv":{"n0":1,"n1":5,"n2":3},"message":13}}
DEBUG:root:received {"id":38,"src":"n0","dest":"n2","body":{"msg_id":7,"type":"fwd_msg","vv":{"n0":2,"n1":2,"n2":2},"message":8}}
DEBUG:root:received {"id":59,"src":"c6","dest":"n2","body":{"type":"cbcast","message":15,"msg_id":5}}
DEBUG:root:sending {"dest": "c6", "src": "n2", "body": {"msg_id": 14, "in_reply_to": 5, "type": "cbcast_ok", "messages": [11, 10, 13, 8]}}
DEBUG:root:sending {"dest": "n0", "src": "n2", "body": {"msg_id": 15, "type": "fwd_msg", "vv": {"n0": 3, "n1": 5, "n2": 5}, "message": 15}}
DEBUG:root:sending {"dest": "n1", "src": "n2", "body": {"msg_id": 16, "type": "fwd_msg", "vv": {"n0": 3, "n1": 5, "n2": 5}, "message": 15}}
DEBUG:root:received {"id":57,"src":"n0","dest":"n2","body":{"msg_id":13,"type":"fwd_msg","vv":{"n0":4,"n1":3,"n2":3},"message":12}}
DEBUG:root:received {"id":66,"src":"c6","dest":"n2","body":{"type":"cbcast","message":16,"msg_id":6}}
DEBUG:root:sending {"dest": "c6", "src": "n2", "body": {"msg_id": 17, "in_reply_to": 6, "type": "cbcast_ok", "messages": [12]}}
DEBUG:root:sending {"dest": "n0", "src": "n2", "body": {"msg_id": 18, "type": "fwd_msg", "vv": {"n0": 4, "n1": 5, "n2": 6}, "message": 16}}
DEBUG:root:sending {"dest": "n1", "src": "n2", "body": {"msg_id": 19, "type": "fwd_msg", "vv": {"n0": 4, "n1": 5, "n2": 6}, "message": 16}}
DEBUG:root:received {"id":65,"src":"n0","dest":"n2","body":{"msg_id":16,"type":"fwd_msg","vv":{"n0":5,"n1":5,"n2":3},"message":14}}
DEBUG:root:received {"id":79,"src":"n1","dest":"n2","body":{"msg_id":25,"type":"fwd_msg","vv":{"n0":5,"n1":8,"n2":5},"message":20}}
DEBUG:root:received {"id":71,"src":"n1","dest":"n2","body":{"msg_id":19,"type":"fwd_msg","vv":{"n0":4,"n1":6,"n2":4},"message":18}}
DEBUG:root:received {"id":83,"src":"n1","dest":"n2","body":{"msg_id":28,"type":"fwd_msg","vv":{"n0":5,"n1":9,"n2":5},"message":21}}
DEBUG:root:received {"id":75,"src":"n1","dest":"n2","body":{"msg_id":22,"type":"fwd_msg","vv":{"n0":4,"n1":7,"n2":5},"message":19}}
DEBUG:root:received {"id":95,"src":"c6","dest":"n2","body":{"type":"cbcast","message":24,"msg_id":7}}
DEBUG:root:sending {"dest": "c6", "src": "n2", "body": {"msg_id": 20, "in_reply_to": 7, "type": "cbcast_ok", "messages": [14, 20, 18, 21, 19]}}
DEBUG:root:sending {"dest": "n0", "src": "n2", "body": {"msg_id": 21, "type": "fwd_msg", "vv": {"n0": 5, "n1": 9, "n2": 7}, "message": 24}}
DEBUG:root:sending {"dest": "n1", "src": "n2", "body": {"msg_id": 22, "type": "fwd_msg", "vv": {"n0": 5, "n1": 9, "n2": 7}, "message": 24}}
DEBUG:root:received {"id":89,"src":"n0","dest":"n2","body":{"msg_id":19,"type":"fwd_msg","vv":{"n0":6,"n1":5,"n2":5},"message":17}}
DEBUG:root:received {"id":93,"src":"n1","dest":"n2","body":{"msg_id":31,"type":"fwd_msg","vv":{"n0":5,"n1":10,"n2":6},"message":22}}
DEBUG:root:received {"id":98,"src":"n1","dest":"n2","body":{"msg_id":34,"type":"fwd_msg","vv":{"n0":6,"n1":11,"n2":6},"message":23}}
DEBUG:root:received {"id":105,"src":"n1","dest":"n2","body":{"msg_id":37,"type":"fwd_msg","vv":{"n0":6,"n1":12,"n2":7},"message":25}}
DEBUG:root:received {"id":109,"src":"n1","dest":"n2","body":{"msg_id":40,"type":"fwd_msg","vv":{"n0":6,"n1":13,"n2":7},"message":26}}
DEBUG:root:received {"id":113,"src":"n1","dest":"n2","body":{"msg_id":43,"type":"fwd_msg","vv":{"n0":6,"n1":14,"n2":7},"message":27}}
DEBUG:root:received {"id":122,"src":"n1","dest":"n2","body":{"msg_id":49,"type":"fwd_msg","vv":{"n0":6,"n1":16,"n2":7},"message":30}}
DEBUG:root:received {"id":117,"src":"n1","dest":"n2","body":{"msg_id":46,"type":"fwd_msg","vv":{"n0":6,"n1":15,"n2":7},"message":28}}
DEBUG:root:received {"id":123,"src":"c6","dest":"n2","body":{"type":"cbcast","message":31,"msg_id":8}}
DEBUG:root:sending {"dest": "c6", "src": "n2", "body": {"msg_id": 23, "in_reply_to": 8, "type": "cbcast_ok", "messages": [17, 22, 23, 25, 26, 27, 30, 28]}}
DEBUG:root:sending {"dest": "n0", "src": "n2", "body": {"msg_id": 24, "type": "fwd_msg", "vv": {"n0": 6, "n1": 16, "n2": 8}, "message": 31}}
DEBUG:root:sending {"dest": "n1", "src": "n2", "body": {"msg_id": 25, "type": "fwd_msg", "vv": {"n0": 6, "n1": 16, "n2": 8}, "message": 31}}
