DEBUG:root:received {"id":1,"src":"c1","dest":"n1","body":{"type":"init","node_id":"n1","node_ids":["n0","n1","n2"],"msg_id":1}}
INFO:root:node n1 initialized
DEBUG:root:sending {"dest": "c1", "src": "n1", "body": {"msg_id": 1, "in_reply_to": 1, "type": "init_ok"}}
DEBUG:root:received {"id":8,"src":"n0","dest":"n1","body":{"msg_id":3,"type":"fwd_msg","vv":{"n0":1,"n1":0,"n2":0},"message":1}}
DEBUG:root:received {"id":12,"src":"n0","dest":"n1","body":{"msg_id":6,"type":"fwd_msg","vv":{"n0":2,"n1":0,"n2":0},"message":2}}
DEBUG:root:received {"id":14,"src":"c7","dest":"n1","body":{"type":"cbcast","message":3,"msg_id":1}}
DEBUG:root:sending {"dest": "c7", "src": "n1", "body": {"msg_id": 2, "in_reply_to": 1, "type": "cbcast_ok", "messages": [2, 1]}}
DEBUG:root:sending {"dest": "n0", "src": "n1", "body": {"msg_id": 3, "type": "fwd_msg", "vv": {"n0": 2, "n1": 1, "n2": 0}, "message": 3}}
DEBUG:root:sending {"dest": "n2", "src": "n1", "body": {"msg_id": 4, "type": "fwd_msg", "vv": {"n0": 2, "n1": 1, "n2": 0}, "message": 3}}
DEBUG:root:received {"id":17,"src":"n0","dest":"n1","body":{"msg_id":9,"type":"fwd_msg","vv":{"n0":3,"n1":0,"n2":0},"message":4}}
DEBUG:root:received {"id":23,"src":"c7","dest":"n1","body":{"type":"cbcast","message":6,"msg_id":2}}
DEBUG:root:sending {"dest": "c7", "src": "n1", "body": {"msg_id": 5, "in_reply_to": 2, "type": "cbcast_ok", "messages": []}}
DEBUG:root:sending {"dest": "n0", "src": "n1", "body": {"msg_id": 6, "type": "fwd_msg", "vv": {"n0": 2, "n1": 2, "n2": 0}, "message": 6}}
DEBUG:root:sending {"dest": "n2", "src": "n1", "body": {"msg_id": 7, "type": "fwd_msg", "vv": {"n0": 2, "n1": 2, "n2": 0}, "message": 6}}
DEBUG:root:received {"id":29,"src":"n0","dest":"n1","body":{"msg_id":12,"type":"fwd_msg","vv":{"n0":4,"n1":0,"n2":0},"message":5}}
DEBUG:root:received {"id":34,"src":"c7","dest":"n1","body":{"type":"cbcast","message":8,"msg_id":3}}
DEBUG:root:sending {"dest": "c7", "src": "n1", "body": {"msg_id": 8, "in_reply_to": 3, "type": "cbcast_ok", "messages": [5, 4]}}
DEBUG:root:sending {"dest": "n0", "src": "n1", "body": {"msg_id": 9, "type": "fwd_msg", "vv": {"n0": 4, "n1": 3, "n2": 0}, "message": 8}}
DEBUG:root:sending {"dest": "n2", "src": "n1", "body": {"msg_id": 10, "type": "fwd_msg", "vv": {"n0": 4, "n1": 3, "n2": 0}, "message": 8}}
DEBUG:root:received {"id":33,"src":"n2","dest":"n1","body":{"msg_id":4,"type":"fwd_msg","vv":{"n0":2,"n1":0,"n2":1},"message":7}}
DEBUG:root:received {"id":38,"src":"c7","dest":"n1","body":{"type":"cbcast","message":9,"msg_id":4}}
DEBUG:root:sending {"dest": "c7", "src": "n1", "body": {"msg_id": 11, "in_reply_to": 4, "type": "cbcast_ok", "messages": []}}
DEBUG:root:sending {"dest": "n0", "src": "n1", "body": {"msg_id": 12, "type": "fwd_msg", "vv": {"n0": 4, "n1": 4, "n2": 0}, "message": 9}}
DEBUG:root:sending {"dest": "n2", "src": "n1", "body": {"msg_id": 13, "type": "fwd_msg", "vv": {"n0": 4, "n1": 4, "n2": 0}, "message": 9}}
DEBUG:root:received {"id":45,"src":"n2","dest":"n1","body":{"msg_id":7,"type":"fwd_msg","vv":{"n0":4,"n1":4,"n2":2},"message":10}}
DEBUG:root:received {"id":49,"src":"n2","dest":"n1","body":{"msg_id":10,"type":"fwd_msg","vv":{"n0":4,"n1":4,"n2":3},"message":11}}
DEBUG:root:received {"id":54,"src":"c7","dest":"n1","body":{"type":"cbcast","message":13,"msg_id":5}}
DEBUG:root:sending {"dest": "c7", "src": "n1", "body": {"msg_id": 14, "in_reply_to": 5, "type": "cbcast_ok", "messages": [10, 7]}}
DEBUG:root:sending {"dest": "n0", "src": "n1", "body": {"msg_id": 15, "type": "fwd_msg", "vv": {"n0": 4, "n1": 5, "n2": 2}, "message": 13}}
DEBUG:root:sending {"dest": "n2", "src": "n1", "body": {"msg_id": 16, "type": "fwd_msg", "vv": {"n0": 4, "n1": 5, "n2": 2}, "message": 13}}
DEBUG:root:received {"id":53,"src":"n2","dest":"n1","body":{"msg_id":13,"type":"fwd_msg","vv":{"n0":4,"n1":4,"n2":4},"message":12}}
DEBUG:root:received {"id":57,"src":"n0","dest":"n1","body":{"msg_id":15,"type":"fwd_msg","vv":{"n0":5,"n1":4,"n2":3},"message":14}}
DEBUG:root:received {"id":62,"src":"c7","dest":"n1","body":{"type":"cbcast","message":15,"msg_id":6}}
DEBUG:root:sending {"dest": "c7", "src": "n1", "body": {"msg_id": 17, "in_reply_to": 6, "type": "cbcast_ok", "messages": [12, 11]}}
DEBUG:root:sending {"dest": "n0", "src": "n1", "body": {"msg_id": 18, "type": "fwd_msg", "vv": {"n0": 4, "n1": 6, "n2": 4}, "message": 15}}
DEBUG:root:sending {"dest": "n2", "src": "n1", "body": {"msg_id": 19, "type": "fwd_msg", "vv": {"n0": 4, "n1": 6, "n2": 4}, "message": 15}}
DEBUG:root:received {"id":67,"src":"n2","dest":"n1","body":{"msg_id":16,"type":"fwd_msg","vv":{"n0":4,"n1":4,"n2":5},"message":17}}
DEBUG:root:received {"id":75,"src":"c7","dest":"n1","body":{"type":"cbcast","message":19,"msg_id":7}}
DEBUG:root:sending {"dest": "c7", "src": "n1", "body": {"msg_id": 20, "in_reply_to": 7, "type": "cbcast_ok", "messages": []}}
DEBUG:root:sending {"dest": "n0", "src": "n1", "body": {"msg_id": 21, "type": "fwd_msg", "vv": {"n0": 4, "n1": 7, "n2": 4}, "message": 19}}
DEBUG:root:sending {"dest": "n2", "src": "n1", "body": {"msg_id": 22, "type": "fwd_msg", "vv": {"n0": 4, "n1": 7, "n2": 4}, "message": 19}}
DEBUG:root:received {"id":77,"src":"n0","dest":"n1","body":{"msg_id":18,"type":"fwd_msg","vv":{"n0":6,"n1":4,"n2":4},"message":16}}
DEBUG:root:received {"id":71,"src":"n2","dest":"n1","body":{"msg_id":19,"type":"fwd_msg","vv":{"n0":4,"n1":4,"n2":6},"message":18}}
DEBUG:root:received {"id":82,"src":"c7","dest":"n1","body":{"type":"cbcast","message":20,"msg_id":8}}
DEBUG:root:sending {"dest": "c7", "src": "n1", "body": {"msg_id": 23, "in_reply_to": 8, "type": "cbcast_ok", "messages": [16, 14, 18, 17]}}
DEBUG:root:sending {"dest": "n0", "src": "n1", "body": {"msg_id": 24, "type": "fwd_msg", "vv": {"n0": 6, "n1": 8, "n2": 6}, "message": 20}}
DEBUG:root:sending {"dest": "n2", "src": "n1", "body": {"msg_id": 25, "type": "fwd_msg", "vv": {"n0": 6, "n1": 8, "n2": 6}, "message": 20}}
DEBUG:root:received {"id":89,"src":"n2","dest":"n1","body":{"msg_id":22,"type":"fwd_msg","vv":{"n0":6,"n1":6,"n2":7},"message":21}}
DEBUG:root:received {"id":90,"src":"c7","dest":"n1","body":{"type":"cbcast","message":22,"msg_id":9}}
DEBUG:root:sending {"dest": "c7", "src": "n1", "body": {"msg_id": 26, "in_reply_to": 9, "type": "cbcast_ok", "messages": []}}
DEBUG:root:sending {"dest": "n0", "src": "n1", "body": {"msg_id": 27, "type": "fwd_msg", "vv": {"n0": 6, "n1": 9, "n2": 6}, "message": 22}}
DEBUG:root:sending {"dest": "n2", "src": "n1", "body": {"msg_id": 28, "type": "fwd_msg", "vv": {"n0": 6, "n1": 9, "n2": 6}, "message": 22}}
