DEBUG:root:received {"id":1,"src":"c0","dest":"n1","body":{"type":"init","node_id":"n1","node_ids":["n0","n1","n2"],"msg_id":1}}
INFO:root:node n1 initialized
DEBUG:root:sending {"dest": "c0", "src": "n1", "body": {"msg_id": 1, "in_reply_to": 1, "type": "init_ok"}}
DEBUG:root:received {"id":6,"src":"c6","dest":"n1","body":{"element":0,"type":"remove","msg_id":1}}
DEBUG:root:sending {"dest": "c6", "src": "n1", "body": {"msg_id": 2, "in_reply_to": 1, "type": "error", "code": 20, "message": "element not in set"}}
DEBUG:root:received {"id":10,"src":"n2","dest":"n1","body":{"msg_id":3,"type":"fwd_add","element":0,"id":["n2",1],"r":[],"vv":{"n0":0,"n1":0,"n2":1}}}
DEBUG:root:received {"id":12,"src":"n0","dest":"n1","body":{"msg_id":2,"type":"fwd_add","element":1,"id":["n0",1],"r":[],"vv":{"n0":1,"n1":0,"n2":1}}}
DEBUG:root:received {"id":14,"src":"c9","dest":"n1","body":{"type":"read","msg_id":1}}
Traceback (most recent call last):
  File "/home/miguel/uni/4ano/sd/sdge/guiao2/or-set.py", line 72, in <module>
    reply(msg, type='read_ok', values = m.keys())
  File "/home/miguel/uni/4ano/sd/sdge/guiao2/ms.py", line 18, in reply
    send(request.dest, request.src, in_reply_to=request.body.msg_id, **body)
  File "/home/miguel/uni/4ano/sd/sdge/guiao2/ms.py", line 13, in send
    data = dumps(sn(dest=dest, src=src, body=sn(msg_id=(msg_id:=msg_id+1), **body)), default=vars)
  File "/usr/lib/python3.10/json/__init__.py", line 238, in dumps
    **kw).encode(obj)
  File "/usr/lib/python3.10/json/encoder.py", line 199, in encode
    chunks = self.iterencode(o, _one_shot=True)
  File "/usr/lib/python3.10/json/encoder.py", line 257, in iterencode
    return _iterencode(o, 0)
TypeError: vars() argument must have __dict__ attribute
