DEBUG:root:received {"id":2,"src":"c2","dest":"n0","body":{"type":"init","node_id":"n0","node_ids":["n0","n1","n2"],"msg_id":1}}
INFO:root:node n0 initialized
DEBUG:root:sending {"dest": "c2", "src": "n0", "body": {"msg_id": 1, "in_reply_to": 1, "type": "init_ok"}}
DEBUG:root:received {"id":6,"src":"c6","dest":"n0","body":{"type":"cbcast","message":1,"msg_id":1}}
DEBUG:root:sending {"dest": "c6", "src": "n0", "body": {"msg_id": 2, "in_reply_to": 1, "type": "cbcast_ok", "messages": []}}
DEBUG:root:sending {"dest": "n1", "src": "n0", "body": {"msg_id": 3, "type": "fwd_msg", "vv": {"n0": 1, "n1": 0, "n2": 0}, "message": 1}}
DEBUG:root:sending {"dest": "n2", "src": "n0", "body": {"msg_id": 4, "type": "fwd_msg", "vv": {"n0": 1, "n1": 0, "n2": 0}, "message": 1}}
DEBUG:root:received {"id":10,"src":"c6","dest":"n0","body":{"type":"cbcast","message":2,"msg_id":2}}
DEBUG:root:sending {"dest": "c6", "src": "n0", "body": {"msg_id": 5, "in_reply_to": 2, "type": "cbcast_ok", "messages": []}}
DEBUG:root:sending {"dest": "n1", "src": "n0", "body": {"msg_id": 6, "type": "fwd_msg", "vv": {"n0": 2, "n1": 0, "n2": 0}, "message": 2}}
DEBUG:root:sending {"dest": "n2", "src": "n0", "body": {"msg_id": 7, "type": "fwd_msg", "vv": {"n0": 2, "n1": 0, "n2": 0}, "message": 2}}
DEBUG:root:received {"id":14,"src":"c6","dest":"n0","body":{"type":"cbcast","message":3,"msg_id":3}}
DEBUG:root:sending {"dest": "c6", "src": "n0", "body": {"msg_id": 8, "in_reply_to": 3, "type": "cbcast_ok", "messages": []}}
DEBUG:root:sending {"dest": "n1", "src": "n0", "body": {"msg_id": 9, "type": "fwd_msg", "vv": {"n0": 3, "n1": 0, "n2": 0}, "message": 3}}
DEBUG:root:sending {"dest": "n2", "src": "n0", "body": {"msg_id": 10, "type": "fwd_msg", "vv": {"n0": 3, "n1": 0, "n2": 0}, "message": 3}}
DEBUG:root:received {"id":20,"src":"n2","dest":"n0","body":{"msg_id":3,"type":"fwd_msg","vv":{"n0":0,"n1":0,"n2":1},"message":4}}
DEBUG:root:received {"id":27,"src":"c6","dest":"n0","body":{"type":"cbcast","message":7,"msg_id":4}}
DEBUG:root:sending {"dest": "c6", "src": "n0", "body": {"msg_id": 11, "in_reply_to": 4, "type": "cbcast_ok", "messages": [4]}}
DEBUG:root:sending {"dest": "n1", "src": "n0", "body": {"msg_id": 12, "type": "fwd_msg", "vv": {"n0": 4, "n1": 0, "n2": 0}, "message": 7}}
DEBUG:root:sending {"dest": "n2", "src": "n0", "body": {"msg_id": 13, "type": "fwd_msg", "vv": {"n0": 4, "n1": 0, "n2": 0}, "message": 7}}
DEBUG:root:received {"id":24,"src":"n2","dest":"n0","body":{"msg_id":6,"type":"fwd_msg","vv":{"n0":0,"n1":0,"n2":2},"message":5}}
DEBUG:root:received {"id":29,"src":"n1","dest":"n0","body":{"msg_id":3,"type":"fwd_msg","vv":{"n0":0,"n1":1,"n2":0},"message":6}}
DEBUG:root:received {"id":36,"src":"n2","dest":"n0","body":{"msg_id":9,"type":"fwd_msg","vv":{"n0":0,"n1":0,"n2":3},"message":8}}
DEBUG:root:received {"id":41,"src":"n1","dest":"n0","body":{"msg_id":6,"type":"fwd_msg","vv":{"n0":0,"n1":2,"n2":0},"message":9}}
DEBUG:root:received {"id":43,"src":"c6","dest":"n0","body":{"type":"cbcast","message":11,"msg_id":5}}
DEBUG:root:sending {"dest": "c6", "src": "n0", "body": {"msg_id": 14, "in_reply_to": 5, "type": "cbcast_ok", "messages": [5, 6, 8, 9]}}
DEBUG:root:sending {"dest": "n1", "src": "n0", "body": {"msg_id": 15, "type": "fwd_msg", "vv": {"n0": 5, "n1": 0, "n2": 0}, "message": 11}}
DEBUG:root:sending {"dest": "n2", "src": "n0", "body": {"msg_id": 16, "type": "fwd_msg", "vv": {"n0": 5, "n1": 0, "n2": 0}, "message": 11}}
DEBUG:root:received {"id":47,"src":"n1","dest":"n0","body":{"msg_id":9,"type":"fwd_msg","vv":{"n0":0,"n1":3,"n2":0},"message":12}}
DEBUG:root:received {"id":52,"src":"n2","dest":"n0","body":{"msg_id":12,"type":"fwd_msg","vv":{"n0":0,"n1":0,"n2":4},"message":10}}
DEBUG:root:received {"id":56,"src":"n1","dest":"n0","body":{"msg_id":12,"type":"fwd_msg","vv":{"n0":0,"n1":4,"n2":0},"message":13}}
DEBUG:root:received {"id":61,"src":"n1","dest":"n0","body":{"msg_id":15,"type":"fwd_msg","vv":{"n0":0,"n1":5,"n2":0},"message":15}}
DEBUG:root:received {"id":68,"src":"n2","dest":"n0","body":{"msg_id":18,"type":"fwd_msg","vv":{"n0":0,"n1":0,"n2":6},"message":16}}
DEBUG:root:received {"id":64,"src":"n2","dest":"n0","body":{"msg_id":15,"type":"fwd_msg","vv":{"n0":0,"n1":0,"n2":5},"message":14}}
DEBUG:root:received {"id":73,"src":"n2","dest":"n0","body":{"msg_id":21,"type":"fwd_msg","vv":{"n0":0,"n1":0,"n2":7},"message":18}}
DEBUG:root:received {"id":76,"src":"n1","dest":"n0","body":{"msg_id":18,"type":"fwd_msg","vv":{"n0":0,"n1":6,"n2":0},"message":17}}
DEBUG:root:received {"id":79,"src":"c6","dest":"n0","body":{"type":"cbcast","message":20,"msg_id":6}}
DEBUG:root:sending {"dest": "c6", "src": "n0", "body": {"msg_id": 17, "in_reply_to": 6, "type": "cbcast_ok", "messages": [12, 10, 13, 15, 16, 14, 18, 17]}}
DEBUG:root:sending {"dest": "n1", "src": "n0", "body": {"msg_id": 18, "type": "fwd_msg", "vv": {"n0": 6, "n1": 0, "n2": 0}, "message": 20}}
DEBUG:root:sending {"dest": "n2", "src": "n0", "body": {"msg_id": 19, "type": "fwd_msg", "vv": {"n0": 6, "n1": 0, "n2": 0}, "message": 20}}
DEBUG:root:received {"id":84,"src":"n1","dest":"n0","body":{"msg_id":21,"type":"fwd_msg","vv":{"n0":0,"n1":7,"n2":0},"message":19}}
