DEBUG:root:received {"id":1,"src":"c0","dest":"n2","body":{"type":"init","node_id":"n2","node_ids":["n0","n1","n2"],"msg_id":1}}
INFO:root:node n2 initialized
DEBUG:root:sending {"dest": "c0", "src": "n2", "body": {"msg_id": 1, "in_reply_to": 1, "type": "init_ok"}}
DEBUG:root:received {"id":9,"src":"n0","dest":"n2","body":{"msg_id":4,"type":"fwd_msg","vv":{"n0":1,"n1":0,"n2":0},"message":1}}
DEBUG:root:received {"id":13,"src":"n0","dest":"n2","body":{"msg_id":7,"type":"fwd_msg","vv":{"n0":2,"n1":0,"n2":0},"message":2}}
DEBUG:root:received {"id":17,"src":"n0","dest":"n2","body":{"msg_id":10,"type":"fwd_msg","vv":{"n0":3,"n1":0,"n2":0},"message":3}}
DEBUG:root:received {"id":18,"src":"c7","dest":"n2","body":{"type":"cbcast","message":4,"msg_id":1}}
DEBUG:root:sending {"dest": "c7", "src": "n2", "body": {"msg_id": 2, "in_reply_to": 1, "type": "cbcast_ok", "messages": [1, 2, 3]}}
DEBUG:root:sending {"dest": "n0", "src": "n2", "body": {"msg_id": 3, "type": "fwd_msg", "vv": {"n0": 0, "n1": 0, "n2": 1}, "message": 4}}
DEBUG:root:sending {"dest": "n1", "src": "n2", "body": {"msg_id": 4, "type": "fwd_msg", "vv": {"n0": 0, "n1": 0, "n2": 1}, "message": 4}}
DEBUG:root:received {"id":22,"src":"c7","dest":"n2","body":{"type":"cbcast","message":5,"msg_id":2}}
DEBUG:root:sending {"dest": "c7", "src": "n2", "body": {"msg_id": 5, "in_reply_to": 2, "type": "cbcast_ok", "messages": []}}
DEBUG:root:sending {"dest": "n0", "src": "n2", "body": {"msg_id": 6, "type": "fwd_msg", "vv": {"n0": 0, "n1": 0, "n2": 2}, "message": 5}}
DEBUG:root:sending {"dest": "n1", "src": "n2", "body": {"msg_id": 7, "type": "fwd_msg", "vv": {"n0": 0, "n1": 0, "n2": 2}, "message": 5}}
DEBUG:root:received {"id":30,"src":"n1","dest":"n2","body":{"msg_id":4,"type":"fwd_msg","vv":{"n0":0,"n1":1,"n2":0},"message":6}}
DEBUG:root:received {"id":31,"src":"c7","dest":"n2","body":{"type":"cbcast","message":8,"msg_id":3}}
DEBUG:root:sending {"dest": "c7", "src": "n2", "body": {"msg_id": 8, "in_reply_to": 3, "type": "cbcast_ok", "messages": [6]}}
DEBUG:root:sending {"dest": "n0", "src": "n2", "body": {"msg_id": 9, "type": "fwd_msg", "vv": {"n0": 0, "n1": 0, "n2": 3}, "message": 8}}
DEBUG:root:sending {"dest": "n1", "src": "n2", "body": {"msg_id": 10, "type": "fwd_msg", "vv": {"n0": 0, "n1": 0, "n2": 3}, "message": 8}}
DEBUG:root:received {"id":34,"src":"n0","dest":"n2","body":{"msg_id":13,"type":"fwd_msg","vv":{"n0":4,"n1":0,"n2":0},"message":7}}
DEBUG:root:received {"id":39,"src":"c7","dest":"n2","body":{"type":"cbcast","message":10,"msg_id":4}}
DEBUG:root:sending {"dest": "c7", "src": "n2", "body": {"msg_id": 11, "in_reply_to": 4, "type": "cbcast_ok", "messages": [7]}}
DEBUG:root:sending {"dest": "n0", "src": "n2", "body": {"msg_id": 12, "type": "fwd_msg", "vv": {"n0": 0, "n1": 0, "n2": 4}, "message": 10}}
DEBUG:root:sending {"dest": "n1", "src": "n2", "body": {"msg_id": 13, "type": "fwd_msg", "vv": {"n0": 0, "n1": 0, "n2": 4}, "message": 10}}
DEBUG:root:received {"id":42,"src":"n1","dest":"n2","body":{"msg_id":7,"type":"fwd_msg","vv":{"n0":0,"n1":2,"n2":0},"message":9}}
DEBUG:root:received {"id":50,"src":"n0","dest":"n2","body":{"msg_id":16,"type":"fwd_msg","vv":{"n0":5,"n1":0,"n2":0},"message":11}}
DEBUG:root:received {"id":48,"src":"n1","dest":"n2","body":{"msg_id":10,"type":"fwd_msg","vv":{"n0":0,"n1":3,"n2":0},"message":12}}
DEBUG:root:received {"id":58,"src":"c7","dest":"n2","body":{"type":"cbcast","message":14,"msg_id":5}}
DEBUG:root:sending {"dest": "c7", "src": "n2", "body": {"msg_id": 14, "in_reply_to": 5, "type": "cbcast_ok", "messages": [9, 11, 12]}}
DEBUG:root:sending {"dest": "n0", "src": "n2", "body": {"msg_id": 15, "type": "fwd_msg", "vv": {"n0": 0, "n1": 0, "n2": 5}, "message": 14}}
DEBUG:root:sending {"dest": "n1", "src": "n2", "body": {"msg_id": 16, "type": "fwd_msg", "vv": {"n0": 0, "n1": 0, "n2": 5}, "message": 14}}
DEBUG:root:received {"id":57,"src":"n1","dest":"n2","body":{"msg_id":13,"type":"fwd_msg","vv":{"n0":0,"n1":4,"n2":0},"message":13}}
DEBUG:root:received {"id":62,"src":"n1","dest":"n2","body":{"msg_id":16,"type":"fwd_msg","vv":{"n0":0,"n1":5,"n2":0},"message":15}}
DEBUG:root:received {"id":66,"src":"c7","dest":"n2","body":{"type":"cbcast","message":16,"msg_id":6}}
DEBUG:root:sending {"dest": "c7", "src": "n2", "body": {"msg_id": 17, "in_reply_to": 6, "type": "cbcast_ok", "messages": [13, 15]}}
DEBUG:root:sending {"dest": "n0", "src": "n2", "body": {"msg_id": 18, "type": "fwd_msg", "vv": {"n0": 0, "n1": 0, "n2": 6}, "message": 16}}
DEBUG:root:sending {"dest": "n1", "src": "n2", "body": {"msg_id": 19, "type": "fwd_msg", "vv": {"n0": 0, "n1": 0, "n2": 6}, "message": 16}}
DEBUG:root:received {"id":71,"src":"c7","dest":"n2","body":{"type":"cbcast","message":18,"msg_id":7}}
DEBUG:root:sending {"dest": "c7", "src": "n2", "body": {"msg_id": 20, "in_reply_to": 7, "type": "cbcast_ok", "messages": []}}
DEBUG:root:sending {"dest": "n0", "src": "n2", "body": {"msg_id": 21, "type": "fwd_msg", "vv": {"n0": 0, "n1": 0, "n2": 7}, "message": 18}}
DEBUG:root:sending {"dest": "n1", "src": "n2", "body": {"msg_id": 22, "type": "fwd_msg", "vv": {"n0": 0, "n1": 0, "n2": 7}, "message": 18}}
DEBUG:root:received {"id":77,"src":"n1","dest":"n2","body":{"msg_id":19,"type":"fwd_msg","vv":{"n0":0,"n1":6,"n2":0},"message":17}}
DEBUG:root:received {"id":82,"src":"n0","dest":"n2","body":{"msg_id":19,"type":"fwd_msg","vv":{"n0":6,"n1":0,"n2":0},"message":20}}
DEBUG:root:received {"id":89,"src":"n1","dest":"n2","body":{"msg_id":25,"type":"fwd_msg","vv":{"n0":0,"n1":8,"n2":0},"message":21}}
