DEBUG:root:received {"id":3,"src":"c3","dest":"n0","body":{"type":"init","node_id":"n0","node_ids":["n0","n1","n2","n3"],"msg_id":1}}
INFO:root:node n0 initialized
DEBUG:root:sending {"dest": "c3", "src": "n0", "body": {"msg_id": 1, "in_reply_to": 1, "type": "init_ok"}}
DEBUG:root:received {"id":10,"src":"n3","dest":"n0","body":{"msg_id":3,"type":"fwd_msg","vv":{"n0":0,"n1":0,"n2":0,"n3":1},"message":1}}
DEBUG:root:received {"id":15,"src":"n3","dest":"n0","body":{"msg_id":7,"type":"fwd_msg","vv":{"n0":0,"n1":0,"n2":0,"n3":2},"message":2}}
DEBUG:root:received {"id":21,"src":"n2","dest":"n0","body":{"msg_id":3,"type":"fwd_msg","vv":{"n0":0,"n1":0,"n2":1,"n3":1},"message":4}}
DEBUG:root:received {"id":24,"src":"c11","dest":"n0","body":{"type":"cbcast","message":5,"msg_id":1}}
DEBUG:root:sending {"dest": "c11", "src": "n0", "body": {"msg_id": 2, "in_reply_to": 1, "type": "cbcast_ok", "messages": [1, 2, 4]}}
DEBUG:root:sending {"dest": "n1", "src": "n0", "body": {"msg_id": 3, "type": "fwd_msg", "vv": {"n0": 1, "n1": 0, "n2": 1, "n3": 2}, "message": 5}}
DEBUG:root:sending {"dest": "n2", "src": "n0", "body": {"msg_id": 4, "type": "fwd_msg", "vv": {"n0": 1, "n1": 0, "n2": 1, "n3": 2}, "message": 5}}
DEBUG:root:sending {"dest": "n3", "src": "n0", "body": {"msg_id": 5, "type": "fwd_msg", "vv": {"n0": 1, "n1": 0, "n2": 1, "n3": 2}, "message": 5}}
DEBUG:root:received {"id":26,"src":"n1","dest":"n0","body":{"msg_id":3,"type":"fwd_msg","vv":{"n0":0,"n1":1,"n2":0,"n3":2},"message":3}}
DEBUG:root:received {"id":34,"src":"c11","dest":"n0","body":{"type":"cbcast","message":7,"msg_id":2}}
DEBUG:root:sending {"dest": "c11", "src": "n0", "body": {"msg_id": 6, "in_reply_to": 2, "type": "cbcast_ok", "messages": [3]}}
DEBUG:root:sending {"dest": "n1", "src": "n0", "body": {"msg_id": 7, "type": "fwd_msg", "vv": {"n0": 2, "n1": 1, "n2": 1, "n3": 2}, "message": 7}}
DEBUG:root:sending {"dest": "n2", "src": "n0", "body": {"msg_id": 8, "type": "fwd_msg", "vv": {"n0": 2, "n1": 1, "n2": 1, "n3": 2}, "message": 7}}
DEBUG:root:sending {"dest": "n3", "src": "n0", "body": {"msg_id": 9, "type": "fwd_msg", "vv": {"n0": 2, "n1": 1, "n2": 1, "n3": 2}, "message": 7}}
DEBUG:root:received {"id":40,"src":"n1","dest":"n0","body":{"msg_id":7,"type":"fwd_msg","vv":{"n0":0,"n1":2,"n2":1,"n3":2},"message":6}}
DEBUG:root:received {"id":44,"src":"c11","dest":"n0","body":{"type":"cbcast","message":9,"msg_id":3}}
DEBUG:root:sending {"dest": "c11", "src": "n0", "body": {"msg_id": 10, "in_reply_to": 3, "type": "cbcast_ok", "messages": [6]}}
DEBUG:root:sending {"dest": "n1", "src": "n0", "body": {"msg_id": 11, "type": "fwd_msg", "vv": {"n0": 3, "n1": 2, "n2": 1, "n3": 2}, "message": 9}}
DEBUG:root:sending {"dest": "n2", "src": "n0", "body": {"msg_id": 12, "type": "fwd_msg", "vv": {"n0": 3, "n1": 2, "n2": 1, "n3": 2}, "message": 9}}
DEBUG:root:sending {"dest": "n3", "src": "n0", "body": {"msg_id": 13, "type": "fwd_msg", "vv": {"n0": 3, "n1": 2, "n2": 1, "n3": 2}, "message": 9}}
DEBUG:root:received {"id":47,"src":"n2","dest":"n0","body":{"msg_id":7,"type":"fwd_msg","vv":{"n0":0,"n1":1,"n2":2,"n3":2},"message":8}}
DEBUG:root:received {"id":61,"src":"n2","dest":"n0","body":{"msg_id":11,"type":"fwd_msg","vv":{"n0":2,"n1":2,"n2":3,"n3":2},"message":11}}
DEBUG:root:received {"id":52,"src":"n3","dest":"n0","body":{"msg_id":11,"type":"fwd_msg","vv":{"n0":2,"n1":2,"n2":1,"n3":3},"message":10}}
DEBUG:root:received {"id":65,"src":"c11","dest":"n0","body":{"type":"cbcast","message":14,"msg_id":4}}
DEBUG:root:sending {"dest": "c11", "src": "n0", "body": {"msg_id": 14, "in_reply_to": 4, "type": "cbcast_ok", "messages": [8, 11, 10]}}
DEBUG:root:sending {"dest": "n1", "src": "n0", "body": {"msg_id": 15, "type": "fwd_msg", "vv": {"n0": 4, "n1": 2, "n2": 3, "n3": 3}, "message": 14}}
DEBUG:root:sending {"dest": "n2", "src": "n0", "body": {"msg_id": 16, "type": "fwd_msg", "vv": {"n0": 4, "n1": 2, "n2": 3, "n3": 3}, "message": 14}}
DEBUG:root:sending {"dest": "n3", "src": "n0", "body": {"msg_id": 17, "type": "fwd_msg", "vv": {"n0": 4, "n1": 2, "n2": 3, "n3": 3}, "message": 14}}
DEBUG:root:received {"id":68,"src":"n3","dest":"n0","body":{"msg_id":15,"type":"fwd_msg","vv":{"n0":2,"n1":2,"n2":2,"n3":4},"message":15}}
DEBUG:root:received {"id":76,"src":"n1","dest":"n0","body":{"msg_id":11,"type":"fwd_msg","vv":{"n0":2,"n1":3,"n2":2,"n3":3},"message":12}}
DEBUG:root:received {"id":72,"src":"n2","dest":"n0","body":{"msg_id":15,"type":"fwd_msg","vv":{"n0":3,"n1":2,"n2":4,"n3":3},"message":13}}
DEBUG:root:received {"id":87,"src":"n2","dest":"n0","body":{"msg_id":19,"type":"fwd_msg","vv":{"n0":3,"n1":2,"n2":5,"n3":4},"message":18}}
DEBUG:root:received {"id":97,"src":"n3","dest":"n0","body":{"msg_id":23,"type":"fwd_msg","vv":{"n0":4,"n1":3,"n2":5,"n3":6},"message":20}}
DEBUG:root:received {"id":91,"src":"n3","dest":"n0","body":{"msg_id":19,"type":"fwd_msg","vv":{"n0":3,"n1":2,"n2":4,"n3":5},"message":16}}
DEBUG:root:received {"id":105,"src":"n2","dest":"n0","body":{"msg_id":23,"type":"fwd_msg","vv":{"n0":4,"n1":3,"n2":6,"n3":4},"message":19}}
DEBUG:root:received {"id":101,"src":"n1","dest":"n0","body":{"msg_id":15,"type":"fwd_msg","vv":{"n0":4,"n1":4,"n2":4,"n3":4},"message":17}}
DEBUG:root:received {"id":110,"src":"n1","dest":"n0","body":{"msg_id":19,"type":"fwd_msg","vv":{"n0":4,"n1":5,"n2":6,"n3":6},"message":21}}
