DEBUG:root:received {"id":2,"src":"c2","dest":"n1","body":{"type":"init","node_id":"n1","node_ids":["n0","n1","n2","n3"],"msg_id":1}}
INFO:root:node n1 initialized
DEBUG:root:sending {"dest": "c2", "src": "n1", "body": {"msg_id": 1, "in_reply_to": 1, "type": "init_ok"}}
DEBUG:root:received {"id":11,"src":"n3","dest":"n1","body":{"msg_id":4,"type":"fwd_msg","vv":{"n0":0,"n1":0,"n2":0,"n3":1},"message":1}}
DEBUG:root:received {"id":16,"src":"n3","dest":"n1","body":{"msg_id":8,"type":"fwd_msg","vv":{"n0":0,"n1":0,"n2":0,"n3":2},"message":2}}
DEBUG:root:received {"id":18,"src":"c9","dest":"n1","body":{"type":"cbcast","message":3,"msg_id":1}}
DEBUG:root:sending {"dest": "c9", "src": "n1", "body": {"msg_id": 2, "in_reply_to": 1, "type": "cbcast_ok", "messages": [1, 2]}}
DEBUG:root:sending {"dest": "n0", "src": "n1", "body": {"msg_id": 3, "type": "fwd_msg", "vv": {"n0": 0, "n1": 1, "n2": 0, "n3": 2}, "message": 3}}
DEBUG:root:sending {"dest": "n2", "src": "n1", "body": {"msg_id": 4, "type": "fwd_msg", "vv": {"n0": 0, "n1": 1, "n2": 0, "n3": 2}, "message": 3}}
DEBUG:root:sending {"dest": "n3", "src": "n1", "body": {"msg_id": 5, "type": "fwd_msg", "vv": {"n0": 0, "n1": 1, "n2": 0, "n3": 2}, "message": 3}}
DEBUG:root:received {"id":22,"src":"n2","dest":"n1","body":{"msg_id":4,"type":"fwd_msg","vv":{"n0":0,"n1":0,"n2":1,"n3":1},"message":4}}
DEBUG:root:received {"id":33,"src":"c9","dest":"n1","body":{"type":"cbcast","message":6,"msg_id":2}}
DEBUG:root:sending {"dest": "c9", "src": "n1", "body": {"msg_id": 6, "in_reply_to": 2, "type": "cbcast_ok", "messages": [4]}}
DEBUG:root:sending {"dest": "n0", "src": "n1", "body": {"msg_id": 7, "type": "fwd_msg", "vv": {"n0": 0, "n1": 2, "n2": 1, "n3": 2}, "message": 6}}
DEBUG:root:sending {"dest": "n2", "src": "n1", "body": {"msg_id": 8, "type": "fwd_msg", "vv": {"n0": 0, "n1": 2, "n2": 1, "n3": 2}, "message": 6}}
DEBUG:root:sending {"dest": "n3", "src": "n1", "body": {"msg_id": 9, "type": "fwd_msg", "vv": {"n0": 0, "n1": 2, "n2": 1, "n3": 2}, "message": 6}}
DEBUG:root:received {"id":30,"src":"n0","dest":"n1","body":{"msg_id":3,"type":"fwd_msg","vv":{"n0":1,"n1":0,"n2":1,"n3":2},"message":5}}
DEBUG:root:received {"id":36,"src":"n0","dest":"n1","body":{"msg_id":7,"type":"fwd_msg","vv":{"n0":2,"n1":1,"n2":1,"n3":2},"message":7}}
DEBUG:root:received {"id":48,"src":"n2","dest":"n1","body":{"msg_id":8,"type":"fwd_msg","vv":{"n0":0,"n1":1,"n2":2,"n3":2},"message":8}}
DEBUG:root:received {"id":53,"src":"n3","dest":"n1","body":{"msg_id":12,"type":"fwd_msg","vv":{"n0":2,"n1":2,"n2":1,"n3":3},"message":10}}
DEBUG:root:received {"id":59,"src":"c9","dest":"n1","body":{"type":"cbcast","message":12,"msg_id":3}}
DEBUG:root:sending {"dest": "c9", "src": "n1", "body": {"msg_id": 10, "in_reply_to": 3, "type": "cbcast_ok", "messages": [5, 7, 8, 10]}}
DEBUG:root:sending {"dest": "n0", "src": "n1", "body": {"msg_id": 11, "type": "fwd_msg", "vv": {"n0": 2, "n1": 3, "n2": 2, "n3": 3}, "message": 12}}
DEBUG:root:sending {"dest": "n2", "src": "n1", "body": {"msg_id": 12, "type": "fwd_msg", "vv": {"n0": 2, "n1": 3, "n2": 2, "n3": 3}, "message": 12}}
DEBUG:root:sending {"dest": "n3", "src": "n1", "body": {"msg_id": 13, "type": "fwd_msg", "vv": {"n0": 2, "n1": 3, "n2": 2, "n3": 3}, "message": 12}}
DEBUG:root:received {"id":56,"src":"n0","dest":"n1","body":{"msg_id":11,"type":"fwd_msg","vv":{"n0":3,"n1":2,"n2":1,"n3":2},"message":9}}
DEBUG:root:received {"id":62,"src":"n2","dest":"n1","body":{"msg_id":12,"type":"fwd_msg","vv":{"n0":2,"n1":2,"n2":3,"n3":2},"message":11}}
DEBUG:root:received {"id":73,"src":"n2","dest":"n1","body":{"msg_id":16,"type":"fwd_msg","vv":{"n0":3,"n1":2,"n2":4,"n3":3},"message":13}}
DEBUG:root:received {"id":69,"src":"n3","dest":"n1","body":{"msg_id":16,"type":"fwd_msg","vv":{"n0":2,"n1":2,"n2":2,"n3":4},"message":15}}
DEBUG:root:received {"id":81,"src":"n0","dest":"n1","body":{"msg_id":15,"type":"fwd_msg","vv":{"n0":4,"n1":2,"n2":3,"n3":3},"message":14}}
DEBUG:root:received {"id":84,"src":"c9","dest":"n1","body":{"type":"cbcast","message":17,"msg_id":4}}
DEBUG:root:sending {"dest": "c9", "src": "n1", "body": {"msg_id": 14, "in_reply_to": 4, "type": "cbcast_ok", "messages": [9, 11, 13, 15, 14]}}
DEBUG:root:sending {"dest": "n0", "src": "n1", "body": {"msg_id": 15, "type": "fwd_msg", "vv": {"n0": 4, "n1": 4, "n2": 4, "n3": 4}, "message": 17}}
DEBUG:root:sending {"dest": "n2", "src": "n1", "body": {"msg_id": 16, "type": "fwd_msg", "vv": {"n0": 4, "n1": 4, "n2": 4, "n3": 4}, "message": 17}}
DEBUG:root:sending {"dest": "n3", "src": "n1", "body": {"msg_id": 17, "type": "fwd_msg", "vv": {"n0": 4, "n1": 4, "n2": 4, "n3": 4}, "message": 17}}
DEBUG:root:received {"id":88,"src":"n2","dest":"n1","body":{"msg_id":20,"type":"fwd_msg","vv":{"n0":3,"n1":2,"n2":5,"n3":4},"message":18}}
DEBUG:root:received {"id":92,"src":"n3","dest":"n1","body":{"msg_id":20,"type":"fwd_msg","vv":{"n0":3,"n1":2,"n2":4,"n3":5},"message":16}}
DEBUG:root:received {"id":98,"src":"n3","dest":"n1","body":{"msg_id":24,"type":"fwd_msg","vv":{"n0":4,"n1":3,"n2":5,"n3":6},"message":20}}
DEBUG:root:received {"id":106,"src":"n2","dest":"n1","body":{"msg_id":24,"type":"fwd_msg","vv":{"n0":4,"n1":3,"n2":6,"n3":4},"message":19}}
DEBUG:root:received {"id":108,"src":"c9","dest":"n1","body":{"type":"cbcast","message":21,"msg_id":5}}
DEBUG:root:sending {"dest": "c9", "src": "n1", "body": {"msg_id": 18, "in_reply_to": 5, "type": "cbcast_ok", "messages": [18, 16, 20, 19]}}
DEBUG:root:sending {"dest": "n0", "src": "n1", "body": {"msg_id": 19, "type": "fwd_msg", "vv": {"n0": 4, "n1": 5, "n2": 6, "n3": 6}, "message": 21}}
DEBUG:root:sending {"dest": "n2", "src": "n1", "body": {"msg_id": 20, "type": "fwd_msg", "vv": {"n0": 4, "n1": 5, "n2": 6, "n3": 6}, "message": 21}}
DEBUG:root:sending {"dest": "n3", "src": "n1", "body": {"msg_id": 21, "type": "fwd_msg", "vv": {"n0": 4, "n1": 5, "n2": 6, "n3": 6}, "message": 21}}
DEBUG:root:received {"id":113,"src":"c9","dest":"n1","body":{"type":"cbcast","message":22,"msg_id":6}}
DEBUG:root:sending {"dest": "c9", "src": "n1", "body": {"msg_id": 22, "in_reply_to": 6, "type": "cbcast_ok", "messages": []}}
DEBUG:root:sending {"dest": "n0", "src": "n1", "body": {"msg_id": 23, "type": "fwd_msg", "vv": {"n0": 4, "n1": 6, "n2": 6, "n3": 6}, "message": 22}}
DEBUG:root:sending {"dest": "n2", "src": "n1", "body": {"msg_id": 24, "type": "fwd_msg", "vv": {"n0": 4, "n1": 6, "n2": 6, "n3": 6}, "message": 22}}
DEBUG:root:sending {"dest": "n3", "src": "n1", "body": {"msg_id": 25, "type": "fwd_msg", "vv": {"n0": 4, "n1": 6, "n2": 6, "n3": 6}, "message": 22}}
DEBUG:root:received {"id":118,"src":"c9","dest":"n1","body":{"type":"cbcast","message":23,"msg_id":7}}
DEBUG:root:sending {"dest": "c9", "src": "n1", "body": {"msg_id": 26, "in_reply_to": 7, "type": "cbcast_ok", "messages": []}}
DEBUG:root:sending {"dest": "n0", "src": "n1", "body": {"msg_id": 27, "type": "fwd_msg", "vv": {"n0": 4, "n1": 7, "n2": 6, "n3": 6}, "message": 23}}
DEBUG:root:sending {"dest": "n2", "src": "n1", "body": {"msg_id": 28, "type": "fwd_msg", "vv": {"n0": 4, "n1": 7, "n2": 6, "n3": 6}, "message": 23}}
DEBUG:root:sending {"dest": "n3", "src": "n1", "body": {"msg_id": 29, "type": "fwd_msg", "vv": {"n0": 4, "n1": 7, "n2": 6, "n3": 6}, "message": 23}}
DEBUG:root:received {"id":123,"src":"c9","dest":"n1","body":{"type":"cbcast","message":24,"msg_id":8}}
DEBUG:root:sending {"dest": "c9", "src": "n1", "body": {"msg_id": 30, "in_reply_to": 8, "type": "cbcast_ok", "messages": []}}
DEBUG:root:sending {"dest": "n0", "src": "n1", "body": {"msg_id": 31, "type": "fwd_msg", "vv": {"n0": 4, "n1": 8, "n2": 6, "n3": 6}, "message": 24}}
DEBUG:root:sending {"dest": "n2", "src": "n1", "body": {"msg_id": 32, "type": "fwd_msg", "vv": {"n0": 4, "n1": 8, "n2": 6, "n3": 6}, "message": 24}}
DEBUG:root:sending {"dest": "n3", "src": "n1", "body": {"msg_id": 33, "type": "fwd_msg", "vv": {"n0": 4, "n1": 8, "n2": 6, "n3": 6}, "message": 24}}
