DEBUG:root:received {"id":0,"src":"c0","dest":"n2","body":{"type":"init","node_id":"n2","node_ids":["n0","n1","n2","n3"],"msg_id":1}}
INFO:root:node n2 initialized
DEBUG:root:sending {"dest": "c0", "src": "n2", "body": {"msg_id": 1, "in_reply_to": 1, "type": "init_ok"}}
DEBUG:root:received {"id":12,"src":"n3","dest":"n2","body":{"msg_id":5,"type":"fwd_msg","vv":{"n0":0,"n1":0,"n2":0,"n3":1},"message":1}}
DEBUG:root:received {"id":19,"src":"c10","dest":"n2","body":{"type":"cbcast","message":4,"msg_id":1}}
DEBUG:root:sending {"dest": "c10", "src": "n2", "body": {"msg_id": 2, "in_reply_to": 1, "type": "cbcast_ok", "messages": [1]}}
DEBUG:root:sending {"dest": "n0", "src": "n2", "body": {"msg_id": 3, "type": "fwd_msg", "vv": {"n0": 0, "n1": 0, "n2": 1, "n3": 1}, "message": 4}}
DEBUG:root:sending {"dest": "n1", "src": "n2", "body": {"msg_id": 4, "type": "fwd_msg", "vv": {"n0": 0, "n1": 0, "n2": 1, "n3": 1}, "message": 4}}
DEBUG:root:sending {"dest": "n3", "src": "n2", "body": {"msg_id": 5, "type": "fwd_msg", "vv": {"n0": 0, "n1": 0, "n2": 1, "n3": 1}, "message": 4}}
DEBUG:root:received {"id":17,"src":"n3","dest":"n2","body":{"msg_id":9,"type":"fwd_msg","vv":{"n0":0,"n1":0,"n2":0,"n3":2},"message":2}}
DEBUG:root:received {"id":27,"src":"n1","dest":"n2","body":{"msg_id":4,"type":"fwd_msg","vv":{"n0":0,"n1":1,"n2":0,"n3":2},"message":3}}
DEBUG:root:received {"id":43,"src":"c10","dest":"n2","body":{"type":"cbcast","message":8,"msg_id":2}}
DEBUG:root:sending {"dest": "c10", "src": "n2", "body": {"msg_id": 6, "in_reply_to": 2, "type": "cbcast_ok", "messages": [2, 3]}}
DEBUG:root:sending {"dest": "n0", "src": "n2", "body": {"msg_id": 7, "type": "fwd_msg", "vv": {"n0": 0, "n1": 1, "n2": 2, "n3": 2}, "message": 8}}
DEBUG:root:sending {"dest": "n1", "src": "n2", "body": {"msg_id": 8, "type": "fwd_msg", "vv": {"n0": 0, "n1": 1, "n2": 2, "n3": 2}, "message": 8}}
DEBUG:root:sending {"dest": "n3", "src": "n2", "body": {"msg_id": 9, "type": "fwd_msg", "vv": {"n0": 0, "n1": 1, "n2": 2, "n3": 2}, "message": 8}}
DEBUG:root:received {"id":31,"src":"n0","dest":"n2","body":{"msg_id":4,"type":"fwd_msg","vv":{"n0":1,"n1":0,"n2":1,"n3":2},"message":5}}
DEBUG:root:received {"id":41,"src":"n1","dest":"n2","body":{"msg_id":8,"type":"fwd_msg","vv":{"n0":0,"n1":2,"n2":1,"n3":2},"message":6}}
DEBUG:root:received {"id":37,"src":"n0","dest":"n2","body":{"msg_id":8,"type":"fwd_msg","vv":{"n0":2,"n1":1,"n2":1,"n3":2},"message":7}}
DEBUG:root:received {"id":50,"src":"c10","dest":"n2","body":{"type":"cbcast","message":11,"msg_id":3}}
DEBUG:root:sending {"dest": "c10", "src": "n2", "body": {"msg_id": 10, "in_reply_to": 3, "type": "cbcast_ok", "messages": [5, 6, 7]}}
DEBUG:root:sending {"dest": "n0", "src": "n2", "body": {"msg_id": 11, "type": "fwd_msg", "vv": {"n0": 2, "n1": 2, "n2": 3, "n3": 2}, "message": 11}}
DEBUG:root:sending {"dest": "n1", "src": "n2", "body": {"msg_id": 12, "type": "fwd_msg", "vv": {"n0": 2, "n1": 2, "n2": 3, "n3": 2}, "message": 11}}
DEBUG:root:sending {"dest": "n3", "src": "n2", "body": {"msg_id": 13, "type": "fwd_msg", "vv": {"n0": 2, "n1": 2, "n2": 3, "n3": 2}, "message": 11}}
DEBUG:root:received {"id":57,"src":"n0","dest":"n2","body":{"msg_id":12,"type":"fwd_msg","vv":{"n0":3,"n1":2,"n2":1,"n3":2},"message":9}}
DEBUG:root:received {"id":54,"src":"n3","dest":"n2","body":{"msg_id":13,"type":"fwd_msg","vv":{"n0":2,"n1":2,"n2":1,"n3":3},"message":10}}
DEBUG:root:received {"id":64,"src":"c10","dest":"n2","body":{"type":"cbcast","message":13,"msg_id":4}}
DEBUG:root:sending {"dest": "c10", "src": "n2", "body": {"msg_id": 14, "in_reply_to": 4, "type": "cbcast_ok", "messages": [9, 10]}}
DEBUG:root:sending {"dest": "n0", "src": "n2", "body": {"msg_id": 15, "type": "fwd_msg", "vv": {"n0": 3, "n1": 2, "n2": 4, "n3": 3}, "message": 13}}
DEBUG:root:sending {"dest": "n1", "src": "n2", "body": {"msg_id": 16, "type": "fwd_msg", "vv": {"n0": 3, "n1": 2, "n2": 4, "n3": 3}, "message": 13}}
DEBUG:root:sending {"dest": "n3", "src": "n2", "body": {"msg_id": 17, "type": "fwd_msg", "vv": {"n0": 3, "n1": 2, "n2": 4, "n3": 3}, "message": 13}}
DEBUG:root:received {"id":70,"src":"n3","dest":"n2","body":{"msg_id":17,"type":"fwd_msg","vv":{"n0":2,"n1":2,"n2":2,"n3":4},"message":15}}
DEBUG:root:received {"id":85,"src":"c10","dest":"n2","body":{"type":"cbcast","message":18,"msg_id":5}}
DEBUG:root:sending {"dest": "c10", "src": "n2", "body": {"msg_id": 18, "in_reply_to": 5, "type": "cbcast_ok", "messages": [15]}}
DEBUG:root:sending {"dest": "n0", "src": "n2", "body": {"msg_id": 19, "type": "fwd_msg", "vv": {"n0": 3, "n1": 2, "n2": 5, "n3": 4}, "message": 18}}
DEBUG:root:sending {"dest": "n1", "src": "n2", "body": {"msg_id": 20, "type": "fwd_msg", "vv": {"n0": 3, "n1": 2, "n2": 5, "n3": 4}, "message": 18}}
DEBUG:root:sending {"dest": "n3", "src": "n2", "body": {"msg_id": 21, "type": "fwd_msg", "vv": {"n0": 3, "n1": 2, "n2": 5, "n3": 4}, "message": 18}}
DEBUG:root:received {"id":77,"src":"n1","dest":"n2","body":{"msg_id":12,"type":"fwd_msg","vv":{"n0":2,"n1":3,"n2":2,"n3":3},"message":12}}
DEBUG:root:received {"id":82,"src":"n0","dest":"n2","body":{"msg_id":16,"type":"fwd_msg","vv":{"n0":4,"n1":2,"n2":3,"n3":3},"message":14}}
DEBUG:root:received {"id":94,"src":"c10","dest":"n2","body":{"type":"cbcast","message":19,"msg_id":6}}
DEBUG:root:sending {"dest": "c10", "src": "n2", "body": {"msg_id": 22, "in_reply_to": 6, "type": "cbcast_ok", "messages": [12, 14]}}
DEBUG:root:sending {"dest": "n0", "src": "n2", "body": {"msg_id": 23, "type": "fwd_msg", "vv": {"n0": 4, "n1": 3, "n2": 6, "n3": 4}, "message": 19}}
DEBUG:root:sending {"dest": "n1", "src": "n2", "body": {"msg_id": 24, "type": "fwd_msg", "vv": {"n0": 4, "n1": 3, "n2": 6, "n3": 4}, "message": 19}}
DEBUG:root:sending {"dest": "n3", "src": "n2", "body": {"msg_id": 25, "type": "fwd_msg", "vv": {"n0": 4, "n1": 3, "n2": 6, "n3": 4}, "message": 19}}
DEBUG:root:received {"id":93,"src":"n3","dest":"n2","body":{"msg_id":21,"type":"fwd_msg","vv":{"n0":3,"n1":2,"n2":4,"n3":5},"message":16}}
DEBUG:root:received {"id":99,"src":"n3","dest":"n2","body":{"msg_id":25,"type":"fwd_msg","vv":{"n0":4,"n1":3,"n2":5,"n3":6},"message":20}}
DEBUG:root:received {"id":111,"src":"n1","dest":"n2","body":{"msg_id":20,"type":"fwd_msg","vv":{"n0":4,"n1":5,"n2":6,"n3":6},"message":21}}
DEBUG:root:received {"id":102,"src":"n1","dest":"n2","body":{"msg_id":16,"type":"fwd_msg","vv":{"n0":4,"n1":4,"n2":4,"n3":4},"message":17}}
