DEBUG:root:received {"id":1,"src":"c1","dest":"n3","body":{"type":"init","node_id":"n3","node_ids":["n0","n1","n2","n3"],"msg_id":1}}
INFO:root:node n3 initialized
DEBUG:root:sending {"dest": "c1", "src": "n3", "body": {"msg_id": 1, "in_reply_to": 1, "type": "init_ok"}}
DEBUG:root:received {"id":8,"src":"c8","dest":"n3","body":{"type":"cbcast","message":1,"msg_id":1}}
DEBUG:root:sending {"dest": "c8", "src": "n3", "body": {"msg_id": 2, "in_reply_to": 1, "type": "cbcast_ok", "messages": []}}
DEBUG:root:sending {"dest": "n0", "src": "n3", "body": {"msg_id": 3, "type": "fwd_msg", "vv": {"n0": 0, "n1": 0, "n2": 0, "n3": 1}, "message": 1}}
DEBUG:root:sending {"dest": "n1", "src": "n3", "body": {"msg_id": 4, "type": "fwd_msg", "vv": {"n0": 0, "n1": 0, "n2": 0, "n3": 1}, "message": 1}}
DEBUG:root:sending {"dest": "n2", "src": "n3", "body": {"msg_id": 5, "type": "fwd_msg", "vv": {"n0": 0, "n1": 0, "n2": 0, "n3": 1}, "message": 1}}
DEBUG:root:received {"id":13,"src":"c8","dest":"n3","body":{"type":"cbcast","message":2,"msg_id":2}}
DEBUG:root:sending {"dest": "c8", "src": "n3", "body": {"msg_id": 6, "in_reply_to": 2, "type": "cbcast_ok", "messages": []}}
DEBUG:root:sending {"dest": "n0", "src": "n3", "body": {"msg_id": 7, "type": "fwd_msg", "vv": {"n0": 0, "n1": 0, "n2": 0, "n3": 2}, "message": 2}}
DEBUG:root:sending {"dest": "n1", "src": "n3", "body": {"msg_id": 8, "type": "fwd_msg", "vv": {"n0": 0, "n1": 0, "n2": 0, "n3": 2}, "message": 2}}
DEBUG:root:sending {"dest": "n2", "src": "n3", "body": {"msg_id": 9, "type": "fwd_msg", "vv": {"n0": 0, "n1": 0, "n2": 0, "n3": 2}, "message": 2}}
DEBUG:root:received {"id":23,"src":"n2","dest":"n3","body":{"msg_id":5,"type":"fwd_msg","vv":{"n0":0,"n1":0,"n2":1,"n3":1},"message":4}}
DEBUG:root:received {"id":38,"src":"n0","dest":"n3","body":{"msg_id":9,"type":"fwd_msg","vv":{"n0":2,"n1":1,"n2":1,"n3":2},"message":7}}
DEBUG:root:received {"id":28,"src":"n1","dest":"n3","body":{"msg_id":5,"type":"fwd_msg","vv":{"n0":0,"n1":1,"n2":0,"n3":2},"message":3}}
DEBUG:root:received {"id":42,"src":"n1","dest":"n3","body":{"msg_id":9,"type":"fwd_msg","vv":{"n0":0,"n1":2,"n2":1,"n3":2},"message":6}}
DEBUG:root:received {"id":32,"src":"n0","dest":"n3","body":{"msg_id":5,"type":"fwd_msg","vv":{"n0":1,"n1":0,"n2":1,"n3":2},"message":5}}
DEBUG:root:received {"id":45,"src":"c8","dest":"n3","body":{"type":"cbcast","message":10,"msg_id":3}}
DEBUG:root:sending {"dest": "c8", "src": "n3", "body": {"msg_id": 10, "in_reply_to": 3, "type": "cbcast_ok", "messages": [4, 3, 6, 5, 7]}}
DEBUG:root:sending {"dest": "n0", "src": "n3", "body": {"msg_id": 11, "type": "fwd_msg", "vv": {"n0": 2, "n1": 2, "n2": 1, "n3": 3}, "message": 10}}
DEBUG:root:sending {"dest": "n1", "src": "n3", "body": {"msg_id": 12, "type": "fwd_msg", "vv": {"n0": 2, "n1": 2, "n2": 1, "n3": 3}, "message": 10}}
DEBUG:root:sending {"dest": "n2", "src": "n3", "body": {"msg_id": 13, "type": "fwd_msg", "vv": {"n0": 2, "n1": 2, "n2": 1, "n3": 3}, "message": 10}}
DEBUG:root:received {"id":49,"src":"n2","dest":"n3","body":{"msg_id":9,"type":"fwd_msg","vv":{"n0":0,"n1":1,"n2":2,"n3":2},"message":8}}
DEBUG:root:received {"id":66,"src":"c8","dest":"n3","body":{"type":"cbcast","message":15,"msg_id":4}}
DEBUG:root:sending {"dest": "c8", "src": "n3", "body": {"msg_id": 14, "in_reply_to": 4, "type": "cbcast_ok", "messages": [8]}}
DEBUG:root:sending {"dest": "n0", "src": "n3", "body": {"msg_id": 15, "type": "fwd_msg", "vv": {"n0": 2, "n1": 2, "n2": 2, "n3": 4}, "message": 15}}
DEBUG:root:sending {"dest": "n1", "src": "n3", "body": {"msg_id": 16, "type": "fwd_msg", "vv": {"n0": 2, "n1": 2, "n2": 2, "n3": 4}, "message": 15}}
DEBUG:root:sending {"dest": "n2", "src": "n3", "body": {"msg_id": 17, "type": "fwd_msg", "vv": {"n0": 2, "n1": 2, "n2": 2, "n3": 4}, "message": 15}}
DEBUG:root:received {"id":63,"src":"n2","dest":"n3","body":{"msg_id":13,"type":"fwd_msg","vv":{"n0":2,"n1":2,"n2":3,"n3":2},"message":11}}
DEBUG:root:received {"id":58,"src":"n0","dest":"n3","body":{"msg_id":13,"type":"fwd_msg","vv":{"n0":3,"n1":2,"n2":1,"n3":2},"message":9}}
DEBUG:root:received {"id":74,"src":"n2","dest":"n3","body":{"msg_id":17,"type":"fwd_msg","vv":{"n0":3,"n1":2,"n2":4,"n3":3},"message":13}}
DEBUG:root:received {"id":79,"src":"c8","dest":"n3","body":{"type":"cbcast","message":16,"msg_id":5}}
DEBUG:root:sending {"dest": "c8", "src": "n3", "body": {"msg_id": 18, "in_reply_to": 5, "type": "cbcast_ok", "messages": [11, 9, 13]}}
DEBUG:root:sending {"dest": "n0", "src": "n3", "body": {"msg_id": 19, "type": "fwd_msg", "vv": {"n0": 3, "n1": 2, "n2": 4, "n3": 5}, "message": 16}}
DEBUG:root:sending {"dest": "n1", "src": "n3", "body": {"msg_id": 20, "type": "fwd_msg", "vv": {"n0": 3, "n1": 2, "n2": 4, "n3": 5}, "message": 16}}
DEBUG:root:sending {"dest": "n2", "src": "n3", "body": {"msg_id": 21, "type": "fwd_msg", "vv": {"n0": 3, "n1": 2, "n2": 4, "n3": 5}, "message": 16}}
DEBUG:root:received {"id":83,"src":"n0","dest":"n3","body":{"msg_id":17,"type":"fwd_msg","vv":{"n0":4,"n1":2,"n2":3,"n3":3},"message":14}}
DEBUG:root:received {"id":78,"src":"n1","dest":"n3","body":{"msg_id":13,"type":"fwd_msg","vv":{"n0":2,"n1":3,"n2":2,"n3":3},"message":12}}
DEBUG:root:received {"id":89,"src":"n2","dest":"n3","body":{"msg_id":21,"type":"fwd_msg","vv":{"n0":3,"n1":2,"n2":5,"n3":4},"message":18}}
DEBUG:root:received {"id":95,"src":"c8","dest":"n3","body":{"type":"cbcast","message":20,"msg_id":6}}
DEBUG:root:sending {"dest": "c8", "src": "n3", "body": {"msg_id": 22, "in_reply_to": 6, "type": "cbcast_ok", "messages": [14, 12, 18]}}
DEBUG:root:sending {"dest": "n0", "src": "n3", "body": {"msg_id": 23, "type": "fwd_msg", "vv": {"n0": 4, "n1": 3, "n2": 5, "n3": 6}, "message": 20}}
DEBUG:root:sending {"dest": "n1", "src": "n3", "body": {"msg_id": 24, "type": "fwd_msg", "vv": {"n0": 4, "n1": 3, "n2": 5, "n3": 6}, "message": 20}}
DEBUG:root:sending {"dest": "n2", "src": "n3", "body": {"msg_id": 25, "type": "fwd_msg", "vv": {"n0": 4, "n1": 3, "n2": 5, "n3": 6}, "message": 20}}
DEBUG:root:received {"id":103,"src":"n1","dest":"n3","body":{"msg_id":17,"type":"fwd_msg","vv":{"n0":4,"n1":4,"n2":4,"n3":4},"message":17}}
DEBUG:root:received {"id":107,"src":"n2","dest":"n3","body":{"msg_id":25,"type":"fwd_msg","vv":{"n0":4,"n1":3,"n2":6,"n3":4},"message":19}}
DEBUG:root:received {"id":117,"src":"n1","dest":"n3","body":{"msg_id":25,"type":"fwd_msg","vv":{"n0":4,"n1":6,"n2":6,"n3":6},"message":22}}
DEBUG:root:received {"id":122,"src":"n1","dest":"n3","body":{"msg_id":29,"type":"fwd_msg","vv":{"n0":4,"n1":7,"n2":6,"n3":6},"message":23}}
DEBUG:root:received {"id":112,"src":"n1","dest":"n3","body":{"msg_id":21,"type":"fwd_msg","vv":{"n0":4,"n1":5,"n2":6,"n3":6},"message":21}}
