2023-03-01 15:39:25,090{GMT}	INFO	[jepsen test runner] jepsen.core: Command line:
lein run test --bin guiao0/lock-lamport.py --time-limit 5 --node-count 2 -w lock --concurrency 2n
2023-03-01 15:39:25,145{GMT}	INFO	[jepsen test runner] jepsen.core: Running test:
{:args []
 :remote
 #jepsen.control.retry.Remote{:remote #jepsen.control.scp.Remote{:cmd-remote #jepsen.control.sshj.SSHJRemote{:concurrency-limit 6,
                                                                                                             :conn-spec nil,
                                                                                                             :client nil,
                                                                                                             :semaphore nil},
                                                                 :conn-spec nil},
                              :conn nil}
 :log-net-send false
 :node-count 2
 :availability nil
 :max-txn-length 4
 :concurrency 4
 :db
 #object[maelstrom.db$db$reify__16144
         "0x63604641"
         "maelstrom.db$db$reify__16144@63604641"]
 :max-writes-per-key 16
 :leave-db-running? false
 :name "lock"
 :logging-json? false
 :start-time
 #object[org.joda.time.DateTime "0x33dcbdc2" "2023-03-01T15:39:25.074Z"]
 :nemesis-interval 10
 :net
 #object[maelstrom.net$jepsen_net$reify__15253
         "0x3e37c38f"
         "maelstrom.net$jepsen_net$reify__15253@3e37c38f"]
 :client
 #object[maelstrom.workload.lock$client$reify__19507
         "0x2f0b7b6d"
         "maelstrom.workload.lock$client$reify__19507@2f0b7b6d"]
 :barrier
 #object[java.util.concurrent.CyclicBarrier
         "0x1766b7"
         "java.util.concurrent.CyclicBarrier@1766b7"]
 :log-stderr false
 :pure-generators true
 :ssh {:dummy? true}
 :rate 5
 :checker
 #object[jepsen.checker$compose$reify__11881
         "0x56f3f9da"
         "jepsen.checker$compose$reify__11881@56f3f9da"]
 :argv
 ("test"
  "--bin"
  "guiao0/lock-lamport.py"
  "--time-limit"
  "5"
  "--node-count"
  "2"
  "-w"
  "lock"
  "--concurrency"
  "2n")
 :nemesis
 (jepsen.nemesis.ReflCompose
  {:fm {:start-partition 0,
        :stop-partition 0,
        :kill 1,
        :start 1,
        :pause 1,
        :resume 1},
   :nemeses [#unprintable "jepsen.nemesis.combined$partition_nemesis$reify__16418@56587330"
             #unprintable "jepsen.nemesis.combined$db_nemesis$reify__16399@227cba85"]})
 :nodes ["n0" "n1"]
 :test-count 1
 :latency {:mean 0, :dist :constant}
 :bin "guiao0/lock-lamport.py"
 :generator
 (jepsen.generator.TimeLimit
  {:limit 5000000000,
   :cutoff nil,
   :gen (jepsen.generator.Any
         {:gens [(jepsen.generator.OnThreads
                  {:f #{:nemesis},
                   :context-filter #object[jepsen.generator.context$make_thread_filter$lazy_filter__9167
                                           "0x746cb25d"
                                           "jepsen.generator.context$make_thread_filter$lazy_filter__9167@746cb25d"],
                   :gen nil})
                 (jepsen.generator.OnThreads
                  {:f #jepsen.generator.context.AllBut{:element :nemesis},
                   :context-filter #object[jepsen.generator.context$make_thread_filter$lazy_filter__9167
                                           "0x4b9187de"
                                           "jepsen.generator.context$make_thread_filter$lazy_filter__9167@4b9187de"],
                   :gen (jepsen.generator.Stagger
                         {:dt 400000000,
                          :next-time nil,
                          :gen (jepsen.generator.EachThread
                                {:fresh-gen ({:f :lock}
                                             {:f :unlock}
                                             {:f :lock}
                                             {:f :unlock}
                                             {:f :lock}
                                             {:f :unlock}
                                             {:f :lock}
                                             {:f :unlock}
                                             ...),
                                 :context-filters #object[clojure.core$promise$reify__8591
                                                          "0x7c068c7b"
                                                          {:status :pending,
                                                           :val nil}],
                                 :gens {}})})})]})})
 :log-net-recv false
 :os
 #object[maelstrom.net$jepsen_os$reify__15256
         "0x207fce87"
         "maelstrom.net$jepsen_os$reify__15256@207fce87"]
 :time-limit 5
 :workload :lock
 :consistency-models [:strict-serializable]
 :topology :grid}

2023-03-01 15:39:26,947{GMT}	INFO	[jepsen node n0] maelstrom.net: Starting Maelstrom network
2023-03-01 15:39:26,948{GMT}	INFO	[jepsen test runner] jepsen.db: Tearing down DB
2023-03-01 15:39:26,950{GMT}	INFO	[jepsen test runner] jepsen.db: Setting up DB
2023-03-01 15:39:26,951{GMT}	INFO	[jepsen node n1] maelstrom.db: Setting up n1
2023-03-01 15:39:26,951{GMT}	INFO	[jepsen node n1] maelstrom.process: launching guiao0/lock-lamport.py []
2023-03-01 15:39:26,952{GMT}	INFO	[jepsen node n0] maelstrom.service: Starting services: (lin-kv lin-tso lww-kv seq-kv)
2023-03-01 15:39:26,955{GMT}	INFO	[jepsen node n0] maelstrom.db: Setting up n0
2023-03-01 15:39:26,955{GMT}	INFO	[jepsen node n0] maelstrom.process: launching guiao0/lock-lamport.py []
2023-03-01 15:39:26,986{GMT}	INFO	[jepsen test runner] jepsen.core: Relative time begins now
2023-03-01 15:39:27,001{GMT}	INFO	[jepsen worker 3] jepsen.util: 3	:invoke	:lock	nil
2023-03-01 15:39:27,007{GMT}	INFO	[jepsen worker 3] jepsen.util: 3	:ok	:lock	nil
2023-03-01 15:39:27,135{GMT}	INFO	[jepsen worker 2] jepsen.util: 2	:invoke	:lock	nil
2023-03-01 15:39:27,295{GMT}	INFO	[jepsen worker 3] jepsen.util: 3	:invoke	:unlock	nil
2023-03-01 15:39:27,297{GMT}	INFO	[jepsen worker 3] jepsen.util: 3	:ok	:unlock	nil
2023-03-01 15:39:27,370{GMT}	INFO	[jepsen worker 0] jepsen.util: 0	:invoke	:lock	nil
2023-03-01 15:39:27,413{GMT}	INFO	[jepsen worker 3] jepsen.util: 3	:invoke	:lock	nil
2023-03-01 15:39:27,428{GMT}	INFO	[jepsen worker 1] jepsen.util: 1	:invoke	:lock	nil
2023-03-01 15:39:32,137{GMT}	INFO	[jepsen worker 2] jepsen.util: 2	:info	:lock	nil	:net-timeout
2023-03-01 15:39:32,370{GMT}	INFO	[jepsen worker 0] jepsen.util: 0	:info	:lock	nil	:net-timeout
2023-03-01 15:39:32,415{GMT}	INFO	[jepsen worker 3] jepsen.util: 3	:info	:lock	nil	:net-timeout
2023-03-01 15:39:32,430{GMT}	INFO	[jepsen worker 1] jepsen.util: 1	:info	:lock	nil	:net-timeout
2023-03-01 15:39:32,447{GMT}	INFO	[jepsen test runner] jepsen.core: Run complete, writing
2023-03-01 15:39:32,478{GMT}	INFO	[jepsen node n1] maelstrom.db: Tearing down n1
2023-03-01 15:39:32,478{GMT}	INFO	[jepsen node n0] maelstrom.db: Tearing down n0
2023-03-01 15:39:33,959{GMT}	INFO	[jepsen node n0] maelstrom.net: Shutting down Maelstrom network
2023-03-01 15:39:33,960{GMT}	INFO	[jepsen test runner] jepsen.core: Analyzing...
2023-03-01 15:39:34,086{GMT}	INFO	[jepsen test runner] jepsen.core: Analysis complete
2023-03-01 15:39:34,095{GMT}	INFO	[jepsen results] jepsen.store: Wrote /home/miguel/uni/4ano/sd/sdge/store/lock/20230301T153925.074Z/results.edn
2023-03-01 15:39:34,115{GMT}	INFO	[jepsen test runner] jepsen.core: {:perf {:latency-graph {:valid? true},
        :rate-graph {:valid? true},
        :valid? true},
 :timeline {:valid? true},
 :exceptions {:valid? true},
 :stats {:valid? true,
         :count 6,
         :ok-count 2,
         :fail-count 0,
         :info-count 4,
         :by-f {:lock {:valid? true,
                       :count 5,
                       :ok-count 1,
                       :fail-count 0,
                       :info-count 4},
                :unlock {:valid? true,
                         :count 1,
                         :ok-count 1,
                         :fail-count 0,
                         :info-count 0}}},
 :availability {:valid? true, :ok-fraction 0.33333334},
 :net {:all {:send-count 22,
             :recv-count 22,
             :msg-count 22,
             :msgs-per-op 3.6666667},
       :clients {:send-count 12, :recv-count 12, :msg-count 12},
       :servers {:send-count 10,
                 :recv-count 10,
                 :msg-count 10,
                 :msgs-per-op 1.6666666},
       :valid? true},
 :workload {:valid? true, :errors []},
 :valid? true}


Everything looks good! ヽ(‘ー`)ノ
