2023-03-08 12:20:06,633{GMT}	INFO	[jepsen test runner] jepsen.core: Command line:
lein run test -w cbcast --bin causal-broadcast.py --time-limit 5 --node-count 3
2023-03-08 12:20:06,686{GMT}	INFO	[jepsen test runner] jepsen.core: Running test:
{:args []
 :remote
 #jepsen.control.retry.Remote{:remote #jepsen.control.scp.Remote{:cmd-remote #jepsen.control.clj_ssh.Remote{:concurrency-limit 8,
                                                                                                            :conn-spec nil,
                                                                                                            :session nil,
                                                                                                            :semaphore nil},
                                                                 :conn-spec nil},
                              :conn nil}
 :log-net-send false
 :node-count 3
 :max-txn-length 4
 :concurrency 3
 :db
 #object[maelstrom.db$db$reify__16817
         "0x7ba5d307"
         "maelstrom.db$db$reify__16817@7ba5d307"]
 :max-writes-per-key 16
 :leave-db-running? false
 :name "cbcast"
 :logging-json? false
 :start-time
 #object[org.joda.time.DateTime "0x684001e6" "2023-03-08T12:20:06.000Z"]
 :nemesis-interval 10
 :net
 #object[maelstrom.net$jepsen_net$reify__15673
         "0x6bb2b8d4"
         "maelstrom.net$jepsen_net$reify__15673@6bb2b8d4"]
 :client
 #object[maelstrom.workload.cbcast$client$reify__18677
         "0x64230d44"
         "maelstrom.workload.cbcast$client$reify__18677@64230d44"]
 :barrier
 #object[java.util.concurrent.CyclicBarrier
         "0x1ff584d7"
         "java.util.concurrent.CyclicBarrier@1ff584d7"]
 :log-stderr false
 :pure-generators true
 :ssh {:dummy? true}
 :rate 5
 :checker
 #object[jepsen.checker$compose$reify__8787
         "0x7752f9fe"
         "jepsen.checker$compose$reify__8787@7752f9fe"]
 :argv
 ("test"
  "-w"
  "cbcast"
  "--bin"
  "causal-broadcast.py"
  "--time-limit"
  "5"
  "--node-count"
  "3")
 :nemesis
 (jepsen.nemesis.ReflCompose
  {:fm {:start-partition 0,
        :stop-partition 0,
        :kill 1,
        :start 1,
        :pause 1,
        :resume 1},
   :nemeses [#unprintable "jepsen.nemesis.combined$partition_nemesis$reify__17089@9588bd8"
             #unprintable "jepsen.nemesis.combined$db_nemesis$reify__17070@75edfe9a"]})
 :nodes ["n0" "n1" "n2"]
 :test-count 1
 :latency {:mean 0, :dist :constant}
 :bin "causal-broadcast.py"
 :generator
 (jepsen.generator.TimeLimit
  {:limit 5000000000,
   :cutoff nil,
   :gen (jepsen.generator.Any
         {:gens [(jepsen.generator.OnThreads {:f #{:nemesis}, :gen nil})
                 (jepsen.generator.OnThreads
                  {:f #object[clojure.core$complement$fn__5654
                              "0x6351efa6"
                              "clojure.core$complement$fn__5654@6351efa6"],
                   :gen (jepsen.generator.Stagger
                         {:dt 400000000,
                          :next-time nil,
                          :gen ({:f :cbcast, :value 1}
                                {:f :cbcast, :value 2}
                                {:f :cbcast, :value 3}
                                {:f :cbcast, :value 4}
                                {:f :cbcast, :value 5}
                                {:f :cbcast, :value 6}
                                {:f :cbcast, :value 7}
                                {:f :cbcast, :value 8}
                                ...)})})]})})
 :log-net-recv false
 :os
 #object[maelstrom.net$jepsen_os$reify__15676
         "0x349e166"
         "maelstrom.net$jepsen_os$reify__15676@349e166"]
 :time-limit 5
 :workload :cbcast
 :consistency-models [:strict-serializable]
 :topology :grid}

2023-03-08 12:20:06,692{GMT}	INFO	[jepsen node n0] maelstrom.net: Starting Maelstrom network
2023-03-08 12:20:06,694{GMT}	INFO	[jepsen test runner] jepsen.db: Tearing down DB
2023-03-08 12:20:06,696{GMT}	INFO	[jepsen test runner] jepsen.db: Setting up DB
2023-03-08 12:20:06,697{GMT}	INFO	[jepsen node n1] maelstrom.db: Setting up n1
2023-03-08 12:20:06,697{GMT}	INFO	[jepsen node n2] maelstrom.db: Setting up n2
2023-03-08 12:20:06,698{GMT}	INFO	[jepsen node n1] maelstrom.process: launching causal-broadcast.py []
2023-03-08 12:20:06,698{GMT}	INFO	[jepsen node n2] maelstrom.process: launching causal-broadcast.py []
2023-03-08 12:20:06,700{GMT}	INFO	[jepsen node n0] maelstrom.service: Starting services: (lin-kv lin-tso lww-kv seq-kv)
2023-03-08 12:20:06,704{GMT}	INFO	[jepsen node n0] maelstrom.db: Setting up n0
2023-03-08 12:20:06,706{GMT}	INFO	[jepsen node n0] maelstrom.process: launching causal-broadcast.py []
2023-03-08 12:20:06,745{GMT}	INFO	[jepsen test runner] jepsen.core: Relative time begins now
2023-03-08 12:20:06,763{GMT}	INFO	[jepsen worker 0] jepsen.util: 0	:invoke	:cbcast	1
2023-03-08 12:20:06,770{GMT}	INFO	[jepsen worker 0] jepsen.util: 0	:ok	:cbcast	[]
2023-03-08 12:20:07,112{GMT}	INFO	[jepsen worker 1] jepsen.util: 1	:invoke	:cbcast	2
2023-03-08 12:20:07,116{GMT}	INFO	[jepsen worker 1] jepsen.util: 1	:ok	:cbcast	[1]
2023-03-08 12:20:07,398{GMT}	INFO	[jepsen worker 1] jepsen.util: 1	:invoke	:cbcast	3
2023-03-08 12:20:07,400{GMT}	INFO	[jepsen worker 1] jepsen.util: 1	:ok	:cbcast	[]
2023-03-08 12:20:07,749{GMT}	INFO	[jepsen worker 2] jepsen.util: 2	:invoke	:cbcast	4
2023-03-08 12:20:07,752{GMT}	INFO	[jepsen worker 2] jepsen.util: 2	:ok	:cbcast	[1 2 3]
2023-03-08 12:20:07,840{GMT}	INFO	[jepsen worker 2] jepsen.util: 2	:invoke	:cbcast	5
2023-03-08 12:20:07,842{GMT}	INFO	[jepsen worker 2] jepsen.util: 2	:ok	:cbcast	[]
2023-03-08 12:20:08,073{GMT}	INFO	[jepsen worker 2] jepsen.util: 2	:invoke	:cbcast	6
2023-03-08 12:20:08,073{GMT}	INFO	[jepsen worker 0] jepsen.util: 0	:invoke	:cbcast	7
2023-03-08 12:20:08,075{GMT}	INFO	[jepsen worker 0] jepsen.util: 0	:ok	:cbcast	[2 3 4 5]
2023-03-08 12:20:08,075{GMT}	INFO	[jepsen worker 2] jepsen.util: 2	:ok	:cbcast	[]
2023-03-08 12:20:08,373{GMT}	INFO	[jepsen worker 2] jepsen.util: 2	:invoke	:cbcast	8
2023-03-08 12:20:08,375{GMT}	INFO	[jepsen worker 2] jepsen.util: 2	:ok	:cbcast	[7]
2023-03-08 12:20:08,379{GMT}	INFO	[jepsen worker 0] jepsen.util: 0	:invoke	:cbcast	9
2023-03-08 12:20:08,381{GMT}	INFO	[jepsen worker 0] jepsen.util: 0	:ok	:cbcast	[6 8]
2023-03-08 12:20:08,503{GMT}	INFO	[jepsen worker 1] jepsen.util: 1	:invoke	:cbcast	10
2023-03-08 12:20:08,505{GMT}	INFO	[jepsen worker 1] jepsen.util: 1	:ok	:cbcast	[4 5 7 8 6 9]
2023-03-08 12:20:08,859{GMT}	INFO	[jepsen worker 2] jepsen.util: 2	:invoke	:cbcast	11
2023-03-08 12:20:08,861{GMT}	INFO	[jepsen worker 2] jepsen.util: 2	:ok	:cbcast	[9 10]
2023-03-08 12:20:08,879{GMT}	INFO	[jepsen worker 0] jepsen.util: 0	:invoke	:cbcast	12
2023-03-08 12:20:08,881{GMT}	INFO	[jepsen worker 0] jepsen.util: 0	:ok	:cbcast	[10 11]
2023-03-08 12:20:08,918{GMT}	INFO	[jepsen worker 0] jepsen.util: 0	:invoke	:cbcast	13
2023-03-08 12:20:08,920{GMT}	INFO	[jepsen worker 0] jepsen.util: 0	:ok	:cbcast	[]
2023-03-08 12:20:09,139{GMT}	INFO	[jepsen worker 0] jepsen.util: 0	:invoke	:cbcast	14
2023-03-08 12:20:09,140{GMT}	INFO	[jepsen worker 0] jepsen.util: 0	:ok	:cbcast	[]
2023-03-08 12:20:09,278{GMT}	INFO	[jepsen worker 1] jepsen.util: 1	:invoke	:cbcast	15
2023-03-08 12:20:09,280{GMT}	INFO	[jepsen worker 1] jepsen.util: 1	:ok	:cbcast	[11 12 13 14]
2023-03-08 12:20:09,380{GMT}	INFO	[jepsen worker 1] jepsen.util: 1	:invoke	:cbcast	16
2023-03-08 12:20:09,383{GMT}	INFO	[jepsen worker 1] jepsen.util: 1	:ok	:cbcast	[]
2023-03-08 12:20:09,771{GMT}	INFO	[jepsen worker 0] jepsen.util: 0	:invoke	:cbcast	17
2023-03-08 12:20:09,773{GMT}	INFO	[jepsen worker 0] jepsen.util: 0	:ok	:cbcast	[15 16]
2023-03-08 12:20:10,120{GMT}	INFO	[jepsen worker 1] jepsen.util: 1	:invoke	:cbcast	18
2023-03-08 12:20:10,121{GMT}	INFO	[jepsen worker 2] jepsen.util: 2	:invoke	:cbcast	19
2023-03-08 12:20:10,122{GMT}	INFO	[jepsen worker 1] jepsen.util: 1	:ok	:cbcast	[17]
2023-03-08 12:20:10,123{GMT}	INFO	[jepsen worker 2] jepsen.util: 2	:ok	:cbcast	[12 13 14 15 16 17]
2023-03-08 12:20:10,316{GMT}	INFO	[jepsen worker 1] jepsen.util: 1	:invoke	:cbcast	20
2023-03-08 12:20:10,318{GMT}	INFO	[jepsen worker 1] jepsen.util: 1	:ok	:cbcast	[19]
2023-03-08 12:20:10,596{GMT}	INFO	[jepsen worker 1] jepsen.util: 1	:invoke	:cbcast	21
2023-03-08 12:20:10,598{GMT}	INFO	[jepsen worker 1] jepsen.util: 1	:ok	:cbcast	[]
2023-03-08 12:20:10,773{GMT}	INFO	[jepsen worker 0] jepsen.util: 0	:invoke	:cbcast	22
2023-03-08 12:20:10,774{GMT}	INFO	[jepsen worker 0] jepsen.util: 0	:ok	:cbcast	[18 20 21]
2023-03-08 12:20:11,080{GMT}	INFO	[jepsen worker 1] jepsen.util: 1	:invoke	:cbcast	23
2023-03-08 12:20:11,082{GMT}	INFO	[jepsen worker 1] jepsen.util: 1	:ok	:cbcast	[]
2023-03-08 12:20:11,418{GMT}	INFO	[jepsen worker 1] jepsen.util: 1	:invoke	:cbcast	24
2023-03-08 12:20:11,420{GMT}	INFO	[jepsen worker 1] jepsen.util: 1	:ok	:cbcast	[]
2023-03-08 12:20:11,424{GMT}	INFO	[jepsen node n0] maelstrom.db: Tearing down n0
2023-03-08 12:20:11,424{GMT}	INFO	[jepsen node n1] maelstrom.db: Tearing down n1
2023-03-08 12:20:11,425{GMT}	INFO	[jepsen node n2] maelstrom.db: Tearing down n2
2023-03-08 12:20:12,711{GMT}	INFO	[jepsen node n0] maelstrom.net: Shutting down Maelstrom network
2023-03-08 12:20:12,712{GMT}	INFO	[jepsen test runner] jepsen.core: Run complete, writing
2023-03-08 12:20:12,719{GMT}	INFO	[jepsen test runner] jepsen.core: Analyzing...
2023-03-08 12:20:12,838{GMT}	INFO	[jepsen test runner] jepsen.core: Analysis complete
2023-03-08 12:20:12,846{GMT}	INFO	[jepsen results] jepsen.store: Wrote /home/miguel/uni/4ano/sd/sdge/guiao1/store/cbcast/20230308T122006.000Z/results.edn
2023-03-08 12:20:12,856{GMT}	INFO	[jepsen test runner] jepsen.core: {:perf {:latency-graph {:valid? true},
        :rate-graph {:valid? true},
        :valid? true},
 :timeline {:valid? true},
 :exceptions {:valid? true},
 :stats {:valid? true,
         :count 24,
         :ok-count 24,
         :fail-count 0,
         :info-count 0,
         :by-f {:cbcast {:valid? true,
                         :count 24,
                         :ok-count 24,
                         :fail-count 0,
                         :info-count 0}}},
 :net {:all {:send-count 102,
             :recv-count 102,
             :msg-count 102,
             :msgs-per-op 4.25},
       :clients {:send-count 54, :recv-count 54, :msg-count 54},
       :servers {:send-count 48,
                 :recv-count 48,
                 :msg-count 48,
                 :msgs-per-op 2.0},
       :valid? true},
 :workload {:valid? false,
            :errors ["missing dependencies [6] when delivering message 8 to process 1"
                     "missing dependencies [19] when delivering message 20 to process 0"]},
 :valid? false}


Analysis invalid! (ﾉಥ益ಥ）ﾉ ┻━┻
