2023-03-14 10:51:17,043{GMT}	INFO	[jepsen test runner] jepsen.core: Command line:
lein run test -w cbcast --bin causal-broadcast.py --time-limit 5 --node-count 3 --concurrency 1n
2023-03-14 10:51:17,099{GMT}	INFO	[jepsen test runner] jepsen.core: Running test:
{:args []
 :remote
 #jepsen.control.retry.Remote{:remote #jepsen.control.scp.Remote{:cmd-remote #jepsen.control.clj_ssh.Remote{:concurrency-limit 8,
                                                                                                            :conn-spec nil,
                                                                                                            :session nil,
                                                                                                            :semaphore nil},
                                                                 :conn-spec nil},
                              :conn nil}
 :log-net-send false
 :node-count 3
 :max-txn-length 4
 :concurrency 3
 :db
 #object[maelstrom.db$db$reify__16817
         "0x1ca876b7"
         "maelstrom.db$db$reify__16817@1ca876b7"]
 :max-writes-per-key 16
 :leave-db-running? false
 :name "cbcast"
 :logging-json? false
 :start-time
 #object[org.joda.time.DateTime "0x5e136445" "2023-03-14T10:51:17.000Z"]
 :nemesis-interval 10
 :net
 #object[maelstrom.net$jepsen_net$reify__15673
         "0x3c9e82a6"
         "maelstrom.net$jepsen_net$reify__15673@3c9e82a6"]
 :client
 #object[maelstrom.workload.cbcast$client$reify__18677
         "0x4235e01b"
         "maelstrom.workload.cbcast$client$reify__18677@4235e01b"]
 :barrier
 #object[java.util.concurrent.CyclicBarrier
         "0x4ed096cc"
         "java.util.concurrent.CyclicBarrier@4ed096cc"]
 :log-stderr false
 :pure-generators true
 :ssh {:dummy? true}
 :rate 5
 :checker
 #object[jepsen.checker$compose$reify__8787
         "0xb24e21f"
         "jepsen.checker$compose$reify__8787@b24e21f"]
 :argv
 ("test"
  "-w"
  "cbcast"
  "--bin"
  "causal-broadcast.py"
  "--time-limit"
  "5"
  "--node-count"
  "3"
  "--concurrency"
  "1n")
 :nemesis
 (jepsen.nemesis.ReflCompose
  {:fm {:start-partition 0,
        :stop-partition 0,
        :kill 1,
        :start 1,
        :pause 1,
        :resume 1},
   :nemeses [#unprintable "jepsen.nemesis.combined$partition_nemesis$reify__17089@43e7ca6f"
             #unprintable "jepsen.nemesis.combined$db_nemesis$reify__17070@2e3fdf30"]})
 :nodes ["n0" "n1" "n2"]
 :test-count 1
 :latency {:mean 0, :dist :constant}
 :bin "causal-broadcast.py"
 :generator
 (jepsen.generator.TimeLimit
  {:limit 5000000000,
   :cutoff nil,
   :gen (jepsen.generator.Any
         {:gens [(jepsen.generator.OnThreads {:f #{:nemesis}, :gen nil})
                 (jepsen.generator.OnThreads
                  {:f #object[clojure.core$complement$fn__5654
                              "0x6cd0f9a4"
                              "clojure.core$complement$fn__5654@6cd0f9a4"],
                   :gen (jepsen.generator.Stagger
                         {:dt 400000000,
                          :next-time nil,
                          :gen ({:f :cbcast, :value 1}
                                {:f :cbcast, :value 2}
                                {:f :cbcast, :value 3}
                                {:f :cbcast, :value 4}
                                {:f :cbcast, :value 5}
                                {:f :cbcast, :value 6}
                                {:f :cbcast, :value 7}
                                {:f :cbcast, :value 8}
                                ...)})})]})})
 :log-net-recv false
 :os
 #object[maelstrom.net$jepsen_os$reify__15676
         "0x2d487df4"
         "maelstrom.net$jepsen_os$reify__15676@2d487df4"]
 :time-limit 5
 :workload :cbcast
 :consistency-models [:strict-serializable]
 :topology :grid}

2023-03-14 10:51:17,110{GMT}	INFO	[jepsen node n0] maelstrom.net: Starting Maelstrom network
2023-03-14 10:51:17,112{GMT}	INFO	[jepsen test runner] jepsen.db: Tearing down DB
2023-03-14 10:51:17,114{GMT}	INFO	[jepsen test runner] jepsen.db: Setting up DB
2023-03-14 10:51:17,116{GMT}	INFO	[jepsen node n2] maelstrom.db: Setting up n2
2023-03-14 10:51:17,116{GMT}	INFO	[jepsen node n1] maelstrom.db: Setting up n1
2023-03-14 10:51:17,116{GMT}	INFO	[jepsen node n1] maelstrom.process: launching causal-broadcast.py []
2023-03-14 10:51:17,117{GMT}	INFO	[jepsen node n2] maelstrom.process: launching causal-broadcast.py []
2023-03-14 10:51:17,121{GMT}	INFO	[jepsen node n0] maelstrom.service: Starting services: (lin-kv lin-tso lww-kv seq-kv)
2023-03-14 10:51:17,124{GMT}	INFO	[jepsen node n0] maelstrom.db: Setting up n0
2023-03-14 10:51:17,126{GMT}	INFO	[jepsen node n0] maelstrom.process: launching causal-broadcast.py []
2023-03-14 10:51:17,186{GMT}	INFO	[jepsen test runner] jepsen.core: Relative time begins now
2023-03-14 10:51:17,200{GMT}	INFO	[jepsen worker 0] jepsen.util: 0	:invoke	:cbcast	1
2023-03-14 10:51:17,205{GMT}	INFO	[jepsen worker 0] jepsen.util: 0	:ok	:cbcast	[]
2023-03-14 10:51:17,568{GMT}	INFO	[jepsen worker 2] jepsen.util: 2	:invoke	:cbcast	2
2023-03-14 10:51:17,580{GMT}	INFO	[jepsen worker 2] jepsen.util: 2	:ok	:cbcast	[1]
2023-03-14 10:51:17,677{GMT}	INFO	[jepsen worker 1] jepsen.util: 1	:invoke	:cbcast	3
2023-03-14 10:51:17,682{GMT}	INFO	[jepsen worker 1] jepsen.util: 1	:ok	:cbcast	[1 2]
2023-03-14 10:51:17,754{GMT}	INFO	[jepsen worker 0] jepsen.util: 0	:invoke	:cbcast	4
2023-03-14 10:51:17,758{GMT}	INFO	[jepsen worker 0] jepsen.util: 0	:ok	:cbcast	[2 3]
2023-03-14 10:51:18,071{GMT}	INFO	[jepsen worker 2] jepsen.util: 2	:invoke	:cbcast	5
2023-03-14 10:51:18,075{GMT}	INFO	[jepsen worker 2] jepsen.util: 2	:ok	:cbcast	[3 4]
2023-03-14 10:51:18,152{GMT}	INFO	[jepsen worker 2] jepsen.util: 2	:invoke	:cbcast	6
2023-03-14 10:51:18,159{GMT}	INFO	[jepsen worker 2] jepsen.util: 2	:ok	:cbcast	[]
2023-03-14 10:51:18,205{GMT}	INFO	[jepsen worker 2] jepsen.util: 2	:invoke	:cbcast	7
2023-03-14 10:51:18,210{GMT}	INFO	[jepsen worker 2] jepsen.util: 2	:ok	:cbcast	[]
2023-03-14 10:51:18,286{GMT}	INFO	[jepsen worker 2] jepsen.util: 2	:invoke	:cbcast	8
2023-03-14 10:51:18,289{GMT}	INFO	[jepsen worker 2] jepsen.util: 2	:ok	:cbcast	[]
2023-03-14 10:51:18,496{GMT}	INFO	[jepsen worker 2] jepsen.util: 2	:invoke	:cbcast	9
2023-03-14 10:51:18,500{GMT}	INFO	[jepsen worker 2] jepsen.util: 2	:ok	:cbcast	[]
2023-03-14 10:51:18,593{GMT}	INFO	[jepsen worker 1] jepsen.util: 1	:invoke	:cbcast	10
2023-03-14 10:51:18,598{GMT}	INFO	[jepsen worker 1] jepsen.util: 1	:ok	:cbcast	[4 5 6 7 8 9]
2023-03-14 10:51:18,647{GMT}	INFO	[jepsen worker 1] jepsen.util: 1	:invoke	:cbcast	11
2023-03-14 10:51:18,651{GMT}	INFO	[jepsen worker 1] jepsen.util: 1	:ok	:cbcast	[]
2023-03-14 10:51:19,020{GMT}	INFO	[jepsen worker 0] jepsen.util: 0	:invoke	:cbcast	12
2023-03-14 10:51:19,027{GMT}	INFO	[jepsen worker 0] jepsen.util: 0	:ok	:cbcast	[5 6 7 8 9 10 11]
2023-03-14 10:51:19,416{GMT}	INFO	[jepsen worker 2] jepsen.util: 2	:invoke	:cbcast	13
2023-03-14 10:51:19,419{GMT}	INFO	[jepsen worker 2] jepsen.util: 2	:ok	:cbcast	[10 11 12]
2023-03-14 10:51:19,733{GMT}	INFO	[jepsen worker 0] jepsen.util: 0	:invoke	:cbcast	14
2023-03-14 10:51:19,737{GMT}	INFO	[jepsen worker 0] jepsen.util: 0	:ok	:cbcast	[13]
2023-03-14 10:51:19,889{GMT}	INFO	[jepsen worker 2] jepsen.util: 2	:invoke	:cbcast	15
2023-03-14 10:51:19,894{GMT}	INFO	[jepsen worker 2] jepsen.util: 2	:ok	:cbcast	[14]
2023-03-14 10:51:20,166{GMT}	INFO	[jepsen worker 1] jepsen.util: 1	:invoke	:cbcast	16
2023-03-14 10:51:20,172{GMT}	INFO	[jepsen worker 1] jepsen.util: 1	:ok	:cbcast	[12 13 14 15]
2023-03-14 10:51:20,552{GMT}	INFO	[jepsen worker 0] jepsen.util: 0	:invoke	:cbcast	17
2023-03-14 10:51:20,558{GMT}	INFO	[jepsen worker 0] jepsen.util: 0	:ok	:cbcast	[15 16]
2023-03-14 10:51:20,718{GMT}	INFO	[jepsen worker 1] jepsen.util: 1	:invoke	:cbcast	18
2023-03-14 10:51:20,722{GMT}	INFO	[jepsen worker 1] jepsen.util: 1	:ok	:cbcast	[17]
2023-03-14 10:51:20,730{GMT}	INFO	[jepsen worker 1] jepsen.util: 1	:invoke	:cbcast	19
2023-03-14 10:51:20,734{GMT}	INFO	[jepsen worker 1] jepsen.util: 1	:ok	:cbcast	[]
2023-03-14 10:51:20,913{GMT}	INFO	[jepsen worker 1] jepsen.util: 1	:invoke	:cbcast	20
2023-03-14 10:51:20,918{GMT}	INFO	[jepsen worker 1] jepsen.util: 1	:ok	:cbcast	[]
2023-03-14 10:51:21,098{GMT}	INFO	[jepsen worker 1] jepsen.util: 1	:invoke	:cbcast	21
2023-03-14 10:51:21,103{GMT}	INFO	[jepsen worker 1] jepsen.util: 1	:ok	:cbcast	[]
2023-03-14 10:51:21,234{GMT}	INFO	[jepsen worker 0] jepsen.util: 0	:invoke	:cbcast	22
2023-03-14 10:51:21,240{GMT}	INFO	[jepsen worker 0] jepsen.util: 0	:ok	:cbcast	[18 19 20 21]
2023-03-14 10:51:21,543{GMT}	INFO	[jepsen worker 2] jepsen.util: 2	:invoke	:cbcast	23
2023-03-14 10:51:21,549{GMT}	INFO	[jepsen worker 2] jepsen.util: 2	:ok	:cbcast	[16 17 18 19 20 21 22]
2023-03-14 10:51:21,850{GMT}	INFO	[jepsen worker 1] jepsen.util: 1	:invoke	:cbcast	24
2023-03-14 10:51:21,856{GMT}	INFO	[jepsen worker 1] jepsen.util: 1	:ok	:cbcast	[22 23]
2023-03-14 10:51:22,006{GMT}	INFO	[jepsen worker 1] jepsen.util: 1	:invoke	:cbcast	25
2023-03-14 10:51:22,011{GMT}	INFO	[jepsen worker 1] jepsen.util: 1	:ok	:cbcast	[]
2023-03-14 10:51:22,027{GMT}	INFO	[jepsen node n0] maelstrom.db: Tearing down n0
2023-03-14 10:51:22,028{GMT}	INFO	[jepsen node n2] maelstrom.db: Tearing down n2
2023-03-14 10:51:22,027{GMT}	INFO	[jepsen node n1] maelstrom.db: Tearing down n1
2023-03-14 10:51:23,131{GMT}	INFO	[jepsen node n0] maelstrom.net: Shutting down Maelstrom network
2023-03-14 10:51:23,134{GMT}	INFO	[jepsen test runner] jepsen.core: Run complete, writing
2023-03-14 10:51:23,159{GMT}	INFO	[jepsen test runner] jepsen.core: Analyzing...
2023-03-14 10:51:23,878{GMT}	INFO	[jepsen test runner] jepsen.core: Analysis complete
2023-03-14 10:51:23,885{GMT}	INFO	[jepsen results] jepsen.store: Wrote /home/miguel/uni/4ano/sd/sdge/guiao2/store/cbcast/20230314T105117.000Z/results.edn
2023-03-14 10:51:23,893{GMT}	INFO	[jepsen test runner] jepsen.core: {:perf {:latency-graph {:valid? true},
        :rate-graph {:valid? true},
        :valid? true},
 :timeline {:valid? true},
 :exceptions {:valid? true},
 :stats {:valid? true,
         :count 25,
         :ok-count 25,
         :fail-count 0,
         :info-count 0,
         :by-f {:cbcast {:valid? true,
                         :count 25,
                         :ok-count 25,
                         :fail-count 0,
                         :info-count 0}}},
 :net {:all {:send-count 106,
             :recv-count 106,
             :msg-count 106,
             :msgs-per-op 4.24},
       :clients {:send-count 56, :recv-count 56, :msg-count 56},
       :servers {:send-count 50,
                 :recv-count 50,
                 :msg-count 50,
                 :msgs-per-op 2.0},
       :valid? true},
 :workload {:valid? true, :errors []},
 :valid? true}


Everything looks good! ヽ(‘ー`)ノ
