DEBUG:root:received {"id":1,"src":"c0","dest":"n1","body":{"type":"init","node_id":"n1","node_ids":["n0","n1","n2"],"msg_id":1}}
INFO:root:node n1 initialized
DEBUG:root:sending {"dest": "c0", "src": "n1", "body": {"msg_id": 1, "in_reply_to": 1, "type": "init_ok"}}
DEBUG:root:received {"id":6,"src":"c6","dest":"n1","body":{"type":"cbcast","message":1,"msg_id":1}}
DEBUG:root:sending {"dest": "c6", "src": "n1", "body": {"msg_id": 2, "in_reply_to": 1, "type": "cbcast_ok", "messages": []}}
DEBUG:root:sending {"dest": "n0", "src": "n1", "body": {"msg_id": 3, "type": "fwd_msg", "vv": {"n0": 0, "n1": 1, "n2": 0}, "message": 1}}
DEBUG:root:sending {"dest": "n2", "src": "n1", "body": {"msg_id": 4, "type": "fwd_msg", "vv": {"n0": 0, "n1": 1, "n2": 0}, "message": 1}}
DEBUG:root:received {"id":13,"src":"n2","dest":"n1","body":{"msg_id":4,"type":"fwd_msg","vv":{"n0":0,"n1":1,"n2":1},"message":2}}
DEBUG:root:received {"id":14,"src":"c6","dest":"n1","body":{"type":"cbcast","message":3,"msg_id":2}}
DEBUG:root:sending {"dest": "c6", "src": "n1", "body": {"msg_id": 5, "in_reply_to": 2, "type": "cbcast_ok", "messages": [2]}}
DEBUG:root:sending {"dest": "n0", "src": "n1", "body": {"msg_id": 6, "type": "fwd_msg", "vv": {"n0": 0, "n1": 2, "n2": 1}, "message": 3}}
DEBUG:root:sending {"dest": "n2", "src": "n1", "body": {"msg_id": 7, "type": "fwd_msg", "vv": {"n0": 0, "n1": 2, "n2": 1}, "message": 3}}
DEBUG:root:received {"id":18,"src":"c6","dest":"n1","body":{"type":"cbcast","message":4,"msg_id":3}}
DEBUG:root:sending {"dest": "c6", "src": "n1", "body": {"msg_id": 8, "in_reply_to": 3, "type": "cbcast_ok", "messages": []}}
DEBUG:root:sending {"dest": "n0", "src": "n1", "body": {"msg_id": 9, "type": "fwd_msg", "vv": {"n0": 0, "n1": 3, "n2": 1}, "message": 4}}
DEBUG:root:sending {"dest": "n2", "src": "n1", "body": {"msg_id": 10, "type": "fwd_msg", "vv": {"n0": 0, "n1": 3, "n2": 1}, "message": 4}}
DEBUG:root:received {"id":22,"src":"c6","dest":"n1","body":{"type":"cbcast","message":5,"msg_id":4}}
DEBUG:root:sending {"dest": "c6", "src": "n1", "body": {"msg_id": 11, "in_reply_to": 4, "type": "cbcast_ok", "messages": []}}
DEBUG:root:sending {"dest": "n0", "src": "n1", "body": {"msg_id": 12, "type": "fwd_msg", "vv": {"n0": 0, "n1": 4, "n2": 1}, "message": 5}}
DEBUG:root:sending {"dest": "n2", "src": "n1", "body": {"msg_id": 13, "type": "fwd_msg", "vv": {"n0": 0, "n1": 4, "n2": 1}, "message": 5}}
DEBUG:root:received {"id":28,"src":"n0","dest":"n1","body":{"msg_id":3,"type":"fwd_msg","vv":{"n0":1,"n1":4,"n2":1},"message":6}}
DEBUG:root:received {"id":33,"src":"n2","dest":"n1","body":{"msg_id":7,"type":"fwd_msg","vv":{"n0":1,"n1":4,"n2":2},"message":7}}
DEBUG:root:received {"id":34,"src":"c6","dest":"n1","body":{"type":"cbcast","message":8,"msg_id":5}}
DEBUG:root:sending {"dest": "c6", "src": "n1", "body": {"msg_id": 14, "in_reply_to": 5, "type": "cbcast_ok", "messages": [6, 7]}}
DEBUG:root:sending {"dest": "n0", "src": "n1", "body": {"msg_id": 15, "type": "fwd_msg", "vv": {"n0": 1, "n1": 5, "n2": 2}, "message": 8}}
DEBUG:root:sending {"dest": "n2", "src": "n1", "body": {"msg_id": 16, "type": "fwd_msg", "vv": {"n0": 1, "n1": 5, "n2": 2}, "message": 8}}
DEBUG:root:received {"id":41,"src":"n2","dest":"n1","body":{"msg_id":10,"type":"fwd_msg","vv":{"n0":1,"n1":5,"n2":3},"message":9}}
DEBUG:root:received {"id":42,"src":"c6","dest":"n1","body":{"type":"cbcast","message":10,"msg_id":6}}
DEBUG:root:sending {"dest": "c6", "src": "n1", "body": {"msg_id": 17, "in_reply_to": 6, "type": "cbcast_ok", "messages": [9]}}
DEBUG:root:sending {"dest": "n0", "src": "n1", "body": {"msg_id": 18, "type": "fwd_msg", "vv": {"n0": 1, "n1": 6, "n2": 3}, "message": 10}}
DEBUG:root:sending {"dest": "n2", "src": "n1", "body": {"msg_id": 19, "type": "fwd_msg", "vv": {"n0": 1, "n1": 6, "n2": 3}, "message": 10}}
DEBUG:root:received {"id":48,"src":"n0","dest":"n1","body":{"msg_id":6,"type":"fwd_msg","vv":{"n0":2,"n1":6,"n2":3},"message":11}}
DEBUG:root:received {"id":50,"src":"c6","dest":"n1","body":{"type":"cbcast","message":12,"msg_id":7}}
DEBUG:root:sending {"dest": "c6", "src": "n1", "body": {"msg_id": 20, "in_reply_to": 7, "type": "cbcast_ok", "messages": [11]}}
DEBUG:root:sending {"dest": "n0", "src": "n1", "body": {"msg_id": 21, "type": "fwd_msg", "vv": {"n0": 2, "n1": 7, "n2": 3}, "message": 12}}
DEBUG:root:sending {"dest": "n2", "src": "n1", "body": {"msg_id": 22, "type": "fwd_msg", "vv": {"n0": 2, "n1": 7, "n2": 3}, "message": 12}}
DEBUG:root:received {"id":54,"src":"c6","dest":"n1","body":{"type":"cbcast","message":13,"msg_id":8}}
DEBUG:root:sending {"dest": "c6", "src": "n1", "body": {"msg_id": 23, "in_reply_to": 8, "type": "cbcast_ok", "messages": []}}
DEBUG:root:sending {"dest": "n0", "src": "n1", "body": {"msg_id": 24, "type": "fwd_msg", "vv": {"n0": 2, "n1": 8, "n2": 3}, "message": 13}}
DEBUG:root:sending {"dest": "n2", "src": "n1", "body": {"msg_id": 25, "type": "fwd_msg", "vv": {"n0": 2, "n1": 8, "n2": 3}, "message": 13}}
DEBUG:root:received {"id":61,"src":"n2","dest":"n1","body":{"msg_id":13,"type":"fwd_msg","vv":{"n0":2,"n1":8,"n2":4},"message":14}}
DEBUG:root:received {"id":62,"src":"c6","dest":"n1","body":{"type":"cbcast","message":15,"msg_id":9}}
DEBUG:root:sending {"dest": "c6", "src": "n1", "body": {"msg_id": 26, "in_reply_to": 9, "type": "cbcast_ok", "messages": [14]}}
DEBUG:root:sending {"dest": "n0", "src": "n1", "body": {"msg_id": 27, "type": "fwd_msg", "vv": {"n0": 2, "n1": 9, "n2": 4}, "message": 15}}
DEBUG:root:sending {"dest": "n2", "src": "n1", "body": {"msg_id": 28, "type": "fwd_msg", "vv": {"n0": 2, "n1": 9, "n2": 4}, "message": 15}}
DEBUG:root:received {"id":69,"src":"n2","dest":"n1","body":{"msg_id":16,"type":"fwd_msg","vv":{"n0":2,"n1":9,"n2":5},"message":16}}
DEBUG:root:received {"id":73,"src":"n2","dest":"n1","body":{"msg_id":19,"type":"fwd_msg","vv":{"n0":2,"n1":9,"n2":6},"message":17}}
DEBUG:root:received {"id":76,"src":"n0","dest":"n1","body":{"msg_id":9,"type":"fwd_msg","vv":{"n0":3,"n1":9,"n2":6},"message":18}}
DEBUG:root:received {"id":78,"src":"c6","dest":"n1","body":{"type":"cbcast","message":19,"msg_id":10}}
DEBUG:root:sending {"dest": "c6", "src": "n1", "body": {"msg_id": 29, "in_reply_to": 10, "type": "cbcast_ok", "messages": [16, 17, 18]}}
DEBUG:root:sending {"dest": "n0", "src": "n1", "body": {"msg_id": 30, "type": "fwd_msg", "vv": {"n0": 3, "n1": 10, "n2": 6}, "message": 19}}
DEBUG:root:sending {"dest": "n2", "src": "n1", "body": {"msg_id": 31, "type": "fwd_msg", "vv": {"n0": 3, "n1": 10, "n2": 6}, "message": 19}}
DEBUG:root:received {"id":84,"src":"n0","dest":"n1","body":{"msg_id":12,"type":"fwd_msg","vv":{"n0":4,"n1":10,"n2":6},"message":20}}
DEBUG:root:received {"id":88,"src":"n0","dest":"n1","body":{"msg_id":15,"type":"fwd_msg","vv":{"n0":5,"n1":10,"n2":6},"message":21}}
DEBUG:root:received {"id":90,"src":"c6","dest":"n1","body":{"type":"cbcast","message":22,"msg_id":11}}
DEBUG:root:sending {"dest": "c6", "src": "n1", "body": {"msg_id": 32, "in_reply_to": 11, "type": "cbcast_ok", "messages": [20, 21]}}
DEBUG:root:sending {"dest": "n0", "src": "n1", "body": {"msg_id": 33, "type": "fwd_msg", "vv": {"n0": 5, "n1": 11, "n2": 6}, "message": 22}}
DEBUG:root:sending {"dest": "n2", "src": "n1", "body": {"msg_id": 34, "type": "fwd_msg", "vv": {"n0": 5, "n1": 11, "n2": 6}, "message": 22}}
DEBUG:root:received {"id":94,"src":"c6","dest":"n1","body":{"type":"cbcast","message":23,"msg_id":12}}
DEBUG:root:sending {"dest": "c6", "src": "n1", "body": {"msg_id": 35, "in_reply_to": 12, "type": "cbcast_ok", "messages": []}}
DEBUG:root:sending {"dest": "n0", "src": "n1", "body": {"msg_id": 36, "type": "fwd_msg", "vv": {"n0": 5, "n1": 12, "n2": 6}, "message": 23}}
DEBUG:root:sending {"dest": "n2", "src": "n1", "body": {"msg_id": 37, "type": "fwd_msg", "vv": {"n0": 5, "n1": 12, "n2": 6}, "message": 23}}
DEBUG:root:received {"id":100,"src":"n0","dest":"n1","body":{"msg_id":18,"type":"fwd_msg","vv":{"n0":6,"n1":12,"n2":6},"message":24}}
DEBUG:root:received {"id":102,"src":"c6","dest":"n1","body":{"type":"cbcast","message":25,"msg_id":13}}
DEBUG:root:sending {"dest": "c6", "src": "n1", "body": {"msg_id": 38, "in_reply_to": 13, "type": "cbcast_ok", "messages": [24]}}
DEBUG:root:sending {"dest": "n0", "src": "n1", "body": {"msg_id": 39, "type": "fwd_msg", "vv": {"n0": 6, "n1": 13, "n2": 6}, "message": 25}}
DEBUG:root:sending {"dest": "n2", "src": "n1", "body": {"msg_id": 40, "type": "fwd_msg", "vv": {"n0": 6, "n1": 13, "n2": 6}, "message": 25}}
DEBUG:root:received {"id":106,"src":"c6","dest":"n1","body":{"type":"cbcast","message":26,"msg_id":14}}
DEBUG:root:sending {"dest": "c6", "src": "n1", "body": {"msg_id": 41, "in_reply_to": 14, "type": "cbcast_ok", "messages": []}}
DEBUG:root:sending {"dest": "n0", "src": "n1", "body": {"msg_id": 42, "type": "fwd_msg", "vv": {"n0": 6, "n1": 14, "n2": 6}, "message": 26}}
DEBUG:root:sending {"dest": "n2", "src": "n1", "body": {"msg_id": 43, "type": "fwd_msg", "vv": {"n0": 6, "n1": 14, "n2": 6}, "message": 26}}
DEBUG:root:received {"id":110,"src":"c6","dest":"n1","body":{"type":"cbcast","message":27,"msg_id":15}}
DEBUG:root:sending {"dest": "c6", "src": "n1", "body": {"msg_id": 44, "in_reply_to": 15, "type": "cbcast_ok", "messages": []}}
DEBUG:root:sending {"dest": "n0", "src": "n1", "body": {"msg_id": 45, "type": "fwd_msg", "vv": {"n0": 6, "n1": 15, "n2": 6}, "message": 27}}
DEBUG:root:sending {"dest": "n2", "src": "n1", "body": {"msg_id": 46, "type": "fwd_msg", "vv": {"n0": 6, "n1": 15, "n2": 6}, "message": 27}}
DEBUG:root:received {"id":117,"src":"n2","dest":"n1","body":{"msg_id":22,"type":"fwd_msg","vv":{"n0":6,"n1":15,"n2":7},"message":28}}
