DEBUG:root:received {"id":2,"src":"c2","dest":"n0","body":{"type":"init","node_id":"n0","node_ids":["n0","n1","n2"],"msg_id":1}}
INFO:root:node n0 initialized
DEBUG:root:sending {"dest": "c2", "src": "n0", "body": {"msg_id": 1, "in_reply_to": 1, "type": "init_ok"}}
DEBUG:root:received {"id":8,"src":"n1","dest":"n0","body":{"msg_id":3,"type":"fwd_msg","vv":{"n0":0,"n1":1,"n2":0},"message":1}}
DEBUG:root:received {"id":12,"src":"n1","dest":"n0","body":{"msg_id":6,"type":"fwd_msg","vv":{"n0":0,"n1":2,"n2":0},"message":2}}
DEBUG:root:received {"id":16,"src":"n1","dest":"n0","body":{"msg_id":9,"type":"fwd_msg","vv":{"n0":0,"n1":3,"n2":0},"message":3}}
DEBUG:root:received {"id":18,"src":"c7","dest":"n0","body":{"type":"cbcast","message":4,"msg_id":1}}
DEBUG:root:sending {"dest": "c7", "src": "n0", "body": {"msg_id": 2, "in_reply_to": 1, "type": "cbcast_ok", "messages": [{"id": 8, "src": "n1", "dest": "n0", "body": {"msg_id": 3, "type": "fwd_msg", "vv": {"n0": 0, "n1": 1, "n2": 0}, "message": 1}}, 1, {"id": 12, "src": "n1", "dest": "n0", "body": {"msg_id": 6, "type": "fwd_msg", "vv": {"n0": 0, "n1": 2, "n2": 0}, "message": 2}}, 2, {"id": 16, "src": "n1", "dest": "n0", "body": {"msg_id": 9, "type": "fwd_msg", "vv": {"n0": 0, "n1": 3, "n2": 0}, "message": 3}}, 3]}}
DEBUG:root:sending {"dest": "n1", "src": "n0", "body": {"msg_id": 3, "type": "fwd_msg", "vv": {"n0": 1, "n1": 3, "n2": 0}, "message": 4}}
DEBUG:root:sending {"dest": "n2", "src": "n0", "body": {"msg_id": 4, "type": "fwd_msg", "vv": {"n0": 1, "n1": 3, "n2": 0}, "message": 4}}
DEBUG:root:received {"id":24,"src":"n2","dest":"n0","body":{"msg_id":3,"type":"fwd_msg","vv":{"n0":1,"n1":3,"n2":1},"message":5}}
DEBUG:root:received {"id":26,"src":"c7","dest":"n0","body":{"type":"cbcast","message":6,"msg_id":2}}
DEBUG:root:sending {"dest": "c7", "src": "n0", "body": {"msg_id": 5, "in_reply_to": 2, "type": "cbcast_ok", "messages": [{"id": 24, "src": "n2", "dest": "n0", "body": {"msg_id": 3, "type": "fwd_msg", "vv": {"n0": 1, "n1": 3, "n2": 1}, "message": 5}}, 5]}}
DEBUG:root:sending {"dest": "n1", "src": "n0", "body": {"msg_id": 6, "type": "fwd_msg", "vv": {"n0": 2, "n1": 3, "n2": 1}, "message": 6}}
DEBUG:root:sending {"dest": "n2", "src": "n0", "body": {"msg_id": 7, "type": "fwd_msg", "vv": {"n0": 2, "n1": 3, "n2": 1}, "message": 6}}
DEBUG:root:received {"id":32,"src":"n1","dest":"n0","body":{"msg_id":12,"type":"fwd_msg","vv":{"n0":2,"n1":4,"n2":1},"message":7}}
DEBUG:root:received {"id":34,"src":"c7","dest":"n0","body":{"type":"cbcast","message":8,"msg_id":3}}
DEBUG:root:sending {"dest": "c7", "src": "n0", "body": {"msg_id": 8, "in_reply_to": 3, "type": "cbcast_ok", "messages": [{"id": 32, "src": "n1", "dest": "n0", "body": {"msg_id": 12, "type": "fwd_msg", "vv": {"n0": 2, "n1": 4, "n2": 1}, "message": 7}}, 7]}}
DEBUG:root:sending {"dest": "n1", "src": "n0", "body": {"msg_id": 9, "type": "fwd_msg", "vv": {"n0": 3, "n1": 4, "n2": 1}, "message": 8}}
DEBUG:root:sending {"dest": "n2", "src": "n0", "body": {"msg_id": 10, "type": "fwd_msg", "vv": {"n0": 3, "n1": 4, "n2": 1}, "message": 8}}
DEBUG:root:received {"id":38,"src":"c7","dest":"n0","body":{"type":"cbcast","message":9,"msg_id":4}}
DEBUG:root:sending {"dest": "c7", "src": "n0", "body": {"msg_id": 11, "in_reply_to": 4, "type": "cbcast_ok", "messages": []}}
DEBUG:root:sending {"dest": "n1", "src": "n0", "body": {"msg_id": 12, "type": "fwd_msg", "vv": {"n0": 4, "n1": 4, "n2": 1}, "message": 9}}
DEBUG:root:sending {"dest": "n2", "src": "n0", "body": {"msg_id": 13, "type": "fwd_msg", "vv": {"n0": 4, "n1": 4, "n2": 1}, "message": 9}}
DEBUG:root:received {"id":44,"src":"n1","dest":"n0","body":{"msg_id":15,"type":"fwd_msg","vv":{"n0":4,"n1":5,"n2":1},"message":10}}
DEBUG:root:received {"id":46,"src":"c7","dest":"n0","body":{"type":"cbcast","message":11,"msg_id":5}}
DEBUG:root:sending {"dest": "c7", "src": "n0", "body": {"msg_id": 14, "in_reply_to": 5, "type": "cbcast_ok", "messages": [{"id": 44, "src": "n1", "dest": "n0", "body": {"msg_id": 15, "type": "fwd_msg", "vv": {"n0": 4, "n1": 5, "n2": 1}, "message": 10}}, 10]}}
DEBUG:root:sending {"dest": "n1", "src": "n0", "body": {"msg_id": 15, "type": "fwd_msg", "vv": {"n0": 5, "n1": 5, "n2": 1}, "message": 11}}
DEBUG:root:sending {"dest": "n2", "src": "n0", "body": {"msg_id": 16, "type": "fwd_msg", "vv": {"n0": 5, "n1": 5, "n2": 1}, "message": 11}}
DEBUG:root:received {"id":50,"src":"c7","dest":"n0","body":{"type":"cbcast","message":12,"msg_id":6}}
DEBUG:root:sending {"dest": "c7", "src": "n0", "body": {"msg_id": 17, "in_reply_to": 6, "type": "cbcast_ok", "messages": []}}
DEBUG:root:sending {"dest": "n1", "src": "n0", "body": {"msg_id": 18, "type": "fwd_msg", "vv": {"n0": 6, "n1": 5, "n2": 1}, "message": 12}}
DEBUG:root:sending {"dest": "n2", "src": "n0", "body": {"msg_id": 19, "type": "fwd_msg", "vv": {"n0": 6, "n1": 5, "n2": 1}, "message": 12}}
DEBUG:root:received {"id":56,"src":"n1","dest":"n0","body":{"msg_id":18,"type":"fwd_msg","vv":{"n0":6,"n1":6,"n2":1},"message":13}}
DEBUG:root:received {"id":58,"src":"c7","dest":"n0","body":{"type":"cbcast","message":14,"msg_id":7}}
DEBUG:root:sending {"dest": "c7", "src": "n0", "body": {"msg_id": 20, "in_reply_to": 7, "type": "cbcast_ok", "messages": [{"id": 56, "src": "n1", "dest": "n0", "body": {"msg_id": 18, "type": "fwd_msg", "vv": {"n0": 6, "n1": 6, "n2": 1}, "message": 13}}, 13]}}
DEBUG:root:sending {"dest": "n1", "src": "n0", "body": {"msg_id": 21, "type": "fwd_msg", "vv": {"n0": 7, "n1": 6, "n2": 1}, "message": 14}}
DEBUG:root:sending {"dest": "n2", "src": "n0", "body": {"msg_id": 22, "type": "fwd_msg", "vv": {"n0": 7, "n1": 6, "n2": 1}, "message": 14}}
DEBUG:root:received {"id":64,"src":"n1","dest":"n0","body":{"msg_id":21,"type":"fwd_msg","vv":{"n0":7,"n1":7,"n2":1},"message":15}}
DEBUG:root:received {"id":68,"src":"n1","dest":"n0","body":{"msg_id":24,"type":"fwd_msg","vv":{"n0":7,"n1":8,"n2":1},"message":16}}
DEBUG:root:received {"id":72,"src":"n1","dest":"n0","body":{"msg_id":27,"type":"fwd_msg","vv":{"n0":7,"n1":9,"n2":1},"message":17}}
DEBUG:root:received {"id":74,"src":"c7","dest":"n0","body":{"type":"cbcast","message":18,"msg_id":8}}
DEBUG:root:sending {"dest": "c7", "src": "n0", "body": {"msg_id": 23, "in_reply_to": 8, "type": "cbcast_ok", "messages": [{"id": 64, "src": "n1", "dest": "n0", "body": {"msg_id": 21, "type": "fwd_msg", "vv": {"n0": 7, "n1": 7, "n2": 1}, "message": 15}}, 15, {"id": 68, "src": "n1", "dest": "n0", "body": {"msg_id": 24, "type": "fwd_msg", "vv": {"n0": 7, "n1": 8, "n2": 1}, "message": 16}}, 16, {"id": 72, "src": "n1", "dest": "n0", "body": {"msg_id": 27, "type": "fwd_msg", "vv": {"n0": 7, "n1": 9, "n2": 1}, "message": 17}}, 17]}}
DEBUG:root:sending {"dest": "n1", "src": "n0", "body": {"msg_id": 24, "type": "fwd_msg", "vv": {"n0": 8, "n1": 9, "n2": 1}, "message": 18}}
DEBUG:root:sending {"dest": "n2", "src": "n0", "body": {"msg_id": 25, "type": "fwd_msg", "vv": {"n0": 8, "n1": 9, "n2": 1}, "message": 18}}
DEBUG:root:received {"id":80,"src":"n1","dest":"n0","body":{"msg_id":30,"type":"fwd_msg","vv":{"n0":8,"n1":10,"n2":1},"message":19}}
DEBUG:root:received {"id":84,"src":"n1","dest":"n0","body":{"msg_id":33,"type":"fwd_msg","vv":{"n0":8,"n1":11,"n2":1},"message":20}}
DEBUG:root:received {"id":88,"src":"n1","dest":"n0","body":{"msg_id":36,"type":"fwd_msg","vv":{"n0":8,"n1":12,"n2":1},"message":21}}
DEBUG:root:received {"id":92,"src":"n1","dest":"n0","body":{"msg_id":39,"type":"fwd_msg","vv":{"n0":8,"n1":13,"n2":1},"message":22}}
DEBUG:root:received {"id":96,"src":"n1","dest":"n0","body":{"msg_id":42,"type":"fwd_msg","vv":{"n0":8,"n1":14,"n2":1},"message":23}}
DEBUG:root:received {"id":100,"src":"n1","dest":"n0","body":{"msg_id":45,"type":"fwd_msg","vv":{"n0":8,"n1":15,"n2":1},"message":24}}
DEBUG:root:received {"id":104,"src":"n1","dest":"n0","body":{"msg_id":48,"type":"fwd_msg","vv":{"n0":8,"n1":16,"n2":1},"message":25}}
DEBUG:root:received {"id":108,"src":"n1","dest":"n0","body":{"msg_id":51,"type":"fwd_msg","vv":{"n0":8,"n1":17,"n2":1},"message":26}}
