DEBUG:root:received {"id":1,"src":"c1","dest":"n2","body":{"type":"init","node_id":"n2","node_ids":["n0","n1","n2"],"msg_id":1}}
INFO:root:node n2 initialized
DEBUG:root:sending {"dest": "c1", "src": "n2", "body": {"msg_id": 1, "in_reply_to": 1, "type": "init_ok"}}
DEBUG:root:received {"id":9,"src":"n1","dest":"n2","body":{"msg_id":4,"type":"fwd_msg","vv":{"n0":0,"n1":1,"n2":0},"message":1}}
DEBUG:root:received {"id":13,"src":"n1","dest":"n2","body":{"msg_id":7,"type":"fwd_msg","vv":{"n0":0,"n1":2,"n2":0},"message":2}}
DEBUG:root:received {"id":17,"src":"n1","dest":"n2","body":{"msg_id":10,"type":"fwd_msg","vv":{"n0":0,"n1":3,"n2":0},"message":3}}
DEBUG:root:received {"id":21,"src":"n0","dest":"n2","body":{"msg_id":4,"type":"fwd_msg","vv":{"n0":1,"n1":3,"n2":0},"message":4}}
DEBUG:root:received {"id":22,"src":"c8","dest":"n2","body":{"type":"cbcast","message":5,"msg_id":1}}
DEBUG:root:sending {"dest": "c8", "src": "n2", "body": {"msg_id": 2, "in_reply_to": 1, "type": "cbcast_ok", "messages": [{"id": 9, "src": "n1", "dest": "n2", "body": {"msg_id": 4, "type": "fwd_msg", "vv": {"n0": 0, "n1": 1, "n2": 0}, "message": 1}}, 1, {"id": 13, "src": "n1", "dest": "n2", "body": {"msg_id": 7, "type": "fwd_msg", "vv": {"n0": 0, "n1": 2, "n2": 0}, "message": 2}}, 2, {"id": 17, "src": "n1", "dest": "n2", "body": {"msg_id": 10, "type": "fwd_msg", "vv": {"n0": 0, "n1": 3, "n2": 0}, "message": 3}}, 3, {"id": 21, "src": "n0", "dest": "n2", "body": {"msg_id": 4, "type": "fwd_msg", "vv": {"n0": 1, "n1": 3, "n2": 0}, "message": 4}}, 4]}}
DEBUG:root:sending {"dest": "n0", "src": "n2", "body": {"msg_id": 3, "type": "fwd_msg", "vv": {"n0": 1, "n1": 3, "n2": 1}, "message": 5}}
DEBUG:root:sending {"dest": "n1", "src": "n2", "body": {"msg_id": 4, "type": "fwd_msg", "vv": {"n0": 1, "n1": 3, "n2": 1}, "message": 5}}
DEBUG:root:received {"id":29,"src":"n0","dest":"n2","body":{"msg_id":7,"type":"fwd_msg","vv":{"n0":2,"n1":3,"n2":1},"message":6}}
DEBUG:root:received {"id":33,"src":"n1","dest":"n2","body":{"msg_id":13,"type":"fwd_msg","vv":{"n0":2,"n1":4,"n2":1},"message":7}}
DEBUG:root:received {"id":37,"src":"n0","dest":"n2","body":{"msg_id":10,"type":"fwd_msg","vv":{"n0":3,"n1":4,"n2":1},"message":8}}
DEBUG:root:received {"id":41,"src":"n0","dest":"n2","body":{"msg_id":13,"type":"fwd_msg","vv":{"n0":4,"n1":4,"n2":1},"message":9}}
DEBUG:root:received {"id":45,"src":"n1","dest":"n2","body":{"msg_id":16,"type":"fwd_msg","vv":{"n0":4,"n1":5,"n2":1},"message":10}}
DEBUG:root:received {"id":49,"src":"n0","dest":"n2","body":{"msg_id":16,"type":"fwd_msg","vv":{"n0":5,"n1":5,"n2":1},"message":11}}
DEBUG:root:received {"id":53,"src":"n0","dest":"n2","body":{"msg_id":19,"type":"fwd_msg","vv":{"n0":6,"n1":5,"n2":1},"message":12}}
DEBUG:root:received {"id":57,"src":"n1","dest":"n2","body":{"msg_id":19,"type":"fwd_msg","vv":{"n0":6,"n1":6,"n2":1},"message":13}}
DEBUG:root:received {"id":61,"src":"n0","dest":"n2","body":{"msg_id":22,"type":"fwd_msg","vv":{"n0":7,"n1":6,"n2":1},"message":14}}
DEBUG:root:received {"id":65,"src":"n1","dest":"n2","body":{"msg_id":22,"type":"fwd_msg","vv":{"n0":7,"n1":7,"n2":1},"message":15}}
DEBUG:root:received {"id":69,"src":"n1","dest":"n2","body":{"msg_id":25,"type":"fwd_msg","vv":{"n0":7,"n1":8,"n2":1},"message":16}}
DEBUG:root:received {"id":73,"src":"n1","dest":"n2","body":{"msg_id":28,"type":"fwd_msg","vv":{"n0":7,"n1":9,"n2":1},"message":17}}
DEBUG:root:received {"id":77,"src":"n0","dest":"n2","body":{"msg_id":25,"type":"fwd_msg","vv":{"n0":8,"n1":9,"n2":1},"message":18}}
DEBUG:root:received {"id":81,"src":"n1","dest":"n2","body":{"msg_id":31,"type":"fwd_msg","vv":{"n0":8,"n1":10,"n2":1},"message":19}}
DEBUG:root:received {"id":85,"src":"n1","dest":"n2","body":{"msg_id":34,"type":"fwd_msg","vv":{"n0":8,"n1":11,"n2":1},"message":20}}
DEBUG:root:received {"id":89,"src":"n1","dest":"n2","body":{"msg_id":37,"type":"fwd_msg","vv":{"n0":8,"n1":12,"n2":1},"message":21}}
DEBUG:root:received {"id":93,"src":"n1","dest":"n2","body":{"msg_id":40,"type":"fwd_msg","vv":{"n0":8,"n1":13,"n2":1},"message":22}}
DEBUG:root:received {"id":97,"src":"n1","dest":"n2","body":{"msg_id":43,"type":"fwd_msg","vv":{"n0":8,"n1":14,"n2":1},"message":23}}
DEBUG:root:received {"id":101,"src":"n1","dest":"n2","body":{"msg_id":46,"type":"fwd_msg","vv":{"n0":8,"n1":15,"n2":1},"message":24}}
DEBUG:root:received {"id":105,"src":"n1","dest":"n2","body":{"msg_id":49,"type":"fwd_msg","vv":{"n0":8,"n1":16,"n2":1},"message":25}}
DEBUG:root:received {"id":109,"src":"n1","dest":"n2","body":{"msg_id":52,"type":"fwd_msg","vv":{"n0":8,"n1":17,"n2":1},"message":26}}
