DEBUG:root:received {"id":1,"src":"c1","dest":"n2","body":{"type":"init","node_id":"n2","node_ids":["n0","n1","n2"],"msg_id":1}}
INFO:root:node n2 initialized
DEBUG:root:sending {"dest": "c1", "src": "n2", "body": {"msg_id": 1, "in_reply_to": 1, "type": "init_ok"}}
DEBUG:root:received {"id":9,"src":"n0","dest":"n2","body":{"msg_id":4,"type":"fwd_msg","vv":{"n0":1,"n1":0,"n2":0},"message":1}}
DEBUG:root:msg vv: namespace(n0=1, n1=0, n2=0), type <class 'dict'>
DEBUG:root:received {"id":10,"src":"c7","dest":"n2","body":{"type":"cbcast","message":2,"msg_id":1}}
DEBUG:root:sending {"dest": "c7", "src": "n2", "body": {"msg_id": 2, "in_reply_to": 1, "type": "cbcast_ok", "messages": [{"id": 9, "src": "n0", "dest": "n2", "body": {"msg_id": 4, "type": "fwd_msg", "vv": {"n0": 1, "n1": 0, "n2": 0}, "message": 1}}, 1]}}
DEBUG:root:sending {"dest": "n0", "src": "n2", "body": {"msg_id": 3, "type": "fwd_msg", "vv": {"n0": 1, "n1": 0, "n2": 1}, "message": 2}}
DEBUG:root:sending {"dest": "n1", "src": "n2", "body": {"msg_id": 4, "type": "fwd_msg", "vv": {"n0": 1, "n1": 0, "n2": 1}, "message": 2}}
DEBUG:root:received {"id":17,"src":"n0","dest":"n2","body":{"msg_id":7,"type":"fwd_msg","vv":{"n0":2,"n1":0,"n2":1},"message":3}}
DEBUG:root:msg vv: namespace(n0=2, n1=0, n2=1), type <class 'dict'>
DEBUG:root:received {"id":21,"src":"n1","dest":"n2","body":{"msg_id":4,"type":"fwd_msg","vv":{"n0":2,"n1":1,"n2":1},"message":4}}
DEBUG:root:msg vv: namespace(n0=2, n1=1, n2=1), type <class 'dict'>
DEBUG:root:received {"id":22,"src":"c7","dest":"n2","body":{"type":"cbcast","message":5,"msg_id":2}}
DEBUG:root:sending {"dest": "c7", "src": "n2", "body": {"msg_id": 5, "in_reply_to": 2, "type": "cbcast_ok", "messages": [{"id": 17, "src": "n0", "dest": "n2", "body": {"msg_id": 7, "type": "fwd_msg", "vv": {"n0": 2, "n1": 0, "n2": 1}, "message": 3}}, 3, {"id": 21, "src": "n1", "dest": "n2", "body": {"msg_id": 4, "type": "fwd_msg", "vv": {"n0": 2, "n1": 1, "n2": 1}, "message": 4}}, 4]}}
DEBUG:root:sending {"dest": "n0", "src": "n2", "body": {"msg_id": 6, "type": "fwd_msg", "vv": {"n0": 2, "n1": 1, "n2": 2}, "message": 5}}
DEBUG:root:sending {"dest": "n1", "src": "n2", "body": {"msg_id": 7, "type": "fwd_msg", "vv": {"n0": 2, "n1": 1, "n2": 2}, "message": 5}}
DEBUG:root:received {"id":29,"src":"n1","dest":"n2","body":{"msg_id":7,"type":"fwd_msg","vv":{"n0":2,"n1":2,"n2":2},"message":6}}
DEBUG:root:msg vv: namespace(n0=2, n1=2, n2=2), type <class 'dict'>
DEBUG:root:received {"id":30,"src":"c7","dest":"n2","body":{"type":"cbcast","message":7,"msg_id":3}}
DEBUG:root:sending {"dest": "c7", "src": "n2", "body": {"msg_id": 8, "in_reply_to": 3, "type": "cbcast_ok", "messages": [{"id": 29, "src": "n1", "dest": "n2", "body": {"msg_id": 7, "type": "fwd_msg", "vv": {"n0": 2, "n1": 2, "n2": 2}, "message": 6}}, 6]}}
DEBUG:root:sending {"dest": "n0", "src": "n2", "body": {"msg_id": 9, "type": "fwd_msg", "vv": {"n0": 2, "n1": 2, "n2": 3}, "message": 7}}
DEBUG:root:sending {"dest": "n1", "src": "n2", "body": {"msg_id": 10, "type": "fwd_msg", "vv": {"n0": 2, "n1": 2, "n2": 3}, "message": 7}}
DEBUG:root:received {"id":37,"src":"n0","dest":"n2","body":{"msg_id":10,"type":"fwd_msg","vv":{"n0":3,"n1":2,"n2":3},"message":8}}
DEBUG:root:msg vv: namespace(n0=3, n1=2, n2=3), type <class 'dict'>
DEBUG:root:received {"id":38,"src":"c7","dest":"n2","body":{"type":"cbcast","message":9,"msg_id":4}}
DEBUG:root:sending {"dest": "c7", "src": "n2", "body": {"msg_id": 11, "in_reply_to": 4, "type": "cbcast_ok", "messages": [{"id": 37, "src": "n0", "dest": "n2", "body": {"msg_id": 10, "type": "fwd_msg", "vv": {"n0": 3, "n1": 2, "n2": 3}, "message": 8}}, 8]}}
DEBUG:root:sending {"dest": "n0", "src": "n2", "body": {"msg_id": 12, "type": "fwd_msg", "vv": {"n0": 3, "n1": 2, "n2": 4}, "message": 9}}
DEBUG:root:sending {"dest": "n1", "src": "n2", "body": {"msg_id": 13, "type": "fwd_msg", "vv": {"n0": 3, "n1": 2, "n2": 4}, "message": 9}}
DEBUG:root:received {"id":42,"src":"c7","dest":"n2","body":{"type":"cbcast","message":10,"msg_id":5}}
DEBUG:root:sending {"dest": "c7", "src": "n2", "body": {"msg_id": 14, "in_reply_to": 5, "type": "cbcast_ok", "messages": []}}
DEBUG:root:sending {"dest": "n0", "src": "n2", "body": {"msg_id": 15, "type": "fwd_msg", "vv": {"n0": 3, "n1": 2, "n2": 5}, "message": 10}}
DEBUG:root:sending {"dest": "n1", "src": "n2", "body": {"msg_id": 16, "type": "fwd_msg", "vv": {"n0": 3, "n1": 2, "n2": 5}, "message": 10}}
DEBUG:root:received {"id":49,"src":"n1","dest":"n2","body":{"msg_id":10,"type":"fwd_msg","vv":{"n0":3,"n1":3,"n2":5},"message":11}}
DEBUG:root:msg vv: namespace(n0=3, n1=3, n2=5), type <class 'dict'>
DEBUG:root:received {"id":53,"src":"n0","dest":"n2","body":{"msg_id":13,"type":"fwd_msg","vv":{"n0":4,"n1":3,"n2":5},"message":12}}
DEBUG:root:msg vv: namespace(n0=4, n1=3, n2=5), type <class 'dict'>
DEBUG:root:received {"id":57,"src":"n1","dest":"n2","body":{"msg_id":13,"type":"fwd_msg","vv":{"n0":4,"n1":4,"n2":5},"message":13}}
DEBUG:root:msg vv: namespace(n0=4, n1=4, n2=5), type <class 'dict'>
DEBUG:root:received {"id":58,"src":"c7","dest":"n2","body":{"type":"cbcast","message":14,"msg_id":6}}
DEBUG:root:sending {"dest": "c7", "src": "n2", "body": {"msg_id": 17, "in_reply_to": 6, "type": "cbcast_ok", "messages": [{"id": 49, "src": "n1", "dest": "n2", "body": {"msg_id": 10, "type": "fwd_msg", "vv": {"n0": 3, "n1": 3, "n2": 5}, "message": 11}}, 11, {"id": 53, "src": "n0", "dest": "n2", "body": {"msg_id": 13, "type": "fwd_msg", "vv": {"n0": 4, "n1": 3, "n2": 5}, "message": 12}}, 12, {"id": 57, "src": "n1", "dest": "n2", "body": {"msg_id": 13, "type": "fwd_msg", "vv": {"n0": 4, "n1": 4, "n2": 5}, "message": 13}}, 13]}}
DEBUG:root:sending {"dest": "n0", "src": "n2", "body": {"msg_id": 18, "type": "fwd_msg", "vv": {"n0": 4, "n1": 4, "n2": 6}, "message": 14}}
DEBUG:root:sending {"dest": "n1", "src": "n2", "body": {"msg_id": 19, "type": "fwd_msg", "vv": {"n0": 4, "n1": 4, "n2": 6}, "message": 14}}
DEBUG:root:received {"id":65,"src":"n1","dest":"n2","body":{"msg_id":16,"type":"fwd_msg","vv":{"n0":4,"n1":5,"n2":6},"message":15}}
DEBUG:root:msg vv: namespace(n0=4, n1=5, n2=6), type <class 'dict'>
DEBUG:root:received {"id":69,"src":"n0","dest":"n2","body":{"msg_id":16,"type":"fwd_msg","vv":{"n0":5,"n1":5,"n2":6},"message":16}}
DEBUG:root:msg vv: namespace(n0=5, n1=5, n2=6), type <class 'dict'>
DEBUG:root:received {"id":73,"src":"n0","dest":"n2","body":{"msg_id":19,"type":"fwd_msg","vv":{"n0":6,"n1":5,"n2":6},"message":17}}
DEBUG:root:msg vv: namespace(n0=6, n1=5, n2=6), type <class 'dict'>
DEBUG:root:received {"id":77,"src":"n0","dest":"n2","body":{"msg_id":22,"type":"fwd_msg","vv":{"n0":7,"n1":5,"n2":6},"message":18}}
DEBUG:root:msg vv: namespace(n0=7, n1=5, n2=6), type <class 'dict'>
DEBUG:root:received {"id":78,"src":"c7","dest":"n2","body":{"type":"cbcast","message":19,"msg_id":7}}
DEBUG:root:sending {"dest": "c7", "src": "n2", "body": {"msg_id": 20, "in_reply_to": 7, "type": "cbcast_ok", "messages": [{"id": 65, "src": "n1", "dest": "n2", "body": {"msg_id": 16, "type": "fwd_msg", "vv": {"n0": 4, "n1": 5, "n2": 6}, "message": 15}}, 15, {"id": 69, "src": "n0", "dest": "n2", "body": {"msg_id": 16, "type": "fwd_msg", "vv": {"n0": 5, "n1": 5, "n2": 6}, "message": 16}}, 16, {"id": 73, "src": "n0", "dest": "n2", "body": {"msg_id": 19, "type": "fwd_msg", "vv": {"n0": 6, "n1": 5, "n2": 6}, "message": 17}}, 17, {"id": 77, "src": "n0", "dest": "n2", "body": {"msg_id": 22, "type": "fwd_msg", "vv": {"n0": 7, "n1": 5, "n2": 6}, "message": 18}}, 18]}}
DEBUG:root:sending {"dest": "n0", "src": "n2", "body": {"msg_id": 21, "type": "fwd_msg", "vv": {"n0": 7, "n1": 5, "n2": 7}, "message": 19}}
DEBUG:root:sending {"dest": "n1", "src": "n2", "body": {"msg_id": 22, "type": "fwd_msg", "vv": {"n0": 7, "n1": 5, "n2": 7}, "message": 19}}
DEBUG:root:received {"id":85,"src":"n1","dest":"n2","body":{"msg_id":19,"type":"fwd_msg","vv":{"n0":7,"n1":6,"n2":7},"message":20}}
DEBUG:root:msg vv: namespace(n0=7, n1=6, n2=7), type <class 'dict'>
DEBUG:root:received {"id":86,"src":"c7","dest":"n2","body":{"type":"cbcast","message":21,"msg_id":8}}
DEBUG:root:sending {"dest": "c7", "src": "n2", "body": {"msg_id": 23, "in_reply_to": 8, "type": "cbcast_ok", "messages": [{"id": 85, "src": "n1", "dest": "n2", "body": {"msg_id": 19, "type": "fwd_msg", "vv": {"n0": 7, "n1": 6, "n2": 7}, "message": 20}}, 20]}}
DEBUG:root:sending {"dest": "n0", "src": "n2", "body": {"msg_id": 24, "type": "fwd_msg", "vv": {"n0": 7, "n1": 6, "n2": 8}, "message": 21}}
DEBUG:root:sending {"dest": "n1", "src": "n2", "body": {"msg_id": 25, "type": "fwd_msg", "vv": {"n0": 7, "n1": 6, "n2": 8}, "message": 21}}
DEBUG:root:received {"id":93,"src":"n1","dest":"n2","body":{"msg_id":22,"type":"fwd_msg","vv":{"n0":7,"n1":7,"n2":8},"message":22}}
DEBUG:root:msg vv: namespace(n0=7, n1=7, n2=8), type <class 'dict'>
DEBUG:root:received {"id":97,"src":"n1","dest":"n2","body":{"msg_id":25,"type":"fwd_msg","vv":{"n0":7,"n1":8,"n2":8},"message":23}}
DEBUG:root:msg vv: namespace(n0=7, n1=8, n2=8), type <class 'dict'>
DEBUG:root:received {"id":101,"src":"n0","dest":"n2","body":{"msg_id":25,"type":"fwd_msg","vv":{"n0":8,"n1":8,"n2":8},"message":24}}
DEBUG:root:msg vv: namespace(n0=8, n1=8, n2=8), type <class 'dict'>
DEBUG:root:received {"id":105,"src":"n1","dest":"n2","body":{"msg_id":28,"type":"fwd_msg","vv":{"n0":8,"n1":9,"n2":8},"message":25}}
DEBUG:root:msg vv: namespace(n0=8, n1=9, n2=8), type <class 'dict'>
DEBUG:root:received {"id":106,"src":"c7","dest":"n2","body":{"type":"cbcast","message":26,"msg_id":9}}
DEBUG:root:sending {"dest": "c7", "src": "n2", "body": {"msg_id": 26, "in_reply_to": 9, "type": "cbcast_ok", "messages": [{"id": 93, "src": "n1", "dest": "n2", "body": {"msg_id": 22, "type": "fwd_msg", "vv": {"n0": 7, "n1": 7, "n2": 8}, "message": 22}}, 22, {"id": 97, "src": "n1", "dest": "n2", "body": {"msg_id": 25, "type": "fwd_msg", "vv": {"n0": 7, "n1": 8, "n2": 8}, "message": 23}}, 23, {"id": 101, "src": "n0", "dest": "n2", "body": {"msg_id": 25, "type": "fwd_msg", "vv": {"n0": 8, "n1": 8, "n2": 8}, "message": 24}}, 24, {"id": 105, "src": "n1", "dest": "n2", "body": {"msg_id": 28, "type": "fwd_msg", "vv": {"n0": 8, "n1": 9, "n2": 8}, "message": 25}}, 25]}}
DEBUG:root:sending {"dest": "n0", "src": "n2", "body": {"msg_id": 27, "type": "fwd_msg", "vv": {"n0": 8, "n1": 9, "n2": 9}, "message": 26}}
DEBUG:root:sending {"dest": "n1", "src": "n2", "body": {"msg_id": 28, "type": "fwd_msg", "vv": {"n0": 8, "n1": 9, "n2": 9}, "message": 26}}
